#
# There is insufficient memory for the Java Runtime Environment to continue.
# Native memory allocation (malloc) failed to allocate 1048576 bytes for AllocateHeap
# Possible reasons:
#   The system is out of physical RAM or swap space
#   The process is running with CompressedOops enabled, and the Java Heap may be blocking the growth of the native heap
# Possible solutions:
#   Reduce memory load on the system
#   Increase physical memory or swap space
#   Check if swap backing store is full
#   Decrease Java heap size (-Xmx/-Xms)
#   Decrease number of Java threads
#   Decrease Java thread stack sizes (-Xss)
#   Set larger code cache with -XX:ReservedCodeCacheSize=
#   JVM is running with Unscaled Compressed Oops mode in which the Java heap is
#     placed in the first 4GB address space. The Java Heap base address is the
#     maximum limit for the native heap growth. Please use -XX:HeapBaseMinAddress
#     to set the Java Heap base and to place the Java Heap above 4GB virtual address.
# This output file may be truncated or incomplete.
#
#  Out of Memory Error (allocation.cpp:44), pid=27680, tid=11428
#
# JRE version: OpenJDK Runtime Environment Temurin-17.0.4.1+1 (17.0.4.1+1) (build 17.0.4.1+1)
# Java VM: OpenJDK 64-Bit Server VM Temurin-17.0.4.1+1 (17.0.4.1+1, mixed mode, emulated-client, tiered, compressed oops, compressed class ptrs, g1 gc, windows-amd64)
# No core dump will be written. Minidumps are not enabled by default on client versions of Windows
#

---------------  S U M M A R Y ------------

Command Line: -Dsts.lsp.client=vscode -Dsts.log.file=/dev/null -XX:TieredStopAtLevel=1 -Xlog:jni+resolve=off -Dspring.config.location=file:c:\Users\user\.vscode\extensions\pivotal.vscode-spring-boot-1.40.0\language-server\BOOT-INF\classes\application.properties org.springframework.ide.vscode.boot.app.BootLanguageServerBootApp

Host: Intel(R) Core(TM) i5-1035G1 CPU @ 1.00GHz, 8 cores, 7G,  Windows 10 , 64 bit Build 19041 (10.0.19041.2251)
Time: Mon Nov 21 17:45:50 2022 Hora est. Pacífico, Sudamérica elapsed time: 102000.302401 seconds (1d 4h 20m 0s)

---------------  T H R E A D  ---------------

Current thread (0x000001786787ffb0):  VMThread "VM Thread" [stack: 0x0000000638800000,0x0000000638900000] [id=11428]

Stack: [0x0000000638800000,0x0000000638900000]
Native frames: (J=compiled Java code, j=interpreted, Vv=VM code, C=native code)
V  [jvm.dll+0x67731a]
V  [jvm.dll+0x832284]
V  [jvm.dll+0x833a2e]
V  [jvm.dll+0x834093]
V  [jvm.dll+0x245775]
V  [jvm.dll+0xa6393]
V  [jvm.dll+0x2f5933]
V  [jvm.dll+0x2f1640]
V  [jvm.dll+0x2d9d27]
V  [jvm.dll+0x31ce37]
V  [jvm.dll+0x83853b]
V  [jvm.dll+0x839274]
V  [jvm.dll+0x83978c]
V  [jvm.dll+0x839b64]
V  [jvm.dll+0x839c30]
V  [jvm.dll+0x7e240a]
V  [jvm.dll+0x6761a5]
C  [ucrtbase.dll+0x21bb2]
C  [KERNEL32.DLL+0x174b4]
C  [ntdll.dll+0x526a1]

VM_Operation (0x000000063a1fef80): G1CollectFull, mode: safepoint, requested by thread 0x0000017869f0f480


---------------  P R O C E S S  ---------------

Threads class SMR info:
_java_thread_list=0x000001786c05f610, length=27, elements={
0x0000017867898b50, 0x000001786789a620, 0x000001786841a130, 0x000001786841db10,
0x000001786841e3d0, 0x00000178678bfd40, 0x00000178678c2610, 0x00000178678c2f10,
0x0000017868613920, 0x000001786862e310, 0x0000017869c47a30, 0x0000017869f0f480,
0x0000017869b61700, 0x000001785a67a640, 0x000001786a0236c0, 0x000001786a05c490,
0x000001786a06d4b0, 0x000001786a0760b0, 0x000001786a0be500, 0x000001786a0bccf0,
0x000001786a0bdb60, 0x000001786a0bb010, 0x000001786a0bb4e0, 0x000001786a0bc350,
0x000001786a0bb9b0, 0x000001786a0bc820, 0x000001786a0b6e90
}

Java Threads: ( => current thread )
  0x0000017867898b50 JavaThread "Reference Handler" daemon [_thread_blocked, id=26784, stack(0x0000000638900000,0x0000000638a00000)]
  0x000001786789a620 JavaThread "Finalizer" daemon [_thread_blocked, id=9980, stack(0x0000000638a00000,0x0000000638b00000)]
  0x000001786841a130 JavaThread "Signal Dispatcher" daemon [_thread_blocked, id=14764, stack(0x0000000638b00000,0x0000000638c00000)]
  0x000001786841db10 JavaThread "Attach Listener" daemon [_thread_blocked, id=25256, stack(0x0000000638c00000,0x0000000638d00000)]
  0x000001786841e3d0 JavaThread "Service Thread" daemon [_thread_blocked, id=16608, stack(0x0000000638d00000,0x0000000638e00000)]
  0x00000178678bfd40 JavaThread "Monitor Deflation Thread" daemon [_thread_blocked, id=22640, stack(0x0000000638e00000,0x0000000638f00000)]
  0x00000178678c2610 JavaThread "C1 CompilerThread0" daemon [_thread_blocked, id=16928, stack(0x0000000638f00000,0x0000000639000000)]
  0x00000178678c2f10 JavaThread "Sweeper thread" daemon [_thread_blocked, id=32204, stack(0x0000000639000000,0x0000000639100000)]
  0x0000017868613920 JavaThread "Notification Thread" daemon [_thread_blocked, id=35588, stack(0x0000000639200000,0x0000000639300000)]
  0x000001786862e310 JavaThread "Common-Cleaner" daemon [_thread_blocked, id=29936, stack(0x0000000639400000,0x0000000639500000)]
  0x0000017869c47a30 JavaThread "boundedElastic-evictor-1" daemon [_thread_blocked, id=11832, stack(0x0000000639f00000,0x000000063a000000)]
  0x0000017869f0f480 JavaThread "pool-9-thread-1" [_thread_blocked, id=23472, stack(0x000000063a100000,0x000000063a200000)]
  0x0000017869b61700 JavaThread "LanguageServerApp-lifecycle" [_thread_blocked, id=6660, stack(0x000000063a200000,0x000000063a300000)]
  0x000001785a67a640 JavaThread "DestroyJavaVM" [_thread_blocked, id=28140, stack(0x0000000638200000,0x0000000638300000)]
  0x000001786a0236c0 JavaThread "pool-10-thread-1" [_thread_in_native, id=3944, stack(0x000000063a300000,0x000000063a400000)]
  0x000001786a05c490 JavaThread "Simple-Language-Server main thread" daemon [_thread_blocked, id=34644, stack(0x000000063a400000,0x000000063a500000)]
  0x000001786a06d4b0 JavaThread "pool-7-thread-1" [_thread_blocked, id=2976, stack(0x000000063a600000,0x000000063a700000)]
  0x000001786a0760b0 JavaThread "parallel-1" daemon [_thread_blocked, id=15312, stack(0x000000063a700000,0x000000063a800000)]
  0x000001786a0be500 JavaThread "parallel-2" daemon [_thread_blocked, id=25812, stack(0x000000063a800000,0x000000063a900000)]
  0x000001786a0bccf0 JavaThread "parallel-3" daemon [_thread_blocked, id=6672, stack(0x000000063a900000,0x000000063aa00000)]
  0x000001786a0bdb60 JavaThread "parallel-4" daemon [_thread_blocked, id=336, stack(0x000000063aa00000,0x000000063ab00000)]
  0x000001786a0bb010 JavaThread "parallel-5" daemon [_thread_blocked, id=22220, stack(0x000000063ab00000,0x000000063ac00000)]
  0x000001786a0bb4e0 JavaThread "parallel-6" daemon [_thread_blocked, id=21512, stack(0x000000063ac00000,0x000000063ad00000)]
  0x000001786a0bc350 JavaThread "parallel-7" daemon [_thread_blocked, id=736, stack(0x000000063ad00000,0x000000063ae00000)]
  0x000001786a0bb9b0 JavaThread "parallel-8" daemon [_thread_blocked, id=3224, stack(0x000000063ae00000,0x000000063af00000)]
  0x000001786a0bc820 JavaThread "Reconciler-1" daemon [_thread_blocked, id=32976, stack(0x000000063af00000,0x000000063b000000)]
  0x000001786a0b6e90 JavaThread "pool-5-thread-1" [_thread_blocked, id=34192, stack(0x000000063c200000,0x000000063c300000)]

Other Threads:
=>0x000001786787ffb0 VMThread "VM Thread" [stack: 0x0000000638800000,0x0000000638900000] [id=11428]
  0x0000017868613df0 WatcherThread [stack: 0x0000000639300000,0x0000000639400000] [id=7776]
  0x000001785a6d1de0 GCTaskThread "GC Thread#0" [stack: 0x0000000638300000,0x0000000638400000] [id=26004]
  0x0000017868f32830 GCTaskThread "GC Thread#1" [stack: 0x0000000639700000,0x0000000639800000] [id=35448]
  0x000001786845da70 GCTaskThread "GC Thread#2" [stack: 0x0000000639800000,0x0000000639900000] [id=27284]
  0x0000017868f7d700 GCTaskThread "GC Thread#3" [stack: 0x0000000639900000,0x0000000639a00000] [id=25908]
  0x0000017868f7d9b0 GCTaskThread "GC Thread#4" [stack: 0x0000000639a00000,0x0000000639b00000] [id=18468]
  0x0000017868f7dc60 GCTaskThread "GC Thread#5" [stack: 0x0000000639b00000,0x0000000639c00000] [id=17616]
  0x00000178699aadb0 GCTaskThread "GC Thread#6" [stack: 0x0000000639d00000,0x0000000639e00000] [id=1756]
  0x00000178699ab060 GCTaskThread "GC Thread#7" [stack: 0x0000000639e00000,0x0000000639f00000] [id=31548]
  0x000001785a6e2570 ConcurrentGCThread "G1 Main Marker" [stack: 0x0000000638400000,0x0000000638500000] [id=18492]
  0x000001785a6e2e90 ConcurrentGCThread "G1 Conc#0" [stack: 0x0000000638500000,0x0000000638600000] [id=19276]
  0x0000017869b8efc0 ConcurrentGCThread "G1 Conc#1" [stack: 0x000000063a000000,0x000000063a100000] [id=6560]
  0x00000178676f00a0 ConcurrentGCThread "G1 Refine#0" [stack: 0x0000000638600000,0x0000000638700000] [id=34088]
  0x000001786c3928e0 ConcurrentGCThread "G1 Refine#1" [stack: 0x000000063c100000,0x000000063c200000] [id=14216]
  0x000001786a6c6710 ConcurrentGCThread "G1 Refine#2" [stack: 0x0000000639100000,0x0000000639200000] [id=21704]
  0x000001786a6c7290 ConcurrentGCThread "G1 Refine#3" [stack: 0x000000063b300000,0x000000063b400000] [id=524]
  0x000001786a6c6cd0 ConcurrentGCThread "G1 Refine#4" [stack: 0x000000063b400000,0x000000063b500000] [id=35232]
  0x000001786c0dc4c0 ConcurrentGCThread "G1 Refine#5" [stack: 0x000000063b500000,0x000000063b600000] [id=32592]
  0x00000178676f09d0 ConcurrentGCThread "G1 Service" [stack: 0x0000000638700000,0x0000000638800000] [id=22068]

Threads with active compile tasks:

VM state: at safepoint (normal execution)

VM Mutex/Monitor currently owned by a thread:  ([mutex/lock_event])
[0x00000178584ea290] Threads_lock - owner thread: 0x000001786787ffb0
[0x000001785a6780f0] Heap_lock - owner thread: 0x0000017869f0f480

Heap address: 0x0000000083600000, size: 1994 MB, Compressed Oops mode: 32-bit

CDS archive(s) not mapped
Compressed class space mapped at: 0x0000000100000000-0x0000000140000000, reserved size: 1073741824
Narrow klass base: 0x0000000000000000, Narrow klass shift: 3, Narrow klass range: 0x140000000

GC Precious Log:
 CPUs: 8 total, 8 available
 Memory: 7973M
 Large Page Support: Disabled
 NUMA Support: Disabled
 Compressed Oops: Enabled (32-bit)
 Heap Region Size: 1M
 Heap Min Capacity: 8M
 Heap Initial Capacity: 126M
 Heap Max Capacity: 1994M
 Pre-touch: Disabled
 Parallel Workers: 8
 Concurrent Workers: 2
 Concurrent Refinement Workers: 8
 Periodic GC: Disabled

Heap:
 garbage-first heap   total 119808K, used 35119K [0x0000000083600000, 0x0000000100000000)
  region size 1024K, 1 young (1024K), 0 survivors (0K)
 Metaspace       used 55261K, committed 55680K, reserved 1097728K
  class space    used 7340K, committed 7552K, reserved 1048576K

Heap Regions: E=young(eden), S=young(survivor), O=old, HS=humongous(starts), HC=humongous(continues), CS=collection set, F=free, OA=open archive, CA=closed archive, TAMS=top-at-mark-start (previous, next)
|   0|0x0000000083600000, 0x0000000083700000, 0x0000000083700000|100%| O|  |TAMS 0x0000000083700000, 0x0000000083600000| Untracked 
|   1|0x0000000083700000, 0x0000000083800000, 0x0000000083800000|100%| O|  |TAMS 0x0000000083800000, 0x0000000083700000| Untracked 
|   2|0x0000000083800000, 0x0000000083900000, 0x0000000083900000|100%| O|  |TAMS 0x0000000083900000, 0x0000000083800000| Untracked 
|   3|0x0000000083900000, 0x00000000839fff78, 0x0000000083a00000| 99%| O|  |TAMS 0x00000000839fff78, 0x0000000083900000| Untracked 
|   4|0x0000000083a00000, 0x0000000083afffd0, 0x0000000083b00000| 99%| O|  |TAMS 0x0000000083afffd0, 0x0000000083a00000| Untracked 
|   5|0x0000000083b00000, 0x0000000083bfffe8, 0x0000000083c00000| 99%| O|  |TAMS 0x0000000083bfffe8, 0x0000000083b00000| Untracked 
|   6|0x0000000083c00000, 0x0000000083d00000, 0x0000000083d00000|100%| O|  |TAMS 0x0000000083d00000, 0x0000000083c00000| Untracked 
|   7|0x0000000083d00000, 0x0000000083dffff0, 0x0000000083e00000| 99%| O|  |TAMS 0x0000000083dffff0, 0x0000000083d00000| Untracked 
|   8|0x0000000083e00000, 0x0000000083effff0, 0x0000000083f00000| 99%| O|  |TAMS 0x0000000083effff0, 0x0000000083e00000| Untracked 
|   9|0x0000000083f00000, 0x0000000083fffff0, 0x0000000084000000| 99%| O|  |TAMS 0x0000000083fffff0, 0x0000000083f00000| Untracked 
|  10|0x0000000084000000, 0x00000000840ffff0, 0x0000000084100000| 99%| O|  |TAMS 0x00000000840ffff0, 0x0000000084000000| Untracked 
|  11|0x0000000084100000, 0x00000000841fffc8, 0x0000000084200000| 99%| O|  |TAMS 0x00000000841fffc8, 0x0000000084100000| Untracked 
|  12|0x0000000084200000, 0x00000000842fffd0, 0x0000000084300000| 99%| O|  |TAMS 0x00000000842fffd0, 0x0000000084200000| Untracked 
|  13|0x0000000084300000, 0x00000000843ffff8, 0x0000000084400000| 99%| O|  |TAMS 0x00000000843ffff8, 0x0000000084300000| Untracked 
|  14|0x0000000084400000, 0x00000000844ffff8, 0x0000000084500000| 99%| O|  |TAMS 0x00000000844ffff8, 0x0000000084400000| Untracked 
|  15|0x0000000084500000, 0x00000000845ffff0, 0x0000000084600000| 99%| O|  |TAMS 0x00000000845ffff0, 0x0000000084500000| Untracked 
|  16|0x0000000084600000, 0x00000000846fffd0, 0x0000000084700000| 99%| O|  |TAMS 0x00000000846fffd0, 0x0000000084600000| Untracked 
|  17|0x0000000084700000, 0x0000000084800000, 0x0000000084800000|100%| O|  |TAMS 0x0000000084800000, 0x0000000084700000| Untracked 
|  18|0x0000000084800000, 0x0000000084900000, 0x0000000084900000|100%| O|  |TAMS 0x0000000084900000, 0x0000000084800000| Untracked 
|  19|0x0000000084900000, 0x0000000084a00000, 0x0000000084a00000|100%| O|  |TAMS 0x0000000084a00000, 0x0000000084900000| Untracked 
|  20|0x0000000084a00000, 0x0000000084afffe8, 0x0000000084b00000| 99%| O|  |TAMS 0x0000000084afffe8, 0x0000000084a00000| Untracked 
|  21|0x0000000084b00000, 0x0000000084c00000, 0x0000000084c00000|100%| O|  |TAMS 0x0000000084c00000, 0x0000000084b00000| Untracked 
|  22|0x0000000084c00000, 0x0000000084cfe950, 0x0000000084d00000| 99%| O|  |TAMS 0x0000000084cfe950, 0x0000000084c00000| Untracked 
|  23|0x0000000084d00000, 0x0000000084dffff8, 0x0000000084e00000| 99%| O|  |TAMS 0x0000000084dffff8, 0x0000000084d00000| Untracked 
|  24|0x0000000084e00000, 0x0000000084efffe8, 0x0000000084f00000| 99%| O|  |TAMS 0x0000000084efffe8, 0x0000000084e00000| Untracked 
|  25|0x0000000084f00000, 0x0000000084fffff8, 0x0000000085000000| 99%| O|  |TAMS 0x0000000084fffff8, 0x0000000084f00000| Untracked 
|  26|0x0000000085000000, 0x00000000850fffc0, 0x0000000085100000| 99%| O|  |TAMS 0x00000000850fffc0, 0x0000000085000000| Untracked 
|  27|0x0000000085100000, 0x00000000851da2b8, 0x0000000085200000| 85%| O|  |TAMS 0x0000000085100000, 0x0000000085100000| Untracked 
|  28|0x0000000085200000, 0x0000000085300000, 0x0000000085300000|100%| O|  |TAMS 0x0000000085300000, 0x0000000085200000| Untracked 
|  29|0x0000000085300000, 0x00000000853fffe0, 0x0000000085400000| 99%| O|  |TAMS 0x00000000853fffe0, 0x0000000085300000| Untracked 
|  30|0x0000000085400000, 0x000000008547fff8, 0x0000000085500000| 49%| O|  |TAMS 0x0000000085400000, 0x0000000085400000| Untracked 
|  31|0x0000000085500000, 0x00000000855fc8d8, 0x0000000085600000| 98%| O|  |TAMS 0x00000000855fc8d8, 0x0000000085500000| Untracked 
|  32|0x0000000085600000, 0x00000000856fb608, 0x0000000085700000| 98%| O|  |TAMS 0x00000000856fb608, 0x0000000085600000| Untracked 
|  33|0x0000000085700000, 0x0000000085700000, 0x0000000085800000|  0%| F|  |TAMS 0x0000000085700000, 0x0000000085700000| Untracked 
|  34|0x0000000085800000, 0x0000000085800000, 0x0000000085900000|  0%| F|  |TAMS 0x0000000085800000, 0x0000000085800000| Untracked 
|  35|0x0000000085900000, 0x00000000859fb5c8, 0x0000000085a00000| 98%| O|  |TAMS 0x00000000859fb5c8, 0x0000000085900000| Untracked 
|  36|0x0000000085a00000, 0x0000000085a00000, 0x0000000085b00000|  0%| F|  |TAMS 0x0000000085a00000, 0x0000000085a00000| Untracked 
|  37|0x0000000085b00000, 0x0000000085b00000, 0x0000000085c00000|  0%| F|  |TAMS 0x0000000085b00000, 0x0000000085b00000| Untracked 
|  38|0x0000000085c00000, 0x0000000085c00000, 0x0000000085d00000|  0%| F|  |TAMS 0x0000000085c00000, 0x0000000085c00000| Untracked 
|  39|0x0000000085d00000, 0x0000000085d00000, 0x0000000085e00000|  0%| F|  |TAMS 0x0000000085d00000, 0x0000000085d00000| Untracked 
|  40|0x0000000085e00000, 0x0000000085e00000, 0x0000000085f00000|  0%| F|  |TAMS 0x0000000085e00000, 0x0000000085e00000| Untracked 
|  41|0x0000000085f00000, 0x0000000085f00000, 0x0000000086000000|  0%| F|  |TAMS 0x0000000085f00000, 0x0000000085f00000| Untracked 
|  42|0x0000000086000000, 0x0000000086000000, 0x0000000086100000|  0%| F|  |TAMS 0x0000000086000000, 0x0000000086000000| Untracked 
|  43|0x0000000086100000, 0x0000000086100000, 0x0000000086200000|  0%| F|  |TAMS 0x0000000086100000, 0x0000000086100000| Untracked 
|  44|0x0000000086200000, 0x00000000862fffe8, 0x0000000086300000| 99%| O|  |TAMS 0x00000000862fffe8, 0x0000000086200000| Untracked 
|  45|0x0000000086300000, 0x0000000086300000, 0x0000000086400000|  0%| F|  |TAMS 0x0000000086300000, 0x0000000086300000| Untracked 
|  46|0x0000000086400000, 0x0000000086400000, 0x0000000086500000|  0%| F|  |TAMS 0x0000000086400000, 0x0000000086400000| Untracked 
|  47|0x0000000086500000, 0x0000000086500000, 0x0000000086600000|  0%| F|  |TAMS 0x0000000086500000, 0x0000000086500000| Untracked 
|  48|0x0000000086600000, 0x0000000086600000, 0x0000000086700000|  0%| F|  |TAMS 0x0000000086600000, 0x0000000086600000| Untracked 
|  49|0x0000000086700000, 0x0000000086700000, 0x0000000086800000|  0%| F|  |TAMS 0x0000000086700000, 0x0000000086700000| Untracked 
|  50|0x0000000086800000, 0x0000000086800000, 0x0000000086900000|  0%| F|  |TAMS 0x0000000086800000, 0x0000000086800000| Untracked 
|  51|0x0000000086900000, 0x0000000086900000, 0x0000000086a00000|  0%| F|  |TAMS 0x0000000086900000, 0x0000000086900000| Untracked 
|  52|0x0000000086a00000, 0x0000000086a00000, 0x0000000086b00000|  0%| F|  |TAMS 0x0000000086a00000, 0x0000000086a00000| Untracked 
|  53|0x0000000086b00000, 0x0000000086b00000, 0x0000000086c00000|  0%| F|  |TAMS 0x0000000086b00000, 0x0000000086b00000| Untracked 
|  54|0x0000000086c00000, 0x0000000086c00000, 0x0000000086d00000|  0%| F|  |TAMS 0x0000000086c00000, 0x0000000086c00000| Untracked 
|  55|0x0000000086d00000, 0x0000000086d00000, 0x0000000086e00000|  0%| F|  |TAMS 0x0000000086d00000, 0x0000000086d00000| Untracked 
|  56|0x0000000086e00000, 0x0000000086e00000, 0x0000000086f00000|  0%| F|  |TAMS 0x0000000086e00000, 0x0000000086e00000| Untracked 
|  57|0x0000000086f00000, 0x0000000086f00000, 0x0000000087000000|  0%| F|  |TAMS 0x0000000086f00000, 0x0000000086f00000| Untracked 
|  58|0x0000000087000000, 0x0000000087000000, 0x0000000087100000|  0%| F|  |TAMS 0x0000000087000000, 0x0000000087000000| Untracked 
|  59|0x0000000087100000, 0x0000000087100000, 0x0000000087200000|  0%| F|  |TAMS 0x0000000087100000, 0x0000000087100000| Untracked 
|  60|0x0000000087200000, 0x0000000087200000, 0x0000000087300000|  0%| F|  |TAMS 0x0000000087200000, 0x0000000087200000| Untracked 
|  61|0x0000000087300000, 0x0000000087300000, 0x0000000087400000|  0%| F|  |TAMS 0x0000000087300000, 0x0000000087300000| Untracked 
|  62|0x0000000087400000, 0x0000000087400000, 0x0000000087500000|  0%| F|  |TAMS 0x0000000087400000, 0x0000000087400000| Untracked 
|  63|0x0000000087500000, 0x0000000087500000, 0x0000000087600000|  0%| F|  |TAMS 0x0000000087500000, 0x0000000087500000| Untracked 
|  64|0x0000000087600000, 0x0000000087600000, 0x0000000087700000|  0%| F|  |TAMS 0x0000000087600000, 0x0000000087600000| Untracked 
|  65|0x0000000087700000, 0x0000000087700000, 0x0000000087800000|  0%| F|  |TAMS 0x0000000087700000, 0x0000000087700000| Untracked 
|  66|0x0000000087800000, 0x0000000087800000, 0x0000000087900000|  0%| F|  |TAMS 0x0000000087800000, 0x0000000087800000| Untracked 
|  67|0x0000000087900000, 0x0000000087900000, 0x0000000087a00000|  0%| F|  |TAMS 0x0000000087900000, 0x0000000087900000| Untracked 
|  68|0x0000000087a00000, 0x0000000087a00000, 0x0000000087b00000|  0%| F|  |TAMS 0x0000000087a00000, 0x0000000087a00000| Untracked 
|  69|0x0000000087b00000, 0x0000000087b00000, 0x0000000087c00000|  0%| F|  |TAMS 0x0000000087b00000, 0x0000000087b00000| Untracked 
|  70|0x0000000087c00000, 0x0000000087c00000, 0x0000000087d00000|  0%| F|  |TAMS 0x0000000087c00000, 0x0000000087c00000| Untracked 
|  71|0x0000000087d00000, 0x0000000087d00000, 0x0000000087e00000|  0%| F|  |TAMS 0x0000000087d00000, 0x0000000087d00000| Untracked 
|  72|0x0000000087e00000, 0x0000000087e00000, 0x0000000087f00000|  0%| F|  |TAMS 0x0000000087e00000, 0x0000000087e00000| Untracked 
|  73|0x0000000087f00000, 0x0000000087f00000, 0x0000000088000000|  0%| F|  |TAMS 0x0000000087f00000, 0x0000000087f00000| Untracked 
|  74|0x0000000088000000, 0x0000000088000000, 0x0000000088100000|  0%| F|  |TAMS 0x0000000088000000, 0x0000000088000000| Untracked 
|  75|0x0000000088100000, 0x0000000088100000, 0x0000000088200000|  0%| F|  |TAMS 0x0000000088100000, 0x0000000088100000| Untracked 
|  76|0x0000000088200000, 0x0000000088200000, 0x0000000088300000|  0%| F|  |TAMS 0x0000000088200000, 0x0000000088200000| Untracked 
|  77|0x0000000088300000, 0x0000000088300000, 0x0000000088400000|  0%| F|  |TAMS 0x0000000088300000, 0x0000000088300000| Untracked 
|  78|0x0000000088400000, 0x0000000088400000, 0x0000000088500000|  0%| F|  |TAMS 0x0000000088400000, 0x0000000088400000| Untracked 
|  79|0x0000000088500000, 0x0000000088500000, 0x0000000088600000|  0%| F|  |TAMS 0x0000000088500000, 0x0000000088500000| Untracked 
|  80|0x0000000088600000, 0x0000000088600000, 0x0000000088700000|  0%| F|  |TAMS 0x0000000088600000, 0x0000000088600000| Untracked 
|  81|0x0000000088700000, 0x0000000088700000, 0x0000000088800000|  0%| F|  |TAMS 0x0000000088700000, 0x0000000088700000| Untracked 
|  82|0x0000000088800000, 0x0000000088800000, 0x0000000088900000|  0%| F|  |TAMS 0x0000000088800000, 0x0000000088800000| Untracked 
|  83|0x0000000088900000, 0x0000000088900000, 0x0000000088a00000|  0%| F|  |TAMS 0x0000000088900000, 0x0000000088900000| Untracked 
|  84|0x0000000088a00000, 0x0000000088a00000, 0x0000000088b00000|  0%| F|  |TAMS 0x0000000088a00000, 0x0000000088a00000| Untracked 
|  85|0x0000000088b00000, 0x0000000088b00000, 0x0000000088c00000|  0%| F|  |TAMS 0x0000000088b00000, 0x0000000088b00000| Untracked 
|  86|0x0000000088c00000, 0x0000000088c00000, 0x0000000088d00000|  0%| F|  |TAMS 0x0000000088c00000, 0x0000000088c00000| Untracked 
|  87|0x0000000088d00000, 0x0000000088d00000, 0x0000000088e00000|  0%| F|  |TAMS 0x0000000088d00000, 0x0000000088d00000| Untracked 
|  88|0x0000000088e00000, 0x0000000088e00000, 0x0000000088f00000|  0%| F|  |TAMS 0x0000000088e00000, 0x0000000088e00000| Untracked 
|  89|0x0000000088f00000, 0x0000000088f00000, 0x0000000089000000|  0%| F|  |TAMS 0x0000000088f00000, 0x0000000088f00000| Untracked 
|  90|0x0000000089000000, 0x0000000089000000, 0x0000000089100000|  0%| F|  |TAMS 0x0000000089000000, 0x0000000089000000| Untracked 
|  91|0x0000000089100000, 0x0000000089100000, 0x0000000089200000|  0%| F|  |TAMS 0x0000000089100000, 0x0000000089100000| Untracked 
|  92|0x0000000089200000, 0x0000000089200000, 0x0000000089300000|  0%| F|  |TAMS 0x0000000089200000, 0x0000000089200000| Untracked 
|  93|0x0000000089300000, 0x0000000089300000, 0x0000000089400000|  0%| F|  |TAMS 0x0000000089300000, 0x0000000089300000| Untracked 
|  94|0x0000000089400000, 0x0000000089400000, 0x0000000089500000|  0%| F|  |TAMS 0x0000000089400000, 0x0000000089400000| Untracked 
|  95|0x0000000089500000, 0x0000000089500000, 0x0000000089600000|  0%| F|  |TAMS 0x0000000089500000, 0x0000000089500000| Untracked 
|  96|0x0000000089600000, 0x0000000089600000, 0x0000000089700000|  0%| F|  |TAMS 0x0000000089600000, 0x0000000089600000| Untracked 
|  97|0x0000000089700000, 0x0000000089700000, 0x0000000089800000|  0%| F|  |TAMS 0x0000000089700000, 0x0000000089700000| Untracked 
|  98|0x0000000089800000, 0x0000000089800000, 0x0000000089900000|  0%| F|  |TAMS 0x0000000089800000, 0x0000000089800000| Untracked 
|  99|0x0000000089900000, 0x0000000089900000, 0x0000000089a00000|  0%| F|  |TAMS 0x0000000089900000, 0x0000000089900000| Untracked 
| 100|0x0000000089a00000, 0x0000000089a00000, 0x0000000089b00000|  0%| F|  |TAMS 0x0000000089a00000, 0x0000000089a00000| Untracked 
| 101|0x0000000089b00000, 0x0000000089b00000, 0x0000000089c00000|  0%| F|  |TAMS 0x0000000089b00000, 0x0000000089b00000| Untracked 
| 102|0x0000000089c00000, 0x0000000089c00000, 0x0000000089d00000|  0%| F|  |TAMS 0x0000000089c00000, 0x0000000089c00000| Untracked 
| 103|0x0000000089d00000, 0x0000000089d00000, 0x0000000089e00000|  0%| F|  |TAMS 0x0000000089d00000, 0x0000000089d00000| Untracked 
| 104|0x0000000089e00000, 0x0000000089e00000, 0x0000000089f00000|  0%| F|  |TAMS 0x0000000089e00000, 0x0000000089e00000| Untracked 
| 105|0x0000000089f00000, 0x0000000089f00000, 0x000000008a000000|  0%| F|  |TAMS 0x0000000089f00000, 0x0000000089f00000| Untracked 
| 106|0x000000008a000000, 0x000000008a000000, 0x000000008a100000|  0%| F|  |TAMS 0x000000008a000000, 0x000000008a000000| Untracked 
| 107|0x000000008a100000, 0x000000008a100000, 0x000000008a200000|  0%| F|  |TAMS 0x000000008a100000, 0x000000008a100000| Untracked 
| 108|0x000000008a200000, 0x000000008a200000, 0x000000008a300000|  0%| F|  |TAMS 0x000000008a200000, 0x000000008a200000| Untracked 
| 109|0x000000008a300000, 0x000000008a300000, 0x000000008a400000|  0%| F|  |TAMS 0x000000008a300000, 0x000000008a300000| Untracked 
| 110|0x000000008a400000, 0x000000008a400000, 0x000000008a500000|  0%| F|  |TAMS 0x000000008a400000, 0x000000008a400000| Untracked 
| 111|0x000000008a500000, 0x000000008a500000, 0x000000008a600000|  0%| F|  |TAMS 0x000000008a500000, 0x000000008a500000| Untracked 
| 112|0x000000008a600000, 0x000000008a600000, 0x000000008a700000|  0%| F|  |TAMS 0x000000008a600000, 0x000000008a600000| Untracked 
| 113|0x000000008a700000, 0x000000008a700000, 0x000000008a800000|  0%| F|  |TAMS 0x000000008a700000, 0x000000008a700000| Untracked 
| 114|0x000000008a800000, 0x000000008a800000, 0x000000008a900000|  0%| F|  |TAMS 0x000000008a800000, 0x000000008a800000| Untracked 
| 115|0x000000008a900000, 0x000000008a900000, 0x000000008aa00000|  0%| F|  |TAMS 0x000000008a900000, 0x000000008a900000| Untracked 
| 116|0x000000008aa00000, 0x000000008aa058a8, 0x000000008ab00000|  2%| E|  |TAMS 0x000000008aa00000, 0x000000008aa00000| Complete 

Card table byte_map: [0x0000017860810000,0x0000017860c00000] _byte_map_base: 0x00000178603f5000

Marking Bits (Prev, Next): (CMBitMap*) 0x000001785a6d2340, (CMBitMap*) 0x000001785a6d2300
 Prev Bits: [0x0000017862f20000, 0x0000017864e48000)
 Next Bits: [0x0000017860ff0000, 0x0000017862f18000)

Polling page: 0x00000178584b0000

Metaspace:

Usage:
  Non-class:     46.80 MB used.
      Class:      7.17 MB used.
       Both:     53.97 MB used.

Virtual space:
  Non-class space:       48.00 MB reserved,      47.00 MB ( 98%) committed,  6 nodes.
      Class space:        1.00 GB reserved,       7.38 MB ( <1%) committed,  1 nodes.
             Both:        1.05 GB reserved,      54.38 MB (  5%) committed. 

Chunk freelists:
   Non-Class:  956.00 KB
       Class:  693.00 KB
        Both:  1.61 MB

MaxMetaspaceSize: unlimited
CompressedClassSpaceSize: 1.00 GB
Initial GC threshold: 21.00 MB
Current GC threshold: 90.62 MB
CDS: off
MetaspaceReclaimPolicy: balanced
 - commit_granule_bytes: 65536.
 - commit_granule_words: 8192.
 - virtual_space_node_default_size: 1048576.
 - enlarge_chunks_in_place: 1.
 - new_chunks_are_fully_committed: 0.
 - uncommit_free_chunks: 1.
 - use_allocation_guard: 0.
 - handle_deallocations: 1.


Internal statistics:

num_allocs_failed_limit: 5.
num_arena_births: 702.
num_arena_deaths: 270.
num_vsnodes_births: 7.
num_vsnodes_deaths: 0.
num_space_committed: 870.
num_space_uncommitted: 0.
num_chunks_returned_to_freelist: 340.
num_chunks_taken_from_freelist: 2559.
num_chunk_merges: 127.
num_chunk_splits: 1728.
num_chunks_enlarged: 1300.
num_purges: 28.
num_inconsistent_stats: 0.

CodeCache: size=49152Kb used=21916Kb max_used=23089Kb free=27235Kb
 bounds [0x000001785d310000, 0x000001785ea00000, 0x0000017860310000]
 total_blobs=11736 nmethods=11120 adapters=541
 compilation: enabled
              stopped_count=0, restarted_count=0
 full_count=0

Compilation events (20 events):
Event: 100505.196 Thread 0x00000178678c2610 11275       1       org.eclipse.jdt.internal.compiler.lookup.AnnotationBinding::resolve (1 bytes)
Event: 100505.196 Thread 0x00000178678c2610 nmethod 11275 0x000001785e880a10 code [0x000001785e880ba0, 0x000001785e880c58]
Event: 100534.429 Thread 0x00000178678c2610 11276       1       org.eclipse.jdt.core.dom.ASTVisitor::endVisit (1 bytes)
Event: 100534.506 Thread 0x00000178678c2610 nmethod 11276 0x000001785e880710 code [0x000001785e8808a0, 0x000001785e880958]
Event: 100575.517 Thread 0x00000178678c2610 11277       1       org.eclipse.jdt.internal.compiler.flow.UnconditionalFlowInfo::isDefinitelyNull (180 bytes)
Event: 100575.520 Thread 0x00000178678c2610 nmethod 11277 0x000001785e87fe90 code [0x000001785e880080, 0x000001785e880498]
Event: 100576.290 Thread 0x00000178678c2610 11278       1       org.eclipse.jdt.internal.compiler.codegen.ConstantPool::resizePoolContents (36 bytes)
Event: 100576.290 Thread 0x00000178678c2610 nmethod 11278 0x000001785e87f990 code [0x000001785e87fb40, 0x000001785e87fd88]
Event: 100576.291 Thread 0x00000178678c2610 11279       1       org.eclipse.jdt.core.dom.ASTConverter::convert (41 bytes)
Event: 100576.295 Thread 0x00000178678c2610 nmethod 11279 0x000001785e87f410 code [0x000001785e87f5e0, 0x000001785e87f868]
Event: 100576.295 Thread 0x00000178678c2610 11280       1       org.eclipse.jdt.core.dom.Annotation::<init> (11 bytes)
Event: 100576.296 Thread 0x00000178678c2610 nmethod 11280 0x000001785e87f090 code [0x000001785e87f220, 0x000001785e87f328]
Event: 100576.296 Thread 0x00000178678c2610 11281       1       org.eclipse.jdt.core.dom.ASTConverter::setTypeNameForAnnotation (139 bytes)
Event: 100576.303 Thread 0x00000178678c2610 nmethod 11281 0x000001785e87e510 code [0x000001785e87e740, 0x000001785e87ec88]
Event: 100576.303 Thread 0x00000178678c2610 11282       1       org.eclipse.jdt.core.dom.Annotation::setTypeName (42 bytes)
Event: 100576.304 Thread 0x00000178678c2610 nmethod 11282 0x000001785e87df90 code [0x000001785e87e160, 0x000001785e87e3b8]
Event: 100576.304 Thread 0x00000178678c2610 11283       1       org.eclipse.jdt.core.dom.Annotation::resolveAnnotationBinding (12 bytes)
Event: 100576.306 Thread 0x00000178678c2610 nmethod 11283 0x000001785e87dc10 code [0x000001785e87dda0, 0x000001785e87dea8]
Event: 100576.306 Thread 0x00000178678c2610 11284  s    1       org.eclipse.jdt.core.dom.DefaultBindingResolver::resolveAnnotation (58 bytes)
Event: 100576.307 Thread 0x00000178678c2610 nmethod 11284 0x000001785e87d590 code [0x000001785e87d760, 0x000001785e87dac8]

GC Heap History (20 events):
Event: 101898.336 GC heap before
{Heap before GC invocations=9706 (full 9540):
 garbage-first heap   total 119808K, used 35119K [0x0000000083600000, 0x0000000100000000)
  region size 1024K, 1 young (1024K), 0 survivors (0K)
 Metaspace       used 55261K, committed 55680K, reserved 1097728K
  class space    used 7340K, committed 7552K, reserved 1048576K
}
Event: 101898.379 GC heap after
{Heap after GC invocations=9707 (full 9541):
 garbage-first heap   total 119808K, used 35119K [0x0000000083600000, 0x0000000100000000)
  region size 1024K, 0 young (0K), 0 survivors (0K)
 Metaspace       used 55261K, committed 55680K, reserved 1097728K
  class space    used 7340K, committed 7552K, reserved 1048576K
}
Event: 101908.507 GC heap before
{Heap before GC invocations=9707 (full 9541):
 garbage-first heap   total 119808K, used 35119K [0x0000000083600000, 0x0000000100000000)
  region size 1024K, 1 young (1024K), 0 survivors (0K)
 Metaspace       used 55261K, committed 55680K, reserved 1097728K
  class space    used 7340K, committed 7552K, reserved 1048576K
}
Event: 101908.555 GC heap after
{Heap after GC invocations=9708 (full 9542):
 garbage-first heap   total 119808K, used 35119K [0x0000000083600000, 0x0000000100000000)
  region size 1024K, 0 young (0K), 0 survivors (0K)
 Metaspace       used 55261K, committed 55680K, reserved 1097728K
  class space    used 7340K, committed 7552K, reserved 1048576K
}
Event: 101918.687 GC heap before
{Heap before GC invocations=9708 (full 9542):
 garbage-first heap   total 119808K, used 35119K [0x0000000083600000, 0x0000000100000000)
  region size 1024K, 1 young (1024K), 0 survivors (0K)
 Metaspace       used 55261K, committed 55680K, reserved 1097728K
  class space    used 7340K, committed 7552K, reserved 1048576K
}
Event: 101918.758 GC heap after
{Heap after GC invocations=9709 (full 9543):
 garbage-first heap   total 119808K, used 35119K [0x0000000083600000, 0x0000000100000000)
  region size 1024K, 0 young (0K), 0 survivors (0K)
 Metaspace       used 55261K, committed 55680K, reserved 1097728K
  class space    used 7340K, committed 7552K, reserved 1048576K
}
Event: 101928.886 GC heap before
{Heap before GC invocations=9709 (full 9543):
 garbage-first heap   total 119808K, used 35119K [0x0000000083600000, 0x0000000100000000)
  region size 1024K, 1 young (1024K), 0 survivors (0K)
 Metaspace       used 55261K, committed 55680K, reserved 1097728K
  class space    used 7340K, committed 7552K, reserved 1048576K
}
Event: 101928.970 GC heap after
{Heap after GC invocations=9710 (full 9544):
 garbage-first heap   total 119808K, used 35119K [0x0000000083600000, 0x0000000100000000)
  region size 1024K, 0 young (0K), 0 survivors (0K)
 Metaspace       used 55261K, committed 55680K, reserved 1097728K
  class space    used 7340K, committed 7552K, reserved 1048576K
}
Event: 101939.137 GC heap before
{Heap before GC invocations=9710 (full 9544):
 garbage-first heap   total 119808K, used 35119K [0x0000000083600000, 0x0000000100000000)
  region size 1024K, 1 young (1024K), 0 survivors (0K)
 Metaspace       used 55261K, committed 55680K, reserved 1097728K
  class space    used 7340K, committed 7552K, reserved 1048576K
}
Event: 101939.193 GC heap after
{Heap after GC invocations=9711 (full 9545):
 garbage-first heap   total 119808K, used 35119K [0x0000000083600000, 0x0000000100000000)
  region size 1024K, 0 young (0K), 0 survivors (0K)
 Metaspace       used 55261K, committed 55680K, reserved 1097728K
  class space    used 7340K, committed 7552K, reserved 1048576K
}
Event: 101949.355 GC heap before
{Heap before GC invocations=9711 (full 9545):
 garbage-first heap   total 119808K, used 35119K [0x0000000083600000, 0x0000000100000000)
  region size 1024K, 1 young (1024K), 0 survivors (0K)
 Metaspace       used 55261K, committed 55680K, reserved 1097728K
  class space    used 7340K, committed 7552K, reserved 1048576K
}
Event: 101949.417 GC heap after
{Heap after GC invocations=9712 (full 9546):
 garbage-first heap   total 119808K, used 35119K [0x0000000083600000, 0x0000000100000000)
  region size 1024K, 0 young (0K), 0 survivors (0K)
 Metaspace       used 55261K, committed 55680K, reserved 1097728K
  class space    used 7340K, committed 7552K, reserved 1048576K
}
Event: 101959.577 GC heap before
{Heap before GC invocations=9712 (full 9546):
 garbage-first heap   total 119808K, used 35119K [0x0000000083600000, 0x0000000100000000)
  region size 1024K, 1 young (1024K), 0 survivors (0K)
 Metaspace       used 55261K, committed 55680K, reserved 1097728K
  class space    used 7340K, committed 7552K, reserved 1048576K
}
Event: 101959.634 GC heap after
{Heap after GC invocations=9713 (full 9547):
 garbage-first heap   total 119808K, used 35119K [0x0000000083600000, 0x0000000100000000)
  region size 1024K, 0 young (0K), 0 survivors (0K)
 Metaspace       used 55261K, committed 55680K, reserved 1097728K
  class space    used 7340K, committed 7552K, reserved 1048576K
}
Event: 101969.772 GC heap before
{Heap before GC invocations=9713 (full 9547):
 garbage-first heap   total 119808K, used 35119K [0x0000000083600000, 0x0000000100000000)
  region size 1024K, 1 young (1024K), 0 survivors (0K)
 Metaspace       used 55261K, committed 55680K, reserved 1097728K
  class space    used 7340K, committed 7552K, reserved 1048576K
}
Event: 101969.827 GC heap after
{Heap after GC invocations=9714 (full 9548):
 garbage-first heap   total 119808K, used 35119K [0x0000000083600000, 0x0000000100000000)
  region size 1024K, 0 young (0K), 0 survivors (0K)
 Metaspace       used 55261K, committed 55680K, reserved 1097728K
  class space    used 7340K, committed 7552K, reserved 1048576K
}
Event: 101979.973 GC heap before
{Heap before GC invocations=9714 (full 9548):
 garbage-first heap   total 119808K, used 35119K [0x0000000083600000, 0x0000000100000000)
  region size 1024K, 1 young (1024K), 0 survivors (0K)
 Metaspace       used 55261K, committed 55680K, reserved 1097728K
  class space    used 7340K, committed 7552K, reserved 1048576K
}
Event: 101980.024 GC heap after
{Heap after GC invocations=9715 (full 9549):
 garbage-first heap   total 119808K, used 35119K [0x0000000083600000, 0x0000000100000000)
  region size 1024K, 0 young (0K), 0 survivors (0K)
 Metaspace       used 55261K, committed 55680K, reserved 1097728K
  class space    used 7340K, committed 7552K, reserved 1048576K
}
Event: 101990.165 GC heap before
{Heap before GC invocations=9715 (full 9549):
 garbage-first heap   total 119808K, used 35119K [0x0000000083600000, 0x0000000100000000)
  region size 1024K, 1 young (1024K), 0 survivors (0K)
 Metaspace       used 55261K, committed 55680K, reserved 1097728K
  class space    used 7340K, committed 7552K, reserved 1048576K
}
Event: 101990.223 GC heap after
{Heap after GC invocations=9716 (full 9550):
 garbage-first heap   total 119808K, used 35119K [0x0000000083600000, 0x0000000100000000)
  region size 1024K, 0 young (0K), 0 survivors (0K)
 Metaspace       used 55261K, committed 55680K, reserved 1097728K
  class space    used 7340K, committed 7552K, reserved 1048576K
}

Deoptimization events (20 events):
Event: 9880.434 Thread 0x000001786a0b39a0 DEOPT PACKING pc=0x000001785e17c0c0 sp=0x00000006381fdff0
Event: 9880.435 Thread 0x000001786a0b39a0 DEOPT UNPACKING pc=0x000001785d366763 sp=0x00000006381fd648 mode 3
Event: 9880.859 Thread 0x000001786a0b39a0 DEOPT PACKING pc=0x000001785d6b014b sp=0x00000006381fdf90
Event: 9880.860 Thread 0x000001786a0b39a0 DEOPT UNPACKING pc=0x000001785d366763 sp=0x00000006381fd518 mode 3
Event: 9979.830 Thread 0x000001786a0b39a0 DEOPT PACKING pc=0x000001785df584c5 sp=0x00000006381fe5d0
Event: 9979.830 Thread 0x000001786a0b39a0 DEOPT UNPACKING pc=0x000001785d366763 sp=0x00000006381fdb48 mode 0
Event: 10070.824 Thread 0x000001786a0b39a0 DEOPT PACKING pc=0x000001785e4ff32f sp=0x00000006381fe970
Event: 10070.824 Thread 0x000001786a0b39a0 DEOPT UNPACKING pc=0x000001785d366763 sp=0x00000006381fdec0 mode 3
Event: 10144.960 Thread 0x000001786a0b39a0 DEOPT PACKING pc=0x000001785d563a3b sp=0x00000006381feb10
Event: 10144.960 Thread 0x000001786a0b39a0 DEOPT UNPACKING pc=0x000001785d366763 sp=0x00000006381fdfe0 mode 3
Event: 12334.769 Thread 0x000001786a0b7830 DEOPT PACKING pc=0x000001785e5d8118 sp=0x00000006380fe500
Event: 12334.770 Thread 0x000001786a0b7830 DEOPT UNPACKING pc=0x000001785d366763 sp=0x00000006380fd9f0 mode 3
Event: 92632.550 Thread 0x000001786a0b4810 DEOPT PACKING pc=0x000001785ddac8ea sp=0x00000006380fda90
Event: 92632.551 Thread 0x000001786a0b4810 DEOPT UNPACKING pc=0x000001785d366763 sp=0x00000006380fcfd8 mode 3
Event: 92633.213 Thread 0x000001786a0b6e90 DEOPT PACKING pc=0x000001785e58f5d1 sp=0x000000063c2fe670
Event: 92633.214 Thread 0x000001786a0b6e90 DEOPT UNPACKING pc=0x000001785d366763 sp=0x000000063c2fdb58 mode 3
Event: 92709.220 Thread 0x000001786a0b4810 DEOPT PACKING pc=0x000001785e64722b sp=0x00000006380fe330
Event: 92709.220 Thread 0x000001786a0b4810 DEOPT UNPACKING pc=0x000001785d366763 sp=0x00000006380fd830 mode 3
Event: 94026.868 Thread 0x000001786a0b7360 DEOPT PACKING pc=0x000001785e8c7fc4 sp=0x00000006381fe0b0
Event: 94026.869 Thread 0x000001786a0b7360 DEOPT UNPACKING pc=0x000001785d366763 sp=0x00000006381fd5f0 mode 3

Classes unloaded (20 events):
Event: 94840.985 Thread 0x000001786787ffb0 Unloading class 0x0000000100739c00 'jdk/internal/reflect/GeneratedConstructorAccessor61'
Event: 94840.985 Thread 0x000001786787ffb0 Unloading class 0x0000000100739800 'jdk/internal/reflect/GeneratedMethodAccessor67'
Event: 94840.985 Thread 0x000001786787ffb0 Unloading class 0x0000000100750400 'jdk/internal/reflect/GeneratedConstructorAccessor60'
Event: 94840.985 Thread 0x000001786787ffb0 Unloading class 0x0000000100750000 'jdk/internal/reflect/GeneratedMethodAccessor66'
Event: 94840.985 Thread 0x000001786787ffb0 Unloading class 0x0000000100749c00 'jdk/internal/reflect/GeneratedMethodAccessor65'
Event: 94840.985 Thread 0x000001786787ffb0 Unloading class 0x0000000100740400 'jdk/internal/reflect/GeneratedMethodAccessor64'
Event: 95715.858 Thread 0x000001786787ffb0 Unloading class 0x0000000100750000 'jdk/internal/reflect/GeneratedMethodAccessor73'
Event: 95715.858 Thread 0x000001786787ffb0 Unloading class 0x0000000100739c00 'jdk/internal/reflect/GeneratedConstructorAccessor63'
Event: 95715.858 Thread 0x000001786787ffb0 Unloading class 0x0000000100739800 'jdk/internal/reflect/GeneratedMethodAccessor72'
Event: 95715.858 Thread 0x000001786787ffb0 Unloading class 0x000000010051d400 'jdk/internal/reflect/GeneratedConstructorAccessor62'
Event: 95715.858 Thread 0x000001786787ffb0 Unloading class 0x000000010051d000 'jdk/internal/reflect/GeneratedMethodAccessor71'
Event: 95715.858 Thread 0x000001786787ffb0 Unloading class 0x0000000100740400 'jdk/internal/reflect/GeneratedMethodAccessor70'
Event: 95715.858 Thread 0x000001786787ffb0 Unloading class 0x0000000100749c00 'jdk/internal/reflect/GeneratedMethodAccessor69'
Event: 96291.789 Thread 0x000001786787ffb0 Unloading class 0x000000010051d000 'jdk/internal/reflect/GeneratedMethodAccessor78'
Event: 96291.789 Thread 0x000001786787ffb0 Unloading class 0x0000000100739c00 'jdk/internal/reflect/GeneratedConstructorAccessor65'
Event: 96291.789 Thread 0x000001786787ffb0 Unloading class 0x0000000100739800 'jdk/internal/reflect/GeneratedMethodAccessor77'
Event: 96291.789 Thread 0x000001786787ffb0 Unloading class 0x0000000100750400 'jdk/internal/reflect/GeneratedConstructorAccessor64'
Event: 96291.789 Thread 0x000001786787ffb0 Unloading class 0x0000000100750000 'jdk/internal/reflect/GeneratedMethodAccessor76'
Event: 96291.789 Thread 0x000001786787ffb0 Unloading class 0x0000000100749c00 'jdk/internal/reflect/GeneratedMethodAccessor75'
Event: 96291.789 Thread 0x000001786787ffb0 Unloading class 0x0000000100740400 'jdk/internal/reflect/GeneratedMethodAccessor74'

Classes redefined (0 events):
No events

Internal exceptions (20 events):
Event: 79.560 Thread 0x0000017869f0f480 Exception <a 'java/lang/NoSuchMethodError'{0x00000000a3f8ec58}: 'java.lang.Object java.lang.invoke.DirectMethodHandle$Holder.invokeStatic(java.lang.Object, java.lang.Object, long, java.lang.Object)'> (0x00000000a3f8ec58) 
thrown [s\src\hotspot\share\interpreter\linkResolver.cpp, line 759]
Event: 79.560 Thread 0x0000017869f0f480 Exception <a 'java/lang/NoSuchMethodError'{0x00000000a3f926f0}: 'java.lang.Object java.lang.invoke.DirectMethodHandle$Holder.invokeStaticInit(java.lang.Object, java.lang.Object, long, java.lang.Object)'> (0x00000000a3f926f0) 
thrown [s\src\hotspot\share\interpreter\linkResolver.cpp, line 759]
Event: 79.560 Thread 0x0000017869f0f480 Exception <a 'java/lang/NoSuchMethodError'{0x00000000a3f98a20}: 'java.lang.Object java.lang.invoke.DirectMethodHandle$Holder.newInvokeSpecial(java.lang.Object, java.lang.Object, long)'> (0x00000000a3f98a20) 
thrown [s\src\hotspot\share\interpreter\linkResolver.cpp, line 759]
Event: 613.491 Thread 0x000001786a0b5b50 Exception <a 'java/lang/NoSuchMethodError'{0x000000008b3096d0}: 'java.lang.Object java.lang.invoke.DirectMethodHandle$Holder.newInvokeSpecial(java.lang.Object, java.lang.Object, java.lang.Object, java.lang.Object, java.lang.Object, java.lang.Object, java.lang.Object)'> (0x000000008b3096d0) 
thrown [s\src\hotspot\share\interpreter\linkResolver.cpp, line 759]
Event: 613.492 Thread 0x000001786a0b5b50 Exception <a 'java/lang/NoSuchMethodError'{0x000000008b30dfe0}: 'java.lang.Object java.lang.invoke.Invokers$Holder.linkToTargetMethod(java.lang.Object, java.lang.Object, java.lang.Object, java.lang.Object, java.lang.Object, java.lang.Object, java.lang.Object)'> (0x000000008b30dfe0) 
thrown [s\src\hotspot\share\interpreter\linkResolver.cpp, line 759]
Event: 1308.848 Thread 0x000001786a0b9eb0 Implicit null exception at 0x000001785d603962 to 0x000001785d6044b1
Event: 1333.000 Thread 0x000001786a0b9eb0 Implicit null exception at 0x000001785d6dfb5a to 0x000001785d6dfd9b
Event: 1380.584 Thread 0x000001786a0b9eb0 Implicit null exception at 0x000001785e1b2fb5 to 0x000001785e1b3261
Event: 9880.433 Thread 0x000001786a0b39a0 Implicit null exception at 0x000001785e17af77 to 0x000001785e17c0bb
Event: 9880.857 Thread 0x000001786a0b39a0 Implicit null exception at 0x000001785d6afc36 to 0x000001785d6b0146
Event: 10070.824 Thread 0x000001786a0b39a0 Implicit null exception at 0x000001785e4fec04 to 0x000001785e4ff32a
Event: 10144.960 Thread 0x000001786a0b39a0 Implicit null exception at 0x000001785d562784 to 0x000001785d563a36
Event: 12334.768 Thread 0x000001786a0b7830 Implicit null exception at 0x000001785e5d7dba to 0x000001785e5d8113
Event: 92632.549 Thread 0x000001786a0b4810 Implicit null exception at 0x000001785ddabd90 to 0x000001785ddac8e5
Event: 92633.213 Thread 0x000001786a0b6e90 Implicit null exception at 0x000001785e58f3da to 0x000001785e58f5cc
Event: 92659.353 Thread 0x000001786a0b5b50 Exception <a 'java/lang/NoSuchMethodError'{0x0000000089b38a58}: 'java.lang.Object java.lang.invoke.DirectMethodHandle$Holder.invokeSpecial(java.lang.Object, java.lang.Object, int, java.lang.Object, java.lang.Object)'> (0x0000000089b38a58) 
thrown [s\src\hotspot\share\interpreter\linkResolver.cpp, line 759]
Event: 92659.361 Thread 0x000001786a0b5b50 Exception <a 'java/lang/NoSuchMethodError'{0x0000000089b40698}: 'java.lang.Object java.lang.invoke.DirectMethodHandle$Holder.newInvokeSpecial(java.lang.Object, java.lang.Object, int, java.lang.Object)'> (0x0000000089b40698) 
thrown [s\src\hotspot\share\interpreter\linkResolver.cpp, line 759]
Event: 92659.362 Thread 0x000001786a0b5b50 Exception <a 'java/lang/NoSuchMethodError'{0x0000000089b43fb8}: 'java.lang.Object java.lang.invoke.Invokers$Holder.linkToTargetMethod(java.lang.Object, int, java.lang.Object, java.lang.Object)'> (0x0000000089b43fb8) 
thrown [s\src\hotspot\share\interpreter\linkResolver.cpp, line 759]
Event: 92709.220 Thread 0x000001786a0b4810 Implicit null exception at 0x000001785e646955 to 0x000001785e647226
Event: 94026.868 Thread 0x000001786a0b7360 Implicit null exception at 0x000001785e8c7e32 to 0x000001785e8c7fbf

VM Operations (20 events):
Event: 101898.379 Executing VM operation: G1CollectFull done
Event: 101908.507 Executing VM operation: G1CollectFull
Event: 101908.555 Executing VM operation: G1CollectFull done
Event: 101918.687 Executing VM operation: G1CollectFull
Event: 101918.758 Executing VM operation: G1CollectFull done
Event: 101928.886 Executing VM operation: G1CollectFull
Event: 101928.970 Executing VM operation: G1CollectFull done
Event: 101939.137 Executing VM operation: G1CollectFull
Event: 101939.193 Executing VM operation: G1CollectFull done
Event: 101949.355 Executing VM operation: G1CollectFull
Event: 101949.417 Executing VM operation: G1CollectFull done
Event: 101959.577 Executing VM operation: G1CollectFull
Event: 101959.635 Executing VM operation: G1CollectFull done
Event: 101969.772 Executing VM operation: G1CollectFull
Event: 101969.827 Executing VM operation: G1CollectFull done
Event: 101979.973 Executing VM operation: G1CollectFull
Event: 101980.024 Executing VM operation: G1CollectFull done
Event: 101990.165 Executing VM operation: G1CollectFull
Event: 101990.224 Executing VM operation: G1CollectFull done
Event: 102000.291 Executing VM operation: G1CollectFull

Events (20 events):
Event: 99034.012 Thread 0x000001786a0b51b0 Thread exited: 0x000001786a0b51b0
Event: 99035.057 Thread 0x000001786a0b7d00 Thread exited: 0x000001786a0b7d00
Event: 99190.302 Thread 0x000001786a0b7360 Thread added: 0x000001786a0b7360
Event: 99190.303 Thread 0x000001786a0b7d00 Thread added: 0x000001786a0b7d00
Event: 99250.310 Thread 0x000001786a0b7d00 Thread exited: 0x000001786a0b7d00
Event: 99254.778 Thread 0x000001786a0b7360 Thread exited: 0x000001786a0b7360
Event: 99751.473 Thread 0x000001786a0b86a0 Thread added: 0x000001786a0b86a0
Event: 99751.488 Thread 0x000001786a0b4340 Thread added: 0x000001786a0b4340
Event: 99751.860 Thread 0x000001786a0b51b0 Thread added: 0x000001786a0b51b0
Event: 99811.875 Thread 0x000001786a0b86a0 Thread exited: 0x000001786a0b86a0
Event: 99828.546 Thread 0x000001786a0b4340 Thread exited: 0x000001786a0b4340
Event: 99864.989 Thread 0x000001786a0b51b0 Thread exited: 0x000001786a0b51b0
Event: 100457.885 Thread 0x000001786a0b4810 Thread added: 0x000001786a0b4810
Event: 100457.886 Thread 0x000001786a0b51b0 Thread added: 0x000001786a0b51b0
Event: 100487.648 Thread 0x000001786a0b3000 Thread added: 0x000001786a0b3000
Event: 100540.238 Thread 0x000001786a0b64f0 Thread added: 0x000001786a0b64f0
Event: 100626.791 Thread 0x000001786a0b3000 Thread exited: 0x000001786a0b3000
Event: 100636.299 Thread 0x000001786a0b4810 Thread exited: 0x000001786a0b4810
Event: 100636.305 Thread 0x000001786a0b51b0 Thread exited: 0x000001786a0b51b0
Event: 100696.301 Thread 0x000001786a0b64f0 Thread exited: 0x000001786a0b64f0


Dynamic libraries:
0x00007ff68ec40000 - 0x00007ff68ec4e000 	c:\Users\user\.vscode\extensions\redhat.java-1.12.0-win32-x64\jre\17.0.4.1-win32-x86_64\bin\java.exe
0x00007ff962170000 - 0x00007ff962368000 	C:\WINDOWS\SYSTEM32\ntdll.dll
0x00007ff960ea0000 - 0x00007ff960f5f000 	C:\WINDOWS\System32\KERNEL32.DLL
0x00007ff95fb90000 - 0x00007ff95fe62000 	C:\WINDOWS\System32\KERNELBASE.dll
0x00007ff95fa90000 - 0x00007ff95fb90000 	C:\WINDOWS\System32\ucrtbase.dll
0x00007ff958dd0000 - 0x00007ff958de9000 	c:\Users\user\.vscode\extensions\redhat.java-1.12.0-win32-x64\jre\17.0.4.1-win32-x86_64\bin\VCRUNTIME140.dll
0x00007ff951b60000 - 0x00007ff951b78000 	c:\Users\user\.vscode\extensions\redhat.java-1.12.0-win32-x64\jre\17.0.4.1-win32-x86_64\bin\jli.dll
0x00007ff94dd70000 - 0x00007ff94e00a000 	C:\WINDOWS\WinSxS\amd64_microsoft.windows.common-controls_6595b64144ccf1df_6.0.19041.1110_none_60b5254171f9507e\COMCTL32.dll
0x00007ff960880000 - 0x00007ff96091e000 	C:\WINDOWS\System32\msvcrt.dll
0x00007ff961ea0000 - 0x00007ff961ecb000 	C:\WINDOWS\System32\GDI32.dll
0x00007ff95ff20000 - 0x00007ff95ff42000 	C:\WINDOWS\System32\win32u.dll
0x00007ff95f980000 - 0x00007ff95fa8f000 	C:\WINDOWS\System32\gdi32full.dll
0x00007ff95f870000 - 0x00007ff95f90d000 	C:\WINDOWS\System32\msvcp_win.dll
0x00007ff961340000 - 0x00007ff9614dd000 	C:\WINDOWS\System32\USER32.dll
0x00007ff962090000 - 0x00007ff9620c2000 	C:\WINDOWS\System32\IMM32.DLL
0x00007ff95a750000 - 0x00007ff95a75c000 	c:\Users\user\.vscode\extensions\redhat.java-1.12.0-win32-x64\jre\17.0.4.1-win32-x86_64\bin\vcruntime140_1.dll
0x00007ff924480000 - 0x00007ff924511000 	c:\Users\user\.vscode\extensions\redhat.java-1.12.0-win32-x64\jre\17.0.4.1-win32-x86_64\bin\msvcp140.dll
0x00007ff90dee0000 - 0x00007ff90eb26000 	c:\Users\user\.vscode\extensions\redhat.java-1.12.0-win32-x64\jre\17.0.4.1-win32-x86_64\bin\server\jvm.dll
0x00007ff961140000 - 0x00007ff9611ee000 	C:\WINDOWS\System32\ADVAPI32.dll
0x00007ff9602f0000 - 0x00007ff96038c000 	C:\WINDOWS\System32\sechost.dll
0x00007ff9601c0000 - 0x00007ff9602e5000 	C:\WINDOWS\System32\RPCRT4.dll
0x00007ff961010000 - 0x00007ff961018000 	C:\WINDOWS\System32\PSAPI.DLL
0x00007ff94c6c0000 - 0x00007ff94c6c9000 	C:\WINDOWS\SYSTEM32\WSOCK32.dll
0x00007ff961fa0000 - 0x00007ff96200b000 	C:\WINDOWS\System32\WS2_32.dll
0x00007ff94bbd0000 - 0x00007ff94bbf7000 	C:\WINDOWS\SYSTEM32\WINMM.dll
0x00007ff95b910000 - 0x00007ff95b91a000 	C:\WINDOWS\SYSTEM32\VERSION.dll
0x00007ff95e110000 - 0x00007ff95e122000 	C:\WINDOWS\SYSTEM32\kernel.appcore.dll
0x00007ff95a720000 - 0x00007ff95a72a000 	c:\Users\user\.vscode\extensions\redhat.java-1.12.0-win32-x64\jre\17.0.4.1-win32-x86_64\bin\jimage.dll
0x00007ff95d630000 - 0x00007ff95d814000 	C:\WINDOWS\SYSTEM32\DBGHELP.DLL
0x00007ff9513a0000 - 0x00007ff9513cc000 	C:\WINDOWS\SYSTEM32\dbgcore.DLL
0x00007ff95ffa0000 - 0x00007ff960022000 	C:\WINDOWS\System32\bcryptPrimitives.dll
0x00007ff948b00000 - 0x00007ff948b25000 	c:\Users\user\.vscode\extensions\redhat.java-1.12.0-win32-x64\jre\17.0.4.1-win32-x86_64\bin\java.dll
0x00007ff951120000 - 0x00007ff951138000 	c:\Users\user\.vscode\extensions\redhat.java-1.12.0-win32-x64\jre\17.0.4.1-win32-x86_64\bin\zip.dll
0x00007ff9614e0000 - 0x00007ff961c23000 	C:\WINDOWS\System32\SHELL32.dll
0x00007ff95d820000 - 0x00007ff95dfb2000 	C:\WINDOWS\SYSTEM32\windows.storage.dll
0x00007ff9609b0000 - 0x00007ff960d04000 	C:\WINDOWS\System32\combase.dll
0x00007ff95f1f0000 - 0x00007ff95f220000 	C:\WINDOWS\SYSTEM32\Wldp.dll
0x00007ff960f60000 - 0x00007ff96100d000 	C:\WINDOWS\System32\SHCORE.dll
0x00007ff960d10000 - 0x00007ff960d65000 	C:\WINDOWS\System32\shlwapi.dll
0x00007ff95f7b0000 - 0x00007ff95f7cf000 	C:\WINDOWS\SYSTEM32\profapi.dll
0x00007ff950900000 - 0x00007ff950919000 	C:\Users\user\.vscode\extensions\redhat.java-1.12.0-win32-x64\jre\17.0.4.1-win32-x86_64\bin\net.dll
0x00007ff9547d0000 - 0x00007ff9548dc000 	C:\WINDOWS\SYSTEM32\WINHTTP.dll
0x00007ff95ef50000 - 0x00007ff95efba000 	C:\WINDOWS\system32\mswsock.dll
0x00007ff94c050000 - 0x00007ff94c065000 	C:\Users\user\.vscode\extensions\redhat.java-1.12.0-win32-x64\jre\17.0.4.1-win32-x86_64\bin\nio.dll
0x00007ff95a450000 - 0x00007ff95a460000 	c:\Users\user\.vscode\extensions\redhat.java-1.12.0-win32-x64\jre\17.0.4.1-win32-x86_64\bin\verify.dll
0x00007ff95b6f0000 - 0x00007ff95b6f9000 	C:\Users\user\.vscode\extensions\redhat.java-1.12.0-win32-x64\jre\17.0.4.1-win32-x86_64\bin\management.dll
0x00007ff95a770000 - 0x00007ff95a77b000 	C:\Users\user\.vscode\extensions\redhat.java-1.12.0-win32-x64\jre\17.0.4.1-win32-x86_64\bin\management_ext.dll
0x00007ff94beb0000 - 0x00007ff94bec7000 	C:\WINDOWS\system32\napinsp.dll
0x00007ff94be90000 - 0x00007ff94beab000 	C:\WINDOWS\system32\pnrpnsp.dll
0x00007ff94be70000 - 0x00007ff94be85000 	C:\WINDOWS\system32\wshbth.dll
0x00007ff959650000 - 0x00007ff95966d000 	C:\WINDOWS\system32\NLAapi.dll
0x00007ff95ec40000 - 0x00007ff95ec7b000 	C:\WINDOWS\SYSTEM32\IPHLPAPI.DLL
0x00007ff95ec80000 - 0x00007ff95ed4a000 	C:\WINDOWS\SYSTEM32\DNSAPI.dll
0x00007ff961c30000 - 0x00007ff961c38000 	C:\WINDOWS\System32\NSI.dll
0x00007ff94bee0000 - 0x00007ff94bef2000 	C:\WINDOWS\System32\winrnr.dll
0x00007ff952d50000 - 0x00007ff952d5a000 	C:\Windows\System32\rasadhlp.dll
0x00007ff9531d0000 - 0x00007ff953250000 	C:\WINDOWS\System32\fwpuclnt.dll
0x00007ff960190000 - 0x00007ff9601b7000 	C:\WINDOWS\System32\bcrypt.dll
0x00007ff95f150000 - 0x00007ff95f168000 	C:\WINDOWS\SYSTEM32\CRYPTSP.dll
0x00007ff95e870000 - 0x00007ff95e8a4000 	C:\WINDOWS\system32\rsaenh.dll
0x00007ff95f770000 - 0x00007ff95f79e000 	C:\WINDOWS\SYSTEM32\USERENV.dll
0x00007ff95f140000 - 0x00007ff95f14c000 	C:\WINDOWS\SYSTEM32\CRYPTBASE.dll
0x00007ff957600000 - 0x00007ff957617000 	C:\WINDOWS\SYSTEM32\dhcpcsvc6.DLL
0x00007ff958820000 - 0x00007ff95883d000 	C:\WINDOWS\SYSTEM32\dhcpcsvc.DLL

dbghelp: loaded successfully - version: 4.0.5 - missing functions: none
symbol engine: initialized successfully - sym options: 0x614 - pdb path: .;c:\Users\user\.vscode\extensions\redhat.java-1.12.0-win32-x64\jre\17.0.4.1-win32-x86_64\bin;C:\WINDOWS\SYSTEM32;C:\WINDOWS\WinSxS\amd64_microsoft.windows.common-controls_6595b64144ccf1df_6.0.19041.1110_none_60b5254171f9507e;c:\Users\user\.vscode\extensions\redhat.java-1.12.0-win32-x64\jre\17.0.4.1-win32-x86_64\bin\server

VM Arguments:
jvm_args: -Dsts.lsp.client=vscode -Dsts.log.file=/dev/null -XX:TieredStopAtLevel=1 -Xlog:jni+resolve=off -Dspring.config.location=file:c:\Users\user\.vscode\extensions\pivotal.vscode-spring-boot-1.40.0\language-server\BOOT-INF\classes\application.properties 
java_command: org.springframework.ide.vscode.boot.app.BootLanguageServerBootApp
java_class_path (initial): c:\Users\user\.vscode\extensions\pivotal.vscode-spring-boot-1.40.0\language-server\BOOT-INF\classes;c:\Users\user\.vscode\extensions\pivotal.vscode-spring-boot-1.40.0\language-server\BOOT-INF\lib\annotations-23.0.0.jar;c:\Users\user\.vscode\extensions\pivotal.vscode-spring-boot-1.40.0\language-server\BOOT-INF\lib\ant-1.10.12.jar;c:\Users\user\.vscode\extensions\pivotal.vscode-spring-boot-1.40.0\language-server\BOOT-INF\lib\ant-launcher-1.10.12.jar;c:\Users\user\.vscode\extensions\pivotal.vscode-spring-boot-1.40.0\language-server\BOOT-INF\lib\antlr-runtime-3.5.2.jar;c:\Users\user\.vscode\extensions\pivotal.vscode-spring-boot-1.40.0\language-server\BOOT-INF\lib\antlr4-4.9.3.jar;c:\Users\user\.vscode\extensions\pivotal.vscode-spring-boot-1.40.0\language-server\BOOT-INF\lib\antlr4-runtime-4.9.3.jar;c:\Users\user\.vscode\extensions\pivotal.vscode-spring-boot-1.40.0\language-server\BOOT-INF\lib\asm-9.3.jar;c:\Users\user\.vscode\extensions\pivotal.vscode-spring-boot-1.40.0\language-server\BOOT-INF\lib\asm-analysis-9.3.jar;c:\Users\user\.vscode\extensions\pivotal.vscode-spring-boot-1.40.0\language-server\BOOT-INF\lib\asm-tree-9.3.jar;c:\Users\user\.vscode\extensions\pivotal.vscode-spring-boot-1.40.0\language-server\BOOT-INF\lib\asm-util-9.3.jar;c:\Users\user\.vscode\extensions\pivotal.vscode-spring-boot-1.40.0\language-server\BOOT-INF\lib\byte-buddy-1.12.13.jar;c:\Users\user\.vscode\extensions\pivotal.vscode-spring-boot-1.40.0\language-server\BOOT-INF\lib\caffeine-2.9.3.jar;c:\Users\user\.vscode\extensions\pivotal.vscode-spring-boot-1.40.0\language-server\BOOT-INF\lib\checker-qual-3.12.0.jar;c:\Users\user\.vscode\extensions\pivotal.vscode-spring-boot-1.40.0\language-server\BOOT-INF\lib\classgraph-4.8.149.jar;c:\Users\user\.vscode\extensions\pivotal.vscode-spring-boot-1.40.0\language-server\BOOT-INF\lib\commons-codec-1.15.jar;c:\Users\user\.vscode\extensions\pivotal.vscode-spring-boot-1.40.0\language-server\BOOT-INF\lib\commons-compress-1.21.jar;
Launcher Type: SUN_STANDARD

[Global flags]
     intx CICompilerCount                          = 4                                         {product} {ergonomic}
     uint ConcGCThreads                            = 2                                         {product} {ergonomic}
     uint G1ConcRefinementThreads                  = 8                                         {product} {ergonomic}
   size_t G1HeapRegionSize                         = 1048576                                   {product} {ergonomic}
    uintx GCDrainStackTargetSize                   = 64                                        {product} {ergonomic}
   size_t InitialHeapSize                          = 132120576                                 {product} {ergonomic}
   size_t MarkStackSize                            = 4194304                                   {product} {ergonomic}
   size_t MaxHeapSize                              = 2090860544                                {product} {ergonomic}
   size_t MaxNewSize                               = 1254096896                                {product} {ergonomic}
   size_t MinHeapDeltaBytes                        = 1048576                                   {product} {ergonomic}
   size_t MinHeapSize                              = 8388608                                   {product} {ergonomic}
    uintx NonProfiledCodeHeapSize                  = 0                                      {pd product} {ergonomic}
     bool ProfileInterpreter                       = false                                  {pd product} {command line}
    uintx ProfiledCodeHeapSize                     = 0                                      {pd product} {ergonomic}
   size_t SoftMaxHeapSize                          = 2090860544                             {manageable} {ergonomic}
     intx TieredStopAtLevel                        = 1                                         {product} {command line}
     bool UseCompressedClassPointers               = true                           {product lp64_product} {ergonomic}
     bool UseCompressedOops                        = true                           {product lp64_product} {ergonomic}
     bool UseG1GC                                  = true                                      {product} {ergonomic}
     bool UseLargePagesIndividualAllocation        = false                                  {pd product} {ergonomic}

Logging:
Log output configuration:
 #0: stdout all=warning,jni+resolve=off uptime,level,tags
 #1: stderr all=off uptime,level,tags

Environment Variables:
PATH=C:\Program Files\Common Files\Oracle\Java\javapath;c:\app\user\product\11.2.0\client_2\bin;C:\Program Files (x86)\Common Files\Oracle\Java\javapath;c:\app\user\product\11.2.0\client_1\bin;C:\ProgramData\Oracle\Java\javapath;C:\WINDOWS\system32;C:\WINDOWS;C:\WINDOWS\System32\Wbem;C:\WINDOWS\System32\WindowsPowerShell\v1.0\;C:\WINDOWS\System32\OpenSSH\;C:\Program Files\nodejs\;C:\Program Files\Git\cmd;C:\Users\user\AppData\Local\Programs\Python\Python310\Scripts\;C:\Users\user\AppData\Local\Programs\Python\Python310\;C:\Users\user\AppData\Local\Microsoft\WindowsApps;C:\Users\user\AppData\Roaming\npm;C:\Users\user\AppData\Local\Programs\Microsoft VS Code\bin
USERNAME=user
OS=Windows_NT
PROCESSOR_IDENTIFIER=Intel64 Family 6 Model 126 Stepping 5, GenuineIntel
TMP=C:\Users\user\AppData\Local\Temp
TEMP=C:\Users\user\AppData\Local\Temp



---------------  S Y S T E M  ---------------

OS:
 Windows 10 , 64 bit Build 19041 (10.0.19041.2251)
OS uptime: 11 days 16:42 hours

CPU: total 8 (initial active 8) (4 cores per cpu, 2 threads per core) family 6 model 126 stepping 5 microcode 0x78, cx8, cmov, fxsr, ht, mmx, 3dnowpref, sse, sse2, sse3, ssse3, sse4.1, sse4.2, popcnt, lzcnt, tsc, tscinvbit, avx, avx2, aes, erms, clmul, bmi1, bmi2, adx, avx512f, avx512dq, avx512cd, avx512bw, avx512vl, sha, fma, vzeroupper, avx512_vpopcntdq, avx512_vpclmulqdq, avx512_vaes, avx512_vnni, clflush, clflushopt, avx512_vbmi2, avx512_vbmi

Memory: 4k page, system-wide physical 7973M (501M free)
TotalPageFile size 32549M (AvailPageFile size 6M)
current process WorkingSet (physical memory assigned to process): 83M, peak: 724M
current process commit charge ("private bytes"): 296M, peak: 749M

vm_info: OpenJDK 64-Bit Server VM (17.0.4.1+1) for windows-amd64 JRE (17.0.4.1+1), built on Aug 17 2022 07:42:43 by "temurin" with MS VC++ 16.7 (VS2019)

END.
