#
# There is insufficient memory for the Java Runtime Environment to continue.
# Native memory allocation (mmap) failed to map 526385152 bytes for G1 virtual space
# Possible reasons:
#   The system is out of physical RAM or swap space
#   The process is running with CompressedOops enabled, and the Java Heap may be blocking the growth of the native heap
# Possible solutions:
#   Reduce memory load on the system
#   Increase physical memory or swap space
#   Check if swap backing store is full
#   Decrease Java heap size (-Xmx/-Xms)
#   Decrease number of Java threads
#   Decrease Java thread stack sizes (-Xss)
#   Set larger code cache with -XX:ReservedCodeCacheSize=
#   JVM is running with Unscaled Compressed Oops mode in which the Java heap is
#     placed in the first 4GB address space. The Java Heap base address is the
#     maximum limit for the native heap growth. Please use -XX:HeapBaseMinAddress
#     to set the Java Heap base and to place the Java Heap above 4GB virtual address.
# This output file may be truncated or incomplete.
#
#  Out of Memory Error (os_windows.cpp:3541), pid=17760, tid=18368
#
# JRE version: OpenJDK Runtime Environment Temurin-17.0.4.1+1 (17.0.4.1+1) (build 17.0.4.1+1)
# Java VM: OpenJDK 64-Bit Server VM Temurin-17.0.4.1+1 (17.0.4.1+1, mixed mode, emulated-client, tiered, compressed oops, compressed class ptrs, g1 gc, windows-amd64)
# No core dump will be written. Minidumps are not enabled by default on client versions of Windows
#

---------------  S U M M A R Y ------------

Command Line: -Dsts.lsp.client=vscode -Dsts.log.file=/dev/null -XX:TieredStopAtLevel=1 -Xlog:jni+resolve=off -Dspring.config.location=file:c:\Users\user\.vscode\extensions\pivotal.vscode-spring-boot-1.40.0\language-server\BOOT-INF\classes\application.properties org.springframework.ide.vscode.boot.app.BootLanguageServerBootApp

Host: Intel(R) Core(TM) i5-1035G1 CPU @ 1.00GHz, 8 cores, 7G,  Windows 10 , 64 bit Build 19041 (10.0.19041.2251)
Time: Mon Nov 21 17:46:13 2022 Hora est. Pacífico, Sudamérica elapsed time: 3.528864 seconds (0d 0h 0m 3s)

---------------  T H R E A D  ---------------

Current thread (0x000001f3716fc5a0):  VMThread "VM Thread" [stack: 0x000000c276000000,0x000000c276100000] [id=18368]

Stack: [0x000000c276000000,0x000000c276100000]
Native frames: (J=compiled Java code, j=interpreted, Vv=VM code, C=native code)
V  [jvm.dll+0x67731a]
V  [jvm.dll+0x832284]
V  [jvm.dll+0x833a2e]
V  [jvm.dll+0x834093]
V  [jvm.dll+0x245775]
V  [jvm.dll+0x674209]
V  [jvm.dll+0x668a92]
V  [jvm.dll+0x30471b]
V  [jvm.dll+0x30bc66]
V  [jvm.dll+0x35ba9e]
V  [jvm.dll+0x35bccf]
V  [jvm.dll+0x2db5b8]
V  [jvm.dll+0x2d986c]
V  [jvm.dll+0x2d8e3c]
V  [jvm.dll+0x31cd9b]
V  [jvm.dll+0x83853b]
V  [jvm.dll+0x839274]
V  [jvm.dll+0x83978c]
V  [jvm.dll+0x839b64]
V  [jvm.dll+0x839c30]
V  [jvm.dll+0x7e240a]
V  [jvm.dll+0x6761a5]
C  [ucrtbase.dll+0x21bb2]
C  [KERNEL32.DLL+0x174b4]
C  [ntdll.dll+0x526a1]

VM_Operation (0x000000c2785fdf20): G1CollectForAllocation, mode: safepoint, requested by thread 0x000001f3742376e0


---------------  P R O C E S S  ---------------

Threads class SMR info:
_java_thread_list=0x000001f374456940, length=44, elements={
0x000001f371715390, 0x000001f371715d40, 0x000001f37171bd90, 0x000001f37171d660,
0x000001f37171df20, 0x000001f37171e7e0, 0x000001f37203c810, 0x000001f37203d110,
0x000001f37169d990, 0x000001f3722558b0, 0x000001f372260640, 0x000001f372bedbb0,
0x000001f372c847d0, 0x000001f373f33b90, 0x000001f3740eb8f0, 0x000001f373bf85e0,
0x000001f362479f90, 0x000001f3741ae9b0, 0x000001f3741ff770, 0x000001f374200c50,
0x000001f37420ed00, 0x000001f37420f1d0, 0x000001f374235ed0, 0x000001f374236870,
0x000001f374236d40, 0x000001f3742363a0, 0x000001f374238550, 0x000001f374238a20,
0x000001f3742376e0, 0x000001f374237bb0, 0x000001f374237210, 0x000001f374238080,
0x000001f374235060, 0x000001f374235530, 0x000001f374235a00, 0x000001f3743f6dc0,
0x000001f3743f6420, 0x000001f3743f7290, 0x000001f3743f68f0, 0x000001f3743f8100,
0x000001f3743f7c30, 0x000001f3762e5970, 0x000001f3762e67e0, 0x000001f3762dd700
}

Java Threads: ( => current thread )
  0x000001f371715390 JavaThread "Reference Handler" daemon [_thread_blocked, id=13440, stack(0x000000c276100000,0x000000c276200000)]
  0x000001f371715d40 JavaThread "Finalizer" daemon [_thread_blocked, id=35616, stack(0x000000c276200000,0x000000c276300000)]
  0x000001f37171bd90 JavaThread "Signal Dispatcher" daemon [_thread_blocked, id=19212, stack(0x000000c276300000,0x000000c276400000)]
  0x000001f37171d660 JavaThread "Attach Listener" daemon [_thread_blocked, id=12164, stack(0x000000c276400000,0x000000c276500000)]
  0x000001f37171df20 JavaThread "Service Thread" daemon [_thread_blocked, id=25932, stack(0x000000c276500000,0x000000c276600000)]
  0x000001f37171e7e0 JavaThread "Monitor Deflation Thread" daemon [_thread_blocked, id=9104, stack(0x000000c276600000,0x000000c276700000)]
  0x000001f37203c810 JavaThread "C1 CompilerThread0" daemon [_thread_blocked, id=31600, stack(0x000000c276700000,0x000000c276800000)]
  0x000001f37203d110 JavaThread "Sweeper thread" daemon [_thread_blocked, id=11364, stack(0x000000c276800000,0x000000c276900000)]
  0x000001f37169d990 JavaThread "C1 CompilerThread1" daemon [_thread_blocked, id=15260, stack(0x000000c276900000,0x000000c276a00000)]
  0x000001f3722558b0 JavaThread "Notification Thread" daemon [_thread_blocked, id=19004, stack(0x000000c276a00000,0x000000c276b00000)]
  0x000001f372260640 JavaThread "Common-Cleaner" daemon [_thread_blocked, id=21472, stack(0x000000c276c00000,0x000000c276d00000)]
  0x000001f372bedbb0 JavaThread "C1 CompilerThread2" daemon [_thread_blocked, id=22276, stack(0x000000c276d00000,0x000000c276e00000)]
  0x000001f372c847d0 JavaThread "C1 CompilerThread3" daemon [_thread_blocked, id=32572, stack(0x000000c276e00000,0x000000c276f00000)]
  0x000001f373f33b90 JavaThread "boundedElastic-evictor-1" daemon [_thread_blocked, id=23248, stack(0x000000c277400000,0x000000c277500000)]
  0x000001f3740eb8f0 JavaThread "pool-9-thread-1" [_thread_blocked, id=32320, stack(0x000000c277800000,0x000000c277900000)]
  0x000001f373bf85e0 JavaThread "LanguageServerApp-lifecycle" [_thread_blocked, id=26952, stack(0x000000c277900000,0x000000c277a00000)]
  0x000001f362479f90 JavaThread "DestroyJavaVM" [_thread_blocked, id=11824, stack(0x000000c275a00000,0x000000c275b00000)]
  0x000001f3741ae9b0 JavaThread "pool-10-thread-1" [_thread_in_native, id=24328, stack(0x000000c277a00000,0x000000c277b00000)]
  0x000001f3741ff770 JavaThread "Simple-Language-Server main thread" daemon [_thread_blocked, id=15940, stack(0x000000c277b00000,0x000000c277c00000)]
  0x000001f374200c50 JavaThread "ForkJoinPool.commonPool-worker-1" daemon [_thread_blocked, id=5640, stack(0x000000c277c00000,0x000000c277d00000)]
  0x000001f37420ed00 JavaThread "pool-7-thread-1" [_thread_blocked, id=21224, stack(0x000000c277d00000,0x000000c277e00000)]
  0x000001f37420f1d0 JavaThread "parallel-1" daemon [_thread_blocked, id=10876, stack(0x000000c277e00000,0x000000c277f00000)]
  0x000001f374235ed0 JavaThread "pool-4-thread-1" [_thread_blocked, id=34908, stack(0x000000c277f00000,0x000000c278000000)]
  0x000001f374236870 JavaThread "ClassGraph-worker-0" daemon [_thread_blocked, id=19860, stack(0x000000c278000000,0x000000c278100000)]
  0x000001f374236d40 JavaThread "ClassGraph-worker-1" daemon [_thread_blocked, id=22012, stack(0x000000c278100000,0x000000c278200000)]
  0x000001f3742363a0 JavaThread "ClassGraph-worker-2" daemon [_thread_blocked, id=8712, stack(0x000000c278200000,0x000000c278300000)]
  0x000001f374238550 JavaThread "ClassGraph-worker-3" daemon [_thread_blocked, id=14676, stack(0x000000c278300000,0x000000c278400000)]
  0x000001f374238a20 JavaThread "ClassGraph-worker-4" daemon [_thread_blocked, id=26888, stack(0x000000c278400000,0x000000c278500000)]
  0x000001f3742376e0 JavaThread "ClassGraph-worker-5" daemon [_thread_blocked, id=15544, stack(0x000000c278500000,0x000000c278600000)]
  0x000001f374237bb0 JavaThread "ClassGraph-worker-6" daemon [_thread_blocked, id=36432, stack(0x000000c278600000,0x000000c278700000)]
  0x000001f374237210 JavaThread "ClassGraph-worker-7" daemon [_thread_blocked, id=6988, stack(0x000000c278700000,0x000000c278800000)]
  0x000001f374238080 JavaThread "ClassGraph-worker-8" daemon [_thread_blocked, id=30776, stack(0x000000c278800000,0x000000c278900000)]
  0x000001f374235060 JavaThread "ClassGraph-worker-9" daemon [_thread_blocked, id=20696, stack(0x000000c278900000,0x000000c278a00000)]
  0x000001f374235530 JavaThread "ClassGraph-worker-10" daemon [_thread_blocked, id=10136, stack(0x000000c278a00000,0x000000c278b00000)]
  0x000001f374235a00 JavaThread "ClassGraph-worker-11" daemon [_thread_blocked, id=21664, stack(0x000000c278b00000,0x000000c278c00000)]
  0x000001f3743f6dc0 JavaThread "ClassGraph-worker-12" daemon [_thread_blocked, id=20908, stack(0x000000c278c00000,0x000000c278d00000)]
  0x000001f3743f6420 JavaThread "ClassGraph-worker-13" daemon [_thread_blocked, id=21016, stack(0x000000c278d00000,0x000000c278e00000)]
  0x000001f3743f7290 JavaThread "parallel-2" daemon [_thread_blocked, id=6724, stack(0x000000c278e00000,0x000000c278f00000)]
  0x000001f3743f68f0 JavaThread "Reconciler-1" daemon [_thread_blocked, id=28876, stack(0x000000c278f00000,0x000000c279000000)]
  0x000001f3743f8100 JavaThread "pool-4-thread-2" [_thread_blocked, id=23024, stack(0x000000c279000000,0x000000c279100000)]
  0x000001f3743f7c30 JavaThread "pool-5-thread-1" [_thread_blocked, id=25580, stack(0x000000c279300000,0x000000c279400000)]
  0x000001f3762e5970 JavaThread "parallel-3" daemon [_thread_blocked, id=8952, stack(0x000000c279400000,0x000000c279500000)]
  0x000001f3762e67e0 JavaThread "parallel-4" daemon [_thread_blocked, id=15668, stack(0x000000c279500000,0x000000c279600000)]
  0x000001f3762dd700 JavaThread "ForkJoinPool.commonPool-worker-2" daemon [_thread_blocked, id=24036, stack(0x000000c279600000,0x000000c279700000)]

Other Threads:
=>0x000001f3716fc5a0 VMThread "VM Thread" [stack: 0x000000c276000000,0x000000c276100000] [id=18368]
  0x000001f362563ee0 WatcherThread [stack: 0x000000c276b00000,0x000000c276c00000] [id=31368]
  0x000001f362503200 GCTaskThread "GC Thread#0" [stack: 0x000000c275b00000,0x000000c275c00000] [id=13988]
  0x000001f372cc4470 GCTaskThread "GC Thread#1" [stack: 0x000000c276f00000,0x000000c277000000] [id=25236]
  0x000001f372cc4720 GCTaskThread "GC Thread#2" [stack: 0x000000c277000000,0x000000c277100000] [id=9592]
  0x000001f373809a40 GCTaskThread "GC Thread#3" [stack: 0x000000c277100000,0x000000c277200000] [id=33524]
  0x000001f37380e110 GCTaskThread "GC Thread#4" [stack: 0x000000c277200000,0x000000c277300000] [id=16164]
  0x000001f3738103d0 GCTaskThread "GC Thread#5" [stack: 0x000000c277300000,0x000000c277400000] [id=27516]
  0x000001f373a37d60 GCTaskThread "GC Thread#6" [stack: 0x000000c277500000,0x000000c277600000] [id=30032]
  0x000001f373a38010 GCTaskThread "GC Thread#7" [stack: 0x000000c277600000,0x000000c277700000] [id=9616]
  0x000001f362513980 ConcurrentGCThread "G1 Main Marker" [stack: 0x000000c275c00000,0x000000c275d00000] [id=27072]
  0x000001f362514290 ConcurrentGCThread "G1 Conc#0" [stack: 0x000000c275d00000,0x000000c275e00000] [id=17952]
  0x000001f373b916e0 ConcurrentGCThread "G1 Conc#1" [stack: 0x000000c277700000,0x000000c277800000] [id=8144]
  0x000001f36257ea20 ConcurrentGCThread "G1 Refine#0" [stack: 0x000000c275e00000,0x000000c275f00000] [id=26328]
  0x000001f3761260a0 ConcurrentGCThread "G1 Refine#1" [stack: 0x000000c279100000,0x000000c279200000] [id=5604]
  0x000001f37618d560 ConcurrentGCThread "G1 Refine#2" [stack: 0x000000c279200000,0x000000c279300000] [id=25668]
  0x000001f37156b910 ConcurrentGCThread "G1 Service" [stack: 0x000000c275f00000,0x000000c276000000] [id=35216]

Threads with active compile tasks:

VM state: at safepoint (normal execution)

VM Mutex/Monitor currently owned by a thread:  ([mutex/lock_event])
[0x000001f3623aafa0] Threads_lock - owner thread: 0x000001f3716fc5a0
[0x000001f3624a9e80] Heap_lock - owner thread: 0x000001f3742376e0

Heap address: 0x0000000083600000, size: 1994 MB, Compressed Oops mode: 32-bit

CDS archive(s) not mapped
Compressed class space mapped at: 0x0000000100000000-0x0000000140000000, reserved size: 1073741824
Narrow klass base: 0x0000000000000000, Narrow klass shift: 3, Narrow klass range: 0x140000000

GC Precious Log:
 CPUs: 8 total, 8 available
 Memory: 7973M
 Large Page Support: Disabled
 NUMA Support: Disabled
 Compressed Oops: Enabled (32-bit)
 Heap Region Size: 1M
 Heap Min Capacity: 8M
 Heap Initial Capacity: 126M
 Heap Max Capacity: 1994M
 Pre-touch: Disabled
 Parallel Workers: 8
 Concurrent Workers: 2
 Concurrent Refinement Workers: 8
 Periodic GC: Disabled

Heap:
 garbage-first heap   total 257024K, used 92022K [0x0000000083600000, 0x0000000100000000)
  region size 1024K, 12 young (12288K), 12 survivors (12288K)
 Metaspace       used 39612K, committed 40000K, reserved 1089536K
  class space    used 4969K, committed 5184K, reserved 1048576K

Heap Regions: E=young(eden), S=young(survivor), O=old, HS=humongous(starts), HC=humongous(continues), CS=collection set, F=free, OA=open archive, CA=closed archive, TAMS=top-at-mark-start (previous, next)
|   0|0x0000000083600000, 0x0000000083700000, 0x0000000083700000|100%| O|  |TAMS 0x0000000083700000, 0x0000000083600000| Untracked 
|   1|0x0000000083700000, 0x0000000083800000, 0x0000000083800000|100%| O|  |TAMS 0x0000000083800000, 0x0000000083700000| Untracked 
|   2|0x0000000083800000, 0x0000000083900000, 0x0000000083900000|100%| O|  |TAMS 0x0000000083900000, 0x0000000083800000| Untracked 
|   3|0x0000000083900000, 0x0000000083a00000, 0x0000000083a00000|100%| O|  |TAMS 0x0000000083a00000, 0x0000000083900000| Untracked 
|   4|0x0000000083a00000, 0x0000000083b00000, 0x0000000083b00000|100%| O|  |TAMS 0x0000000083b00000, 0x0000000083a00000| Untracked 
|   5|0x0000000083b00000, 0x0000000083c00000, 0x0000000083c00000|100%| O|  |TAMS 0x0000000083c00000, 0x0000000083b00000| Untracked 
|   6|0x0000000083c00000, 0x0000000083d00000, 0x0000000083d00000|100%| O|  |TAMS 0x0000000083d00000, 0x0000000083c00000| Untracked 
|   7|0x0000000083d00000, 0x0000000083e00000, 0x0000000083e00000|100%| O|  |TAMS 0x0000000083e00000, 0x0000000083d00000| Untracked 
|   8|0x0000000083e00000, 0x0000000083f00000, 0x0000000083f00000|100%| O|  |TAMS 0x0000000083f00000, 0x0000000083e00000| Untracked 
|   9|0x0000000083f00000, 0x0000000084000000, 0x0000000084000000|100%| O|  |TAMS 0x0000000084000000, 0x0000000083f00000| Untracked 
|  10|0x0000000084000000, 0x0000000084100000, 0x0000000084100000|100%| O|  |TAMS 0x0000000084100000, 0x0000000084000000| Untracked 
|  11|0x0000000084100000, 0x0000000084200000, 0x0000000084200000|100%| O|  |TAMS 0x0000000084200000, 0x0000000084100000| Untracked 
|  12|0x0000000084200000, 0x0000000084300000, 0x0000000084300000|100%| O|  |TAMS 0x0000000084300000, 0x0000000084200000| Untracked 
|  13|0x0000000084300000, 0x0000000084300000, 0x0000000084400000|  0%| F|  |TAMS 0x0000000084300000, 0x0000000084300000| Untracked 
|  14|0x0000000084400000, 0x0000000084500000, 0x0000000084500000|100%| O|  |TAMS 0x0000000084500000, 0x0000000084400000| Untracked 
|  15|0x0000000084500000, 0x0000000084600000, 0x0000000084600000|100%| O|  |TAMS 0x0000000084600000, 0x0000000084500000| Untracked 
|  16|0x0000000084600000, 0x0000000084700000, 0x0000000084700000|100%| O|  |TAMS 0x0000000084700000, 0x0000000084600000| Untracked 
|  17|0x0000000084700000, 0x0000000084800000, 0x0000000084800000|100%| O|  |TAMS 0x0000000084800000, 0x0000000084700000| Untracked 
|  18|0x0000000084800000, 0x0000000084900000, 0x0000000084900000|100%| O|  |TAMS 0x0000000084900000, 0x0000000084800000| Untracked 
|  19|0x0000000084900000, 0x0000000084a00000, 0x0000000084a00000|100%| O|  |TAMS 0x0000000084a00000, 0x0000000084900000| Untracked 
|  20|0x0000000084a00000, 0x0000000084b00000, 0x0000000084b00000|100%| O|  |TAMS 0x0000000084b00000, 0x0000000084a00000| Untracked 
|  21|0x0000000084b00000, 0x0000000084c00000, 0x0000000084c00000|100%| O|  |TAMS 0x0000000084c00000, 0x0000000084b00000| Untracked 
|  22|0x0000000084c00000, 0x0000000084d00000, 0x0000000084d00000|100%| O|  |TAMS 0x0000000084d00000, 0x0000000084c00000| Untracked 
|  23|0x0000000084d00000, 0x0000000084e00000, 0x0000000084e00000|100%| O|  |TAMS 0x0000000084e00000, 0x0000000084d00000| Untracked 
|  24|0x0000000084e00000, 0x0000000084f00000, 0x0000000084f00000|100%| O|  |TAMS 0x0000000084f00000, 0x0000000084e00000| Untracked 
|  25|0x0000000084f00000, 0x0000000085000000, 0x0000000085000000|100%| O|  |TAMS 0x0000000085000000, 0x0000000084f00000| Untracked 
|  26|0x0000000085000000, 0x0000000085100000, 0x0000000085100000|100%| O|  |TAMS 0x0000000085100000, 0x0000000085000000| Untracked 
|  27|0x0000000085100000, 0x0000000085200000, 0x0000000085200000|100%| O|  |TAMS 0x0000000085200000, 0x0000000085100000| Untracked 
|  28|0x0000000085200000, 0x0000000085300000, 0x0000000085300000|100%| O|  |TAMS 0x0000000085300000, 0x0000000085200000| Untracked 
|  29|0x0000000085300000, 0x0000000085400000, 0x0000000085400000|100%| O|  |TAMS 0x0000000085400000, 0x0000000085300000| Untracked 
|  30|0x0000000085400000, 0x0000000085500000, 0x0000000085500000|100%| O|  |TAMS 0x0000000085500000, 0x0000000085400000| Untracked 
|  31|0x0000000085500000, 0x0000000085600000, 0x0000000085600000|100%| O|  |TAMS 0x0000000085600000, 0x0000000085500000| Untracked 
|  32|0x0000000085600000, 0x0000000085700000, 0x0000000085700000|100%| O|  |TAMS 0x0000000085700000, 0x0000000085600000| Untracked 
|  33|0x0000000085700000, 0x0000000085800000, 0x0000000085800000|100%| O|  |TAMS 0x0000000085800000, 0x0000000085700000| Untracked 
|  34|0x0000000085800000, 0x0000000085900000, 0x0000000085900000|100%| O|  |TAMS 0x0000000085900000, 0x0000000085800000| Untracked 
|  35|0x0000000085900000, 0x0000000085a00000, 0x0000000085a00000|100%| O|  |TAMS 0x0000000085a00000, 0x0000000085900000| Untracked 
|  36|0x0000000085a00000, 0x0000000085b00000, 0x0000000085b00000|100%| O|  |TAMS 0x0000000085b00000, 0x0000000085a00000| Untracked 
|  37|0x0000000085b00000, 0x0000000085c00000, 0x0000000085c00000|100%| O|  |TAMS 0x0000000085c00000, 0x0000000085b00000| Untracked 
|  38|0x0000000085c00000, 0x0000000085d00000, 0x0000000085d00000|100%| O|  |TAMS 0x0000000085d00000, 0x0000000085c00000| Untracked 
|  39|0x0000000085d00000, 0x0000000085e00000, 0x0000000085e00000|100%| O|  |TAMS 0x0000000085e00000, 0x0000000085d00000| Untracked 
|  40|0x0000000085e00000, 0x0000000085f00000, 0x0000000085f00000|100%| O|  |TAMS 0x0000000085f00000, 0x0000000085e00000| Untracked 
|  41|0x0000000085f00000, 0x0000000086000000, 0x0000000086000000|100%| O|  |TAMS 0x0000000086000000, 0x0000000085f00000| Untracked 
|  42|0x0000000086000000, 0x0000000086100000, 0x0000000086100000|100%| O|  |TAMS 0x0000000086100000, 0x0000000086000000| Untracked 
|  43|0x0000000086100000, 0x0000000086200000, 0x0000000086200000|100%| O|  |TAMS 0x0000000086200000, 0x0000000086100000| Untracked 
|  44|0x0000000086200000, 0x0000000086300000, 0x0000000086300000|100%| O|  |TAMS 0x0000000086200000, 0x0000000086200000| Untracked 
|  45|0x0000000086300000, 0x0000000086400000, 0x0000000086400000|100%|HS|  |TAMS 0x0000000086400000, 0x0000000086300000| Complete 
|  46|0x0000000086400000, 0x0000000086500000, 0x0000000086500000|100%| O|  |TAMS 0x0000000086500000, 0x0000000086400000| Untracked 
|  47|0x0000000086500000, 0x0000000086600000, 0x0000000086600000|100%| O|  |TAMS 0x0000000086600000, 0x0000000086500000| Untracked 
|  48|0x0000000086600000, 0x0000000086700000, 0x0000000086700000|100%| O|  |TAMS 0x0000000086700000, 0x0000000086600000| Untracked 
|  49|0x0000000086700000, 0x0000000086800000, 0x0000000086800000|100%| O|  |TAMS 0x0000000086800000, 0x0000000086700000| Untracked 
|  50|0x0000000086800000, 0x0000000086900000, 0x0000000086900000|100%| O|  |TAMS 0x0000000086900000, 0x0000000086800000| Untracked 
|  51|0x0000000086900000, 0x0000000086a00000, 0x0000000086a00000|100%| O|  |TAMS 0x0000000086a00000, 0x0000000086900000| Untracked 
|  52|0x0000000086a00000, 0x0000000086b00000, 0x0000000086b00000|100%| O|  |TAMS 0x0000000086b00000, 0x0000000086a00000| Untracked 
|  53|0x0000000086b00000, 0x0000000086c00000, 0x0000000086c00000|100%| O|  |TAMS 0x0000000086c00000, 0x0000000086b00000| Untracked 
|  54|0x0000000086c00000, 0x0000000086d00000, 0x0000000086d00000|100%| O|  |TAMS 0x0000000086d00000, 0x0000000086c00000| Untracked 
|  55|0x0000000086d00000, 0x0000000086e00000, 0x0000000086e00000|100%| O|  |TAMS 0x0000000086e00000, 0x0000000086d00000| Untracked 
|  56|0x0000000086e00000, 0x0000000086f00000, 0x0000000086f00000|100%| O|  |TAMS 0x0000000086f00000, 0x0000000086e00000| Untracked 
|  57|0x0000000086f00000, 0x0000000087000000, 0x0000000087000000|100%| O|  |TAMS 0x0000000087000000, 0x0000000086f00000| Untracked 
|  58|0x0000000087000000, 0x0000000087100000, 0x0000000087100000|100%| O|  |TAMS 0x0000000087100000, 0x0000000087000000| Untracked 
|  59|0x0000000087100000, 0x0000000087200000, 0x0000000087200000|100%| O|  |TAMS 0x0000000087200000, 0x0000000087100000| Untracked 
|  60|0x0000000087200000, 0x0000000087300000, 0x0000000087300000|100%| O|  |TAMS 0x0000000087279e00, 0x0000000087200000| Untracked 
|  61|0x0000000087300000, 0x0000000087400000, 0x0000000087400000|100%| O|  |TAMS 0x0000000087300000, 0x0000000087300000| Untracked 
|  62|0x0000000087400000, 0x0000000087500000, 0x0000000087500000|100%| O|  |TAMS 0x0000000087400000, 0x0000000087400000| Untracked 
|  63|0x0000000087500000, 0x0000000087600000, 0x0000000087600000|100%| O|  |TAMS 0x0000000087500000, 0x0000000087500000| Untracked 
|  64|0x0000000087600000, 0x0000000087700000, 0x0000000087700000|100%| O|  |TAMS 0x0000000087600000, 0x0000000087600000| Untracked 
|  65|0x0000000087700000, 0x0000000087800000, 0x0000000087800000|100%| O|  |TAMS 0x0000000087700000, 0x0000000087700000| Untracked 
|  66|0x0000000087800000, 0x0000000087900000, 0x0000000087900000|100%| O|  |TAMS 0x0000000087800000, 0x0000000087800000| Untracked 
|  67|0x0000000087900000, 0x0000000087a00000, 0x0000000087a00000|100%| O|  |TAMS 0x0000000087900000, 0x0000000087900000| Untracked 
|  68|0x0000000087a00000, 0x0000000087b00000, 0x0000000087b00000|100%| O|  |TAMS 0x0000000087a00000, 0x0000000087a00000| Untracked 
|  69|0x0000000087b00000, 0x0000000087c00000, 0x0000000087c00000|100%| O|  |TAMS 0x0000000087b00000, 0x0000000087b00000| Untracked 
|  70|0x0000000087c00000, 0x0000000087d00000, 0x0000000087d00000|100%| O|  |TAMS 0x0000000087c00000, 0x0000000087c00000| Untracked 
|  71|0x0000000087d00000, 0x0000000087e00000, 0x0000000087e00000|100%| O|  |TAMS 0x0000000087d00000, 0x0000000087d00000| Untracked 
|  72|0x0000000087e00000, 0x0000000087f00000, 0x0000000087f00000|100%| O|  |TAMS 0x0000000087e00000, 0x0000000087e00000| Untracked 
|  73|0x0000000087f00000, 0x0000000088000000, 0x0000000088000000|100%| O|  |TAMS 0x0000000087f00000, 0x0000000087f00000| Untracked 
|  74|0x0000000088000000, 0x0000000088100000, 0x0000000088100000|100%| O|  |TAMS 0x0000000088000000, 0x0000000088000000| Untracked 
|  75|0x0000000088100000, 0x0000000088200000, 0x0000000088200000|100%| O|  |TAMS 0x0000000088100000, 0x0000000088100000| Untracked 
|  76|0x0000000088200000, 0x0000000088300000, 0x0000000088300000|100%| O|  |TAMS 0x0000000088200000, 0x0000000088200000| Untracked 
|  77|0x0000000088300000, 0x0000000088400000, 0x0000000088400000|100%| O|  |TAMS 0x0000000088300000, 0x0000000088300000| Untracked 
|  78|0x0000000088400000, 0x0000000088500000, 0x0000000088500000|100%| O|  |TAMS 0x0000000088400000, 0x0000000088400000| Untracked 
|  79|0x0000000088500000, 0x000000008856f000, 0x0000000088600000| 43%| O|  |TAMS 0x0000000088500000, 0x0000000088500000| Untracked 
|  80|0x0000000088600000, 0x0000000088600000, 0x0000000088700000|  0%| F|  |TAMS 0x0000000088600000, 0x0000000088600000| Untracked 
|  81|0x0000000088700000, 0x0000000088700000, 0x0000000088800000|  0%| F|  |TAMS 0x0000000088700000, 0x0000000088700000| Untracked 
|  82|0x0000000088800000, 0x0000000088800000, 0x0000000088900000|  0%| F|  |TAMS 0x0000000088800000, 0x0000000088800000| Untracked 
|  83|0x0000000088900000, 0x0000000088900000, 0x0000000088a00000|  0%| F|  |TAMS 0x0000000088900000, 0x0000000088900000| Untracked 
|  84|0x0000000088a00000, 0x0000000088a00000, 0x0000000088b00000|  0%| F|  |TAMS 0x0000000088a00000, 0x0000000088a00000| Untracked 
|  85|0x0000000088b00000, 0x0000000088b00000, 0x0000000088c00000|  0%| F|  |TAMS 0x0000000088b00000, 0x0000000088b00000| Untracked 
|  86|0x0000000088c00000, 0x0000000088c00000, 0x0000000088d00000|  0%| F|  |TAMS 0x0000000088c00000, 0x0000000088c00000| Untracked 
|  87|0x0000000088d00000, 0x0000000088d00000, 0x0000000088e00000|  0%| F|  |TAMS 0x0000000088d00000, 0x0000000088d00000| Untracked 
|  88|0x0000000088e00000, 0x0000000088e00000, 0x0000000088f00000|  0%| F|  |TAMS 0x0000000088e00000, 0x0000000088e00000| Untracked 
|  89|0x0000000088f00000, 0x0000000088f00000, 0x0000000089000000|  0%| F|  |TAMS 0x0000000088f00000, 0x0000000088f00000| Untracked 
|  90|0x0000000089000000, 0x0000000089000000, 0x0000000089100000|  0%| F|  |TAMS 0x0000000089000000, 0x0000000089000000| Untracked 
|  91|0x0000000089100000, 0x0000000089100000, 0x0000000089200000|  0%| F|  |TAMS 0x0000000089100000, 0x0000000089100000| Untracked 
|  92|0x0000000089200000, 0x0000000089200000, 0x0000000089300000|  0%| F|  |TAMS 0x0000000089200000, 0x0000000089200000| Untracked 
|  93|0x0000000089300000, 0x0000000089300000, 0x0000000089400000|  0%| F|  |TAMS 0x0000000089300000, 0x0000000089300000| Untracked 
|  94|0x0000000089400000, 0x0000000089400000, 0x0000000089500000|  0%| F|  |TAMS 0x0000000089400000, 0x0000000089400000| Untracked 
|  95|0x0000000089500000, 0x0000000089500000, 0x0000000089600000|  0%| F|  |TAMS 0x0000000089500000, 0x0000000089500000| Untracked 
|  96|0x0000000089600000, 0x0000000089600000, 0x0000000089700000|  0%| F|  |TAMS 0x0000000089600000, 0x0000000089600000| Untracked 
|  97|0x0000000089700000, 0x0000000089700000, 0x0000000089800000|  0%| F|  |TAMS 0x0000000089700000, 0x0000000089700000| Untracked 
|  98|0x0000000089800000, 0x0000000089800000, 0x0000000089900000|  0%| F|  |TAMS 0x0000000089800000, 0x0000000089800000| Untracked 
|  99|0x0000000089900000, 0x0000000089900000, 0x0000000089a00000|  0%| F|  |TAMS 0x0000000089900000, 0x0000000089900000| Untracked 
| 100|0x0000000089a00000, 0x0000000089a00000, 0x0000000089b00000|  0%| F|  |TAMS 0x0000000089a00000, 0x0000000089a00000| Untracked 
| 101|0x0000000089b00000, 0x0000000089b00000, 0x0000000089c00000|  0%| F|  |TAMS 0x0000000089b00000, 0x0000000089b00000| Untracked 
| 102|0x0000000089c00000, 0x0000000089c00000, 0x0000000089d00000|  0%| F|  |TAMS 0x0000000089c00000, 0x0000000089c00000| Untracked 
| 103|0x0000000089d00000, 0x0000000089d00000, 0x0000000089e00000|  0%| F|  |TAMS 0x0000000089d00000, 0x0000000089d00000| Untracked 
| 104|0x0000000089e00000, 0x0000000089e00000, 0x0000000089f00000|  0%| F|  |TAMS 0x0000000089e00000, 0x0000000089e00000| Untracked 
| 105|0x0000000089f00000, 0x0000000089f00000, 0x000000008a000000|  0%| F|  |TAMS 0x0000000089f00000, 0x0000000089f00000| Untracked 
| 106|0x000000008a000000, 0x000000008a000000, 0x000000008a100000|  0%| F|  |TAMS 0x000000008a000000, 0x000000008a000000| Untracked 
| 107|0x000000008a100000, 0x000000008a100000, 0x000000008a200000|  0%| F|  |TAMS 0x000000008a100000, 0x000000008a100000| Untracked 
| 108|0x000000008a200000, 0x000000008a200000, 0x000000008a300000|  0%| F|  |TAMS 0x000000008a200000, 0x000000008a200000| Untracked 
| 109|0x000000008a300000, 0x000000008a300000, 0x000000008a400000|  0%| F|  |TAMS 0x000000008a300000, 0x000000008a300000| Untracked 
| 110|0x000000008a400000, 0x000000008a400000, 0x000000008a500000|  0%| F|  |TAMS 0x000000008a400000, 0x000000008a400000| Untracked 
| 111|0x000000008a500000, 0x000000008a500000, 0x000000008a600000|  0%| F|  |TAMS 0x000000008a500000, 0x000000008a500000| Untracked 
| 112|0x000000008a600000, 0x000000008a600000, 0x000000008a700000|  0%| F|  |TAMS 0x000000008a600000, 0x000000008a600000| Untracked 
| 113|0x000000008a700000, 0x000000008a700000, 0x000000008a800000|  0%| F|  |TAMS 0x000000008a700000, 0x000000008a700000| Untracked 
| 114|0x000000008a800000, 0x000000008a800000, 0x000000008a900000|  0%| F|  |TAMS 0x000000008a800000, 0x000000008a800000| Untracked 
| 115|0x000000008a900000, 0x000000008a900000, 0x000000008aa00000|  0%| F|  |TAMS 0x000000008a900000, 0x000000008a900000| Untracked 
| 116|0x000000008aa00000, 0x000000008aa00000, 0x000000008ab00000|  0%| F|  |TAMS 0x000000008aa00000, 0x000000008aa00000| Untracked 
| 117|0x000000008ab00000, 0x000000008ab6eac0, 0x000000008ac00000| 43%| S|CS|TAMS 0x000000008ab00000, 0x000000008ab00000| Complete 
| 118|0x000000008ac00000, 0x000000008ad00000, 0x000000008ad00000|100%| S|CS|TAMS 0x000000008ac00000, 0x000000008ac00000| Complete 
| 119|0x000000008ad00000, 0x000000008ae00000, 0x000000008ae00000|100%| S|CS|TAMS 0x000000008ad00000, 0x000000008ad00000| Complete 
| 120|0x000000008ae00000, 0x000000008af00000, 0x000000008af00000|100%| S|CS|TAMS 0x000000008ae00000, 0x000000008ae00000| Complete 
| 121|0x000000008af00000, 0x000000008b000000, 0x000000008b000000|100%| S|CS|TAMS 0x000000008af00000, 0x000000008af00000| Complete 
| 122|0x000000008b000000, 0x000000008b100000, 0x000000008b100000|100%| S|CS|TAMS 0x000000008b000000, 0x000000008b000000| Complete 
| 123|0x000000008b100000, 0x000000008b200000, 0x000000008b200000|100%| S|CS|TAMS 0x000000008b100000, 0x000000008b100000| Complete 
| 124|0x000000008b200000, 0x000000008b200000, 0x000000008b300000|  0%| F|  |TAMS 0x000000008b200000, 0x000000008b200000| Untracked 
| 125|0x000000008b300000, 0x000000008b300000, 0x000000008b400000|  0%| F|  |TAMS 0x000000008b300000, 0x000000008b300000| Untracked 
| 126|0x000000008b400000, 0x000000008b400000, 0x000000008b500000|  0%| F|  |TAMS 0x000000008b400000, 0x000000008b400000| Untracked 
| 127|0x000000008b500000, 0x000000008b500000, 0x000000008b600000|  0%| F|  |TAMS 0x000000008b500000, 0x000000008b500000| Untracked 
| 128|0x000000008b600000, 0x000000008b600000, 0x000000008b700000|  0%| F|  |TAMS 0x000000008b600000, 0x000000008b600000| Untracked 
| 129|0x000000008b700000, 0x000000008b700000, 0x000000008b800000|  0%| F|  |TAMS 0x000000008b700000, 0x000000008b700000| Untracked 
| 130|0x000000008b800000, 0x000000008b800000, 0x000000008b900000|  0%| F|  |TAMS 0x000000008b800000, 0x000000008b800000| Untracked 
| 131|0x000000008b900000, 0x000000008b900000, 0x000000008ba00000|  0%| F|  |TAMS 0x000000008b900000, 0x000000008b900000| Untracked 
| 132|0x000000008ba00000, 0x000000008bb00000, 0x000000008bb00000|100%| S|CS|TAMS 0x000000008ba00000, 0x000000008ba00000| Complete 
| 133|0x000000008bb00000, 0x000000008bc00000, 0x000000008bc00000|100%| S|CS|TAMS 0x000000008bb00000, 0x000000008bb00000| Complete 
| 134|0x000000008bc00000, 0x000000008bd00000, 0x000000008bd00000|100%| S|CS|TAMS 0x000000008bc00000, 0x000000008bc00000| Complete 
| 135|0x000000008bd00000, 0x000000008be00000, 0x000000008be00000|100%| S|CS|TAMS 0x000000008bd00000, 0x000000008bd00000| Complete 
| 136|0x000000008be00000, 0x000000008bf00000, 0x000000008bf00000|100%| S|CS|TAMS 0x000000008be00000, 0x000000008be00000| Complete 
| 137|0x000000008bf00000, 0x000000008bf00000, 0x000000008c000000|  0%| F|  |TAMS 0x000000008bf00000, 0x000000008bf00000| Untracked 
| 138|0x000000008c000000, 0x000000008c000000, 0x000000008c100000|  0%| F|  |TAMS 0x000000008c000000, 0x000000008c000000| Untracked 
| 139|0x000000008c100000, 0x000000008c100000, 0x000000008c200000|  0%| F|  |TAMS 0x000000008c100000, 0x000000008c100000| Untracked 
| 140|0x000000008c200000, 0x000000008c200000, 0x000000008c300000|  0%| F|  |TAMS 0x000000008c200000, 0x000000008c200000| Untracked 
| 141|0x000000008c300000, 0x000000008c300000, 0x000000008c400000|  0%| F|  |TAMS 0x000000008c300000, 0x000000008c300000| Untracked 
| 142|0x000000008c400000, 0x000000008c400000, 0x000000008c500000|  0%| F|  |TAMS 0x000000008c400000, 0x000000008c400000| Untracked 
| 143|0x000000008c500000, 0x000000008c500000, 0x000000008c600000|  0%| F|  |TAMS 0x000000008c500000, 0x000000008c500000| Untracked 
| 144|0x000000008c600000, 0x000000008c600000, 0x000000008c700000|  0%| F|  |TAMS 0x000000008c600000, 0x000000008c600000| Untracked 
| 145|0x000000008c700000, 0x000000008c700000, 0x000000008c800000|  0%| F|  |TAMS 0x000000008c700000, 0x000000008c700000| Untracked 
| 146|0x000000008c800000, 0x000000008c800000, 0x000000008c900000|  0%| F|  |TAMS 0x000000008c800000, 0x000000008c800000| Untracked 
| 147|0x000000008c900000, 0x000000008c900000, 0x000000008ca00000|  0%| F|  |TAMS 0x000000008c900000, 0x000000008c900000| Untracked 
| 148|0x000000008ca00000, 0x000000008ca00000, 0x000000008cb00000|  0%| F|  |TAMS 0x000000008ca00000, 0x000000008ca00000| Untracked 
| 149|0x000000008cb00000, 0x000000008cb00000, 0x000000008cc00000|  0%| F|  |TAMS 0x000000008cb00000, 0x000000008cb00000| Untracked 
| 150|0x000000008cc00000, 0x000000008cc00000, 0x000000008cd00000|  0%| F|  |TAMS 0x000000008cc00000, 0x000000008cc00000| Untracked 
| 151|0x000000008cd00000, 0x000000008cd00000, 0x000000008ce00000|  0%| F|  |TAMS 0x000000008cd00000, 0x000000008cd00000| Untracked 
| 152|0x000000008ce00000, 0x000000008ce00000, 0x000000008cf00000|  0%| F|  |TAMS 0x000000008ce00000, 0x000000008ce00000| Untracked 
| 153|0x000000008cf00000, 0x000000008cf00000, 0x000000008d000000|  0%| F|  |TAMS 0x000000008cf00000, 0x000000008cf00000| Untracked 
| 154|0x000000008d000000, 0x000000008d000000, 0x000000008d100000|  0%| F|  |TAMS 0x000000008d000000, 0x000000008d000000| Untracked 
| 155|0x000000008d100000, 0x000000008d100000, 0x000000008d200000|  0%| F|  |TAMS 0x000000008d100000, 0x000000008d100000| Untracked 
| 156|0x000000008d200000, 0x000000008d200000, 0x000000008d300000|  0%| F|  |TAMS 0x000000008d200000, 0x000000008d200000| Untracked 
| 157|0x000000008d300000, 0x000000008d300000, 0x000000008d400000|  0%| F|  |TAMS 0x000000008d300000, 0x000000008d300000| Untracked 
| 158|0x000000008d400000, 0x000000008d400000, 0x000000008d500000|  0%| F|  |TAMS 0x000000008d400000, 0x000000008d400000| Untracked 
| 159|0x000000008d500000, 0x000000008d500000, 0x000000008d600000|  0%| F|  |TAMS 0x000000008d500000, 0x000000008d500000| Untracked 
| 160|0x000000008d600000, 0x000000008d600000, 0x000000008d700000|  0%| F|  |TAMS 0x000000008d600000, 0x000000008d600000| Untracked 
| 161|0x000000008d700000, 0x000000008d700000, 0x000000008d800000|  0%| F|  |TAMS 0x000000008d700000, 0x000000008d700000| Untracked 
| 162|0x000000008d800000, 0x000000008d800000, 0x000000008d900000|  0%| F|  |TAMS 0x000000008d800000, 0x000000008d800000| Untracked 
| 163|0x000000008d900000, 0x000000008d900000, 0x000000008da00000|  0%| F|  |TAMS 0x000000008d900000, 0x000000008d900000| Untracked 
| 164|0x000000008da00000, 0x000000008da00000, 0x000000008db00000|  0%| F|  |TAMS 0x000000008da00000, 0x000000008da00000| Untracked 
| 165|0x000000008db00000, 0x000000008db00000, 0x000000008dc00000|  0%| F|  |TAMS 0x000000008db00000, 0x000000008db00000| Untracked 
| 166|0x000000008dc00000, 0x000000008dc00000, 0x000000008dd00000|  0%| F|  |TAMS 0x000000008dc00000, 0x000000008dc00000| Untracked 
| 167|0x000000008dd00000, 0x000000008dd00000, 0x000000008de00000|  0%| F|  |TAMS 0x000000008dd00000, 0x000000008dd00000| Untracked 
| 168|0x000000008de00000, 0x000000008de00000, 0x000000008df00000|  0%| F|  |TAMS 0x000000008de00000, 0x000000008de00000| Untracked 
| 169|0x000000008df00000, 0x000000008df00000, 0x000000008e000000|  0%| F|  |TAMS 0x000000008df00000, 0x000000008df00000| Untracked 
| 170|0x000000008e000000, 0x000000008e000000, 0x000000008e100000|  0%| F|  |TAMS 0x000000008e000000, 0x000000008e000000| Untracked 
| 171|0x000000008e100000, 0x000000008e100000, 0x000000008e200000|  0%| F|  |TAMS 0x000000008e100000, 0x000000008e100000| Untracked 
| 172|0x000000008e200000, 0x000000008e200000, 0x000000008e300000|  0%| F|  |TAMS 0x000000008e200000, 0x000000008e200000| Untracked 
| 173|0x000000008e300000, 0x000000008e300000, 0x000000008e400000|  0%| F|  |TAMS 0x000000008e300000, 0x000000008e300000| Untracked 
| 174|0x000000008e400000, 0x000000008e400000, 0x000000008e500000|  0%| F|  |TAMS 0x000000008e400000, 0x000000008e400000| Untracked 
| 175|0x000000008e500000, 0x000000008e500000, 0x000000008e600000|  0%| F|  |TAMS 0x000000008e500000, 0x000000008e500000| Untracked 
| 176|0x000000008e600000, 0x000000008e600000, 0x000000008e700000|  0%| F|  |TAMS 0x000000008e600000, 0x000000008e600000| Untracked 
| 177|0x000000008e700000, 0x000000008e700000, 0x000000008e800000|  0%| F|  |TAMS 0x000000008e700000, 0x000000008e700000| Untracked 
| 178|0x000000008e800000, 0x000000008e800000, 0x000000008e900000|  0%| F|  |TAMS 0x000000008e800000, 0x000000008e800000| Untracked 
| 179|0x000000008e900000, 0x000000008e900000, 0x000000008ea00000|  0%| F|  |TAMS 0x000000008e900000, 0x000000008e900000| Untracked 
| 180|0x000000008ea00000, 0x000000008ea00000, 0x000000008eb00000|  0%| F|  |TAMS 0x000000008ea00000, 0x000000008ea00000| Untracked 
| 181|0x000000008eb00000, 0x000000008eb00000, 0x000000008ec00000|  0%| F|  |TAMS 0x000000008eb00000, 0x000000008eb00000| Untracked 
| 182|0x000000008ec00000, 0x000000008ec00000, 0x000000008ed00000|  0%| F|  |TAMS 0x000000008ec00000, 0x000000008ec00000| Untracked 
| 183|0x000000008ed00000, 0x000000008ed00000, 0x000000008ee00000|  0%| F|  |TAMS 0x000000008ed00000, 0x000000008ed00000| Untracked 
| 184|0x000000008ee00000, 0x000000008ee00000, 0x000000008ef00000|  0%| F|  |TAMS 0x000000008ee00000, 0x000000008ee00000| Untracked 
| 185|0x000000008ef00000, 0x000000008ef00000, 0x000000008f000000|  0%| F|  |TAMS 0x000000008ef00000, 0x000000008ef00000| Untracked 
| 186|0x000000008f000000, 0x000000008f000000, 0x000000008f100000|  0%| F|  |TAMS 0x000000008f000000, 0x000000008f000000| Untracked 
| 187|0x000000008f100000, 0x000000008f100000, 0x000000008f200000|  0%| F|  |TAMS 0x000000008f100000, 0x000000008f100000| Untracked 
| 188|0x000000008f200000, 0x000000008f200000, 0x000000008f300000|  0%| F|  |TAMS 0x000000008f200000, 0x000000008f200000| Untracked 
| 189|0x000000008f300000, 0x000000008f300000, 0x000000008f400000|  0%| F|  |TAMS 0x000000008f300000, 0x000000008f300000| Untracked 
| 190|0x000000008f400000, 0x000000008f400000, 0x000000008f500000|  0%| F|  |TAMS 0x000000008f400000, 0x000000008f400000| Untracked 
| 191|0x000000008f500000, 0x000000008f500000, 0x000000008f600000|  0%| F|  |TAMS 0x000000008f500000, 0x000000008f500000| Untracked 
| 192|0x000000008f600000, 0x000000008f600000, 0x000000008f700000|  0%| F|  |TAMS 0x000000008f600000, 0x000000008f600000| Untracked 
| 193|0x000000008f700000, 0x000000008f700000, 0x000000008f800000|  0%| F|  |TAMS 0x000000008f700000, 0x000000008f700000| Untracked 
| 194|0x000000008f800000, 0x000000008f800000, 0x000000008f900000|  0%| F|  |TAMS 0x000000008f800000, 0x000000008f800000| Untracked 
| 195|0x000000008f900000, 0x000000008f900000, 0x000000008fa00000|  0%| F|  |TAMS 0x000000008f900000, 0x000000008f900000| Untracked 
| 196|0x000000008fa00000, 0x000000008fa00000, 0x000000008fb00000|  0%| F|  |TAMS 0x000000008fa00000, 0x000000008fa00000| Untracked 
| 197|0x000000008fb00000, 0x000000008fb00000, 0x000000008fc00000|  0%| F|  |TAMS 0x000000008fb00000, 0x000000008fb00000| Untracked 
| 198|0x000000008fc00000, 0x000000008fc00000, 0x000000008fd00000|  0%| F|  |TAMS 0x000000008fc00000, 0x000000008fc00000| Untracked 
| 199|0x000000008fd00000, 0x000000008fd00000, 0x000000008fe00000|  0%| F|  |TAMS 0x000000008fd00000, 0x000000008fd00000| Untracked 
| 200|0x000000008fe00000, 0x000000008fe00000, 0x000000008ff00000|  0%| F|  |TAMS 0x000000008fe00000, 0x000000008fe00000| Untracked 
| 201|0x000000008ff00000, 0x000000008ff00000, 0x0000000090000000|  0%| F|  |TAMS 0x000000008ff00000, 0x000000008ff00000| Untracked 
| 202|0x0000000090000000, 0x0000000090000000, 0x0000000090100000|  0%| F|  |TAMS 0x0000000090000000, 0x0000000090000000| Untracked 
| 203|0x0000000090100000, 0x0000000090100000, 0x0000000090200000|  0%| F|  |TAMS 0x0000000090100000, 0x0000000090100000| Untracked 
| 204|0x0000000090200000, 0x0000000090200000, 0x0000000090300000|  0%| F|  |TAMS 0x0000000090200000, 0x0000000090200000| Untracked 
| 205|0x0000000090300000, 0x0000000090300000, 0x0000000090400000|  0%| F|  |TAMS 0x0000000090300000, 0x0000000090300000| Untracked 
| 206|0x0000000090400000, 0x0000000090400000, 0x0000000090500000|  0%| F|  |TAMS 0x0000000090400000, 0x0000000090400000| Untracked 
| 207|0x0000000090500000, 0x0000000090500000, 0x0000000090600000|  0%| F|  |TAMS 0x0000000090500000, 0x0000000090500000| Untracked 
| 208|0x0000000090600000, 0x0000000090600000, 0x0000000090700000|  0%| F|  |TAMS 0x0000000090600000, 0x0000000090600000| Untracked 
| 209|0x0000000090700000, 0x0000000090700000, 0x0000000090800000|  0%| F|  |TAMS 0x0000000090700000, 0x0000000090700000| Untracked 
| 210|0x0000000090800000, 0x0000000090800000, 0x0000000090900000|  0%| F|  |TAMS 0x0000000090800000, 0x0000000090800000| Untracked 
| 211|0x0000000090900000, 0x0000000090900000, 0x0000000090a00000|  0%| F|  |TAMS 0x0000000090900000, 0x0000000090900000| Untracked 
| 212|0x0000000090a00000, 0x0000000090a00000, 0x0000000090b00000|  0%| F|  |TAMS 0x0000000090a00000, 0x0000000090a00000| Untracked 
| 213|0x0000000090b00000, 0x0000000090b00000, 0x0000000090c00000|  0%| F|  |TAMS 0x0000000090b00000, 0x0000000090b00000| Untracked 
| 214|0x0000000090c00000, 0x0000000090c00000, 0x0000000090d00000|  0%| F|  |TAMS 0x0000000090c00000, 0x0000000090c00000| Untracked 
| 215|0x0000000090d00000, 0x0000000090d00000, 0x0000000090e00000|  0%| F|  |TAMS 0x0000000090d00000, 0x0000000090d00000| Untracked 
| 216|0x0000000090e00000, 0x0000000090e00000, 0x0000000090f00000|  0%| F|  |TAMS 0x0000000090e00000, 0x0000000090e00000| Untracked 
| 217|0x0000000090f00000, 0x0000000090f00000, 0x0000000091000000|  0%| F|  |TAMS 0x0000000090f00000, 0x0000000090f00000| Untracked 
| 218|0x0000000091000000, 0x0000000091000000, 0x0000000091100000|  0%| F|  |TAMS 0x0000000091000000, 0x0000000091000000| Untracked 
| 219|0x0000000091100000, 0x0000000091100000, 0x0000000091200000|  0%| F|  |TAMS 0x0000000091100000, 0x0000000091100000| Untracked 
| 220|0x0000000091200000, 0x0000000091200000, 0x0000000091300000|  0%| F|  |TAMS 0x0000000091200000, 0x0000000091200000| Untracked 
| 221|0x0000000091300000, 0x0000000091300000, 0x0000000091400000|  0%| F|  |TAMS 0x0000000091300000, 0x0000000091300000| Untracked 
| 222|0x0000000091400000, 0x0000000091400000, 0x0000000091500000|  0%| F|  |TAMS 0x0000000091400000, 0x0000000091400000| Untracked 
| 223|0x0000000091500000, 0x0000000091500000, 0x0000000091600000|  0%| F|  |TAMS 0x0000000091500000, 0x0000000091500000| Untracked 
| 224|0x0000000091600000, 0x0000000091600000, 0x0000000091700000|  0%| F|  |TAMS 0x0000000091600000, 0x0000000091600000| Untracked 
| 225|0x0000000091700000, 0x0000000091700000, 0x0000000091800000|  0%| F|  |TAMS 0x0000000091700000, 0x0000000091700000| Untracked 
| 226|0x0000000091800000, 0x0000000091800000, 0x0000000091900000|  0%| F|  |TAMS 0x0000000091800000, 0x0000000091800000| Untracked 
| 227|0x0000000091900000, 0x0000000091900000, 0x0000000091a00000|  0%| F|  |TAMS 0x0000000091900000, 0x0000000091900000| Untracked 
| 228|0x0000000091a00000, 0x0000000091a00000, 0x0000000091b00000|  0%| F|  |TAMS 0x0000000091a00000, 0x0000000091a00000| Untracked 
| 229|0x0000000091b00000, 0x0000000091b00000, 0x0000000091c00000|  0%| F|  |TAMS 0x0000000091b00000, 0x0000000091b00000| Untracked 
| 230|0x0000000091c00000, 0x0000000091c00000, 0x0000000091d00000|  0%| F|  |TAMS 0x0000000091c00000, 0x0000000091c00000| Untracked 
| 231|0x0000000091d00000, 0x0000000091d00000, 0x0000000091e00000|  0%| F|  |TAMS 0x0000000091d00000, 0x0000000091d00000| Untracked 
| 232|0x0000000091e00000, 0x0000000091e00000, 0x0000000091f00000|  0%| F|  |TAMS 0x0000000091e00000, 0x0000000091e00000| Untracked 
| 233|0x0000000091f00000, 0x0000000091f00000, 0x0000000092000000|  0%| F|  |TAMS 0x0000000091f00000, 0x0000000091f00000| Untracked 
| 234|0x0000000092000000, 0x0000000092000000, 0x0000000092100000|  0%| F|  |TAMS 0x0000000092000000, 0x0000000092000000| Untracked 
| 235|0x0000000092100000, 0x0000000092100000, 0x0000000092200000|  0%| F|  |TAMS 0x0000000092100000, 0x0000000092100000| Untracked 
| 236|0x0000000092200000, 0x0000000092200000, 0x0000000092300000|  0%| F|  |TAMS 0x0000000092200000, 0x0000000092200000| Untracked 
| 237|0x0000000092300000, 0x0000000092300000, 0x0000000092400000|  0%| F|  |TAMS 0x0000000092300000, 0x0000000092300000| Untracked 
| 238|0x0000000092400000, 0x0000000092400000, 0x0000000092500000|  0%| F|  |TAMS 0x0000000092400000, 0x0000000092400000| Untracked 
| 239|0x0000000092500000, 0x0000000092500000, 0x0000000092600000|  0%| F|  |TAMS 0x0000000092500000, 0x0000000092500000| Untracked 
| 240|0x0000000092600000, 0x0000000092600000, 0x0000000092700000|  0%| F|  |TAMS 0x0000000092600000, 0x0000000092600000| Untracked 
| 241|0x0000000092700000, 0x0000000092700000, 0x0000000092800000|  0%| F|  |TAMS 0x0000000092700000, 0x0000000092700000| Untracked 
| 242|0x0000000092800000, 0x0000000092800000, 0x0000000092900000|  0%| F|  |TAMS 0x0000000092800000, 0x0000000092800000| Untracked 
| 243|0x0000000092900000, 0x0000000092900000, 0x0000000092a00000|  0%| F|  |TAMS 0x0000000092900000, 0x0000000092900000| Untracked 
| 244|0x0000000092a00000, 0x0000000092a00000, 0x0000000092b00000|  0%| F|  |TAMS 0x0000000092a00000, 0x0000000092a00000| Untracked 
| 245|0x0000000092b00000, 0x0000000092b00000, 0x0000000092c00000|  0%| F|  |TAMS 0x0000000092b00000, 0x0000000092b00000| Untracked 
| 246|0x0000000092c00000, 0x0000000092c00000, 0x0000000092d00000|  0%| F|  |TAMS 0x0000000092c00000, 0x0000000092c00000| Untracked 
| 247|0x0000000092d00000, 0x0000000092d00000, 0x0000000092e00000|  0%| F|  |TAMS 0x0000000092d00000, 0x0000000092d00000| Untracked 
| 248|0x0000000092e00000, 0x0000000092e00000, 0x0000000092f00000|  0%| F|  |TAMS 0x0000000092e00000, 0x0000000092e00000| Untracked 
| 249|0x0000000092f00000, 0x0000000092f00000, 0x0000000093000000|  0%| F|  |TAMS 0x0000000092f00000, 0x0000000092f00000| Untracked 
| 250|0x0000000093000000, 0x0000000093000000, 0x0000000093100000|  0%| F|  |TAMS 0x0000000093000000, 0x0000000093000000| Untracked 

Card table byte_map: [0x000001f36a5d0000,0x000001f36a9c0000] _byte_map_base: 0x000001f36a1b5000

Marking Bits (Prev, Next): (CMBitMap*) 0x000001f362503710, (CMBitMap*) 0x000001f362503750
 Prev Bits: [0x000001f36adb0000, 0x000001f36ccd8000)
 Next Bits: [0x000001f36cce0000, 0x000001f36ec08000)

Polling page: 0x000001f362330000

Metaspace:

Usage:
  Non-class:     33.83 MB used.
      Class:      4.85 MB used.
       Both:     38.68 MB used.

Virtual space:
  Non-class space:       40.00 MB reserved,      34.00 MB ( 85%) committed,  5 nodes.
      Class space:        1.00 GB reserved,       5.06 MB ( <1%) committed,  1 nodes.
             Both:        1.04 GB reserved,      39.06 MB (  4%) committed. 

Chunk freelists:
   Non-Class:  1.56 MB
       Class:  2.98 MB
        Both:  4.54 MB

MaxMetaspaceSize: unlimited
CompressedClassSpaceSize: 1.00 GB
Initial GC threshold: 21.00 MB
Current GC threshold: 63.75 MB
CDS: off
MetaspaceReclaimPolicy: balanced
 - commit_granule_bytes: 65536.
 - commit_granule_words: 8192.
 - virtual_space_node_default_size: 1048576.
 - enlarge_chunks_in_place: 1.
 - new_chunks_are_fully_committed: 0.
 - uncommit_free_chunks: 1.
 - use_allocation_guard: 0.
 - handle_deallocations: 1.


Internal statistics:

num_allocs_failed_limit: 8.
num_arena_births: 374.
num_arena_deaths: 0.
num_vsnodes_births: 6.
num_vsnodes_deaths: 0.
num_space_committed: 625.
num_space_uncommitted: 0.
num_chunks_returned_to_freelist: 8.
num_chunks_taken_from_freelist: 1558.
num_chunk_merges: 5.
num_chunk_splits: 1062.
num_chunks_enlarged: 820.
num_purges: 0.
num_inconsistent_stats: 0.

CodeCache: size=49152Kb used=9645Kb max_used=9645Kb free=39506Kb
 bounds [0x000001f366950000, 0x000001f3672c0000, 0x000001f369950000]
 total_blobs=4606 nmethods=4063 adapters=467
 compilation: enabled
              stopped_count=0, restarted_count=0
 full_count=0

Compilation events (20 events):
Event: 3.457 Thread 0x000001f372c847d0 nmethod 4044 0x000001f3672b3b10 code [0x000001f3672b3cc0, 0x000001f3672b3ee8]
Event: 3.457 Thread 0x000001f37203c810 nmethod 4042 0x000001f3672b4090 code [0x000001f3672b4260, 0x000001f3672b4538]
Event: 3.461 Thread 0x000001f372c847d0 4050       1       java.lang.invoke.LambdaFormBuffer::indexOf (33 bytes)
Event: 3.461 Thread 0x000001f37203c810 4051       1       java.util.Arrays::fill (28 bytes)
Event: 3.461 Thread 0x000001f372c847d0 nmethod 4050 0x000001f3672b5f10 code [0x000001f3672b60c0, 0x000001f3672b6238]
Event: 3.461 Thread 0x000001f37203c810 nmethod 4051 0x000001f3672b6310 code [0x000001f3672b64c0, 0x000001f3672b66a8]
Event: 3.504 Thread 0x000001f372bedbb0 4057       1       java.util.WeakHashMap::<init> (133 bytes)
Event: 3.504 Thread 0x000001f37203c810 4058       1       java.util.WeakHashMap::newTable (5 bytes)
Event: 3.504 Thread 0x000001f37203c810 nmethod 4058 0x000001f3672b8f10 code [0x000001f3672b90a0, 0x000001f3672b91f8]
Event: 3.505 Thread 0x000001f37203c810 4059       1       java.util.WeakHashMap::<init> (9 bytes)
Event: 3.505 Thread 0x000001f37203c810 nmethod 4059 0x000001f3672b9290 code [0x000001f3672b9440, 0x000001f3672b9528]
Event: 3.506 Thread 0x000001f372bedbb0 nmethod 4057 0x000001f3672b9590 code [0x000001f3672b9820, 0x000001f3672ba1e8]
Event: 3.517 Thread 0x000001f372c847d0 4061       1       sun.security.provider.MD5::GG (33 bytes)
Event: 3.517 Thread 0x000001f372bedbb0 4060       1       sun.security.provider.MD5::FF (33 bytes)
Event: 3.517 Thread 0x000001f37169d990 4063       1       sun.security.provider.MD5::II (31 bytes)
Event: 3.517 Thread 0x000001f37203c810 4062       1       sun.security.provider.MD5::HH (29 bytes)
Event: 3.518 Thread 0x000001f37169d990 nmethod 4063 0x000001f3672ba910 code [0x000001f3672baaa0, 0x000001f3672bab78]
Event: 3.518 Thread 0x000001f37203c810 nmethod 4062 0x000001f3672bac10 code [0x000001f3672bada0, 0x000001f3672bae78]
Event: 3.518 Thread 0x000001f372bedbb0 nmethod 4060 0x000001f3672baf10 code [0x000001f3672bb0a0, 0x000001f3672bb178]
Event: 3.518 Thread 0x000001f372c847d0 nmethod 4061 0x000001f3672bb210 code [0x000001f3672bb3a0, 0x000001f3672bb478]

GC Heap History (20 events):
Event: 2.850 GC heap after
{Heap after GC invocations=14 (full 0):
 garbage-first heap   total 128000K, used 42278K [0x0000000083600000, 0x0000000100000000)
  region size 1024K, 3 young (3072K), 3 survivors (3072K)
 Metaspace       used 36964K, committed 37312K, reserved 1081344K
  class space    used 4735K, committed 4864K, reserved 1048576K
}
Event: 3.035 GC heap before
{Heap before GC invocations=15 (full 0):
 garbage-first heap   total 128000K, used 86310K [0x0000000083600000, 0x0000000100000000)
  region size 1024K, 47 young (48128K), 3 survivors (3072K)
 Metaspace       used 38317K, committed 38656K, reserved 1089536K
  class space    used 4831K, committed 4992K, reserved 1048576K
}
Event: 3.044 GC heap after
{Heap after GC invocations=16 (full 0):
 garbage-first heap   total 128000K, used 50876K [0x0000000083600000, 0x0000000100000000)
  region size 1024K, 6 young (6144K), 6 survivors (6144K)
 Metaspace       used 38317K, committed 38656K, reserved 1089536K
  class space    used 4831K, committed 4992K, reserved 1048576K
}
Event: 3.136 GC heap before
{Heap before GC invocations=16 (full 0):
 garbage-first heap   total 128000K, used 91836K [0x0000000083600000, 0x0000000100000000)
  region size 1024K, 45 young (46080K), 6 survivors (6144K)
 Metaspace       used 38696K, committed 39104K, reserved 1089536K
  class space    used 4888K, committed 5120K, reserved 1048576K
}
Event: 3.162 GC heap after
{Heap after GC invocations=17 (full 0):
 garbage-first heap   total 128000K, used 68071K [0x0000000083600000, 0x0000000100000000)
  region size 1024K, 6 young (6144K), 6 survivors (6144K)
 Metaspace       used 38696K, committed 39104K, reserved 1089536K
  class space    used 4888K, committed 5120K, reserved 1048576K
}
Event: 3.183 GC heap before
{Heap before GC invocations=17 (full 0):
 garbage-first heap   total 128000K, used 92647K [0x0000000083600000, 0x0000000100000000)
  region size 1024K, 31 young (31744K), 6 survivors (6144K)
 Metaspace       used 38707K, committed 39104K, reserved 1089536K
  class space    used 4890K, committed 5120K, reserved 1048576K
}
Event: 3.186 GC heap after
{Heap after GC invocations=18 (full 0):
 garbage-first heap   total 128000K, used 70948K [0x0000000083600000, 0x0000000100000000)
  region size 1024K, 2 young (2048K), 2 survivors (2048K)
 Metaspace       used 38707K, committed 39104K, reserved 1089536K
  class space    used 4890K, committed 5120K, reserved 1048576K
}
Event: 3.202 GC heap before
{Heap before GC invocations=18 (full 0):
 garbage-first heap   total 128000K, used 95524K [0x0000000083600000, 0x0000000100000000)
  region size 1024K, 27 young (27648K), 2 survivors (2048K)
 Metaspace       used 38764K, committed 39168K, reserved 1089536K
  class space    used 4899K, committed 5120K, reserved 1048576K
}
Event: 3.204 GC heap after
{Heap after GC invocations=19 (full 0):
 garbage-first heap   total 128000K, used 71863K [0x0000000083600000, 0x0000000100000000)
  region size 1024K, 3 young (3072K), 3 survivors (3072K)
 Metaspace       used 38764K, committed 39168K, reserved 1089536K
  class space    used 4899K, committed 5120K, reserved 1048576K
}
Event: 3.213 GC heap before
{Heap before GC invocations=19 (full 0):
 garbage-first heap   total 128000K, used 97463K [0x0000000083600000, 0x0000000100000000)
  region size 1024K, 29 young (29696K), 3 survivors (3072K)
 Metaspace       used 38764K, committed 39168K, reserved 1089536K
  class space    used 4899K, committed 5120K, reserved 1048576K
}
Event: 3.216 GC heap after
{Heap after GC invocations=20 (full 0):
 garbage-first heap   total 257024K, used 72863K [0x0000000083600000, 0x0000000100000000)
  region size 1024K, 3 young (3072K), 3 survivors (3072K)
 Metaspace       used 38764K, committed 39168K, reserved 1089536K
  class space    used 4899K, committed 5120K, reserved 1048576K
}
Event: 3.287 GC heap before
{Heap before GC invocations=20 (full 0):
 garbage-first heap   total 257024K, used 169119K [0x0000000083600000, 0x0000000100000000)
  region size 1024K, 99 young (101376K), 3 survivors (3072K)
 Metaspace       used 38808K, committed 39168K, reserved 1089536K
  class space    used 4903K, committed 5120K, reserved 1048576K
}
Event: 3.291 GC heap after
{Heap after GC invocations=21 (full 0):
 garbage-first heap   total 257024K, used 76248K [0x0000000083600000, 0x0000000100000000)
  region size 1024K, 7 young (7168K), 7 survivors (7168K)
 Metaspace       used 38808K, committed 39168K, reserved 1089536K
  class space    used 4903K, committed 5120K, reserved 1048576K
}
Event: 3.340 GC heap before
{Heap before GC invocations=22 (full 0):
 garbage-first heap   total 257024K, used 192984K [0x0000000083600000, 0x0000000100000000)
  region size 1024K, 122 young (124928K), 7 survivors (7168K)
 Metaspace       used 38808K, committed 39168K, reserved 1089536K
  class space    used 4903K, committed 5120K, reserved 1048576K
}
Event: 3.345 GC heap after
{Heap after GC invocations=23 (full 0):
 garbage-first heap   total 257024K, used 81541K [0x0000000083600000, 0x0000000100000000)
  region size 1024K, 12 young (12288K), 12 survivors (12288K)
 Metaspace       used 38808K, committed 39168K, reserved 1089536K
  class space    used 4903K, committed 5120K, reserved 1048576K
}
Event: 3.347 GC heap before
{Heap before GC invocations=23 (full 0):
 garbage-first heap   total 257024K, used 83589K [0x0000000083600000, 0x0000000100000000)
  region size 1024K, 15 young (15360K), 12 survivors (12288K)
 Metaspace       used 38808K, committed 39168K, reserved 1089536K
  class space    used 4903K, committed 5120K, reserved 1048576K
}
Event: 3.353 GC heap after
{Heap after GC invocations=24 (full 0):
 garbage-first heap   total 257024K, used 82031K [0x0000000083600000, 0x0000000100000000)
  region size 1024K, 2 young (2048K), 2 survivors (2048K)
 Metaspace       used 38808K, committed 39168K, reserved 1089536K
  class space    used 4903K, committed 5120K, reserved 1048576K
}
Event: 3.425 GC heap before
{Heap before GC invocations=24 (full 0):
 garbage-first heap   total 257024K, used 200815K [0x0000000083600000, 0x0000000100000000)
  region size 1024K, 119 young (121856K), 2 survivors (2048K)
 Metaspace       used 38867K, committed 39296K, reserved 1089536K
  class space    used 4915K, committed 5120K, reserved 1048576K
}
Event: 3.431 GC heap after
{Heap after GC invocations=25 (full 0):
 garbage-first heap   total 257024K, used 87666K [0x0000000083600000, 0x0000000100000000)
  region size 1024K, 8 young (8192K), 8 survivors (8192K)
 Metaspace       used 38867K, committed 39296K, reserved 1089536K
  class space    used 4915K, committed 5120K, reserved 1048576K
}
Event: 3.521 GC heap before
{Heap before GC invocations=25 (full 0):
 garbage-first heap   total 257024K, used 203378K [0x0000000083600000, 0x0000000100000000)
  region size 1024K, 122 young (124928K), 8 survivors (8192K)
 Metaspace       used 39612K, committed 40000K, reserved 1089536K
  class space    used 4969K, committed 5184K, reserved 1048576K
}

Deoptimization events (14 events):
Event: 1.189 Thread 0x000001f362479f90 DEOPT PACKING pc=0x000001f366ead519 sp=0x000000c275afd090
Event: 1.189 Thread 0x000001f362479f90 DEOPT UNPACKING pc=0x000001f3669a6763 sp=0x000000c275afc570 mode 3
Event: 2.186 Thread 0x000001f362479f90 DEOPT PACKING pc=0x000001f367017b99 sp=0x000000c275afc470
Event: 2.186 Thread 0x000001f362479f90 DEOPT UNPACKING pc=0x000001f3669a6763 sp=0x000000c275afb950 mode 3
Event: 2.455 Thread 0x000001f3741ff770 DEOPT PACKING pc=0x000001f3670d0fb5 sp=0x000000c277bfdd40
Event: 2.455 Thread 0x000001f3741ff770 DEOPT UNPACKING pc=0x000001f3669a6763 sp=0x000000c277bfd268 mode 3
Event: 2.525 Thread 0x000001f374200c50 DEOPT PACKING pc=0x000001f3670edf2b sp=0x000000c277cfe280
Event: 2.525 Thread 0x000001f374200c50 DEOPT UNPACKING pc=0x000001f3669a6763 sp=0x000000c277cfd7c8 mode 3
Event: 2.576 Thread 0x000001f3741ae9b0 DEOPT PACKING pc=0x000001f366eab401 sp=0x000000c277afd770
Event: 2.576 Thread 0x000001f3741ae9b0 DEOPT UNPACKING pc=0x000001f3669a6763 sp=0x000000c277afcc00 mode 3
Event: 2.671 Thread 0x000001f374238550 DEOPT PACKING pc=0x000001f366ea7b17 sp=0x000000c2783fece0
Event: 2.671 Thread 0x000001f374238550 DEOPT UNPACKING pc=0x000001f3669a6763 sp=0x000000c2783fe138 mode 3
Event: 3.194 Thread 0x000001f3741ff770 DEOPT PACKING pc=0x000001f366b3604c sp=0x000000c277bfcae0
Event: 3.194 Thread 0x000001f3741ff770 DEOPT UNPACKING pc=0x000001f3669a6763 sp=0x000000c277bfc070 mode 0

Classes unloaded (0 events):
No events

Classes redefined (0 events):
No events

Internal exceptions (20 events):
Event: 2.549 Thread 0x000001f374236d40 Exception <a 'sun/nio/fs/WindowsException'{0x0000000089ebb588}> (0x0000000089ebb588) 
thrown [s\src\hotspot\share\prims\jni.cpp, line 516]
Event: 2.549 Thread 0x000001f374236d40 Exception <a 'sun/nio/fs/WindowsException'{0x0000000089ebbf98}> (0x0000000089ebbf98) 
thrown [s\src\hotspot\share\prims\jni.cpp, line 516]
Event: 2.549 Thread 0x000001f374236d40 Exception <a 'sun/nio/fs/WindowsException'{0x0000000089ebc370}> (0x0000000089ebc370) 
thrown [s\src\hotspot\share\prims\jni.cpp, line 516]
Event: 2.549 Thread 0x000001f374236d40 Exception <a 'sun/nio/fs/WindowsException'{0x0000000089ebcd58}> (0x0000000089ebcd58) 
thrown [s\src\hotspot\share\prims\jni.cpp, line 516]
Event: 2.549 Thread 0x000001f374236d40 Exception <a 'sun/nio/fs/WindowsException'{0x0000000089ebd0f8}> (0x0000000089ebd0f8) 
thrown [s\src\hotspot\share\prims\jni.cpp, line 516]
Event: 2.549 Thread 0x000001f374236d40 Exception <a 'sun/nio/fs/WindowsException'{0x0000000089ebdaf0}> (0x0000000089ebdaf0) 
thrown [s\src\hotspot\share\prims\jni.cpp, line 516]
Event: 2.549 Thread 0x000001f374236d40 Exception <a 'sun/nio/fs/WindowsException'{0x0000000089ebdea8}> (0x0000000089ebdea8) 
thrown [s\src\hotspot\share\prims\jni.cpp, line 516]
Event: 2.549 Thread 0x000001f374236d40 Exception <a 'sun/nio/fs/WindowsException'{0x0000000089ebe890}> (0x0000000089ebe890) 
thrown [s\src\hotspot\share\prims\jni.cpp, line 516]
Event: 2.549 Thread 0x000001f374236d40 Exception <a 'sun/nio/fs/WindowsException'{0x0000000089ebec38}> (0x0000000089ebec38) 
thrown [s\src\hotspot\share\prims\jni.cpp, line 516]
Event: 2.549 Thread 0x000001f374236d40 Exception <a 'sun/nio/fs/WindowsException'{0x0000000089ebf630}> (0x0000000089ebf630) 
thrown [s\src\hotspot\share\prims\jni.cpp, line 516]
Event: 2.550 Thread 0x000001f374236d40 Exception <a 'sun/nio/fs/WindowsException'{0x0000000089ebf9e8}> (0x0000000089ebf9e8) 
thrown [s\src\hotspot\share\prims\jni.cpp, line 516]
Event: 2.550 Thread 0x000001f374236d40 Exception <a 'sun/nio/fs/WindowsException'{0x0000000089ec03f8}> (0x0000000089ec03f8) 
thrown [s\src\hotspot\share\prims\jni.cpp, line 516]
Event: 2.550 Thread 0x000001f374236d40 Exception <a 'sun/nio/fs/WindowsException'{0x0000000089ec07d0}> (0x0000000089ec07d0) 
thrown [s\src\hotspot\share\prims\jni.cpp, line 516]
Event: 2.550 Thread 0x000001f374236d40 Exception <a 'sun/nio/fs/WindowsException'{0x0000000089ec11f8}> (0x0000000089ec11f8) 
thrown [s\src\hotspot\share\prims\jni.cpp, line 516]
Event: 2.550 Thread 0x000001f374236d40 Exception <a 'sun/nio/fs/WindowsException'{0x0000000089ec15e8}> (0x0000000089ec15e8) 
thrown [s\src\hotspot\share\prims\jni.cpp, line 516]
Event: 2.550 Thread 0x000001f374236d40 Exception <a 'sun/nio/fs/WindowsException'{0x0000000089ec2008}> (0x0000000089ec2008) 
thrown [s\src\hotspot\share\prims\jni.cpp, line 516]
Event: 2.550 Thread 0x000001f374236d40 Exception <a 'sun/nio/fs/WindowsException'{0x0000000089ec23f0}> (0x0000000089ec23f0) 
thrown [s\src\hotspot\share\prims\jni.cpp, line 516]
Event: 3.034 Thread 0x000001f3741ff770 Exception <a 'java/lang/NoSuchMethodError'{0x00000000887234d8}: 'java.lang.Object java.lang.invoke.Invokers$Holder.invoke_MT(java.lang.Object, java.lang.Object, java.lang.Object)'> (0x00000000887234d8) 
thrown [s\src\hotspot\share\interpreter\linkResolver.cpp, line 759]
Event: 3.422 Thread 0x000001f3741ff770 Exception <a 'java/lang/NoSuchMethodError'{0x000000008c5b6978}: 'java.lang.Object java.lang.invoke.DirectMethodHandle$Holder.newInvokeSpecial(java.lang.Object, java.lang.Object, int)'> (0x000000008c5b6978) 
thrown [s\src\hotspot\share\interpreter\linkResolver.cpp, line 759]
Event: 3.464 Thread 0x000001f3743f7c30 Exception <a 'java/lang/NoSuchMethodError'{0x0000000090633078}: 'java.lang.Object java.lang.invoke.Invokers$Holder.linkToTargetMethod(java.lang.Object, long, java.lang.Object)'> (0x0000000090633078) 
thrown [s\src\hotspot\share\interpreter\linkResolver.cpp, line 759]

VM Operations (20 events):
Event: 3.271 Executing VM operation: G1Concurrent done
Event: 3.286 Executing VM operation: G1CollectForAllocation
Event: 3.286 Executing VM operation: G1CollectForAllocation done
Event: 3.286 Executing VM operation: G1CollectForAllocation
Event: 3.291 Executing VM operation: G1CollectForAllocation done
Event: 3.308 Executing VM operation: G1Concurrent
Event: 3.309 Executing VM operation: G1Concurrent done
Event: 3.339 Executing VM operation: G1CollectForAllocation
Event: 3.340 Executing VM operation: G1CollectForAllocation done
Event: 3.340 Executing VM operation: G1CollectForAllocation
Event: 3.345 Executing VM operation: G1CollectForAllocation done
Event: 3.347 Executing VM operation: G1CollectForAllocation
Event: 3.354 Executing VM operation: G1CollectForAllocation done
Event: 3.425 Executing VM operation: G1CollectForAllocation
Event: 3.425 Executing VM operation: G1CollectForAllocation done
Event: 3.425 Executing VM operation: G1CollectForAllocation
Event: 3.432 Executing VM operation: G1CollectForAllocation done
Event: 3.520 Executing VM operation: G1CollectForAllocation
Event: 3.521 Executing VM operation: G1CollectForAllocation done
Event: 3.521 Executing VM operation: G1CollectForAllocation

Events (20 events):
Event: 3.424 loading class java/util/concurrent/CompletableFuture$BiCompletion
Event: 3.424 loading class java/util/concurrent/CompletableFuture$BiCompletion done
Event: 3.424 loading class java/util/concurrent/CompletableFuture$BiRelay done
Event: 3.424 loading class java/util/concurrent/CompletableFuture$CoCompletion
Event: 3.424 loading class java/util/concurrent/CompletableFuture$CoCompletion done
Event: 3.437 loading class java/nio/file/FileTreeIterator
Event: 3.437 loading class java/nio/file/FileTreeIterator done
Event: 3.437 Thread 0x000001f3762e5970 Thread added: 0x000001f3762e5970
Event: 3.438 Thread 0x000001f3762e67e0 Thread added: 0x000001f3762e67e0
Event: 3.438 loading class java/util/stream/ForEachOps$ForEachOp$OfRef
Event: 3.438 loading class java/util/stream/ForEachOps$ForEachOp$OfRef done
Event: 3.441 loading class java/util/concurrent/CompletableFuture$AsyncSupply
Event: 3.441 loading class java/util/concurrent/CompletableFuture$AsyncSupply done
Event: 3.441 Thread 0x000001f3762dd700 Thread added: 0x000001f3762dd700
Event: 3.514 loading class java/security/NoSuchAlgorithmException
Event: 3.514 loading class java/security/NoSuchAlgorithmException done
Event: 3.516 loading class sun/security/provider/MD5
Event: 3.516 loading class sun/security/provider/MD5 done
Event: 3.516 loading class sun/security/provider/ByteArrayAccess$LE
Event: 3.517 loading class sun/security/provider/ByteArrayAccess$LE done


Dynamic libraries:
0x00007ff68ec40000 - 0x00007ff68ec4e000 	c:\Users\user\.vscode\extensions\redhat.java-1.12.0-win32-x64\jre\17.0.4.1-win32-x86_64\bin\java.exe
0x00007ff962170000 - 0x00007ff962368000 	C:\WINDOWS\SYSTEM32\ntdll.dll
0x00007ff960ea0000 - 0x00007ff960f5f000 	C:\WINDOWS\System32\KERNEL32.DLL
0x00007ff95fb90000 - 0x00007ff95fe62000 	C:\WINDOWS\System32\KERNELBASE.dll
0x00007ff95fa90000 - 0x00007ff95fb90000 	C:\WINDOWS\System32\ucrtbase.dll
0x00007ff951b60000 - 0x00007ff951b78000 	c:\Users\user\.vscode\extensions\redhat.java-1.12.0-win32-x64\jre\17.0.4.1-win32-x86_64\bin\jli.dll
0x00007ff958dd0000 - 0x00007ff958de9000 	c:\Users\user\.vscode\extensions\redhat.java-1.12.0-win32-x64\jre\17.0.4.1-win32-x86_64\bin\VCRUNTIME140.dll
0x00007ff961340000 - 0x00007ff9614dd000 	C:\WINDOWS\System32\USER32.dll
0x00007ff95ff20000 - 0x00007ff95ff42000 	C:\WINDOWS\System32\win32u.dll
0x00007ff94dd70000 - 0x00007ff94e00a000 	C:\WINDOWS\WinSxS\amd64_microsoft.windows.common-controls_6595b64144ccf1df_6.0.19041.1110_none_60b5254171f9507e\COMCTL32.dll
0x00007ff961ea0000 - 0x00007ff961ecb000 	C:\WINDOWS\System32\GDI32.dll
0x00007ff960880000 - 0x00007ff96091e000 	C:\WINDOWS\System32\msvcrt.dll
0x00007ff95f980000 - 0x00007ff95fa8f000 	C:\WINDOWS\System32\gdi32full.dll
0x00007ff95f870000 - 0x00007ff95f90d000 	C:\WINDOWS\System32\msvcp_win.dll
0x00007ff962090000 - 0x00007ff9620c2000 	C:\WINDOWS\System32\IMM32.DLL
0x00007ff95a750000 - 0x00007ff95a75c000 	c:\Users\user\.vscode\extensions\redhat.java-1.12.0-win32-x64\jre\17.0.4.1-win32-x86_64\bin\vcruntime140_1.dll
0x00007ff924480000 - 0x00007ff924511000 	c:\Users\user\.vscode\extensions\redhat.java-1.12.0-win32-x64\jre\17.0.4.1-win32-x86_64\bin\msvcp140.dll
0x00007ff90dee0000 - 0x00007ff90eb26000 	c:\Users\user\.vscode\extensions\redhat.java-1.12.0-win32-x64\jre\17.0.4.1-win32-x86_64\bin\server\jvm.dll
0x00007ff961140000 - 0x00007ff9611ee000 	C:\WINDOWS\System32\ADVAPI32.dll
0x00007ff9602f0000 - 0x00007ff96038c000 	C:\WINDOWS\System32\sechost.dll
0x00007ff9601c0000 - 0x00007ff9602e5000 	C:\WINDOWS\System32\RPCRT4.dll
0x00007ff961010000 - 0x00007ff961018000 	C:\WINDOWS\System32\PSAPI.DLL
0x00007ff95b910000 - 0x00007ff95b91a000 	C:\WINDOWS\SYSTEM32\VERSION.dll
0x00007ff94bbd0000 - 0x00007ff94bbf7000 	C:\WINDOWS\SYSTEM32\WINMM.dll
0x00007ff94c6c0000 - 0x00007ff94c6c9000 	C:\WINDOWS\SYSTEM32\WSOCK32.dll
0x00007ff961fa0000 - 0x00007ff96200b000 	C:\WINDOWS\System32\WS2_32.dll
0x00007ff95e110000 - 0x00007ff95e122000 	C:\WINDOWS\SYSTEM32\kernel.appcore.dll
0x00007ff95a720000 - 0x00007ff95a72a000 	c:\Users\user\.vscode\extensions\redhat.java-1.12.0-win32-x64\jre\17.0.4.1-win32-x86_64\bin\jimage.dll
0x00007ff95d630000 - 0x00007ff95d814000 	C:\WINDOWS\SYSTEM32\DBGHELP.DLL
0x00007ff9513a0000 - 0x00007ff9513cc000 	C:\WINDOWS\SYSTEM32\dbgcore.DLL
0x00007ff95ffa0000 - 0x00007ff960022000 	C:\WINDOWS\System32\bcryptPrimitives.dll
0x00007ff948b00000 - 0x00007ff948b25000 	c:\Users\user\.vscode\extensions\redhat.java-1.12.0-win32-x64\jre\17.0.4.1-win32-x86_64\bin\java.dll
0x00007ff951120000 - 0x00007ff951138000 	c:\Users\user\.vscode\extensions\redhat.java-1.12.0-win32-x64\jre\17.0.4.1-win32-x86_64\bin\zip.dll
0x00007ff9614e0000 - 0x00007ff961c23000 	C:\WINDOWS\System32\SHELL32.dll
0x00007ff95d820000 - 0x00007ff95dfb2000 	C:\WINDOWS\SYSTEM32\windows.storage.dll
0x00007ff9609b0000 - 0x00007ff960d04000 	C:\WINDOWS\System32\combase.dll
0x00007ff95f1f0000 - 0x00007ff95f220000 	C:\WINDOWS\SYSTEM32\Wldp.dll
0x00007ff960f60000 - 0x00007ff96100d000 	C:\WINDOWS\System32\SHCORE.dll
0x00007ff960d10000 - 0x00007ff960d65000 	C:\WINDOWS\System32\shlwapi.dll
0x00007ff95f7b0000 - 0x00007ff95f7cf000 	C:\WINDOWS\SYSTEM32\profapi.dll
0x00007ff950900000 - 0x00007ff950919000 	C:\Users\user\.vscode\extensions\redhat.java-1.12.0-win32-x64\jre\17.0.4.1-win32-x86_64\bin\net.dll
0x00007ff9547d0000 - 0x00007ff9548dc000 	C:\WINDOWS\SYSTEM32\WINHTTP.dll
0x00007ff95ef50000 - 0x00007ff95efba000 	C:\WINDOWS\system32\mswsock.dll
0x00007ff94c050000 - 0x00007ff94c065000 	C:\Users\user\.vscode\extensions\redhat.java-1.12.0-win32-x64\jre\17.0.4.1-win32-x86_64\bin\nio.dll
0x00007ff95a450000 - 0x00007ff95a460000 	c:\Users\user\.vscode\extensions\redhat.java-1.12.0-win32-x64\jre\17.0.4.1-win32-x86_64\bin\verify.dll
0x00007ff95bd80000 - 0x00007ff95bd89000 	C:\Users\user\.vscode\extensions\redhat.java-1.12.0-win32-x64\jre\17.0.4.1-win32-x86_64\bin\management.dll
0x00007ff95bd70000 - 0x00007ff95bd7b000 	C:\Users\user\.vscode\extensions\redhat.java-1.12.0-win32-x64\jre\17.0.4.1-win32-x86_64\bin\management_ext.dll
0x00007ff94beb0000 - 0x00007ff94bec7000 	C:\WINDOWS\system32\napinsp.dll
0x00007ff94be90000 - 0x00007ff94beab000 	C:\WINDOWS\system32\pnrpnsp.dll
0x00007ff94be70000 - 0x00007ff94be85000 	C:\WINDOWS\system32\wshbth.dll
0x00007ff959650000 - 0x00007ff95966d000 	C:\WINDOWS\system32\NLAapi.dll
0x00007ff95ec40000 - 0x00007ff95ec7b000 	C:\WINDOWS\SYSTEM32\IPHLPAPI.DLL
0x00007ff95ec80000 - 0x00007ff95ed4a000 	C:\WINDOWS\SYSTEM32\DNSAPI.dll
0x00007ff961c30000 - 0x00007ff961c38000 	C:\WINDOWS\System32\NSI.dll
0x00007ff94bee0000 - 0x00007ff94bef2000 	C:\WINDOWS\System32\winrnr.dll
0x00007ff952d50000 - 0x00007ff952d5a000 	C:\Windows\System32\rasadhlp.dll
0x00007ff9531d0000 - 0x00007ff953250000 	C:\WINDOWS\System32\fwpuclnt.dll
0x00007ff960190000 - 0x00007ff9601b7000 	C:\WINDOWS\System32\bcrypt.dll
0x00007ff95f150000 - 0x00007ff95f168000 	C:\WINDOWS\SYSTEM32\CRYPTSP.dll
0x00007ff95e870000 - 0x00007ff95e8a4000 	C:\WINDOWS\system32\rsaenh.dll
0x00007ff95f770000 - 0x00007ff95f79e000 	C:\WINDOWS\SYSTEM32\USERENV.dll
0x00007ff95f140000 - 0x00007ff95f14c000 	C:\WINDOWS\SYSTEM32\CRYPTBASE.dll
0x00007ff957600000 - 0x00007ff957617000 	C:\WINDOWS\SYSTEM32\dhcpcsvc6.DLL
0x00007ff958820000 - 0x00007ff95883d000 	C:\WINDOWS\SYSTEM32\dhcpcsvc.DLL

dbghelp: loaded successfully - version: 4.0.5 - missing functions: none
symbol engine: initialized successfully - sym options: 0x614 - pdb path: .;c:\Users\user\.vscode\extensions\redhat.java-1.12.0-win32-x64\jre\17.0.4.1-win32-x86_64\bin;C:\WINDOWS\SYSTEM32;C:\WINDOWS\WinSxS\amd64_microsoft.windows.common-controls_6595b64144ccf1df_6.0.19041.1110_none_60b5254171f9507e;c:\Users\user\.vscode\extensions\redhat.java-1.12.0-win32-x64\jre\17.0.4.1-win32-x86_64\bin\server

VM Arguments:
jvm_args: -Dsts.lsp.client=vscode -Dsts.log.file=/dev/null -XX:TieredStopAtLevel=1 -Xlog:jni+resolve=off -Dspring.config.location=file:c:\Users\user\.vscode\extensions\pivotal.vscode-spring-boot-1.40.0\language-server\BOOT-INF\classes\application.properties 
java_command: org.springframework.ide.vscode.boot.app.BootLanguageServerBootApp
java_class_path (initial): c:\Users\user\.vscode\extensions\pivotal.vscode-spring-boot-1.40.0\language-server\BOOT-INF\classes;c:\Users\user\.vscode\extensions\pivotal.vscode-spring-boot-1.40.0\language-server\BOOT-INF\lib\annotations-23.0.0.jar;c:\Users\user\.vscode\extensions\pivotal.vscode-spring-boot-1.40.0\language-server\BOOT-INF\lib\ant-1.10.12.jar;c:\Users\user\.vscode\extensions\pivotal.vscode-spring-boot-1.40.0\language-server\BOOT-INF\lib\ant-launcher-1.10.12.jar;c:\Users\user\.vscode\extensions\pivotal.vscode-spring-boot-1.40.0\language-server\BOOT-INF\lib\antlr-runtime-3.5.2.jar;c:\Users\user\.vscode\extensions\pivotal.vscode-spring-boot-1.40.0\language-server\BOOT-INF\lib\antlr4-4.9.3.jar;c:\Users\user\.vscode\extensions\pivotal.vscode-spring-boot-1.40.0\language-server\BOOT-INF\lib\antlr4-runtime-4.9.3.jar;c:\Users\user\.vscode\extensions\pivotal.vscode-spring-boot-1.40.0\language-server\BOOT-INF\lib\asm-9.3.jar;c:\Users\user\.vscode\extensions\pivotal.vscode-spring-boot-1.40.0\language-server\BOOT-INF\lib\asm-analysis-9.3.jar;c:\Users\user\.vscode\extensions\pivotal.vscode-spring-boot-1.40.0\language-server\BOOT-INF\lib\asm-tree-9.3.jar;c:\Users\user\.vscode\extensions\pivotal.vscode-spring-boot-1.40.0\language-server\BOOT-INF\lib\asm-util-9.3.jar;c:\Users\user\.vscode\extensions\pivotal.vscode-spring-boot-1.40.0\language-server\BOOT-INF\lib\byte-buddy-1.12.13.jar;c:\Users\user\.vscode\extensions\pivotal.vscode-spring-boot-1.40.0\language-server\BOOT-INF\lib\caffeine-2.9.3.jar;c:\Users\user\.vscode\extensions\pivotal.vscode-spring-boot-1.40.0\language-server\BOOT-INF\lib\checker-qual-3.12.0.jar;c:\Users\user\.vscode\extensions\pivotal.vscode-spring-boot-1.40.0\language-server\BOOT-INF\lib\classgraph-4.8.149.jar;c:\Users\user\.vscode\extensions\pivotal.vscode-spring-boot-1.40.0\language-server\BOOT-INF\lib\commons-codec-1.15.jar;c:\Users\user\.vscode\extensions\pivotal.vscode-spring-boot-1.40.0\language-server\BOOT-INF\lib\commons-compress-1.21.jar;
Launcher Type: SUN_STANDARD

[Global flags]
     intx CICompilerCount                          = 4                                         {product} {ergonomic}
     uint ConcGCThreads                            = 2                                         {product} {ergonomic}
     uint G1ConcRefinementThreads                  = 8                                         {product} {ergonomic}
   size_t G1HeapRegionSize                         = 1048576                                   {product} {ergonomic}
    uintx GCDrainStackTargetSize                   = 64                                        {product} {ergonomic}
   size_t InitialHeapSize                          = 132120576                                 {product} {ergonomic}
   size_t MarkStackSize                            = 4194304                                   {product} {ergonomic}
   size_t MaxHeapSize                              = 2090860544                                {product} {ergonomic}
   size_t MaxNewSize                               = 1254096896                                {product} {ergonomic}
   size_t MinHeapDeltaBytes                        = 1048576                                   {product} {ergonomic}
   size_t MinHeapSize                              = 8388608                                   {product} {ergonomic}
    uintx NonProfiledCodeHeapSize                  = 0                                      {pd product} {ergonomic}
     bool ProfileInterpreter                       = false                                  {pd product} {command line}
    uintx ProfiledCodeHeapSize                     = 0                                      {pd product} {ergonomic}
   size_t SoftMaxHeapSize                          = 2090860544                             {manageable} {ergonomic}
     intx TieredStopAtLevel                        = 1                                         {product} {command line}
     bool UseCompressedClassPointers               = true                           {product lp64_product} {ergonomic}
     bool UseCompressedOops                        = true                           {product lp64_product} {ergonomic}
     bool UseG1GC                                  = true                                      {product} {ergonomic}
     bool UseLargePagesIndividualAllocation        = false                                  {pd product} {ergonomic}

Logging:
Log output configuration:
 #0: stdout all=warning,jni+resolve=off uptime,level,tags
 #1: stderr all=off uptime,level,tags

Environment Variables:
PATH=C:\Program Files\Common Files\Oracle\Java\javapath;c:\app\user\product\11.2.0\client_2\bin;C:\Program Files (x86)\Common Files\Oracle\Java\javapath;c:\app\user\product\11.2.0\client_1\bin;C:\ProgramData\Oracle\Java\javapath;C:\WINDOWS\system32;C:\WINDOWS;C:\WINDOWS\System32\Wbem;C:\WINDOWS\System32\WindowsPowerShell\v1.0\;C:\WINDOWS\System32\OpenSSH\;C:\Program Files\nodejs\;C:\Program Files\Git\cmd;C:\Users\user\AppData\Local\Programs\Python\Python310\Scripts\;C:\Users\user\AppData\Local\Programs\Python\Python310\;C:\Users\user\AppData\Local\Microsoft\WindowsApps;C:\Users\user\AppData\Roaming\npm;C:\Users\user\AppData\Local\Programs\Microsoft VS Code\bin
USERNAME=user
OS=Windows_NT
PROCESSOR_IDENTIFIER=Intel64 Family 6 Model 126 Stepping 5, GenuineIntel
TMP=C:\Users\user\AppData\Local\Temp
TEMP=C:\Users\user\AppData\Local\Temp



---------------  S Y S T E M  ---------------

OS:
 Windows 10 , 64 bit Build 19041 (10.0.19041.2251)
OS uptime: 11 days 16:42 hours

CPU: total 8 (initial active 8) (4 cores per cpu, 2 threads per core) family 6 model 126 stepping 5 microcode 0x78, cx8, cmov, fxsr, ht, mmx, 3dnowpref, sse, sse2, sse3, ssse3, sse4.1, sse4.2, popcnt, lzcnt, tsc, tscinvbit, avx, avx2, aes, erms, clmul, bmi1, bmi2, adx, avx512f, avx512dq, avx512cd, avx512bw, avx512vl, sha, fma, vzeroupper, avx512_vpopcntdq, avx512_vpclmulqdq, avx512_vaes, avx512_vnni, clflush, clflushopt, avx512_vbmi2, avx512_vbmi

Memory: 4k page, system-wide physical 7973M (315M free)
TotalPageFile size 32549M (AvailPageFile size 87M)
current process WorkingSet (physical memory assigned to process): 374M, peak: 374M
current process commit charge ("private bytes"): 404M, peak: 906M

vm_info: OpenJDK 64-Bit Server VM (17.0.4.1+1) for windows-amd64 JRE (17.0.4.1+1), built on Aug 17 2022 07:42:43 by "temurin" with MS VC++ 16.7 (VS2019)

END.
