#
# There is insufficient memory for the Java Runtime Environment to continue.
# Native memory allocation (mmap) failed to map 228589568 bytes for G1 virtual space
# Possible reasons:
#   The system is out of physical RAM or swap space
#   The process is running with CompressedOops enabled, and the Java Heap may be blocking the growth of the native heap
# Possible solutions:
#   Reduce memory load on the system
#   Increase physical memory or swap space
#   Check if swap backing store is full
#   Decrease Java heap size (-Xmx/-Xms)
#   Decrease number of Java threads
#   Decrease Java thread stack sizes (-Xss)
#   Set larger code cache with -XX:ReservedCodeCacheSize=
#   JVM is running with Unscaled Compressed Oops mode in which the Java heap is
#     placed in the first 4GB address space. The Java Heap base address is the
#     maximum limit for the native heap growth. Please use -XX:HeapBaseMinAddress
#     to set the Java Heap base and to place the Java Heap above 4GB virtual address.
# This output file may be truncated or incomplete.
#
#  Out of Memory Error (os_windows.cpp:3541), pid=21372, tid=12348
#
# JRE version: OpenJDK Runtime Environment Temurin-17.0.4.1+1 (17.0.4.1+1) (build 17.0.4.1+1)
# Java VM: OpenJDK 64-Bit Server VM Temurin-17.0.4.1+1 (17.0.4.1+1, mixed mode, emulated-client, tiered, compressed oops, compressed class ptrs, g1 gc, windows-amd64)
# No core dump will be written. Minidumps are not enabled by default on client versions of Windows
#

---------------  S U M M A R Y ------------

Command Line: -Dsts.lsp.client=vscode -Dsts.log.file=/dev/null -XX:TieredStopAtLevel=1 -Xlog:jni+resolve=off -Dspring.config.location=file:c:\Users\user\.vscode\extensions\pivotal.vscode-spring-boot-1.40.0\language-server\BOOT-INF\classes\application.properties org.springframework.ide.vscode.boot.app.BootLanguageServerBootApp

Host: Intel(R) Core(TM) i5-1035G1 CPU @ 1.00GHz, 8 cores, 7G,  Windows 10 , 64 bit Build 19041 (10.0.19041.2251)
Time: Mon Nov 21 17:46:09 2022 Hora est. Pacífico, Sudamérica elapsed time: 3.283974 seconds (0d 0h 0m 3s)

---------------  T H R E A D  ---------------

Current thread (0x0000020541b6b130):  VMThread "VM Thread" [stack: 0x0000003889b00000,0x0000003889c00000] [id=12348]

Stack: [0x0000003889b00000,0x0000003889c00000]
Native frames: (J=compiled Java code, j=interpreted, Vv=VM code, C=native code)
V  [jvm.dll+0x67731a]
V  [jvm.dll+0x832284]
V  [jvm.dll+0x833a2e]
V  [jvm.dll+0x834093]
V  [jvm.dll+0x245775]
V  [jvm.dll+0x674209]
V  [jvm.dll+0x668a92]
V  [jvm.dll+0x30471b]
V  [jvm.dll+0x30bc66]
V  [jvm.dll+0x35ba9e]
V  [jvm.dll+0x35bccf]
V  [jvm.dll+0x2db5b8]
V  [jvm.dll+0x2d986c]
V  [jvm.dll+0x2d8e3c]
V  [jvm.dll+0x31cd9b]
V  [jvm.dll+0x83853b]
V  [jvm.dll+0x839274]
V  [jvm.dll+0x83978c]
V  [jvm.dll+0x839b64]
V  [jvm.dll+0x839c30]
V  [jvm.dll+0x7e240a]
V  [jvm.dll+0x6761a5]
C  [ucrtbase.dll+0x21bb2]
C  [KERNEL32.DLL+0x174b4]
C  [ntdll.dll+0x526a1]

VM_Operation (0x000000388bffe460): G1CollectForAllocation, mode: safepoint, requested by thread 0x0000020544690960


---------------  P R O C E S S  ---------------

Threads class SMR info:
_java_thread_list=0x00000205445a1d70, length=40, elements={
0x0000020541b833a0, 0x0000020541b83e60, 0x0000020541b89510, 0x0000020541b8cef0,
0x0000020541b8d7b0, 0x0000020541b8e070, 0x0000020541b8e9e0, 0x0000020542448b60,
0x0000020541b0c200, 0x0000020541b0c710, 0x00000205426467e0, 0x0000020542658010,
0x0000020543042280, 0x0000020543e491a0, 0x0000020544564840, 0x00000205445443f0,
0x0000020532905ee0, 0x000002054460a6e0, 0x0000020544630f00, 0x0000020544654220,
0x000002054465d1d0, 0x0000020544676460, 0x0000020544691ca0, 0x00000205446917d0,
0x0000020544690490, 0x0000020544691300, 0x0000020544690e30, 0x0000020544690960,
0x00000205447150d0, 0x00000205447180f0, 0x0000020544714730, 0x00000205447168e0,
0x000002054471b110, 0x0000020544719430, 0x0000020544717280, 0x00000205447185c0,
0x0000020544717750, 0x0000020544717c20, 0x000002054471ac40, 0x00000205447155a0
}

Java Threads: ( => current thread )
  0x0000020541b833a0 JavaThread "Reference Handler" daemon [_thread_blocked, id=13660, stack(0x0000003889c00000,0x0000003889d00000)]
  0x0000020541b83e60 JavaThread "Finalizer" daemon [_thread_blocked, id=16440, stack(0x0000003889d00000,0x0000003889e00000)]
  0x0000020541b89510 JavaThread "Signal Dispatcher" daemon [_thread_blocked, id=29968, stack(0x0000003889e00000,0x0000003889f00000)]
  0x0000020541b8cef0 JavaThread "Attach Listener" daemon [_thread_blocked, id=24556, stack(0x0000003889f00000,0x000000388a000000)]
  0x0000020541b8d7b0 JavaThread "Service Thread" daemon [_thread_blocked, id=2324, stack(0x000000388a000000,0x000000388a100000)]
  0x0000020541b8e070 JavaThread "Monitor Deflation Thread" daemon [_thread_blocked, id=25768, stack(0x000000388a100000,0x000000388a200000)]
  0x0000020541b8e9e0 JavaThread "C1 CompilerThread0" daemon [_thread_blocked, id=19868, stack(0x000000388a200000,0x000000388a300000)]
  0x0000020542448b60 JavaThread "Sweeper thread" daemon [_thread_blocked, id=21568, stack(0x000000388a300000,0x000000388a400000)]
  0x0000020541b0c200 JavaThread "C1 CompilerThread1" daemon [_thread_blocked, id=15124, stack(0x000000388a400000,0x000000388a500000)]
  0x0000020541b0c710 JavaThread "C1 CompilerThread2" daemon [_thread_blocked, id=16324, stack(0x000000388a500000,0x000000388a600000)]
  0x00000205426467e0 JavaThread "Notification Thread" daemon [_thread_blocked, id=25788, stack(0x000000388a600000,0x000000388a700000)]
  0x0000020542658010 JavaThread "Common-Cleaner" daemon [_thread_blocked, id=30184, stack(0x000000388a800000,0x000000388a900000)]
  0x0000020543042280 JavaThread "C1 CompilerThread3" daemon [_thread_blocked, id=11308, stack(0x000000388a900000,0x000000388aa00000)]
  0x0000020543e491a0 JavaThread "boundedElastic-evictor-1" daemon [_thread_blocked, id=21464, stack(0x000000388af00000,0x000000388b000000)]
  0x0000020544564840 JavaThread "pool-9-thread-1" [_thread_blocked, id=728, stack(0x000000388b300000,0x000000388b400000)]
  0x00000205445443f0 JavaThread "LanguageServerApp-lifecycle" [_thread_blocked, id=28744, stack(0x000000388b400000,0x000000388b500000)]
  0x0000020532905ee0 JavaThread "DestroyJavaVM" [_thread_blocked, id=21296, stack(0x0000003889500000,0x0000003889600000)]
  0x000002054460a6e0 JavaThread "pool-10-thread-1" [_thread_in_native, id=2652, stack(0x000000388b500000,0x000000388b600000)]
  0x0000020544630f00 JavaThread "Simple-Language-Server main thread" daemon [_thread_blocked, id=19428, stack(0x000000388b600000,0x000000388b700000)]
  0x0000020544654220 JavaThread "ForkJoinPool.commonPool-worker-1" daemon [_thread_blocked, id=33548, stack(0x000000388b700000,0x000000388b800000)]
  0x000002054465d1d0 JavaThread "pool-7-thread-1" [_thread_blocked, id=3804, stack(0x000000388b800000,0x000000388b900000)]
  0x0000020544676460 JavaThread "parallel-1" daemon [_thread_blocked, id=16052, stack(0x000000388b900000,0x000000388ba00000)]
  0x0000020544691ca0 JavaThread "pool-4-thread-1" [_thread_blocked, id=33208, stack(0x000000388ba00000,0x000000388bb00000)]
  0x00000205446917d0 JavaThread "ClassGraph-worker-0" daemon [_thread_blocked, id=34984, stack(0x000000388bb00000,0x000000388bc00000)]
  0x0000020544690490 JavaThread "ClassGraph-worker-1" daemon [_thread_blocked, id=23832, stack(0x000000388bc00000,0x000000388bd00000)]
  0x0000020544691300 JavaThread "ClassGraph-worker-2" daemon [_thread_blocked, id=30504, stack(0x000000388bd00000,0x000000388be00000)]
  0x0000020544690e30 JavaThread "ClassGraph-worker-3" daemon [_thread_blocked, id=21192, stack(0x000000388be00000,0x000000388bf00000)]
  0x0000020544690960 JavaThread "ClassGraph-worker-4" daemon [_thread_blocked, id=12596, stack(0x000000388bf00000,0x000000388c000000)]
  0x00000205447150d0 JavaThread "ClassGraph-worker-5" daemon [_thread_blocked, id=32352, stack(0x000000388c000000,0x000000388c100000)]
  0x00000205447180f0 JavaThread "ClassGraph-worker-6" daemon [_thread_blocked, id=22476, stack(0x000000388c100000,0x000000388c200000)]
  0x0000020544714730 JavaThread "ClassGraph-worker-7" daemon [_thread_blocked, id=35336, stack(0x000000388c200000,0x000000388c300000)]
  0x00000205447168e0 JavaThread "ClassGraph-worker-8" daemon [_thread_blocked, id=28468, stack(0x000000388c300000,0x000000388c400000)]
  0x000002054471b110 JavaThread "ClassGraph-worker-9" daemon [_thread_blocked, id=8492, stack(0x000000388c400000,0x000000388c500000)]
  0x0000020544719430 JavaThread "ClassGraph-worker-10" daemon [_thread_blocked, id=12332, stack(0x000000388c500000,0x000000388c600000)]
  0x0000020544717280 JavaThread "ClassGraph-worker-11" daemon [_thread_blocked, id=32892, stack(0x000000388c600000,0x000000388c700000)]
  0x00000205447185c0 JavaThread "ClassGraph-worker-12" daemon [_thread_blocked, id=4936, stack(0x000000388c700000,0x000000388c800000)]
  0x0000020544717750 JavaThread "ClassGraph-worker-13" daemon [_thread_blocked, id=3368, stack(0x000000388c800000,0x000000388c900000)]
  0x0000020544717c20 JavaThread "parallel-2" daemon [_thread_blocked, id=19904, stack(0x000000388c900000,0x000000388ca00000)]
  0x000002054471ac40 JavaThread "Reconciler-1" daemon [_thread_blocked, id=27700, stack(0x000000388ca00000,0x000000388cb00000)]
  0x00000205447155a0 JavaThread "pool-4-thread-2" [_thread_blocked, id=20148, stack(0x000000388cb00000,0x000000388cc00000)]

Other Threads:
=>0x0000020541b6b130 VMThread "VM Thread" [stack: 0x0000003889b00000,0x0000003889c00000] [id=12348]
  0x00000205329bfc90 WatcherThread [stack: 0x000000388a700000,0x000000388a800000] [id=30388]
  0x0000020532962350 GCTaskThread "GC Thread#0" [stack: 0x0000003889600000,0x0000003889700000] [id=30316]
  0x000002054311ecc0 GCTaskThread "GC Thread#1" [stack: 0x000000388aa00000,0x000000388ab00000] [id=22428]
  0x000002054310d820 GCTaskThread "GC Thread#2" [stack: 0x000000388ab00000,0x000000388ac00000] [id=21728]
  0x0000020543c2d7d0 GCTaskThread "GC Thread#3" [stack: 0x000000388ac00000,0x000000388ad00000] [id=11540]
  0x0000020543c31ca0 GCTaskThread "GC Thread#4" [stack: 0x000000388ad00000,0x000000388ae00000] [id=29376]
  0x0000020543c31f50 GCTaskThread "GC Thread#5" [stack: 0x000000388ae00000,0x000000388af00000] [id=4076]
  0x0000020543e4a1b0 GCTaskThread "GC Thread#6" [stack: 0x000000388b000000,0x000000388b100000] [id=17852]
  0x0000020543e4a460 GCTaskThread "GC Thread#7" [stack: 0x000000388b100000,0x000000388b200000] [id=21064]
  0x0000020532972ae0 ConcurrentGCThread "G1 Main Marker" [stack: 0x0000003889700000,0x0000003889800000] [id=19628]
  0x0000020532973400 ConcurrentGCThread "G1 Conc#0" [stack: 0x0000003889800000,0x0000003889900000] [id=20096]
  0x0000020543f52c80 ConcurrentGCThread "G1 Conc#1" [stack: 0x000000388b200000,0x000000388b300000] [id=16796]
  0x00000205419d50f0 ConcurrentGCThread "G1 Refine#0" [stack: 0x0000003889900000,0x0000003889a00000] [id=32472]
  0x000002054635c120 ConcurrentGCThread "G1 Refine#1" [stack: 0x000000388cc00000,0x000000388cd00000] [id=32216]
  0x000002054635d820 ConcurrentGCThread "G1 Refine#2" [stack: 0x000000388cd00000,0x000000388ce00000] [id=20168]
  0x00000205419d5a20 ConcurrentGCThread "G1 Service" [stack: 0x0000003889a00000,0x0000003889b00000] [id=36516]

Threads with active compile tasks:
C1 CompilerThread1     3295 3914       1       java.nio.HeapByteBuffer::getInt (29 bytes)
C1 CompilerThread2     3295 3928       1       io.github.classgraph.Classfile::getConstantPoolString (58 bytes)
C1 CompilerThread3     3295 3945       1       io.github.classgraph.Classfile::readMethods (1501 bytes)

VM state: at safepoint (normal execution)

VM Mutex/Monitor currently owned by a thread:  ([mutex/lock_event])
[0x000002053280a3f0] Threads_lock - owner thread: 0x0000020541b6b130
[0x0000020532904eb0] Heap_lock - owner thread: 0x0000020544690960
[0x00000205329047f0] MethodCompileQueue_lock - owner thread: 0x0000020541b0c710

Heap address: 0x0000000083600000, size: 1994 MB, Compressed Oops mode: 32-bit

CDS archive(s) not mapped
Compressed class space mapped at: 0x0000000100000000-0x0000000140000000, reserved size: 1073741824
Narrow klass base: 0x0000000000000000, Narrow klass shift: 3, Narrow klass range: 0x140000000

GC Precious Log:
 CPUs: 8 total, 8 available
 Memory: 7973M
 Large Page Support: Disabled
 NUMA Support: Disabled
 Compressed Oops: Enabled (32-bit)
 Heap Region Size: 1M
 Heap Min Capacity: 8M
 Heap Initial Capacity: 126M
 Heap Max Capacity: 1994M
 Pre-touch: Disabled
 Parallel Workers: 8
 Concurrent Workers: 2
 Concurrent Refinement Workers: 8
 Periodic GC: Disabled

Heap:
 garbage-first heap   total 141312K, used 73932K [0x0000000083600000, 0x0000000100000000)
  region size 1024K, 4 young (4096K), 4 survivors (4096K)
 Metaspace       used 38705K, committed 39104K, reserved 1089536K
  class space    used 4889K, committed 5120K, reserved 1048576K

Heap Regions: E=young(eden), S=young(survivor), O=old, HS=humongous(starts), HC=humongous(continues), CS=collection set, F=free, OA=open archive, CA=closed archive, TAMS=top-at-mark-start (previous, next)
|   0|0x0000000083600000, 0x0000000083700000, 0x0000000083700000|100%| O|  |TAMS 0x0000000083700000, 0x0000000083700000| Untracked 
|   1|0x0000000083700000, 0x0000000083800000, 0x0000000083800000|100%| O|  |TAMS 0x0000000083800000, 0x0000000083800000| Untracked 
|   2|0x0000000083800000, 0x0000000083900000, 0x0000000083900000|100%| O|  |TAMS 0x0000000083900000, 0x0000000083900000| Untracked 
|   3|0x0000000083900000, 0x0000000083a00000, 0x0000000083a00000|100%| O|  |TAMS 0x0000000083a00000, 0x0000000083a00000| Untracked 
|   4|0x0000000083a00000, 0x0000000083b00000, 0x0000000083b00000|100%| O|  |TAMS 0x0000000083b00000, 0x0000000083b00000| Untracked 
|   5|0x0000000083b00000, 0x0000000083c00000, 0x0000000083c00000|100%| O|  |TAMS 0x0000000083c00000, 0x0000000083c00000| Untracked 
|   6|0x0000000083c00000, 0x0000000083d00000, 0x0000000083d00000|100%| O|  |TAMS 0x0000000083d00000, 0x0000000083d00000| Untracked 
|   7|0x0000000083d00000, 0x0000000083e00000, 0x0000000083e00000|100%| O|  |TAMS 0x0000000083e00000, 0x0000000083e00000| Untracked 
|   8|0x0000000083e00000, 0x0000000083f00000, 0x0000000083f00000|100%| O|  |TAMS 0x0000000083f00000, 0x0000000083f00000| Untracked 
|   9|0x0000000083f00000, 0x0000000084000000, 0x0000000084000000|100%| O|  |TAMS 0x0000000084000000, 0x0000000084000000| Untracked 
|  10|0x0000000084000000, 0x0000000084100000, 0x0000000084100000|100%| O|  |TAMS 0x0000000084100000, 0x0000000084100000| Untracked 
|  11|0x0000000084100000, 0x0000000084200000, 0x0000000084200000|100%| O|  |TAMS 0x0000000084200000, 0x0000000084200000| Untracked 
|  12|0x0000000084200000, 0x0000000084300000, 0x0000000084300000|100%| O|  |TAMS 0x0000000084300000, 0x0000000084300000| Untracked 
|  13|0x0000000084300000, 0x0000000084400000, 0x0000000084400000|100%| O|  |TAMS 0x0000000084400000, 0x0000000084400000| Untracked 
|  14|0x0000000084400000, 0x0000000084500000, 0x0000000084500000|100%| O|  |TAMS 0x0000000084500000, 0x0000000084500000| Untracked 
|  15|0x0000000084500000, 0x0000000084600000, 0x0000000084600000|100%| O|  |TAMS 0x0000000084600000, 0x0000000084600000| Untracked 
|  16|0x0000000084600000, 0x0000000084700000, 0x0000000084700000|100%| O|  |TAMS 0x0000000084700000, 0x0000000084700000| Untracked 
|  17|0x0000000084700000, 0x0000000084800000, 0x0000000084800000|100%| O|  |TAMS 0x0000000084800000, 0x0000000084800000| Untracked 
|  18|0x0000000084800000, 0x0000000084900000, 0x0000000084900000|100%| O|  |TAMS 0x0000000084900000, 0x0000000084900000| Untracked 
|  19|0x0000000084900000, 0x0000000084a00000, 0x0000000084a00000|100%| O|  |TAMS 0x0000000084a00000, 0x0000000084a00000| Untracked 
|  20|0x0000000084a00000, 0x0000000084b00000, 0x0000000084b00000|100%| O|  |TAMS 0x0000000084b00000, 0x0000000084b00000| Untracked 
|  21|0x0000000084b00000, 0x0000000084c00000, 0x0000000084c00000|100%| O|  |TAMS 0x0000000084c00000, 0x0000000084c00000| Untracked 
|  22|0x0000000084c00000, 0x0000000084d00000, 0x0000000084d00000|100%| O|  |TAMS 0x0000000084d00000, 0x0000000084d00000| Untracked 
|  23|0x0000000084d00000, 0x0000000084e00000, 0x0000000084e00000|100%| O|  |TAMS 0x0000000084e00000, 0x0000000084e00000| Untracked 
|  24|0x0000000084e00000, 0x0000000084f00000, 0x0000000084f00000|100%| O|  |TAMS 0x0000000084f00000, 0x0000000084f00000| Untracked 
|  25|0x0000000084f00000, 0x0000000085000000, 0x0000000085000000|100%| O|  |TAMS 0x0000000085000000, 0x0000000085000000| Untracked 
|  26|0x0000000085000000, 0x0000000085100000, 0x0000000085100000|100%| O|  |TAMS 0x0000000085100000, 0x0000000085100000| Untracked 
|  27|0x0000000085100000, 0x0000000085200000, 0x0000000085200000|100%| O|  |TAMS 0x0000000085200000, 0x0000000085200000| Untracked 
|  28|0x0000000085200000, 0x0000000085300000, 0x0000000085300000|100%| O|  |TAMS 0x0000000085300000, 0x0000000085300000| Untracked 
|  29|0x0000000085300000, 0x0000000085400000, 0x0000000085400000|100%| O|  |TAMS 0x0000000085400000, 0x0000000085400000| Untracked 
|  30|0x0000000085400000, 0x0000000085500000, 0x0000000085500000|100%| O|  |TAMS 0x0000000085500000, 0x0000000085500000| Untracked 
|  31|0x0000000085500000, 0x0000000085600000, 0x0000000085600000|100%| O|  |TAMS 0x0000000085600000, 0x0000000085600000| Untracked 
|  32|0x0000000085600000, 0x0000000085700000, 0x0000000085700000|100%| O|  |TAMS 0x0000000085700000, 0x0000000085700000| Untracked 
|  33|0x0000000085700000, 0x0000000085800000, 0x0000000085800000|100%| O|  |TAMS 0x0000000085800000, 0x0000000085800000| Untracked 
|  34|0x0000000085800000, 0x0000000085900000, 0x0000000085900000|100%| O|  |TAMS 0x0000000085865600, 0x0000000085900000| Untracked 
|  35|0x0000000085900000, 0x0000000085a00000, 0x0000000085a00000|100%| O|  |TAMS 0x0000000085900000, 0x0000000085a00000| Untracked 
|  36|0x0000000085a00000, 0x0000000085b00000, 0x0000000085b00000|100%| O|  |TAMS 0x0000000085a00000, 0x0000000085b00000| Untracked 
|  37|0x0000000085b00000, 0x0000000085c00000, 0x0000000085c00000|100%| O|  |TAMS 0x0000000085b00000, 0x0000000085c00000| Untracked 
|  38|0x0000000085c00000, 0x0000000085d00000, 0x0000000085d00000|100%| O|  |TAMS 0x0000000085c00000, 0x0000000085d00000| Untracked 
|  39|0x0000000085d00000, 0x0000000085e00000, 0x0000000085e00000|100%| O|  |TAMS 0x0000000085d00000, 0x0000000085e00000| Untracked 
|  40|0x0000000085e00000, 0x0000000085f00000, 0x0000000085f00000|100%| O|  |TAMS 0x0000000085e00000, 0x0000000085f00000| Untracked 
|  41|0x0000000085f00000, 0x0000000086000000, 0x0000000086000000|100%|HS|  |TAMS 0x0000000085f00000, 0x0000000086000000| Complete 
|  42|0x0000000086000000, 0x0000000086100000, 0x0000000086100000|100%| O|  |TAMS 0x0000000086000000, 0x0000000086100000| Untracked 
|  43|0x0000000086100000, 0x0000000086200000, 0x0000000086200000|100%| O|  |TAMS 0x0000000086100000, 0x0000000086200000| Untracked 
|  44|0x0000000086200000, 0x0000000086300000, 0x0000000086300000|100%| O|  |TAMS 0x0000000086200000, 0x0000000086300000| Untracked 
|  45|0x0000000086300000, 0x0000000086400000, 0x0000000086400000|100%| O|  |TAMS 0x0000000086300000, 0x0000000086400000| Untracked 
|  46|0x0000000086400000, 0x0000000086500000, 0x0000000086500000|100%| O|  |TAMS 0x0000000086400000, 0x0000000086500000| Untracked 
|  47|0x0000000086500000, 0x0000000086600000, 0x0000000086600000|100%| O|  |TAMS 0x0000000086500000, 0x0000000086600000| Untracked 
|  48|0x0000000086600000, 0x0000000086700000, 0x0000000086700000|100%| O|  |TAMS 0x0000000086600000, 0x0000000086700000| Untracked 
|  49|0x0000000086700000, 0x0000000086800000, 0x0000000086800000|100%| O|  |TAMS 0x0000000086700000, 0x0000000086800000| Untracked 
|  50|0x0000000086800000, 0x0000000086900000, 0x0000000086900000|100%| O|  |TAMS 0x0000000086800000, 0x0000000086900000| Untracked 
|  51|0x0000000086900000, 0x0000000086a00000, 0x0000000086a00000|100%| O|  |TAMS 0x0000000086900000, 0x0000000086a00000| Untracked 
|  52|0x0000000086a00000, 0x0000000086b00000, 0x0000000086b00000|100%|HS|  |TAMS 0x0000000086a00000, 0x0000000086b00000| Complete 
|  53|0x0000000086b00000, 0x0000000086c00000, 0x0000000086c00000|100%| O|  |TAMS 0x0000000086b00000, 0x0000000086c00000| Untracked 
|  54|0x0000000086c00000, 0x0000000086d00000, 0x0000000086d00000|100%| O|  |TAMS 0x0000000086c00000, 0x0000000086d00000| Untracked 
|  55|0x0000000086d00000, 0x0000000086e00000, 0x0000000086e00000|100%| O|  |TAMS 0x0000000086d00000, 0x0000000086e00000| Untracked 
|  56|0x0000000086e00000, 0x0000000086f00000, 0x0000000086f00000|100%| O|  |TAMS 0x0000000086e00000, 0x0000000086f00000| Untracked 
|  57|0x0000000086f00000, 0x0000000087000000, 0x0000000087000000|100%| O|  |TAMS 0x0000000086f00000, 0x0000000087000000| Untracked 
|  58|0x0000000087000000, 0x0000000087100000, 0x0000000087100000|100%| O|  |TAMS 0x0000000087000000, 0x0000000087100000| Untracked 
|  59|0x0000000087100000, 0x0000000087200000, 0x0000000087200000|100%| O|  |TAMS 0x0000000087100000, 0x0000000087200000| Untracked 
|  60|0x0000000087200000, 0x0000000087300000, 0x0000000087300000|100%| O|  |TAMS 0x0000000087200000, 0x0000000087300000| Untracked 
|  61|0x0000000087300000, 0x0000000087400000, 0x0000000087400000|100%| O|  |TAMS 0x0000000087300000, 0x0000000087400000| Untracked 
|  62|0x0000000087400000, 0x0000000087500000, 0x0000000087500000|100%| O|  |TAMS 0x0000000087400000, 0x0000000087500000| Untracked 
|  63|0x0000000087500000, 0x0000000087600000, 0x0000000087600000|100%| O|  |TAMS 0x0000000087500000, 0x0000000087600000| Untracked 
|  64|0x0000000087600000, 0x0000000087700000, 0x0000000087700000|100%| O|  |TAMS 0x0000000087600000, 0x0000000087700000| Untracked 
|  65|0x0000000087700000, 0x0000000087800000, 0x0000000087800000|100%| O|  |TAMS 0x0000000087700000, 0x0000000087800000| Untracked 
|  66|0x0000000087800000, 0x0000000087900000, 0x0000000087900000|100%| O|  |TAMS 0x0000000087800000, 0x0000000087900000| Untracked 
|  67|0x0000000087900000, 0x0000000087a00000, 0x0000000087a00000|100%| O|  |TAMS 0x0000000087900000, 0x000000008795cc00| Untracked 
|  68|0x0000000087a00000, 0x0000000087afe800, 0x0000000087b00000| 99%| O|  |TAMS 0x0000000087a00000, 0x0000000087a00000| Untracked 
|  69|0x0000000087b00000, 0x0000000087b00000, 0x0000000087c00000|  0%| F|  |TAMS 0x0000000087b00000, 0x0000000087b00000| Untracked 
|  70|0x0000000087c00000, 0x0000000087c00000, 0x0000000087d00000|  0%| F|  |TAMS 0x0000000087c00000, 0x0000000087c00000| Untracked 
|  71|0x0000000087d00000, 0x0000000087d00000, 0x0000000087e00000|  0%| F|  |TAMS 0x0000000087d00000, 0x0000000087d00000| Untracked 
|  72|0x0000000087e00000, 0x0000000087e00000, 0x0000000087f00000|  0%| F|  |TAMS 0x0000000087e00000, 0x0000000087e00000| Untracked 
|  73|0x0000000087f00000, 0x0000000087f00000, 0x0000000088000000|  0%| F|  |TAMS 0x0000000087f00000, 0x0000000087f00000| Untracked 
|  74|0x0000000088000000, 0x0000000088000000, 0x0000000088100000|  0%| F|  |TAMS 0x0000000088000000, 0x0000000088000000| Untracked 
|  75|0x0000000088100000, 0x0000000088100000, 0x0000000088200000|  0%| F|  |TAMS 0x0000000088100000, 0x0000000088100000| Untracked 
|  76|0x0000000088200000, 0x0000000088200000, 0x0000000088300000|  0%| F|  |TAMS 0x0000000088200000, 0x0000000088200000| Untracked 
|  77|0x0000000088300000, 0x0000000088300000, 0x0000000088400000|  0%| F|  |TAMS 0x0000000088300000, 0x0000000088300000| Untracked 
|  78|0x0000000088400000, 0x0000000088400000, 0x0000000088500000|  0%| F|  |TAMS 0x0000000088400000, 0x0000000088400000| Untracked 
|  79|0x0000000088500000, 0x0000000088500000, 0x0000000088600000|  0%| F|  |TAMS 0x0000000088500000, 0x0000000088500000| Untracked 
|  80|0x0000000088600000, 0x0000000088600000, 0x0000000088700000|  0%| F|  |TAMS 0x0000000088600000, 0x0000000088600000| Untracked 
|  81|0x0000000088700000, 0x0000000088700000, 0x0000000088800000|  0%| F|  |TAMS 0x0000000088700000, 0x0000000088700000| Untracked 
|  82|0x0000000088800000, 0x0000000088800000, 0x0000000088900000|  0%| F|  |TAMS 0x0000000088800000, 0x0000000088800000| Untracked 
|  83|0x0000000088900000, 0x0000000088900000, 0x0000000088a00000|  0%| F|  |TAMS 0x0000000088900000, 0x0000000088900000| Untracked 
|  84|0x0000000088a00000, 0x0000000088a00000, 0x0000000088b00000|  0%| F|  |TAMS 0x0000000088a00000, 0x0000000088a00000| Untracked 
|  85|0x0000000088b00000, 0x0000000088b00000, 0x0000000088c00000|  0%| F|  |TAMS 0x0000000088b00000, 0x0000000088b00000| Untracked 
|  86|0x0000000088c00000, 0x0000000088c00000, 0x0000000088d00000|  0%| F|  |TAMS 0x0000000088c00000, 0x0000000088c00000| Untracked 
|  87|0x0000000088d00000, 0x0000000088d00000, 0x0000000088e00000|  0%| F|  |TAMS 0x0000000088d00000, 0x0000000088d00000| Untracked 
|  88|0x0000000088e00000, 0x0000000088e00000, 0x0000000088f00000|  0%| F|  |TAMS 0x0000000088e00000, 0x0000000088e00000| Untracked 
|  89|0x0000000088f00000, 0x0000000088f00000, 0x0000000089000000|  0%| F|  |TAMS 0x0000000088f00000, 0x0000000088f00000| Untracked 
|  90|0x0000000089000000, 0x0000000089000000, 0x0000000089100000|  0%| F|  |TAMS 0x0000000089000000, 0x0000000089000000| Untracked 
|  91|0x0000000089100000, 0x0000000089100000, 0x0000000089200000|  0%| F|  |TAMS 0x0000000089100000, 0x0000000089100000| Untracked 
|  92|0x0000000089200000, 0x0000000089200000, 0x0000000089300000|  0%| F|  |TAMS 0x0000000089200000, 0x0000000089200000| Untracked 
|  93|0x0000000089300000, 0x0000000089300000, 0x0000000089400000|  0%| F|  |TAMS 0x0000000089300000, 0x0000000089300000| Untracked 
|  94|0x0000000089400000, 0x0000000089434908, 0x0000000089500000| 20%| S|CS|TAMS 0x0000000089400000, 0x0000000089400000| Complete 
|  95|0x0000000089500000, 0x0000000089600000, 0x0000000089600000|100%| S|CS|TAMS 0x0000000089500000, 0x0000000089500000| Complete 
|  96|0x0000000089600000, 0x0000000089700000, 0x0000000089700000|100%| S|CS|TAMS 0x0000000089600000, 0x0000000089600000| Complete 
|  97|0x0000000089700000, 0x0000000089700000, 0x0000000089800000|  0%| F|  |TAMS 0x0000000089700000, 0x0000000089700000| Untracked 
|  98|0x0000000089800000, 0x0000000089800000, 0x0000000089900000|  0%| F|  |TAMS 0x0000000089800000, 0x0000000089800000| Untracked 
|  99|0x0000000089900000, 0x0000000089900000, 0x0000000089a00000|  0%| F|  |TAMS 0x0000000089900000, 0x0000000089900000| Untracked 
| 100|0x0000000089a00000, 0x0000000089a00000, 0x0000000089b00000|  0%| F|  |TAMS 0x0000000089a00000, 0x0000000089a00000| Untracked 
| 101|0x0000000089b00000, 0x0000000089c00000, 0x0000000089c00000|100%| S|CS|TAMS 0x0000000089b00000, 0x0000000089b00000| Complete 
| 102|0x0000000089c00000, 0x0000000089c00000, 0x0000000089d00000|  0%| F|  |TAMS 0x0000000089c00000, 0x0000000089c00000| Untracked 
| 103|0x0000000089d00000, 0x0000000089d00000, 0x0000000089e00000|  0%| F|  |TAMS 0x0000000089d00000, 0x0000000089d00000| Untracked 
| 104|0x0000000089e00000, 0x0000000089e00000, 0x0000000089f00000|  0%| F|  |TAMS 0x0000000089e00000, 0x0000000089e00000| Untracked 
| 105|0x0000000089f00000, 0x0000000089f00000, 0x000000008a000000|  0%| F|  |TAMS 0x0000000089f00000, 0x0000000089f00000| Untracked 
| 106|0x000000008a000000, 0x000000008a000000, 0x000000008a100000|  0%| F|  |TAMS 0x000000008a000000, 0x000000008a000000| Untracked 
| 107|0x000000008a100000, 0x000000008a100000, 0x000000008a200000|  0%| F|  |TAMS 0x000000008a100000, 0x000000008a100000| Untracked 
| 108|0x000000008a200000, 0x000000008a200000, 0x000000008a300000|  0%| F|  |TAMS 0x000000008a200000, 0x000000008a200000| Untracked 
| 109|0x000000008a300000, 0x000000008a300000, 0x000000008a400000|  0%| F|  |TAMS 0x000000008a300000, 0x000000008a300000| Untracked 
| 110|0x000000008a400000, 0x000000008a400000, 0x000000008a500000|  0%| F|  |TAMS 0x000000008a400000, 0x000000008a400000| Untracked 
| 111|0x000000008a500000, 0x000000008a500000, 0x000000008a600000|  0%| F|  |TAMS 0x000000008a500000, 0x000000008a500000| Untracked 
| 112|0x000000008a600000, 0x000000008a600000, 0x000000008a700000|  0%| F|  |TAMS 0x000000008a600000, 0x000000008a600000| Untracked 
| 113|0x000000008a700000, 0x000000008a700000, 0x000000008a800000|  0%| F|  |TAMS 0x000000008a700000, 0x000000008a700000| Untracked 
| 114|0x000000008a800000, 0x000000008a800000, 0x000000008a900000|  0%| F|  |TAMS 0x000000008a800000, 0x000000008a800000| Untracked 
| 115|0x000000008a900000, 0x000000008a900000, 0x000000008aa00000|  0%| F|  |TAMS 0x000000008a900000, 0x000000008a900000| Untracked 
| 116|0x000000008aa00000, 0x000000008aa00000, 0x000000008ab00000|  0%| F|  |TAMS 0x000000008aa00000, 0x000000008aa00000| Untracked 
| 117|0x000000008ab00000, 0x000000008ab00000, 0x000000008ac00000|  0%| F|  |TAMS 0x000000008ab00000, 0x000000008ab00000| Untracked 
| 118|0x000000008ac00000, 0x000000008ac00000, 0x000000008ad00000|  0%| F|  |TAMS 0x000000008ac00000, 0x000000008ac00000| Untracked 
| 119|0x000000008ad00000, 0x000000008ad00000, 0x000000008ae00000|  0%| F|  |TAMS 0x000000008ad00000, 0x000000008ad00000| Untracked 
| 120|0x000000008ae00000, 0x000000008ae00000, 0x000000008af00000|  0%| F|  |TAMS 0x000000008ae00000, 0x000000008ae00000| Untracked 
| 121|0x000000008af00000, 0x000000008af00000, 0x000000008b000000|  0%| F|  |TAMS 0x000000008af00000, 0x000000008af00000| Untracked 
| 122|0x000000008b000000, 0x000000008b000000, 0x000000008b100000|  0%| F|  |TAMS 0x000000008b000000, 0x000000008b000000| Untracked 
| 123|0x000000008b100000, 0x000000008b100000, 0x000000008b200000|  0%| F|  |TAMS 0x000000008b100000, 0x000000008b100000| Untracked 
| 124|0x000000008b200000, 0x000000008b200000, 0x000000008b300000|  0%| F|  |TAMS 0x000000008b200000, 0x000000008b200000| Untracked 
| 125|0x000000008b300000, 0x000000008b300000, 0x000000008b400000|  0%| F|  |TAMS 0x000000008b300000, 0x000000008b300000| Untracked 
| 126|0x000000008b400000, 0x000000008b400000, 0x000000008b500000|  0%| F|  |TAMS 0x000000008b400000, 0x000000008b400000| Untracked 
| 127|0x000000008b500000, 0x000000008b500000, 0x000000008b600000|  0%| F|  |TAMS 0x000000008b500000, 0x000000008b500000| Untracked 
| 128|0x000000008b600000, 0x000000008b600000, 0x000000008b700000|  0%| F|  |TAMS 0x000000008b600000, 0x000000008b600000| Untracked 
| 129|0x000000008b700000, 0x000000008b700000, 0x000000008b800000|  0%| F|  |TAMS 0x000000008b700000, 0x000000008b700000| Untracked 
| 130|0x000000008b800000, 0x000000008b800000, 0x000000008b900000|  0%| F|  |TAMS 0x000000008b800000, 0x000000008b800000| Untracked 
| 131|0x000000008b900000, 0x000000008b900000, 0x000000008ba00000|  0%| F|  |TAMS 0x000000008b900000, 0x000000008b900000| Untracked 
| 132|0x000000008ba00000, 0x000000008ba00000, 0x000000008bb00000|  0%| F|  |TAMS 0x000000008ba00000, 0x000000008ba00000| Untracked 
| 133|0x000000008bb00000, 0x000000008bb00000, 0x000000008bc00000|  0%| F|  |TAMS 0x000000008bb00000, 0x000000008bb00000| Untracked 
| 134|0x000000008bc00000, 0x000000008bc00000, 0x000000008bd00000|  0%| F|  |TAMS 0x000000008bc00000, 0x000000008bc00000| Untracked 
| 135|0x000000008bd00000, 0x000000008bd00000, 0x000000008be00000|  0%| F|  |TAMS 0x000000008bd00000, 0x000000008bd00000| Untracked 
| 136|0x000000008be00000, 0x000000008be00000, 0x000000008bf00000|  0%| F|  |TAMS 0x000000008be00000, 0x000000008be00000| Untracked 
| 137|0x000000008bf00000, 0x000000008bf00000, 0x000000008c000000|  0%| F|  |TAMS 0x000000008bf00000, 0x000000008bf00000| Untracked 

Card table byte_map: [0x000002053aa30000,0x000002053ae20000] _byte_map_base: 0x000002053a615000

Marking Bits (Prev, Next): (CMBitMap*) 0x00000205329628b0, (CMBitMap*) 0x0000020532962870
 Prev Bits: [0x000002053d140000, 0x000002053f068000)
 Next Bits: [0x000002053b210000, 0x000002053d138000)

Polling page: 0x00000205327b0000

Metaspace:

Usage:
  Non-class:     33.02 MB used.
      Class:      4.77 MB used.
       Both:     37.80 MB used.

Virtual space:
  Non-class space:       40.00 MB reserved,      33.19 MB ( 83%) committed,  5 nodes.
      Class space:        1.00 GB reserved,       5.00 MB ( <1%) committed,  1 nodes.
             Both:        1.04 GB reserved,      38.19 MB (  4%) committed. 

Chunk freelists:
   Non-Class:  2.86 MB
       Class:  3.06 MB
        Both:  5.92 MB

MaxMetaspaceSize: unlimited
CompressedClassSpaceSize: 1.00 GB
Initial GC threshold: 21.00 MB
Current GC threshold: 60.88 MB
CDS: off
MetaspaceReclaimPolicy: balanced
 - commit_granule_bytes: 65536.
 - commit_granule_words: 8192.
 - virtual_space_node_default_size: 1048576.
 - enlarge_chunks_in_place: 1.
 - new_chunks_are_fully_committed: 0.
 - uncommit_free_chunks: 1.
 - use_allocation_guard: 0.
 - handle_deallocations: 1.


Internal statistics:

num_allocs_failed_limit: 8.
num_arena_births: 348.
num_arena_deaths: 0.
num_vsnodes_births: 6.
num_vsnodes_deaths: 0.
num_space_committed: 611.
num_space_uncommitted: 0.
num_chunks_returned_to_freelist: 8.
num_chunks_taken_from_freelist: 1484.
num_chunk_merges: 8.
num_chunk_splits: 1019.
num_chunks_enlarged: 791.
num_purges: 0.
num_inconsistent_stats: 0.

CodeCache: size=49152Kb used=9384Kb max_used=9384Kb free=39767Kb
 bounds [0x0000020536dc0000, 0x00000205376f0000, 0x0000020539dc0000]
 total_blobs=4463 nmethods=3933 adapters=454
 compilation: enabled
              stopped_count=0, restarted_count=0
 full_count=0

Compilation events (20 events):
Event: 3.257 Thread 0x0000020541b0c710 3948       1       java.util.concurrent.ConcurrentLinkedQueue::poll (84 bytes)
Event: 3.258 Thread 0x0000020541b0c200 nmethod 4001 0x00000205376dea90 code [0x00000205376def00, 0x00000205376dfe08]
Event: 3.258 Thread 0x0000020541b8e9e0 nmethod 3980 0x00000205376e0990 code [0x00000205376e0f60, 0x00000205376e2f98]
Event: 3.258 Thread 0x0000020541b0c200 3993       1       io.github.classgraph.Classfile::readInterfaces (63 bytes)
Event: 3.258 Thread 0x0000020541b8e9e0 3916       1       nonapi.io.github.classgraph.fileslice.reader.ClassfileReader::readInt (79 bytes)
Event: 3.258 Thread 0x0000020541b8e9e0 nmethod 3916 0x00000205376e4490 code [0x00000205376e4620, 0x00000205376e47c8]
Event: 3.259 Thread 0x0000020541b8e9e0 3921       1       io.github.classgraph.Classfile::getConstantPoolStringOffset (386 bytes)
Event: 3.259 Thread 0x0000020541b0c200 nmethod 3993 0x00000205376e4890 code [0x00000205376e4a60, 0x00000205376e4d78]
Event: 3.259 Thread 0x0000020541b0c200 3964       1       nonapi.io.github.classgraph.fileslice.reader.ClassfileReader::readTo (292 bytes)
Event: 3.259 Thread 0x0000020541b0c200 nmethod 3964 0x00000205376e4f10 code [0x00000205376e5120, 0x00000205376e57e8]
Event: 3.260 Thread 0x0000020541b0c200 3918       1       nonapi.io.github.classgraph.fileslice.reader.ClassfileReader::readInt (22 bytes)
Event: 3.260 Thread 0x0000020541b0c200 nmethod 3918 0x00000205376e5a10 code [0x00000205376e5ba0, 0x00000205376e5ca8]
Event: 3.260 Thread 0x0000020541b0c200 3925       1       nonapi.io.github.classgraph.fileslice.reader.ClassfileReader::readString (38 bytes)
Event: 3.260 Thread 0x0000020541b0c200 nmethod 3925 0x00000205376e5d90 code [0x00000205376e5f40, 0x00000205376e6078]
Event: 3.260 Thread 0x0000020541b0c200 3926       1       io.github.classgraph.Classfile::intern (27 bytes)
Event: 3.260 Thread 0x0000020541b0c710 nmethod 3948 0x00000205376e6190 code [0x00000205376e6500, 0x00000205376e7768]
Event: 3.260 Thread 0x0000020541b0c710 3928       1       io.github.classgraph.Classfile::getConstantPoolString (58 bytes)
Event: 3.260 Thread 0x0000020541b0c200 nmethod 3926 0x00000205376e7f10 code [0x00000205376e80c0, 0x00000205376e8268]
Event: 3.260 Thread 0x0000020541b0c200 3914       1       java.nio.HeapByteBuffer::getInt (29 bytes)
Event: 3.264 Thread 0x0000020541b8e9e0 nmethod 3921 0x00000205376e8390 code [0x00000205376e87a0, 0x00000205376e99c8]

GC Heap History (20 events):
Event: 2.575 GC heap after
{Heap after GC invocations=8 (full 0):
 garbage-first heap   total 77824K, used 18990K [0x0000000083600000, 0x0000000100000000)
  region size 1024K, 4 young (4096K), 4 survivors (4096K)
 Metaspace       used 34815K, committed 35200K, reserved 1081344K
  class space    used 4492K, committed 4672K, reserved 1048576K
}
Event: 2.692 GC heap before
{Heap before GC invocations=8 (full 0):
 garbage-first heap   total 77824K, used 51758K [0x0000000083600000, 0x0000000100000000)
  region size 1024K, 37 young (37888K), 4 survivors (4096K)
 Metaspace       used 35344K, committed 35648K, reserved 1081344K
  class space    used 4578K, committed 4736K, reserved 1048576K
}
Event: 2.698 GC heap after
{Heap after GC invocations=9 (full 0):
 garbage-first heap   total 77824K, used 25463K [0x0000000083600000, 0x0000000100000000)
  region size 1024K, 5 young (5120K), 5 survivors (5120K)
 Metaspace       used 35344K, committed 35648K, reserved 1081344K
  class space    used 4578K, committed 4736K, reserved 1048576K
}
Event: 2.763 GC heap before
{Heap before GC invocations=9 (full 0):
 garbage-first heap   total 77824K, used 44919K [0x0000000083600000, 0x0000000100000000)
  region size 1024K, 26 young (26624K), 5 survivors (5120K)
 Metaspace       used 35828K, committed 36160K, reserved 1081344K
  class space    used 4635K, committed 4800K, reserved 1048576K
}
Event: 2.768 GC heap after
{Heap after GC invocations=10 (full 0):
 garbage-first heap   total 77824K, used 29743K [0x0000000083600000, 0x0000000100000000)
  region size 1024K, 5 young (5120K), 5 survivors (5120K)
 Metaspace       used 35828K, committed 36160K, reserved 1081344K
  class space    used 4635K, committed 4800K, reserved 1048576K
}
Event: 2.827 GC heap before
{Heap before GC invocations=11 (full 0):
 garbage-first heap   total 77824K, used 55343K [0x0000000083600000, 0x0000000100000000)
  region size 1024K, 30 young (30720K), 5 survivors (5120K)
 Metaspace       used 36191K, committed 36544K, reserved 1081344K
  class space    used 4665K, committed 4800K, reserved 1048576K
}
Event: 2.832 GC heap after
{Heap after GC invocations=12 (full 0):
 garbage-first heap   total 77824K, used 33789K [0x0000000083600000, 0x0000000100000000)
  region size 1024K, 4 young (4096K), 4 survivors (4096K)
 Metaspace       used 36191K, committed 36544K, reserved 1081344K
  class space    used 4665K, committed 4800K, reserved 1048576K
}
Event: 2.884 GC heap before
{Heap before GC invocations=12 (full 0):
 garbage-first heap   total 77824K, used 56317K [0x0000000083600000, 0x0000000100000000)
  region size 1024K, 27 young (27648K), 4 survivors (4096K)
 Metaspace       used 36585K, committed 36928K, reserved 1081344K
  class space    used 4708K, committed 4864K, reserved 1048576K
}
Event: 2.889 GC heap after
{Heap after GC invocations=13 (full 0):
 garbage-first heap   total 77824K, used 39317K [0x0000000083600000, 0x0000000100000000)
  region size 1024K, 4 young (4096K), 4 survivors (4096K)
 Metaspace       used 36585K, committed 36928K, reserved 1081344K
  class space    used 4708K, committed 4864K, reserved 1048576K
}
Event: 2.925 GC heap before
{Heap before GC invocations=13 (full 0):
 garbage-first heap   total 77824K, used 57749K [0x0000000083600000, 0x0000000100000000)
  region size 1024K, 22 young (22528K), 4 survivors (4096K)
 Metaspace       used 36836K, committed 37184K, reserved 1081344K
  class space    used 4728K, committed 4864K, reserved 1048576K
}
Event: 2.931 GC heap after
{Heap after GC invocations=14 (full 0):
 garbage-first heap   total 141312K, used 44388K [0x0000000083600000, 0x0000000100000000)
  region size 1024K, 3 young (3072K), 3 survivors (3072K)
 Metaspace       used 36836K, committed 37184K, reserved 1081344K
  class space    used 4728K, committed 4864K, reserved 1048576K
}
Event: 3.126 GC heap before
{Heap before GC invocations=15 (full 0):
 garbage-first heap   total 141312K, used 97636K [0x0000000083600000, 0x0000000100000000)
  region size 1024K, 55 young (56320K), 3 survivors (3072K)
 Metaspace       used 38461K, committed 38848K, reserved 1089536K
  class space    used 4851K, committed 5056K, reserved 1048576K
}
Event: 3.140 GC heap after
{Heap after GC invocations=16 (full 0):
 garbage-first heap   total 141312K, used 60416K [0x0000000083600000, 0x0000000100000000)
  region size 1024K, 7 young (7168K), 7 survivors (7168K)
 Metaspace       used 38461K, committed 38848K, reserved 1089536K
  class space    used 4851K, committed 5056K, reserved 1048576K
}
Event: 3.188 GC heap before
{Heap before GC invocations=16 (full 0):
 garbage-first heap   total 141312K, used 99328K [0x0000000083600000, 0x0000000100000000)
  region size 1024K, 45 young (46080K), 7 survivors (7168K)
 Metaspace       used 38682K, committed 39104K, reserved 1089536K
  class space    used 4885K, committed 5120K, reserved 1048576K
}
Event: 3.206 GC heap after
{Heap after GC invocations=17 (full 0):
 garbage-first heap   total 141312K, used 68608K [0x0000000083600000, 0x0000000100000000)
  region size 1024K, 6 young (6144K), 6 survivors (6144K)
 Metaspace       used 38682K, committed 39104K, reserved 1089536K
  class space    used 4885K, committed 5120K, reserved 1048576K
}
Event: 3.224 GC heap before
{Heap before GC invocations=17 (full 0):
 garbage-first heap   total 141312K, used 102400K [0x0000000083600000, 0x0000000100000000)
  region size 1024K, 40 young (40960K), 6 survivors (6144K)
 Metaspace       used 38692K, committed 39104K, reserved 1089536K
  class space    used 4886K, committed 5120K, reserved 1048576K
}
Event: 3.235 GC heap after
{Heap after GC invocations=18 (full 0):
 garbage-first heap   total 141312K, used 71163K [0x0000000083600000, 0x0000000100000000)
  region size 1024K, 3 young (3072K), 3 survivors (3072K)
 Metaspace       used 38692K, committed 39104K, reserved 1089536K
  class space    used 4886K, committed 5120K, reserved 1048576K
}
Event: 3.252 GC heap before
{Heap before GC invocations=18 (full 0):
 garbage-first heap   total 141312K, used 104955K [0x0000000083600000, 0x0000000100000000)
  region size 1024K, 37 young (37888K), 3 survivors (3072K)
 Metaspace       used 38698K, committed 39104K, reserved 1089536K
  class space    used 4888K, committed 5120K, reserved 1048576K
}
Event: 3.254 GC heap after
{Heap after GC invocations=19 (full 0):
 garbage-first heap   total 141312K, used 72241K [0x0000000083600000, 0x0000000100000000)
  region size 1024K, 4 young (4096K), 4 survivors (4096K)
 Metaspace       used 38698K, committed 39104K, reserved 1089536K
  class space    used 4888K, committed 5120K, reserved 1048576K
}
Event: 3.280 GC heap before
{Heap before GC invocations=19 (full 0):
 garbage-first heap   total 141312K, used 108081K [0x0000000083600000, 0x0000000100000000)
  region size 1024K, 40 young (40960K), 4 survivors (4096K)
 Metaspace       used 38705K, committed 39104K, reserved 1089536K
  class space    used 4889K, committed 5120K, reserved 1048576K
}

Deoptimization events (12 events):
Event: 1.329 Thread 0x0000020532905ee0 DEOPT PACKING pc=0x0000020537323999 sp=0x00000038895fd680
Event: 1.329 Thread 0x0000020532905ee0 DEOPT UNPACKING pc=0x0000020536e16763 sp=0x00000038895fcb60 mode 3
Event: 2.513 Thread 0x0000020544630f00 DEOPT PACKING pc=0x00000205375460b5 sp=0x000000388b6fd1c0
Event: 2.513 Thread 0x0000020544630f00 DEOPT UNPACKING pc=0x0000020536e16763 sp=0x000000388b6fc6d8 mode 3
Event: 2.579 Thread 0x0000020544654220 DEOPT PACKING pc=0x00000205375631ab sp=0x000000388b7fe5c0
Event: 2.579 Thread 0x0000020544654220 DEOPT UNPACKING pc=0x0000020536e16763 sp=0x000000388b7fdb08 mode 3
Event: 2.651 Thread 0x0000020544714730 DEOPT PACKING pc=0x0000020537321281 sp=0x000000388c2feee0
Event: 2.651 Thread 0x0000020544714730 DEOPT UNPACKING pc=0x0000020536e16763 sp=0x000000388c2fe370 mode 3
Event: 2.708 Thread 0x0000020544691300 DEOPT PACKING pc=0x000002053731e397 sp=0x000000388bdfeea0
Event: 2.708 Thread 0x0000020544691300 DEOPT UNPACKING pc=0x0000020536e16763 sp=0x000000388bdfe2f8 mode 3
Event: 2.708 Thread 0x00000205447180f0 DEOPT PACKING pc=0x000002053731e397 sp=0x000000388c1fedb0
Event: 2.708 Thread 0x00000205447180f0 DEOPT UNPACKING pc=0x0000020536e16763 sp=0x000000388c1fe208 mode 3

Classes unloaded (0 events):
No events

Classes redefined (0 events):
No events

Internal exceptions (20 events):
Event: 2.603 Thread 0x0000020544690490 Exception <a 'sun/nio/fs/WindowsException'{0x000000008a0ad778}> (0x000000008a0ad778) 
thrown [s\src\hotspot\share\prims\jni.cpp, line 516]
Event: 2.603 Thread 0x0000020544690490 Exception <a 'sun/nio/fs/WindowsException'{0x000000008a0ae1b0}> (0x000000008a0ae1b0) 
thrown [s\src\hotspot\share\prims\jni.cpp, line 516]
Event: 2.603 Thread 0x0000020544690490 Exception <a 'sun/nio/fs/WindowsException'{0x000000008a0ae5b8}> (0x000000008a0ae5b8) 
thrown [s\src\hotspot\share\prims\jni.cpp, line 516]
Event: 2.603 Thread 0x0000020544690490 Exception <a 'sun/nio/fs/WindowsException'{0x000000008a0aefc8}> (0x000000008a0aefc8) 
thrown [s\src\hotspot\share\prims\jni.cpp, line 516]
Event: 2.603 Thread 0x0000020544690490 Exception <a 'sun/nio/fs/WindowsException'{0x000000008a0af3a0}> (0x000000008a0af3a0) 
thrown [s\src\hotspot\share\prims\jni.cpp, line 516]
Event: 2.603 Thread 0x0000020544690490 Exception <a 'sun/nio/fs/WindowsException'{0x000000008a0afd88}> (0x000000008a0afd88) 
thrown [s\src\hotspot\share\prims\jni.cpp, line 516]
Event: 2.603 Thread 0x0000020544690490 Exception <a 'sun/nio/fs/WindowsException'{0x000000008a0b0128}> (0x000000008a0b0128) 
thrown [s\src\hotspot\share\prims\jni.cpp, line 516]
Event: 2.603 Thread 0x0000020544690490 Exception <a 'sun/nio/fs/WindowsException'{0x000000008a0b0b20}> (0x000000008a0b0b20) 
thrown [s\src\hotspot\share\prims\jni.cpp, line 516]
Event: 2.603 Thread 0x0000020544690490 Exception <a 'sun/nio/fs/WindowsException'{0x000000008a0b0ed8}> (0x000000008a0b0ed8) 
thrown [s\src\hotspot\share\prims\jni.cpp, line 516]
Event: 2.604 Thread 0x0000020544690490 Exception <a 'sun/nio/fs/WindowsException'{0x000000008a0b18c0}> (0x000000008a0b18c0) 
thrown [s\src\hotspot\share\prims\jni.cpp, line 516]
Event: 2.604 Thread 0x0000020544690490 Exception <a 'sun/nio/fs/WindowsException'{0x000000008a0b1c68}> (0x000000008a0b1c68) 
thrown [s\src\hotspot\share\prims\jni.cpp, line 516]
Event: 2.604 Thread 0x0000020544690490 Exception <a 'sun/nio/fs/WindowsException'{0x000000008a0b2660}> (0x000000008a0b2660) 
thrown [s\src\hotspot\share\prims\jni.cpp, line 516]
Event: 2.604 Thread 0x0000020544690490 Exception <a 'sun/nio/fs/WindowsException'{0x000000008a0b2a18}> (0x000000008a0b2a18) 
thrown [s\src\hotspot\share\prims\jni.cpp, line 516]
Event: 2.604 Thread 0x0000020544690490 Exception <a 'sun/nio/fs/WindowsException'{0x000000008a0b3428}> (0x000000008a0b3428) 
thrown [s\src\hotspot\share\prims\jni.cpp, line 516]
Event: 2.604 Thread 0x0000020544690490 Exception <a 'sun/nio/fs/WindowsException'{0x000000008a0b3800}> (0x000000008a0b3800) 
thrown [s\src\hotspot\share\prims\jni.cpp, line 516]
Event: 2.604 Thread 0x0000020544690490 Exception <a 'sun/nio/fs/WindowsException'{0x000000008a0b4228}> (0x000000008a0b4228) 
thrown [s\src\hotspot\share\prims\jni.cpp, line 516]
Event: 2.604 Thread 0x0000020544690490 Exception <a 'sun/nio/fs/WindowsException'{0x000000008a0b4618}> (0x000000008a0b4618) 
thrown [s\src\hotspot\share\prims\jni.cpp, line 516]
Event: 2.605 Thread 0x0000020544690490 Exception <a 'sun/nio/fs/WindowsException'{0x000000008a0b5038}> (0x000000008a0b5038) 
thrown [s\src\hotspot\share\prims\jni.cpp, line 516]
Event: 2.605 Thread 0x0000020544690490 Exception <a 'sun/nio/fs/WindowsException'{0x000000008a0b5420}> (0x000000008a0b5420) 
thrown [s\src\hotspot\share\prims\jni.cpp, line 516]
Event: 3.093 Thread 0x0000020544630f00 Exception <a 'java/lang/NoSuchMethodError'{0x000000008983ff18}: 'java.lang.Object java.lang.invoke.Invokers$Holder.invoke_MT(java.lang.Object, java.lang.Object, java.lang.Object)'> (0x000000008983ff18) 
thrown [s\src\hotspot\share\interpreter\linkResolver.cpp, line 759]

VM Operations (20 events):
Event: 3.084 Executing VM operation: HandshakeAllThreads done
Event: 3.121 Executing VM operation: HandshakeAllThreads
Event: 3.121 Executing VM operation: HandshakeAllThreads done
Event: 3.126 Executing VM operation: G1CollectForAllocation
Event: 3.141 Executing VM operation: G1CollectForAllocation done
Event: 3.188 Executing VM operation: G1CollectForAllocation
Event: 3.188 Executing VM operation: G1CollectForAllocation done
Event: 3.188 Executing VM operation: G1CollectForAllocation
Event: 3.206 Executing VM operation: G1CollectForAllocation done
Event: 3.223 Executing VM operation: G1CollectForAllocation
Event: 3.224 Executing VM operation: G1CollectForAllocation done
Event: 3.224 Executing VM operation: G1CollectForAllocation
Event: 3.235 Executing VM operation: G1CollectForAllocation done
Event: 3.251 Executing VM operation: G1CollectForAllocation
Event: 3.251 Executing VM operation: G1CollectForAllocation done
Event: 3.252 Executing VM operation: G1CollectForAllocation
Event: 3.254 Executing VM operation: G1CollectForAllocation done
Event: 3.264 Executing VM operation: HandshakeAllThreads
Event: 3.279 Executing VM operation: HandshakeAllThreads done
Event: 3.279 Executing VM operation: G1CollectForAllocation

Events (20 events):
Event: 3.097 loading class jdk/internal/jrtfs/JrtPath
Event: 3.098 loading class jdk/internal/jrtfs/JrtPath done
Event: 3.099 loading class java/nio/file/FileVisitOption
Event: 3.099 loading class java/nio/file/FileVisitOption done
Event: 3.099 loading class java/nio/file/FileTreeWalker
Event: 3.100 loading class java/nio/file/FileTreeWalker done
Event: 3.121 loading class java/nio/file/FileTreeWalker$DirectoryNode
Event: 3.122 loading class java/nio/file/FileTreeWalker$DirectoryNode done
Event: 3.122 loading class java/nio/file/FileTreeWalker$Event
Event: 3.122 loading class java/nio/file/FileTreeWalker$Event done
Event: 3.122 loading class java/nio/file/FileTreeWalker$EventType
Event: 3.122 loading class java/nio/file/FileTreeWalker$EventType done
Event: 3.122 loading class java/nio/file/Files$3
Event: 3.122 loading class java/nio/file/Files$3 done
Event: 3.122 loading class java/nio/file/FileVisitResult
Event: 3.122 loading class java/nio/file/FileVisitResult done
Event: 3.159 loading class java/nio/channels/Channels$ReadableByteChannelImpl
Event: 3.159 loading class java/nio/channels/Channels$ReadableByteChannelImpl done
Event: 3.159 loading class java/nio/channels/NonWritableChannelException
Event: 3.159 loading class java/nio/channels/NonWritableChannelException done


Dynamic libraries:
0x00007ff68ec40000 - 0x00007ff68ec4e000 	c:\Users\user\.vscode\extensions\redhat.java-1.12.0-win32-x64\jre\17.0.4.1-win32-x86_64\bin\java.exe
0x00007ff962170000 - 0x00007ff962368000 	C:\WINDOWS\SYSTEM32\ntdll.dll
0x00007ff960ea0000 - 0x00007ff960f5f000 	C:\WINDOWS\System32\KERNEL32.DLL
0x00007ff95fb90000 - 0x00007ff95fe62000 	C:\WINDOWS\System32\KERNELBASE.dll
0x00007ff95fa90000 - 0x00007ff95fb90000 	C:\WINDOWS\System32\ucrtbase.dll
0x00007ff958dd0000 - 0x00007ff958de9000 	c:\Users\user\.vscode\extensions\redhat.java-1.12.0-win32-x64\jre\17.0.4.1-win32-x86_64\bin\VCRUNTIME140.dll
0x00007ff951b60000 - 0x00007ff951b78000 	c:\Users\user\.vscode\extensions\redhat.java-1.12.0-win32-x64\jre\17.0.4.1-win32-x86_64\bin\jli.dll
0x00007ff961340000 - 0x00007ff9614dd000 	C:\WINDOWS\System32\USER32.dll
0x00007ff95ff20000 - 0x00007ff95ff42000 	C:\WINDOWS\System32\win32u.dll
0x00007ff94dd70000 - 0x00007ff94e00a000 	C:\WINDOWS\WinSxS\amd64_microsoft.windows.common-controls_6595b64144ccf1df_6.0.19041.1110_none_60b5254171f9507e\COMCTL32.dll
0x00007ff961ea0000 - 0x00007ff961ecb000 	C:\WINDOWS\System32\GDI32.dll
0x00007ff960880000 - 0x00007ff96091e000 	C:\WINDOWS\System32\msvcrt.dll
0x00007ff95f980000 - 0x00007ff95fa8f000 	C:\WINDOWS\System32\gdi32full.dll
0x00007ff95f870000 - 0x00007ff95f90d000 	C:\WINDOWS\System32\msvcp_win.dll
0x00007ff962090000 - 0x00007ff9620c2000 	C:\WINDOWS\System32\IMM32.DLL
0x00007ff95a750000 - 0x00007ff95a75c000 	c:\Users\user\.vscode\extensions\redhat.java-1.12.0-win32-x64\jre\17.0.4.1-win32-x86_64\bin\vcruntime140_1.dll
0x00007ff924480000 - 0x00007ff924511000 	c:\Users\user\.vscode\extensions\redhat.java-1.12.0-win32-x64\jre\17.0.4.1-win32-x86_64\bin\msvcp140.dll
0x00007ff90dee0000 - 0x00007ff90eb26000 	c:\Users\user\.vscode\extensions\redhat.java-1.12.0-win32-x64\jre\17.0.4.1-win32-x86_64\bin\server\jvm.dll
0x00007ff961140000 - 0x00007ff9611ee000 	C:\WINDOWS\System32\ADVAPI32.dll
0x00007ff9602f0000 - 0x00007ff96038c000 	C:\WINDOWS\System32\sechost.dll
0x00007ff9601c0000 - 0x00007ff9602e5000 	C:\WINDOWS\System32\RPCRT4.dll
0x00007ff961010000 - 0x00007ff961018000 	C:\WINDOWS\System32\PSAPI.DLL
0x00007ff95b910000 - 0x00007ff95b91a000 	C:\WINDOWS\SYSTEM32\VERSION.dll
0x00007ff94c6c0000 - 0x00007ff94c6c9000 	C:\WINDOWS\SYSTEM32\WSOCK32.dll
0x00007ff94bbd0000 - 0x00007ff94bbf7000 	C:\WINDOWS\SYSTEM32\WINMM.dll
0x00007ff961fa0000 - 0x00007ff96200b000 	C:\WINDOWS\System32\WS2_32.dll
0x00007ff95e110000 - 0x00007ff95e122000 	C:\WINDOWS\SYSTEM32\kernel.appcore.dll
0x00007ff95a720000 - 0x00007ff95a72a000 	c:\Users\user\.vscode\extensions\redhat.java-1.12.0-win32-x64\jre\17.0.4.1-win32-x86_64\bin\jimage.dll
0x00007ff95d630000 - 0x00007ff95d814000 	C:\WINDOWS\SYSTEM32\DBGHELP.DLL
0x00007ff9513a0000 - 0x00007ff9513cc000 	C:\WINDOWS\SYSTEM32\dbgcore.DLL
0x00007ff95ffa0000 - 0x00007ff960022000 	C:\WINDOWS\System32\bcryptPrimitives.dll
0x00007ff948b00000 - 0x00007ff948b25000 	c:\Users\user\.vscode\extensions\redhat.java-1.12.0-win32-x64\jre\17.0.4.1-win32-x86_64\bin\java.dll
0x00007ff951120000 - 0x00007ff951138000 	c:\Users\user\.vscode\extensions\redhat.java-1.12.0-win32-x64\jre\17.0.4.1-win32-x86_64\bin\zip.dll
0x00007ff9614e0000 - 0x00007ff961c23000 	C:\WINDOWS\System32\SHELL32.dll
0x00007ff95d820000 - 0x00007ff95dfb2000 	C:\WINDOWS\SYSTEM32\windows.storage.dll
0x00007ff9609b0000 - 0x00007ff960d04000 	C:\WINDOWS\System32\combase.dll
0x00007ff95f1f0000 - 0x00007ff95f220000 	C:\WINDOWS\SYSTEM32\Wldp.dll
0x00007ff960f60000 - 0x00007ff96100d000 	C:\WINDOWS\System32\SHCORE.dll
0x00007ff960d10000 - 0x00007ff960d65000 	C:\WINDOWS\System32\shlwapi.dll
0x00007ff95f7b0000 - 0x00007ff95f7cf000 	C:\WINDOWS\SYSTEM32\profapi.dll
0x00007ff950900000 - 0x00007ff950919000 	C:\Users\user\.vscode\extensions\redhat.java-1.12.0-win32-x64\jre\17.0.4.1-win32-x86_64\bin\net.dll
0x00007ff9547d0000 - 0x00007ff9548dc000 	C:\WINDOWS\SYSTEM32\WINHTTP.dll
0x00007ff95ef50000 - 0x00007ff95efba000 	C:\WINDOWS\system32\mswsock.dll
0x00007ff94c050000 - 0x00007ff94c065000 	C:\Users\user\.vscode\extensions\redhat.java-1.12.0-win32-x64\jre\17.0.4.1-win32-x86_64\bin\nio.dll
0x00007ff95a450000 - 0x00007ff95a460000 	c:\Users\user\.vscode\extensions\redhat.java-1.12.0-win32-x64\jre\17.0.4.1-win32-x86_64\bin\verify.dll
0x00007ff95b990000 - 0x00007ff95b999000 	C:\Users\user\.vscode\extensions\redhat.java-1.12.0-win32-x64\jre\17.0.4.1-win32-x86_64\bin\management.dll
0x00007ff95b720000 - 0x00007ff95b72b000 	C:\Users\user\.vscode\extensions\redhat.java-1.12.0-win32-x64\jre\17.0.4.1-win32-x86_64\bin\management_ext.dll
0x00007ff94beb0000 - 0x00007ff94bec7000 	C:\WINDOWS\system32\napinsp.dll
0x00007ff94be90000 - 0x00007ff94beab000 	C:\WINDOWS\system32\pnrpnsp.dll
0x00007ff94be70000 - 0x00007ff94be85000 	C:\WINDOWS\system32\wshbth.dll
0x00007ff959650000 - 0x00007ff95966d000 	C:\WINDOWS\system32\NLAapi.dll
0x00007ff95ec40000 - 0x00007ff95ec7b000 	C:\WINDOWS\SYSTEM32\IPHLPAPI.DLL
0x00007ff95ec80000 - 0x00007ff95ed4a000 	C:\WINDOWS\SYSTEM32\DNSAPI.dll
0x00007ff961c30000 - 0x00007ff961c38000 	C:\WINDOWS\System32\NSI.dll
0x00007ff94bee0000 - 0x00007ff94bef2000 	C:\WINDOWS\System32\winrnr.dll
0x00007ff952d50000 - 0x00007ff952d5a000 	C:\Windows\System32\rasadhlp.dll
0x00007ff9531d0000 - 0x00007ff953250000 	C:\WINDOWS\System32\fwpuclnt.dll
0x00007ff960190000 - 0x00007ff9601b7000 	C:\WINDOWS\System32\bcrypt.dll
0x00007ff95f150000 - 0x00007ff95f168000 	C:\WINDOWS\SYSTEM32\CRYPTSP.dll
0x00007ff95e870000 - 0x00007ff95e8a4000 	C:\WINDOWS\system32\rsaenh.dll
0x00007ff95f770000 - 0x00007ff95f79e000 	C:\WINDOWS\SYSTEM32\USERENV.dll
0x00007ff95f140000 - 0x00007ff95f14c000 	C:\WINDOWS\SYSTEM32\CRYPTBASE.dll
0x00007ff957600000 - 0x00007ff957617000 	C:\WINDOWS\SYSTEM32\dhcpcsvc6.DLL
0x00007ff958820000 - 0x00007ff95883d000 	C:\WINDOWS\SYSTEM32\dhcpcsvc.DLL

dbghelp: loaded successfully - version: 4.0.5 - missing functions: none
symbol engine: initialized successfully - sym options: 0x614 - pdb path: .;c:\Users\user\.vscode\extensions\redhat.java-1.12.0-win32-x64\jre\17.0.4.1-win32-x86_64\bin;C:\WINDOWS\SYSTEM32;C:\WINDOWS\WinSxS\amd64_microsoft.windows.common-controls_6595b64144ccf1df_6.0.19041.1110_none_60b5254171f9507e;c:\Users\user\.vscode\extensions\redhat.java-1.12.0-win32-x64\jre\17.0.4.1-win32-x86_64\bin\server

VM Arguments:
jvm_args: -Dsts.lsp.client=vscode -Dsts.log.file=/dev/null -XX:TieredStopAtLevel=1 -Xlog:jni+resolve=off -Dspring.config.location=file:c:\Users\user\.vscode\extensions\pivotal.vscode-spring-boot-1.40.0\language-server\BOOT-INF\classes\application.properties 
java_command: org.springframework.ide.vscode.boot.app.BootLanguageServerBootApp
java_class_path (initial): c:\Users\user\.vscode\extensions\pivotal.vscode-spring-boot-1.40.0\language-server\BOOT-INF\classes;c:\Users\user\.vscode\extensions\pivotal.vscode-spring-boot-1.40.0\language-server\BOOT-INF\lib\annotations-23.0.0.jar;c:\Users\user\.vscode\extensions\pivotal.vscode-spring-boot-1.40.0\language-server\BOOT-INF\lib\ant-1.10.12.jar;c:\Users\user\.vscode\extensions\pivotal.vscode-spring-boot-1.40.0\language-server\BOOT-INF\lib\ant-launcher-1.10.12.jar;c:\Users\user\.vscode\extensions\pivotal.vscode-spring-boot-1.40.0\language-server\BOOT-INF\lib\antlr-runtime-3.5.2.jar;c:\Users\user\.vscode\extensions\pivotal.vscode-spring-boot-1.40.0\language-server\BOOT-INF\lib\antlr4-4.9.3.jar;c:\Users\user\.vscode\extensions\pivotal.vscode-spring-boot-1.40.0\language-server\BOOT-INF\lib\antlr4-runtime-4.9.3.jar;c:\Users\user\.vscode\extensions\pivotal.vscode-spring-boot-1.40.0\language-server\BOOT-INF\lib\asm-9.3.jar;c:\Users\user\.vscode\extensions\pivotal.vscode-spring-boot-1.40.0\language-server\BOOT-INF\lib\asm-analysis-9.3.jar;c:\Users\user\.vscode\extensions\pivotal.vscode-spring-boot-1.40.0\language-server\BOOT-INF\lib\asm-tree-9.3.jar;c:\Users\user\.vscode\extensions\pivotal.vscode-spring-boot-1.40.0\language-server\BOOT-INF\lib\asm-util-9.3.jar;c:\Users\user\.vscode\extensions\pivotal.vscode-spring-boot-1.40.0\language-server\BOOT-INF\lib\byte-buddy-1.12.13.jar;c:\Users\user\.vscode\extensions\pivotal.vscode-spring-boot-1.40.0\language-server\BOOT-INF\lib\caffeine-2.9.3.jar;c:\Users\user\.vscode\extensions\pivotal.vscode-spring-boot-1.40.0\language-server\BOOT-INF\lib\checker-qual-3.12.0.jar;c:\Users\user\.vscode\extensions\pivotal.vscode-spring-boot-1.40.0\language-server\BOOT-INF\lib\classgraph-4.8.149.jar;c:\Users\user\.vscode\extensions\pivotal.vscode-spring-boot-1.40.0\language-server\BOOT-INF\lib\commons-codec-1.15.jar;c:\Users\user\.vscode\extensions\pivotal.vscode-spring-boot-1.40.0\language-server\BOOT-INF\lib\commons-compress-1.21.jar;
Launcher Type: SUN_STANDARD

[Global flags]
     intx CICompilerCount                          = 4                                         {product} {ergonomic}
     uint ConcGCThreads                            = 2                                         {product} {ergonomic}
     uint G1ConcRefinementThreads                  = 8                                         {product} {ergonomic}
   size_t G1HeapRegionSize                         = 1048576                                   {product} {ergonomic}
    uintx GCDrainStackTargetSize                   = 64                                        {product} {ergonomic}
   size_t InitialHeapSize                          = 132120576                                 {product} {ergonomic}
   size_t MarkStackSize                            = 4194304                                   {product} {ergonomic}
   size_t MaxHeapSize                              = 2090860544                                {product} {ergonomic}
   size_t MaxNewSize                               = 1254096896                                {product} {ergonomic}
   size_t MinHeapDeltaBytes                        = 1048576                                   {product} {ergonomic}
   size_t MinHeapSize                              = 8388608                                   {product} {ergonomic}
    uintx NonProfiledCodeHeapSize                  = 0                                      {pd product} {ergonomic}
     bool ProfileInterpreter                       = false                                  {pd product} {command line}
    uintx ProfiledCodeHeapSize                     = 0                                      {pd product} {ergonomic}
   size_t SoftMaxHeapSize                          = 2090860544                             {manageable} {ergonomic}
     intx TieredStopAtLevel                        = 1                                         {product} {command line}
     bool UseCompressedClassPointers               = true                           {product lp64_product} {ergonomic}
     bool UseCompressedOops                        = true                           {product lp64_product} {ergonomic}
     bool UseG1GC                                  = true                                      {product} {ergonomic}
     bool UseLargePagesIndividualAllocation        = false                                  {pd product} {ergonomic}

Logging:
Log output configuration:
 #0: stdout all=warning,jni+resolve=off uptime,level,tags
 #1: stderr all=off uptime,level,tags

Environment Variables:
PATH=C:\Program Files\Common Files\Oracle\Java\javapath;c:\app\user\product\11.2.0\client_2\bin;C:\Program Files (x86)\Common Files\Oracle\Java\javapath;c:\app\user\product\11.2.0\client_1\bin;C:\ProgramData\Oracle\Java\javapath;C:\WINDOWS\system32;C:\WINDOWS;C:\WINDOWS\System32\Wbem;C:\WINDOWS\System32\WindowsPowerShell\v1.0\;C:\WINDOWS\System32\OpenSSH\;C:\Program Files\nodejs\;C:\Program Files\Git\cmd;C:\Users\user\AppData\Local\Programs\Python\Python310\Scripts\;C:\Users\user\AppData\Local\Programs\Python\Python310\;C:\Users\user\AppData\Local\Microsoft\WindowsApps;C:\Users\user\AppData\Roaming\npm;C:\Users\user\AppData\Local\Programs\Microsoft VS Code\bin
USERNAME=user
OS=Windows_NT
PROCESSOR_IDENTIFIER=Intel64 Family 6 Model 126 Stepping 5, GenuineIntel
TMP=C:\Users\user\AppData\Local\Temp
TEMP=C:\Users\user\AppData\Local\Temp



---------------  S Y S T E M  ---------------

OS:
 Windows 10 , 64 bit Build 19041 (10.0.19041.2251)
OS uptime: 11 days 16:42 hours

CPU: total 8 (initial active 8) (4 cores per cpu, 2 threads per core) family 6 model 126 stepping 5 microcode 0x78, cx8, cmov, fxsr, ht, mmx, 3dnowpref, sse, sse2, sse3, ssse3, sse4.1, sse4.2, popcnt, lzcnt, tsc, tscinvbit, avx, avx2, aes, erms, clmul, bmi1, bmi2, adx, avx512f, avx512dq, avx512cd, avx512bw, avx512vl, sha, fma, vzeroupper, avx512_vpopcntdq, avx512_vpclmulqdq, avx512_vaes, avx512_vnni, clflush, clflushopt, avx512_vbmi2, avx512_vbmi

Memory: 4k page, system-wide physical 7973M (413M free)
TotalPageFile size 32549M (AvailPageFile size 165M)
current process WorkingSet (physical memory assigned to process): 238M, peak: 238M
current process commit charge ("private bytes"): 283M, peak: 501M

vm_info: OpenJDK 64-Bit Server VM (17.0.4.1+1) for windows-amd64 JRE (17.0.4.1+1), built on Aug 17 2022 07:42:43 by "temurin" with MS VC++ 16.7 (VS2019)

END.
