#
# There is insufficient memory for the Java Runtime Environment to continue.
# Native memory allocation (mmap) failed to map 238026752 bytes for G1 virtual space
# Possible reasons:
#   The system is out of physical RAM or swap space
#   The process is running with CompressedOops enabled, and the Java Heap may be blocking the growth of the native heap
# Possible solutions:
#   Reduce memory load on the system
#   Increase physical memory or swap space
#   Check if swap backing store is full
#   Decrease Java heap size (-Xmx/-Xms)
#   Decrease number of Java threads
#   Decrease Java thread stack sizes (-Xss)
#   Set larger code cache with -XX:ReservedCodeCacheSize=
#   JVM is running with Unscaled Compressed Oops mode in which the Java heap is
#     placed in the first 4GB address space. The Java Heap base address is the
#     maximum limit for the native heap growth. Please use -XX:HeapBaseMinAddress
#     to set the Java Heap base and to place the Java Heap above 4GB virtual address.
# This output file may be truncated or incomplete.
#
#  Out of Memory Error (os_windows.cpp:3541), pid=9324, tid=18284
#
# JRE version: OpenJDK Runtime Environment Temurin-17.0.4.1+1 (17.0.4.1+1) (build 17.0.4.1+1)
# Java VM: OpenJDK 64-Bit Server VM Temurin-17.0.4.1+1 (17.0.4.1+1, mixed mode, emulated-client, tiered, compressed oops, compressed class ptrs, g1 gc, windows-amd64)
# No core dump will be written. Minidumps are not enabled by default on client versions of Windows
#

---------------  S U M M A R Y ------------

Command Line: -Dsts.lsp.client=vscode -Dsts.log.file=/dev/null -XX:TieredStopAtLevel=1 -Xlog:jni+resolve=off -Dspring.config.location=file:c:\Users\user\.vscode\extensions\pivotal.vscode-spring-boot-1.40.0\language-server\BOOT-INF\classes\application.properties org.springframework.ide.vscode.boot.app.BootLanguageServerBootApp

Host: Intel(R) Core(TM) i5-1035G1 CPU @ 1.00GHz, 8 cores, 7G,  Windows 10 , 64 bit Build 19041 (10.0.19041.2251)
Time: Mon Nov 21 17:46:16 2022 Hora est. Pacífico, Sudamérica elapsed time: 3.360974 seconds (0d 0h 0m 3s)

---------------  T H R E A D  ---------------

Current thread (0x0000029bc6f6ce30):  VMThread "VM Thread" [stack: 0x000000b022d00000,0x000000b022e00000] [id=18284]

Stack: [0x000000b022d00000,0x000000b022e00000]
Native frames: (J=compiled Java code, j=interpreted, Vv=VM code, C=native code)
V  [jvm.dll+0x67731a]
V  [jvm.dll+0x832284]
V  [jvm.dll+0x833a2e]
V  [jvm.dll+0x834093]
V  [jvm.dll+0x245775]
V  [jvm.dll+0x674209]
V  [jvm.dll+0x668a92]
V  [jvm.dll+0x30471b]
V  [jvm.dll+0x30bc66]
V  [jvm.dll+0x35ba9e]
V  [jvm.dll+0x35bccf]
V  [jvm.dll+0x2db5b8]
V  [jvm.dll+0x2d986c]
V  [jvm.dll+0x2d8e3c]
V  [jvm.dll+0x31cd9b]
V  [jvm.dll+0x83853b]
V  [jvm.dll+0x839274]
V  [jvm.dll+0x83978c]
V  [jvm.dll+0x839b64]
V  [jvm.dll+0x839c30]
V  [jvm.dll+0x7e240a]
V  [jvm.dll+0x6761a5]
C  [ucrtbase.dll+0x21bb2]
C  [KERNEL32.DLL+0x174b4]
C  [ntdll.dll+0x526a1]

VM_Operation (0x000000b0250fe110): G1CollectForAllocation, mode: safepoint, requested by thread 0x0000029bc9b588c0


---------------  P R O C E S S  ---------------

Threads class SMR info:
_java_thread_list=0x0000029bc9ad88f0, length=40, elements={
0x0000029bc7814790, 0x0000029bc7815050, 0x0000029bc7837bf0, 0x0000029bc78394c0,
0x0000029bc7839d80, 0x0000029bc783ce60, 0x0000029bc783d930, 0x0000029bc783e230,
0x0000029bc79882e0, 0x0000029bc7a5dca0, 0x0000029bc7a5e580, 0x0000029bc8427b70,
0x0000029bc8426220, 0x0000029bc92c86a0, 0x0000029bc9453130, 0x0000029bc9989030,
0x0000029bb9c98830, 0x0000029bc98b6a10, 0x0000029bc9a34d80, 0x0000029bc9a35250,
0x0000029bc9a60520, 0x0000029bc9a5ed10, 0x0000029bc9a5fb80, 0x0000029bc9a5f6b0,
0x0000029bc9a5f1e0, 0x0000029bc9a60050, 0x0000029bc9b588c0, 0x0000029bc9b55d70,
0x0000029bc9b570b0, 0x0000029bc9b54a30, 0x0000029bc9b57f20, 0x0000029bc9b54090,
0x0000029bc9b558a0, 0x0000029bc9b57580, 0x0000029bc9b583f0, 0x0000029bc9b56be0,
0x0000029bc9b5b8e0, 0x0000029bc9b5af40, 0x0000029bc9b5a0d0, 0x0000029bc9b57a50
}

Java Threads: ( => current thread )
  0x0000029bc7814790 JavaThread "Reference Handler" daemon [_thread_blocked, id=13968, stack(0x000000b022e00000,0x000000b022f00000)]
  0x0000029bc7815050 JavaThread "Finalizer" daemon [_thread_blocked, id=22324, stack(0x000000b022f00000,0x000000b023000000)]
  0x0000029bc7837bf0 JavaThread "Signal Dispatcher" daemon [_thread_blocked, id=972, stack(0x000000b023000000,0x000000b023100000)]
  0x0000029bc78394c0 JavaThread "Attach Listener" daemon [_thread_blocked, id=34416, stack(0x000000b023100000,0x000000b023200000)]
  0x0000029bc7839d80 JavaThread "Service Thread" daemon [_thread_blocked, id=14556, stack(0x000000b023200000,0x000000b023300000)]
  0x0000029bc783ce60 JavaThread "Monitor Deflation Thread" daemon [_thread_blocked, id=29500, stack(0x000000b023300000,0x000000b023400000)]
  0x0000029bc783d930 JavaThread "C1 CompilerThread0" daemon [_thread_blocked, id=27208, stack(0x000000b023400000,0x000000b023500000)]
  0x0000029bc783e230 JavaThread "Sweeper thread" daemon [_thread_blocked, id=27408, stack(0x000000b023500000,0x000000b023600000)]
  0x0000029bc79882e0 JavaThread "C1 CompilerThread1" daemon [_thread_blocked, id=17240, stack(0x000000b023600000,0x000000b023700000)]
  0x0000029bc7a5dca0 JavaThread "Notification Thread" daemon [_thread_blocked, id=36528, stack(0x000000b023700000,0x000000b023800000)]
  0x0000029bc7a5e580 JavaThread "Common-Cleaner" daemon [_thread_blocked, id=32164, stack(0x000000b023900000,0x000000b023a00000)]
  0x0000029bc8427b70 JavaThread "C1 CompilerThread2" daemon [_thread_blocked, id=16276, stack(0x000000b023a00000,0x000000b023b00000)]
  0x0000029bc8426220 JavaThread "C1 CompilerThread3" daemon [_thread_blocked, id=14840, stack(0x000000b023b00000,0x000000b023c00000)]
  0x0000029bc92c86a0 JavaThread "boundedElastic-evictor-1" daemon [_thread_blocked, id=34076, stack(0x000000b024100000,0x000000b024200000)]
  0x0000029bc9453130 JavaThread "pool-9-thread-1" [_thread_blocked, id=16948, stack(0x000000b024500000,0x000000b024600000)]
  0x0000029bc9989030 JavaThread "LanguageServerApp-lifecycle" [_thread_blocked, id=13724, stack(0x000000b024600000,0x000000b024700000)]
  0x0000029bb9c98830 JavaThread "DestroyJavaVM" [_thread_blocked, id=26740, stack(0x000000b022700000,0x000000b022800000)]
  0x0000029bc98b6a10 JavaThread "pool-10-thread-1" [_thread_in_native, id=32628, stack(0x000000b024700000,0x000000b024800000)]
  0x0000029bc9a34d80 JavaThread "Simple-Language-Server main thread" daemon [_thread_blocked, id=5992, stack(0x000000b024800000,0x000000b024900000)]
  0x0000029bc9a35250 JavaThread "ForkJoinPool.commonPool-worker-1" daemon [_thread_blocked, id=25144, stack(0x000000b024900000,0x000000b024a00000)]
  0x0000029bc9a60520 JavaThread "pool-7-thread-1" [_thread_blocked, id=14320, stack(0x000000b024a00000,0x000000b024b00000)]
  0x0000029bc9a5ed10 JavaThread "parallel-1" daemon [_thread_blocked, id=1832, stack(0x000000b024b00000,0x000000b024c00000)]
  0x0000029bc9a5fb80 JavaThread "pool-4-thread-1" [_thread_blocked, id=19364, stack(0x000000b024c00000,0x000000b024d00000)]
  0x0000029bc9a5f6b0 JavaThread "ClassGraph-worker-0" daemon [_thread_blocked, id=18720, stack(0x000000b024d00000,0x000000b024e00000)]
  0x0000029bc9a5f1e0 JavaThread "ClassGraph-worker-1" daemon [_thread_blocked, id=31380, stack(0x000000b024e00000,0x000000b024f00000)]
  0x0000029bc9a60050 JavaThread "ClassGraph-worker-2" daemon [_thread_blocked, id=5092, stack(0x000000b024f00000,0x000000b025000000)]
  0x0000029bc9b588c0 JavaThread "ClassGraph-worker-3" daemon [_thread_blocked, id=22848, stack(0x000000b025000000,0x000000b025100000)]
  0x0000029bc9b55d70 JavaThread "ClassGraph-worker-4" daemon [_thread_blocked, id=29688, stack(0x000000b025100000,0x000000b025200000)]
  0x0000029bc9b570b0 JavaThread "ClassGraph-worker-5" daemon [_thread_blocked, id=13764, stack(0x000000b025200000,0x000000b025300000)]
  0x0000029bc9b54a30 JavaThread "ClassGraph-worker-6" daemon [_thread_blocked, id=8728, stack(0x000000b025300000,0x000000b025400000)]
  0x0000029bc9b57f20 JavaThread "ClassGraph-worker-7" daemon [_thread_blocked, id=34264, stack(0x000000b025400000,0x000000b025500000)]
  0x0000029bc9b54090 JavaThread "ClassGraph-worker-8" daemon [_thread_blocked, id=35912, stack(0x000000b025500000,0x000000b025600000)]
  0x0000029bc9b558a0 JavaThread "ClassGraph-worker-9" daemon [_thread_blocked, id=18232, stack(0x000000b025600000,0x000000b025700000)]
  0x0000029bc9b57580 JavaThread "ClassGraph-worker-10" daemon [_thread_blocked, id=14464, stack(0x000000b025700000,0x000000b025800000)]
  0x0000029bc9b583f0 JavaThread "ClassGraph-worker-11" daemon [_thread_blocked, id=18896, stack(0x000000b025800000,0x000000b025900000)]
  0x0000029bc9b56be0 JavaThread "ClassGraph-worker-12" daemon [_thread_blocked, id=19544, stack(0x000000b025900000,0x000000b025a00000)]
  0x0000029bc9b5b8e0 JavaThread "ClassGraph-worker-13" daemon [_thread_blocked, id=29456, stack(0x000000b025a00000,0x000000b025b00000)]
  0x0000029bc9b5af40 JavaThread "parallel-2" daemon [_thread_blocked, id=4000, stack(0x000000b025b00000,0x000000b025c00000)]
  0x0000029bc9b5a0d0 JavaThread "Reconciler-1" daemon [_thread_blocked, id=19396, stack(0x000000b025c00000,0x000000b025d00000)]
  0x0000029bc9b57a50 JavaThread "pool-4-thread-2" [_thread_blocked, id=29952, stack(0x000000b025d00000,0x000000b025e00000)]

Other Threads:
=>0x0000029bc6f6ce30 VMThread "VM Thread" [stack: 0x000000b022d00000,0x000000b022e00000] [id=18284]
  0x0000029bb9d10810 WatcherThread [stack: 0x000000b023800000,0x000000b023900000] [id=12448]
  0x0000029bb9cf1520 GCTaskThread "GC Thread#0" [stack: 0x000000b022800000,0x000000b022900000] [id=9544]
  0x0000029bc850b830 GCTaskThread "GC Thread#1" [stack: 0x000000b023c00000,0x000000b023d00000] [id=23572]
  0x0000029bc83ee010 GCTaskThread "GC Thread#2" [stack: 0x000000b023d00000,0x000000b023e00000] [id=17404]
  0x0000029bc9035ac0 GCTaskThread "GC Thread#3" [stack: 0x000000b023e00000,0x000000b023f00000] [id=15180]
  0x0000029bc903dd90 GCTaskThread "GC Thread#4" [stack: 0x000000b023f00000,0x000000b024000000] [id=24692]
  0x0000029bc903e040 GCTaskThread "GC Thread#5" [stack: 0x000000b024000000,0x000000b024100000] [id=3120]
  0x0000029bc92b0d60 GCTaskThread "GC Thread#6" [stack: 0x000000b024200000,0x000000b024300000] [id=24580]
  0x0000029bc92cd300 GCTaskThread "GC Thread#7" [stack: 0x000000b024300000,0x000000b024400000] [id=27576]
  0x0000029bb9d01ca0 ConcurrentGCThread "G1 Main Marker" [stack: 0x000000b022900000,0x000000b022a00000] [id=9472]
  0x0000029bb9d025b0 ConcurrentGCThread "G1 Conc#0" [stack: 0x000000b022a00000,0x000000b022b00000] [id=35956]
  0x0000029bc942dc40 ConcurrentGCThread "G1 Conc#1" [stack: 0x000000b024400000,0x000000b024500000] [id=13480]
  0x0000029bb9d6e970 ConcurrentGCThread "G1 Refine#0" [stack: 0x000000b022b00000,0x000000b022c00000] [id=29412]
  0x0000029bc6de4520 ConcurrentGCThread "G1 Service" [stack: 0x000000b022c00000,0x000000b022d00000] [id=35344]

Threads with active compile tasks:
C1 CompilerThread0     3369 4004   !   1       jdk.internal.misc.ScopedMemoryAccess::getLong (20 bytes)
C1 CompilerThread1     3369 4003   !   1       java.nio.DirectLongBufferU::get (36 bytes)
C1 CompilerThread2     3369 4005   !   1       jdk.internal.misc.ScopedMemoryAccess::getLongInternal (36 bytes)
C1 CompilerThread3     3369 4002  s    1       jdk.internal.perf.PerfCounter::get (9 bytes)

VM state: at safepoint (normal execution)

VM Mutex/Monitor currently owned by a thread:  ([mutex/lock_event])
[0x0000029bb7afcce0] Threads_lock - owner thread: 0x0000029bc6f6ce30
[0x0000029bb7afc500] Heap_lock - owner thread: 0x0000029bc9b588c0

Heap address: 0x0000000083600000, size: 1994 MB, Compressed Oops mode: 32-bit

CDS archive(s) not mapped
Compressed class space mapped at: 0x0000000100000000-0x0000000140000000, reserved size: 1073741824
Narrow klass base: 0x0000000000000000, Narrow klass shift: 3, Narrow klass range: 0x140000000

GC Precious Log:
 CPUs: 8 total, 8 available
 Memory: 7973M
 Large Page Support: Disabled
 NUMA Support: Disabled
 Compressed Oops: Enabled (32-bit)
 Heap Region Size: 1M
 Heap Min Capacity: 8M
 Heap Initial Capacity: 126M
 Heap Max Capacity: 1994M
 Pre-touch: Disabled
 Parallel Workers: 8
 Concurrent Workers: 2
 Concurrent Refinement Workers: 8
 Periodic GC: Disabled

Heap:
 garbage-first heap   total 187392K, used 80685K [0x0000000083600000, 0x0000000100000000)
  region size 1024K, 6 young (6144K), 6 survivors (6144K)
 Metaspace       used 38818K, committed 39168K, reserved 1089536K
  class space    used 4903K, committed 5120K, reserved 1048576K

Heap Regions: E=young(eden), S=young(survivor), O=old, HS=humongous(starts), HC=humongous(continues), CS=collection set, F=free, OA=open archive, CA=closed archive, TAMS=top-at-mark-start (previous, next)
|   0|0x0000000083600000, 0x0000000083700000, 0x0000000083700000|100%| O|  |TAMS 0x0000000083700000, 0x0000000083700000| Untracked 
|   1|0x0000000083700000, 0x0000000083800000, 0x0000000083800000|100%| O|  |TAMS 0x0000000083800000, 0x0000000083800000| Untracked 
|   2|0x0000000083800000, 0x0000000083900000, 0x0000000083900000|100%| O|  |TAMS 0x0000000083900000, 0x0000000083900000| Untracked 
|   3|0x0000000083900000, 0x0000000083a00000, 0x0000000083a00000|100%| O|  |TAMS 0x0000000083a00000, 0x0000000083a00000| Untracked 
|   4|0x0000000083a00000, 0x0000000083b00000, 0x0000000083b00000|100%| O|  |TAMS 0x0000000083b00000, 0x0000000083b00000| Untracked 
|   5|0x0000000083b00000, 0x0000000083c00000, 0x0000000083c00000|100%| O|  |TAMS 0x0000000083c00000, 0x0000000083c00000| Untracked 
|   6|0x0000000083c00000, 0x0000000083d00000, 0x0000000083d00000|100%| O|  |TAMS 0x0000000083d00000, 0x0000000083d00000| Untracked 
|   7|0x0000000083d00000, 0x0000000083e00000, 0x0000000083e00000|100%| O|  |TAMS 0x0000000083e00000, 0x0000000083e00000| Untracked 
|   8|0x0000000083e00000, 0x0000000083f00000, 0x0000000083f00000|100%| O|  |TAMS 0x0000000083f00000, 0x0000000083f00000| Untracked 
|   9|0x0000000083f00000, 0x0000000084000000, 0x0000000084000000|100%| O|  |TAMS 0x0000000084000000, 0x0000000084000000| Untracked 
|  10|0x0000000084000000, 0x0000000084100000, 0x0000000084100000|100%| O|  |TAMS 0x0000000084100000, 0x0000000084100000| Untracked 
|  11|0x0000000084100000, 0x0000000084200000, 0x0000000084200000|100%| O|  |TAMS 0x0000000084200000, 0x0000000084200000| Untracked 
|  12|0x0000000084200000, 0x0000000084300000, 0x0000000084300000|100%| O|  |TAMS 0x0000000084300000, 0x0000000084300000| Untracked 
|  13|0x0000000084300000, 0x0000000084400000, 0x0000000084400000|100%| O|  |TAMS 0x0000000084400000, 0x0000000084400000| Untracked 
|  14|0x0000000084400000, 0x0000000084500000, 0x0000000084500000|100%| O|  |TAMS 0x0000000084482200, 0x0000000084500000| Untracked 
|  15|0x0000000084500000, 0x0000000084600000, 0x0000000084600000|100%| O|  |TAMS 0x0000000084500000, 0x0000000084600000| Untracked 
|  16|0x0000000084600000, 0x0000000084700000, 0x0000000084700000|100%| O|  |TAMS 0x0000000084600000, 0x0000000084700000| Untracked 
|  17|0x0000000084700000, 0x0000000084800000, 0x0000000084800000|100%| O|  |TAMS 0x0000000084700000, 0x0000000084800000| Untracked 
|  18|0x0000000084800000, 0x0000000084900000, 0x0000000084900000|100%| O|  |TAMS 0x0000000084800000, 0x0000000084900000| Untracked 
|  19|0x0000000084900000, 0x0000000084a00000, 0x0000000084a00000|100%| O|  |TAMS 0x0000000084900000, 0x0000000084a00000| Untracked 
|  20|0x0000000084a00000, 0x0000000084b00000, 0x0000000084b00000|100%| O|  |TAMS 0x0000000084a00000, 0x0000000084b00000| Untracked 
|  21|0x0000000084b00000, 0x0000000084c00000, 0x0000000084c00000|100%| O|  |TAMS 0x0000000084b00000, 0x0000000084c00000| Untracked 
|  22|0x0000000084c00000, 0x0000000084d00000, 0x0000000084d00000|100%| O|  |TAMS 0x0000000084c00000, 0x0000000084d00000| Untracked 
|  23|0x0000000084d00000, 0x0000000084e00000, 0x0000000084e00000|100%| O|  |TAMS 0x0000000084d00000, 0x0000000084e00000| Untracked 
|  24|0x0000000084e00000, 0x0000000084f00000, 0x0000000084f00000|100%| O|  |TAMS 0x0000000084e00000, 0x0000000084f00000| Untracked 
|  25|0x0000000084f00000, 0x0000000085000000, 0x0000000085000000|100%| O|  |TAMS 0x0000000084f00000, 0x0000000085000000| Untracked 
|  26|0x0000000085000000, 0x0000000085100000, 0x0000000085100000|100%| O|  |TAMS 0x0000000085000000, 0x0000000085100000| Untracked 
|  27|0x0000000085100000, 0x0000000085200000, 0x0000000085200000|100%| O|  |TAMS 0x0000000085100000, 0x0000000085200000| Untracked 
|  28|0x0000000085200000, 0x0000000085300000, 0x0000000085300000|100%| O|  |TAMS 0x0000000085200000, 0x0000000085300000| Untracked 
|  29|0x0000000085300000, 0x0000000085400000, 0x0000000085400000|100%| O|  |TAMS 0x0000000085300000, 0x0000000085400000| Untracked 
|  30|0x0000000085400000, 0x0000000085500000, 0x0000000085500000|100%| O|  |TAMS 0x0000000085400000, 0x0000000085500000| Untracked 
|  31|0x0000000085500000, 0x0000000085600000, 0x0000000085600000|100%| O|  |TAMS 0x0000000085500000, 0x0000000085600000| Untracked 
|  32|0x0000000085600000, 0x0000000085700000, 0x0000000085700000|100%| O|  |TAMS 0x0000000085600000, 0x0000000085700000| Untracked 
|  33|0x0000000085700000, 0x0000000085800000, 0x0000000085800000|100%| O|  |TAMS 0x0000000085700000, 0x0000000085800000| Untracked 
|  34|0x0000000085800000, 0x0000000085900000, 0x0000000085900000|100%| O|  |TAMS 0x0000000085800000, 0x0000000085900000| Untracked 
|  35|0x0000000085900000, 0x0000000085a00000, 0x0000000085a00000|100%| O|  |TAMS 0x0000000085900000, 0x0000000085a00000| Untracked 
|  36|0x0000000085a00000, 0x0000000085b00000, 0x0000000085b00000|100%| O|  |TAMS 0x0000000085a00000, 0x0000000085b00000| Untracked 
|  37|0x0000000085b00000, 0x0000000085c00000, 0x0000000085c00000|100%| O|  |TAMS 0x0000000085b00000, 0x0000000085c00000| Untracked 
|  38|0x0000000085c00000, 0x0000000085d00000, 0x0000000085d00000|100%| O|  |TAMS 0x0000000085c00000, 0x0000000085d00000| Untracked 
|  39|0x0000000085d00000, 0x0000000085e00000, 0x0000000085e00000|100%| O|  |TAMS 0x0000000085d00000, 0x0000000085e00000| Untracked 
|  40|0x0000000085e00000, 0x0000000085f00000, 0x0000000085f00000|100%| O|  |TAMS 0x0000000085e00000, 0x0000000085f00000| Untracked 
|  41|0x0000000085f00000, 0x0000000086000000, 0x0000000086000000|100%| O|  |TAMS 0x0000000085f00000, 0x0000000086000000| Untracked 
|  42|0x0000000086000000, 0x0000000086100000, 0x0000000086100000|100%| O|  |TAMS 0x0000000086000000, 0x0000000086100000| Untracked 
|  43|0x0000000086100000, 0x0000000086200000, 0x0000000086200000|100%| O|  |TAMS 0x0000000086100000, 0x0000000086200000| Untracked 
|  44|0x0000000086200000, 0x0000000086300000, 0x0000000086300000|100%| O|  |TAMS 0x0000000086200000, 0x0000000086300000| Untracked 
|  45|0x0000000086300000, 0x0000000086400000, 0x0000000086400000|100%| O|  |TAMS 0x0000000086300000, 0x0000000086400000| Untracked 
|  46|0x0000000086400000, 0x0000000086500000, 0x0000000086500000|100%| O|  |TAMS 0x0000000086400000, 0x0000000086469a00| Untracked 
|  47|0x0000000086500000, 0x0000000086600000, 0x0000000086600000|100%| O|  |TAMS 0x0000000086500000, 0x0000000086500000| Untracked 
|  48|0x0000000086600000, 0x0000000086700000, 0x0000000086700000|100%| O|  |TAMS 0x0000000086600000, 0x0000000086600000| Untracked 
|  49|0x0000000086700000, 0x0000000086800000, 0x0000000086800000|100%| O|  |TAMS 0x0000000086700000, 0x0000000086700000| Untracked 
|  50|0x0000000086800000, 0x0000000086900000, 0x0000000086900000|100%| O|  |TAMS 0x0000000086800000, 0x0000000086800000| Untracked 
|  51|0x0000000086900000, 0x0000000086a00000, 0x0000000086a00000|100%|HS|  |TAMS 0x0000000086900000, 0x0000000086900000| Complete 
|  52|0x0000000086a00000, 0x0000000086b00000, 0x0000000086b00000|100%|HS|  |TAMS 0x0000000086a00000, 0x0000000086a00000| Complete 
|  53|0x0000000086b00000, 0x0000000086c00000, 0x0000000086c00000|100%| O|  |TAMS 0x0000000086b00000, 0x0000000086b00000| Untracked 
|  54|0x0000000086c00000, 0x0000000086d00000, 0x0000000086d00000|100%| O|  |TAMS 0x0000000086c00000, 0x0000000086c00000| Untracked 
|  55|0x0000000086d00000, 0x0000000086e00000, 0x0000000086e00000|100%| O|  |TAMS 0x0000000086d00000, 0x0000000086d00000| Untracked 
|  56|0x0000000086e00000, 0x0000000086f00000, 0x0000000086f00000|100%| O|  |TAMS 0x0000000086e00000, 0x0000000086e00000| Untracked 
|  57|0x0000000086f00000, 0x0000000087000000, 0x0000000087000000|100%| O|  |TAMS 0x0000000086f00000, 0x0000000086f00000| Untracked 
|  58|0x0000000087000000, 0x0000000087100000, 0x0000000087100000|100%| O|  |TAMS 0x0000000087000000, 0x0000000087000000| Untracked 
|  59|0x0000000087100000, 0x0000000087200000, 0x0000000087200000|100%| O|  |TAMS 0x0000000087100000, 0x0000000087100000| Untracked 
|  60|0x0000000087200000, 0x0000000087300000, 0x0000000087300000|100%| O|  |TAMS 0x0000000087200000, 0x0000000087200000| Untracked 
|  61|0x0000000087300000, 0x0000000087400000, 0x0000000087400000|100%| O|  |TAMS 0x0000000087300000, 0x0000000087300000| Untracked 
|  62|0x0000000087400000, 0x0000000087500000, 0x0000000087500000|100%| O|  |TAMS 0x0000000087400000, 0x0000000087400000| Untracked 
|  63|0x0000000087500000, 0x0000000087600000, 0x0000000087600000|100%| O|  |TAMS 0x0000000087500000, 0x0000000087500000| Untracked 
|  64|0x0000000087600000, 0x0000000087700000, 0x0000000087700000|100%| O|  |TAMS 0x0000000087600000, 0x0000000087600000| Untracked 
|  65|0x0000000087700000, 0x0000000087800000, 0x0000000087800000|100%| O|  |TAMS 0x0000000087700000, 0x0000000087700000| Untracked 
|  66|0x0000000087800000, 0x0000000087900000, 0x0000000087900000|100%| O|  |TAMS 0x0000000087800000, 0x0000000087800000| Untracked 
|  67|0x0000000087900000, 0x0000000087a00000, 0x0000000087a00000|100%| O|  |TAMS 0x0000000087900000, 0x0000000087900000| Untracked 
|  68|0x0000000087a00000, 0x0000000087b00000, 0x0000000087b00000|100%| O|  |TAMS 0x0000000087a00000, 0x0000000087a00000| Untracked 
|  69|0x0000000087b00000, 0x0000000087c00000, 0x0000000087c00000|100%| O|  |TAMS 0x0000000087b00000, 0x0000000087b00000| Untracked 
|  70|0x0000000087c00000, 0x0000000087d00000, 0x0000000087d00000|100%| O|  |TAMS 0x0000000087c00000, 0x0000000087c00000| Untracked 
|  71|0x0000000087d00000, 0x0000000087e00000, 0x0000000087e00000|100%| O|  |TAMS 0x0000000087d00000, 0x0000000087d00000| Untracked 
|  72|0x0000000087e00000, 0x0000000087ecb400, 0x0000000087f00000| 79%| O|  |TAMS 0x0000000087e00000, 0x0000000087e00000| Untracked 
|  73|0x0000000087f00000, 0x0000000087f00000, 0x0000000088000000|  0%| F|  |TAMS 0x0000000087f00000, 0x0000000087f00000| Untracked 
|  74|0x0000000088000000, 0x0000000088000000, 0x0000000088100000|  0%| F|  |TAMS 0x0000000088000000, 0x0000000088000000| Untracked 
|  75|0x0000000088100000, 0x0000000088100000, 0x0000000088200000|  0%| F|  |TAMS 0x0000000088100000, 0x0000000088100000| Untracked 
|  76|0x0000000088200000, 0x0000000088200000, 0x0000000088300000|  0%| F|  |TAMS 0x0000000088200000, 0x0000000088200000| Untracked 
|  77|0x0000000088300000, 0x0000000088300000, 0x0000000088400000|  0%| F|  |TAMS 0x0000000088300000, 0x0000000088300000| Untracked 
|  78|0x0000000088400000, 0x0000000088400000, 0x0000000088500000|  0%| F|  |TAMS 0x0000000088400000, 0x0000000088400000| Untracked 
|  79|0x0000000088500000, 0x0000000088500000, 0x0000000088600000|  0%| F|  |TAMS 0x0000000088500000, 0x0000000088500000| Untracked 
|  80|0x0000000088600000, 0x0000000088600000, 0x0000000088700000|  0%| F|  |TAMS 0x0000000088600000, 0x0000000088600000| Untracked 
|  81|0x0000000088700000, 0x0000000088700000, 0x0000000088800000|  0%| F|  |TAMS 0x0000000088700000, 0x0000000088700000| Untracked 
|  82|0x0000000088800000, 0x0000000088800000, 0x0000000088900000|  0%| F|  |TAMS 0x0000000088800000, 0x0000000088800000| Untracked 
|  83|0x0000000088900000, 0x0000000088900000, 0x0000000088a00000|  0%| F|  |TAMS 0x0000000088900000, 0x0000000088900000| Untracked 
|  84|0x0000000088a00000, 0x0000000088a00000, 0x0000000088b00000|  0%| F|  |TAMS 0x0000000088a00000, 0x0000000088a00000| Untracked 
|  85|0x0000000088b00000, 0x0000000088b00000, 0x0000000088c00000|  0%| F|  |TAMS 0x0000000088b00000, 0x0000000088b00000| Untracked 
|  86|0x0000000088c00000, 0x0000000088c00000, 0x0000000088d00000|  0%| F|  |TAMS 0x0000000088c00000, 0x0000000088c00000| Untracked 
|  87|0x0000000088d00000, 0x0000000088d00000, 0x0000000088e00000|  0%| F|  |TAMS 0x0000000088d00000, 0x0000000088d00000| Untracked 
|  88|0x0000000088e00000, 0x0000000088e00000, 0x0000000088f00000|  0%| F|  |TAMS 0x0000000088e00000, 0x0000000088e00000| Untracked 
|  89|0x0000000088f00000, 0x0000000088f00000, 0x0000000089000000|  0%| F|  |TAMS 0x0000000088f00000, 0x0000000088f00000| Untracked 
|  90|0x0000000089000000, 0x0000000089000000, 0x0000000089100000|  0%| F|  |TAMS 0x0000000089000000, 0x0000000089000000| Untracked 
|  91|0x0000000089100000, 0x0000000089100000, 0x0000000089200000|  0%| F|  |TAMS 0x0000000089100000, 0x0000000089100000| Untracked 
|  92|0x0000000089200000, 0x0000000089200000, 0x0000000089300000|  0%| F|  |TAMS 0x0000000089200000, 0x0000000089200000| Untracked 
|  93|0x0000000089300000, 0x0000000089300000, 0x0000000089400000|  0%| F|  |TAMS 0x0000000089300000, 0x0000000089300000| Untracked 
|  94|0x0000000089400000, 0x0000000089400000, 0x0000000089500000|  0%| F|  |TAMS 0x0000000089400000, 0x0000000089400000| Untracked 
|  95|0x0000000089500000, 0x0000000089500000, 0x0000000089600000|  0%| F|  |TAMS 0x0000000089500000, 0x0000000089500000| Untracked 
|  96|0x0000000089600000, 0x0000000089600000, 0x0000000089700000|  0%| F|  |TAMS 0x0000000089600000, 0x0000000089600000| Untracked 
|  97|0x0000000089700000, 0x0000000089700000, 0x0000000089800000|  0%| F|  |TAMS 0x0000000089700000, 0x0000000089700000| Untracked 
|  98|0x0000000089800000, 0x0000000089800000, 0x0000000089900000|  0%| F|  |TAMS 0x0000000089800000, 0x0000000089800000| Untracked 
|  99|0x0000000089900000, 0x0000000089900000, 0x0000000089a00000|  0%| F|  |TAMS 0x0000000089900000, 0x0000000089900000| Untracked 
| 100|0x0000000089a00000, 0x0000000089a00000, 0x0000000089b00000|  0%| F|  |TAMS 0x0000000089a00000, 0x0000000089a00000| Untracked 
| 101|0x0000000089b00000, 0x0000000089b00000, 0x0000000089c00000|  0%| F|  |TAMS 0x0000000089b00000, 0x0000000089b00000| Untracked 
| 102|0x0000000089c00000, 0x0000000089c00000, 0x0000000089d00000|  0%| F|  |TAMS 0x0000000089c00000, 0x0000000089c00000| Untracked 
| 103|0x0000000089d00000, 0x0000000089d00000, 0x0000000089e00000|  0%| F|  |TAMS 0x0000000089d00000, 0x0000000089d00000| Untracked 
| 104|0x0000000089e00000, 0x0000000089e00000, 0x0000000089f00000|  0%| F|  |TAMS 0x0000000089e00000, 0x0000000089e00000| Untracked 
| 105|0x0000000089f00000, 0x0000000089f00000, 0x000000008a000000|  0%| F|  |TAMS 0x0000000089f00000, 0x0000000089f00000| Untracked 
| 106|0x000000008a000000, 0x000000008a000000, 0x000000008a100000|  0%| F|  |TAMS 0x000000008a000000, 0x000000008a000000| Untracked 
| 107|0x000000008a100000, 0x000000008a100000, 0x000000008a200000|  0%| F|  |TAMS 0x000000008a100000, 0x000000008a100000| Untracked 
| 108|0x000000008a200000, 0x000000008a300000, 0x000000008a300000|100%| S|CS|TAMS 0x000000008a200000, 0x000000008a200000| Complete 
| 109|0x000000008a300000, 0x000000008a400000, 0x000000008a400000|100%| S|CS|TAMS 0x000000008a300000, 0x000000008a300000| Complete 
| 110|0x000000008a400000, 0x000000008a500000, 0x000000008a500000|100%| S|CS|TAMS 0x000000008a400000, 0x000000008a400000| Complete 
| 111|0x000000008a500000, 0x000000008a600000, 0x000000008a600000|100%| S|CS|TAMS 0x000000008a500000, 0x000000008a500000| Complete 
| 112|0x000000008a600000, 0x000000008a700000, 0x000000008a700000|100%| S|CS|TAMS 0x000000008a600000, 0x000000008a600000| Complete 
| 113|0x000000008a700000, 0x000000008a700000, 0x000000008a800000|  0%| F|  |TAMS 0x000000008a700000, 0x000000008a700000| Untracked 
| 114|0x000000008a800000, 0x000000008a800000, 0x000000008a900000|  0%| F|  |TAMS 0x000000008a800000, 0x000000008a800000| Untracked 
| 115|0x000000008a900000, 0x000000008a900000, 0x000000008aa00000|  0%| F|  |TAMS 0x000000008a900000, 0x000000008a900000| Untracked 
| 116|0x000000008aa00000, 0x000000008aa00000, 0x000000008ab00000|  0%| F|  |TAMS 0x000000008aa00000, 0x000000008aa00000| Untracked 
| 117|0x000000008ab00000, 0x000000008ab00000, 0x000000008ac00000|  0%| F|  |TAMS 0x000000008ab00000, 0x000000008ab00000| Untracked 
| 118|0x000000008ac00000, 0x000000008ac00000, 0x000000008ad00000|  0%| F|  |TAMS 0x000000008ac00000, 0x000000008ac00000| Untracked 
| 119|0x000000008ad00000, 0x000000008ae00000, 0x000000008ae00000|100%| S|CS|TAMS 0x000000008ad00000, 0x000000008ad00000| Complete 
| 120|0x000000008ae00000, 0x000000008ae00000, 0x000000008af00000|  0%| F|  |TAMS 0x000000008ae00000, 0x000000008ae00000| Untracked 
| 121|0x000000008af00000, 0x000000008af00000, 0x000000008b000000|  0%| F|  |TAMS 0x000000008af00000, 0x000000008af00000| Untracked 
| 122|0x000000008b000000, 0x000000008b000000, 0x000000008b100000|  0%| F|  |TAMS 0x000000008b000000, 0x000000008b000000| Untracked 
| 123|0x000000008b100000, 0x000000008b100000, 0x000000008b200000|  0%| F|  |TAMS 0x000000008b100000, 0x000000008b100000| Untracked 
| 124|0x000000008b200000, 0x000000008b200000, 0x000000008b300000|  0%| F|  |TAMS 0x000000008b200000, 0x000000008b200000| Untracked 
| 125|0x000000008b300000, 0x000000008b300000, 0x000000008b400000|  0%| F|  |TAMS 0x000000008b300000, 0x000000008b300000| Untracked 
| 126|0x000000008b400000, 0x000000008b400000, 0x000000008b500000|  0%| F|  |TAMS 0x000000008b400000, 0x000000008b400000| Untracked 
| 127|0x000000008b500000, 0x000000008b500000, 0x000000008b600000|  0%| F|  |TAMS 0x000000008b500000, 0x000000008b500000| Untracked 
| 128|0x000000008b600000, 0x000000008b600000, 0x000000008b700000|  0%| F|  |TAMS 0x000000008b600000, 0x000000008b600000| Untracked 
| 129|0x000000008b700000, 0x000000008b700000, 0x000000008b800000|  0%| F|  |TAMS 0x000000008b700000, 0x000000008b700000| Untracked 
| 130|0x000000008b800000, 0x000000008b800000, 0x000000008b900000|  0%| F|  |TAMS 0x000000008b800000, 0x000000008b800000| Untracked 
| 131|0x000000008b900000, 0x000000008b900000, 0x000000008ba00000|  0%| F|  |TAMS 0x000000008b900000, 0x000000008b900000| Untracked 
| 132|0x000000008ba00000, 0x000000008ba00000, 0x000000008bb00000|  0%| F|  |TAMS 0x000000008ba00000, 0x000000008ba00000| Untracked 
| 133|0x000000008bb00000, 0x000000008bb00000, 0x000000008bc00000|  0%| F|  |TAMS 0x000000008bb00000, 0x000000008bb00000| Untracked 
| 134|0x000000008bc00000, 0x000000008bc00000, 0x000000008bd00000|  0%| F|  |TAMS 0x000000008bc00000, 0x000000008bc00000| Untracked 
| 135|0x000000008bd00000, 0x000000008bd00000, 0x000000008be00000|  0%| F|  |TAMS 0x000000008bd00000, 0x000000008bd00000| Untracked 
| 136|0x000000008be00000, 0x000000008be00000, 0x000000008bf00000|  0%| F|  |TAMS 0x000000008be00000, 0x000000008be00000| Untracked 
| 137|0x000000008bf00000, 0x000000008bf00000, 0x000000008c000000|  0%| F|  |TAMS 0x000000008bf00000, 0x000000008bf00000| Untracked 
| 138|0x000000008c000000, 0x000000008c000000, 0x000000008c100000|  0%| F|  |TAMS 0x000000008c000000, 0x000000008c000000| Untracked 
| 139|0x000000008c100000, 0x000000008c100000, 0x000000008c200000|  0%| F|  |TAMS 0x000000008c100000, 0x000000008c100000| Untracked 
| 140|0x000000008c200000, 0x000000008c200000, 0x000000008c300000|  0%| F|  |TAMS 0x000000008c200000, 0x000000008c200000| Untracked 
| 141|0x000000008c300000, 0x000000008c300000, 0x000000008c400000|  0%| F|  |TAMS 0x000000008c300000, 0x000000008c300000| Untracked 
| 142|0x000000008c400000, 0x000000008c400000, 0x000000008c500000|  0%| F|  |TAMS 0x000000008c400000, 0x000000008c400000| Untracked 
| 143|0x000000008c500000, 0x000000008c500000, 0x000000008c600000|  0%| F|  |TAMS 0x000000008c500000, 0x000000008c500000| Untracked 
| 144|0x000000008c600000, 0x000000008c600000, 0x000000008c700000|  0%| F|  |TAMS 0x000000008c600000, 0x000000008c600000| Untracked 
| 145|0x000000008c700000, 0x000000008c700000, 0x000000008c800000|  0%| F|  |TAMS 0x000000008c700000, 0x000000008c700000| Untracked 
| 146|0x000000008c800000, 0x000000008c800000, 0x000000008c900000|  0%| F|  |TAMS 0x000000008c800000, 0x000000008c800000| Untracked 
| 147|0x000000008c900000, 0x000000008c900000, 0x000000008ca00000|  0%| F|  |TAMS 0x000000008c900000, 0x000000008c900000| Untracked 
| 148|0x000000008ca00000, 0x000000008ca00000, 0x000000008cb00000|  0%| F|  |TAMS 0x000000008ca00000, 0x000000008ca00000| Untracked 
| 149|0x000000008cb00000, 0x000000008cb00000, 0x000000008cc00000|  0%| F|  |TAMS 0x000000008cb00000, 0x000000008cb00000| Untracked 
| 150|0x000000008cc00000, 0x000000008cc00000, 0x000000008cd00000|  0%| F|  |TAMS 0x000000008cc00000, 0x000000008cc00000| Untracked 
| 151|0x000000008cd00000, 0x000000008cd00000, 0x000000008ce00000|  0%| F|  |TAMS 0x000000008cd00000, 0x000000008cd00000| Untracked 
| 152|0x000000008ce00000, 0x000000008ce00000, 0x000000008cf00000|  0%| F|  |TAMS 0x000000008ce00000, 0x000000008ce00000| Untracked 
| 153|0x000000008cf00000, 0x000000008cf00000, 0x000000008d000000|  0%| F|  |TAMS 0x000000008cf00000, 0x000000008cf00000| Untracked 
| 154|0x000000008d000000, 0x000000008d000000, 0x000000008d100000|  0%| F|  |TAMS 0x000000008d000000, 0x000000008d000000| Untracked 
| 155|0x000000008d100000, 0x000000008d100000, 0x000000008d200000|  0%| F|  |TAMS 0x000000008d100000, 0x000000008d100000| Untracked 
| 156|0x000000008d200000, 0x000000008d200000, 0x000000008d300000|  0%| F|  |TAMS 0x000000008d200000, 0x000000008d200000| Untracked 
| 157|0x000000008d300000, 0x000000008d300000, 0x000000008d400000|  0%| F|  |TAMS 0x000000008d300000, 0x000000008d300000| Untracked 
| 158|0x000000008d400000, 0x000000008d400000, 0x000000008d500000|  0%| F|  |TAMS 0x000000008d400000, 0x000000008d400000| Untracked 
| 159|0x000000008d500000, 0x000000008d500000, 0x000000008d600000|  0%| F|  |TAMS 0x000000008d500000, 0x000000008d500000| Untracked 
| 160|0x000000008d600000, 0x000000008d600000, 0x000000008d700000|  0%| F|  |TAMS 0x000000008d600000, 0x000000008d600000| Untracked 
| 161|0x000000008d700000, 0x000000008d700000, 0x000000008d800000|  0%| F|  |TAMS 0x000000008d700000, 0x000000008d700000| Untracked 
| 162|0x000000008d800000, 0x000000008d800000, 0x000000008d900000|  0%| F|  |TAMS 0x000000008d800000, 0x000000008d800000| Untracked 
| 163|0x000000008d900000, 0x000000008d900000, 0x000000008da00000|  0%| F|  |TAMS 0x000000008d900000, 0x000000008d900000| Untracked 
| 164|0x000000008da00000, 0x000000008da00000, 0x000000008db00000|  0%| F|  |TAMS 0x000000008da00000, 0x000000008da00000| Untracked 
| 165|0x000000008db00000, 0x000000008db00000, 0x000000008dc00000|  0%| F|  |TAMS 0x000000008db00000, 0x000000008db00000| Untracked 
| 166|0x000000008dc00000, 0x000000008dc00000, 0x000000008dd00000|  0%| F|  |TAMS 0x000000008dc00000, 0x000000008dc00000| Untracked 
| 167|0x000000008dd00000, 0x000000008dd00000, 0x000000008de00000|  0%| F|  |TAMS 0x000000008dd00000, 0x000000008dd00000| Untracked 
| 168|0x000000008de00000, 0x000000008de00000, 0x000000008df00000|  0%| F|  |TAMS 0x000000008de00000, 0x000000008de00000| Untracked 
| 169|0x000000008df00000, 0x000000008df00000, 0x000000008e000000|  0%| F|  |TAMS 0x000000008df00000, 0x000000008df00000| Untracked 
| 170|0x000000008e000000, 0x000000008e000000, 0x000000008e100000|  0%| F|  |TAMS 0x000000008e000000, 0x000000008e000000| Untracked 
| 171|0x000000008e100000, 0x000000008e100000, 0x000000008e200000|  0%| F|  |TAMS 0x000000008e100000, 0x000000008e100000| Untracked 
| 172|0x000000008e200000, 0x000000008e200000, 0x000000008e300000|  0%| F|  |TAMS 0x000000008e200000, 0x000000008e200000| Untracked 
| 173|0x000000008e300000, 0x000000008e300000, 0x000000008e400000|  0%| F|  |TAMS 0x000000008e300000, 0x000000008e300000| Untracked 
| 174|0x000000008e400000, 0x000000008e400000, 0x000000008e500000|  0%| F|  |TAMS 0x000000008e400000, 0x000000008e400000| Untracked 
| 175|0x000000008e500000, 0x000000008e500000, 0x000000008e600000|  0%| F|  |TAMS 0x000000008e500000, 0x000000008e500000| Untracked 
| 176|0x000000008e600000, 0x000000008e600000, 0x000000008e700000|  0%| F|  |TAMS 0x000000008e600000, 0x000000008e600000| Untracked 
| 177|0x000000008e700000, 0x000000008e700000, 0x000000008e800000|  0%| F|  |TAMS 0x000000008e700000, 0x000000008e700000| Untracked 
| 178|0x000000008e800000, 0x000000008e800000, 0x000000008e900000|  0%| F|  |TAMS 0x000000008e800000, 0x000000008e800000| Untracked 
| 179|0x000000008e900000, 0x000000008e900000, 0x000000008ea00000|  0%| F|  |TAMS 0x000000008e900000, 0x000000008e900000| Untracked 
| 180|0x000000008ea00000, 0x000000008ea00000, 0x000000008eb00000|  0%| F|  |TAMS 0x000000008ea00000, 0x000000008ea00000| Untracked 
| 181|0x000000008eb00000, 0x000000008eb00000, 0x000000008ec00000|  0%| F|  |TAMS 0x000000008eb00000, 0x000000008eb00000| Untracked 
| 182|0x000000008ec00000, 0x000000008ec00000, 0x000000008ed00000|  0%| F|  |TAMS 0x000000008ec00000, 0x000000008ec00000| Untracked 

Card table byte_map: [0x0000029bbfe30000,0x0000029bc0220000] _byte_map_base: 0x0000029bbfa15000

Marking Bits (Prev, Next): (CMBitMap*) 0x0000029bb9cf1a30, (CMBitMap*) 0x0000029bb9cf1a70
 Prev Bits: [0x0000029bc0610000, 0x0000029bc2538000)
 Next Bits: [0x0000029bc2540000, 0x0000029bc4468000)

Polling page: 0x0000029bb7c60000

Metaspace:

Usage:
  Non-class:     33.12 MB used.
      Class:      4.79 MB used.
       Both:     37.91 MB used.

Virtual space:
  Non-class space:       40.00 MB reserved,      33.25 MB ( 83%) committed,  5 nodes.
      Class space:        1.00 GB reserved,       5.00 MB ( <1%) committed,  1 nodes.
             Both:        1.04 GB reserved,      38.25 MB (  4%) committed. 

Chunk freelists:
   Non-Class:  2.75 MB
       Class:  3.05 MB
        Both:  5.80 MB

MaxMetaspaceSize: unlimited
CompressedClassSpaceSize: 1.00 GB
Initial GC threshold: 21.00 MB
Current GC threshold: 59.06 MB
CDS: off
MetaspaceReclaimPolicy: balanced
 - commit_granule_bytes: 65536.
 - commit_granule_words: 8192.
 - virtual_space_node_default_size: 1048576.
 - enlarge_chunks_in_place: 1.
 - new_chunks_are_fully_committed: 0.
 - uncommit_free_chunks: 1.
 - use_allocation_guard: 0.
 - handle_deallocations: 1.


Internal statistics:

num_allocs_failed_limit: 6.
num_arena_births: 348.
num_arena_deaths: 0.
num_vsnodes_births: 6.
num_vsnodes_deaths: 0.
num_space_committed: 612.
num_space_uncommitted: 0.
num_chunks_returned_to_freelist: 6.
num_chunks_taken_from_freelist: 1492.
num_chunk_merges: 6.
num_chunk_splits: 1021.
num_chunks_enlarged: 793.
num_purges: 0.
num_inconsistent_stats: 0.

CodeCache: size=49152Kb used=9568Kb max_used=9568Kb free=39583Kb
 bounds [0x0000029bbc930000, 0x0000029bbd290000, 0x0000029bbf930000]
 total_blobs=4532 nmethods=4001 adapters=455
 compilation: enabled
              stopped_count=0, restarted_count=0
 full_count=0

Compilation events (20 events):
Event: 3.338 Thread 0x0000029bc783d930 nmethod 3995 0x0000029bbd27d410 code [0x0000029bbd27d5a0, 0x0000029bbd27d678]
Event: 3.338 Thread 0x0000029bc783d930 3996       1       org.eclipse.jdt.internal.compiler.classfmt.ModuleInfo::name (5 bytes)
Event: 3.338 Thread 0x0000029bc79882e0 nmethod 3979 0x0000029bbd27d710 code [0x0000029bbd27d8c0, 0x0000029bbd27da48]
Event: 3.338 Thread 0x0000029bc783d930 nmethod 3996 0x0000029bbd27db10 code [0x0000029bbd27dca0, 0x0000029bbd27dd78]
Event: 3.340 Thread 0x0000029bc8426220 nmethod 3960 0x0000029bbd27de10 code [0x0000029bbd27dfe0, 0x0000029bbd27e378]
Event: 3.341 Thread 0x0000029bc8426220 3997       1       java.lang.String::valueOf (9 bytes)
Event: 3.341 Thread 0x0000029bc8426220 nmethod 3997 0x0000029bbd27e510 code [0x0000029bbd27e6a0, 0x0000029bbd27e7e8]
Event: 3.343 Thread 0x0000029bc79882e0 3998       1       java.util.zip.ZipFile$Source::initCEN (591 bytes)
Event: 3.343 Thread 0x0000029bc8427b70 nmethod 3974 0x0000029bbd27e910 code [0x0000029bbd27f140, 0x0000029bbd281c88]
Event: 3.344 Thread 0x0000029bc8427b70 3999   !   1       java.io.File::toPath (54 bytes)
Event: 3.344 Thread 0x0000029bc8427b70 nmethod 3999 0x0000029bbd283710 code [0x0000029bbd2838c0, 0x0000029bbd283c08]
Event: 3.345 Thread 0x0000029bc79882e0 nmethod 3998 0x0000029bbd283d90 code [0x0000029bbd2840e0, 0x0000029bbd2856e8]
Event: 3.346 Thread 0x0000029bc79882e0 4000  s!   1       jdk.internal.loader.URLClassPath::getLoader (196 bytes)
Event: 3.347 Thread 0x0000029bc79882e0 nmethod 4000 0x0000029bbd286390 code [0x0000029bbd286640, 0x0000029bbd287058]
Event: 3.350 Thread 0x0000029bc79882e0 4001  s    1       jdk.internal.perf.PerfCounter::add (18 bytes)
Event: 3.351 Thread 0x0000029bc79882e0 nmethod 4001 0x0000029bbd287d10 code [0x0000029bbd287ec0, 0x0000029bbd288178]
Event: 3.351 Thread 0x0000029bc8426220 4002  s    1       jdk.internal.perf.PerfCounter::get (9 bytes)
Event: 3.351 Thread 0x0000029bc79882e0 4003   !   1       java.nio.DirectLongBufferU::get (36 bytes)
Event: 3.351 Thread 0x0000029bc783d930 4004   !   1       jdk.internal.misc.ScopedMemoryAccess::getLong (20 bytes)
Event: 3.351 Thread 0x0000029bc8427b70 4005   !   1       jdk.internal.misc.ScopedMemoryAccess::getLongInternal (36 bytes)

GC Heap History (20 events):
Event: 2.011 GC heap after
{Heap after GC invocations=7 (full 0):
 garbage-first heap   total 96256K, used 16384K [0x0000000083600000, 0x0000000100000000)
  region size 1024K, 3 young (3072K), 3 survivors (3072K)
 Metaspace       used 28124K, committed 28352K, reserved 1081344K
  class space    used 3514K, committed 3648K, reserved 1048576K
}
Event: 2.762 GC heap before
{Heap before GC invocations=7 (full 0):
 garbage-first heap   total 96256K, used 70656K [0x0000000083600000, 0x0000000100000000)
  region size 1024K, 56 young (57344K), 3 survivors (3072K)
 Metaspace       used 35342K, committed 35648K, reserved 1081344K
  class space    used 4576K, committed 4736K, reserved 1048576K
}
Event: 2.769 GC heap after
{Heap after GC invocations=8 (full 0):
 garbage-first heap   total 96256K, used 22024K [0x0000000083600000, 0x0000000100000000)
  region size 1024K, 7 young (7168K), 7 survivors (7168K)
 Metaspace       used 35342K, committed 35648K, reserved 1081344K
  class space    used 4576K, committed 4736K, reserved 1048576K
}
Event: 2.889 GC heap before
{Heap before GC invocations=8 (full 0):
 garbage-first heap   total 96256K, used 58888K [0x0000000083600000, 0x0000000100000000)
  region size 1024K, 45 young (46080K), 7 survivors (7168K)
 Metaspace       used 35767K, committed 36096K, reserved 1081344K
  class space    used 4638K, committed 4800K, reserved 1048576K
}
Event: 2.896 GC heap after
{Heap after GC invocations=9 (full 0):
 garbage-first heap   total 96256K, used 29633K [0x0000000083600000, 0x0000000100000000)
  region size 1024K, 7 young (7168K), 7 survivors (7168K)
 Metaspace       used 35767K, committed 36096K, reserved 1081344K
  class space    used 4638K, committed 4800K, reserved 1048576K
}
Event: 2.964 GC heap before
{Heap before GC invocations=10 (full 0):
 garbage-first heap   total 96256K, used 65473K [0x0000000083600000, 0x0000000100000000)
  region size 1024K, 43 young (44032K), 7 survivors (7168K)
 Metaspace       used 36335K, committed 36672K, reserved 1081344K
  class space    used 4673K, committed 4800K, reserved 1048576K
}
Event: 2.970 GC heap after
{Heap after GC invocations=11 (full 0):
 garbage-first heap   total 96256K, used 36105K [0x0000000083600000, 0x0000000100000000)
  region size 1024K, 6 young (6144K), 6 survivors (6144K)
 Metaspace       used 36335K, committed 36672K, reserved 1081344K
  class space    used 4673K, committed 4800K, reserved 1048576K
}
Event: 3.027 GC heap before
{Heap before GC invocations=11 (full 0):
 garbage-first heap   total 96256K, used 68873K [0x0000000083600000, 0x0000000100000000)
  region size 1024K, 38 young (38912K), 6 survivors (6144K)
 Metaspace       used 36835K, committed 37184K, reserved 1081344K
  class space    used 4726K, committed 4864K, reserved 1048576K
}
Event: 3.035 GC heap after
{Heap after GC invocations=12 (full 0):
 garbage-first heap   total 96256K, used 44888K [0x0000000083600000, 0x0000000100000000)
  region size 1024K, 5 young (5120K), 5 survivors (5120K)
 Metaspace       used 36835K, committed 37184K, reserved 1081344K
  class space    used 4726K, committed 4864K, reserved 1048576K
}
Event: 3.123 GC heap before
{Heap before GC invocations=12 (full 0):
 garbage-first heap   total 96256K, used 69464K [0x0000000083600000, 0x0000000100000000)
  region size 1024K, 30 young (30720K), 5 survivors (5120K)
 Metaspace       used 37796K, committed 38080K, reserved 1089536K
  class space    used 4778K, committed 4928K, reserved 1048576K
}
Event: 3.128 GC heap after
{Heap after GC invocations=13 (full 0):
 garbage-first heap   total 96256K, used 51622K [0x0000000083600000, 0x0000000100000000)
  region size 1024K, 4 young (4096K), 4 survivors (4096K)
 Metaspace       used 37796K, committed 38080K, reserved 1089536K
  class space    used 4778K, committed 4928K, reserved 1048576K
}
Event: 3.154 GC heap before
{Heap before GC invocations=13 (full 0):
 garbage-first heap   total 96256K, used 57766K [0x0000000083600000, 0x0000000100000000)
  region size 1024K, 12 young (12288K), 4 survivors (4096K)
 Metaspace       used 37973K, committed 38336K, reserved 1089536K
  class space    used 4795K, committed 4928K, reserved 1048576K
}
Event: 3.158 GC heap after
{Heap after GC invocations=14 (full 0):
 garbage-first heap   total 187392K, used 54375K [0x0000000083600000, 0x0000000100000000)
  region size 1024K, 3 young (3072K), 3 survivors (3072K)
 Metaspace       used 37973K, committed 38336K, reserved 1089536K
  class space    used 4795K, committed 4928K, reserved 1048576K
}
Event: 3.262 GC heap before
{Heap before GC invocations=14 (full 0):
 garbage-first heap   total 187392K, used 135271K [0x0000000083600000, 0x0000000100000000)
  region size 1024K, 81 young (82944K), 3 survivors (3072K)
 Metaspace       used 38697K, committed 39104K, reserved 1089536K
  class space    used 4886K, committed 5120K, reserved 1048576K
}
Event: 3.289 GC heap after
{Heap after GC invocations=15 (full 0):
 garbage-first heap   total 187392K, used 71283K [0x0000000083600000, 0x0000000100000000)
  region size 1024K, 11 young (11264K), 11 survivors (11264K)
 Metaspace       used 38697K, committed 39104K, reserved 1089536K
  class space    used 4886K, committed 5120K, reserved 1048576K
}
Event: 3.309 GC heap before
{Heap before GC invocations=15 (full 0):
 garbage-first heap   total 187392K, used 130675K [0x0000000083600000, 0x0000000100000000)
  region size 1024K, 70 young (71680K), 11 survivors (11264K)
 Metaspace       used 38712K, committed 39104K, reserved 1089536K
  class space    used 4888K, committed 5120K, reserved 1048576K
}
Event: 3.313 GC heap after
{Heap after GC invocations=16 (full 0):
 garbage-first heap   total 187392K, used 75685K [0x0000000083600000, 0x0000000100000000)
  region size 1024K, 4 young (4096K), 4 survivors (4096K)
 Metaspace       used 38712K, committed 39104K, reserved 1089536K
  class space    used 4888K, committed 5120K, reserved 1048576K
}
Event: 3.330 GC heap before
{Heap before GC invocations=16 (full 0):
 garbage-first heap   total 187392K, used 136101K [0x0000000083600000, 0x0000000100000000)
  region size 1024K, 64 young (65536K), 4 survivors (4096K)
 Metaspace       used 38722K, committed 39104K, reserved 1089536K
  class space    used 4889K, committed 5120K, reserved 1048576K
}
Event: 3.332 GC heap after
{Heap after GC invocations=17 (full 0):
 garbage-first heap   total 187392K, used 77279K [0x0000000083600000, 0x0000000100000000)
  region size 1024K, 6 young (6144K), 6 survivors (6144K)
 Metaspace       used 38722K, committed 39104K, reserved 1089536K
  class space    used 4889K, committed 5120K, reserved 1048576K
}
Event: 3.351 GC heap before
{Heap before GC invocations=17 (full 0):
 garbage-first heap   total 187392K, used 140767K [0x0000000083600000, 0x0000000100000000)
  region size 1024K, 69 young (70656K), 6 survivors (6144K)
 Metaspace       used 38818K, committed 39168K, reserved 1089536K
  class space    used 4903K, committed 5120K, reserved 1048576K
}

Deoptimization events (12 events):
Event: 1.394 Thread 0x0000029bb9c98830 DEOPT PACKING pc=0x0000029bbce8cc19 sp=0x000000b0227fd3b0
Event: 1.394 Thread 0x0000029bb9c98830 DEOPT UNPACKING pc=0x0000029bbc986763 sp=0x000000b0227fc890 mode 3
Event: 2.295 Thread 0x0000029bb9c98830 DEOPT PACKING pc=0x0000029bbcffc399 sp=0x000000b0227fc790
Event: 2.295 Thread 0x0000029bb9c98830 DEOPT UNPACKING pc=0x0000029bbc986763 sp=0x000000b0227fbc70 mode 3
Event: 2.615 Thread 0x0000029bc9a34d80 DEOPT PACKING pc=0x0000029bbd0b5335 sp=0x000000b0248fd8e0
Event: 2.615 Thread 0x0000029bc9a34d80 DEOPT UNPACKING pc=0x0000029bbc986763 sp=0x000000b0248fce08 mode 3
Event: 2.676 Thread 0x0000029bc9a35250 DEOPT PACKING pc=0x0000029bbd0d0fab sp=0x000000b0249fe2d0
Event: 2.676 Thread 0x0000029bc9a35250 DEOPT UNPACKING pc=0x0000029bbc986763 sp=0x000000b0249fd818 mode 3
Event: 2.850 Thread 0x0000029bc9a5f6b0 DEOPT PACKING pc=0x0000029bbce89f01 sp=0x000000b024dfe920
Event: 2.850 Thread 0x0000029bc9a5f6b0 DEOPT UNPACKING pc=0x0000029bbc986763 sp=0x000000b024dfddb0 mode 3
Event: 3.135 Thread 0x0000029bc9b558a0 DEOPT PACKING pc=0x0000029bbce87217 sp=0x000000b0256ff1b0
Event: 3.135 Thread 0x0000029bc9b558a0 DEOPT UNPACKING pc=0x0000029bbc986763 sp=0x000000b0256fe608 mode 3

Classes unloaded (0 events):
No events

Classes redefined (0 events):
No events

Internal exceptions (20 events):
Event: 2.700 Thread 0x0000029bc9a5f1e0 Exception <a 'sun/nio/fs/WindowsException'{0x0000000086cafaa0}> (0x0000000086cafaa0) 
thrown [s\src\hotspot\share\prims\jni.cpp, line 516]
Event: 2.700 Thread 0x0000029bc9a5f1e0 Exception <a 'sun/nio/fs/WindowsException'{0x0000000086cb04d8}> (0x0000000086cb04d8) 
thrown [s\src\hotspot\share\prims\jni.cpp, line 516]
Event: 2.700 Thread 0x0000029bc9a5f1e0 Exception <a 'sun/nio/fs/WindowsException'{0x0000000086cb08e0}> (0x0000000086cb08e0) 
thrown [s\src\hotspot\share\prims\jni.cpp, line 516]
Event: 2.701 Thread 0x0000029bc9a5f1e0 Exception <a 'sun/nio/fs/WindowsException'{0x0000000086cb12f0}> (0x0000000086cb12f0) 
thrown [s\src\hotspot\share\prims\jni.cpp, line 516]
Event: 2.701 Thread 0x0000029bc9a5f1e0 Exception <a 'sun/nio/fs/WindowsException'{0x0000000086cb16c8}> (0x0000000086cb16c8) 
thrown [s\src\hotspot\share\prims\jni.cpp, line 516]
Event: 2.701 Thread 0x0000029bc9a5f1e0 Exception <a 'sun/nio/fs/WindowsException'{0x0000000086cb20b0}> (0x0000000086cb20b0) 
thrown [s\src\hotspot\share\prims\jni.cpp, line 516]
Event: 2.701 Thread 0x0000029bc9a5f1e0 Exception <a 'sun/nio/fs/WindowsException'{0x0000000086cb2450}> (0x0000000086cb2450) 
thrown [s\src\hotspot\share\prims\jni.cpp, line 516]
Event: 2.701 Thread 0x0000029bc9a5f1e0 Exception <a 'sun/nio/fs/WindowsException'{0x0000000086cb2e48}> (0x0000000086cb2e48) 
thrown [s\src\hotspot\share\prims\jni.cpp, line 516]
Event: 2.701 Thread 0x0000029bc9a5f1e0 Exception <a 'sun/nio/fs/WindowsException'{0x0000000086cb3200}> (0x0000000086cb3200) 
thrown [s\src\hotspot\share\prims\jni.cpp, line 516]
Event: 2.702 Thread 0x0000029bc9a5f1e0 Exception <a 'sun/nio/fs/WindowsException'{0x0000000086cb3be8}> (0x0000000086cb3be8) 
thrown [s\src\hotspot\share\prims\jni.cpp, line 516]
Event: 2.702 Thread 0x0000029bc9a5f1e0 Exception <a 'sun/nio/fs/WindowsException'{0x0000000086cb3f90}> (0x0000000086cb3f90) 
thrown [s\src\hotspot\share\prims\jni.cpp, line 516]
Event: 2.702 Thread 0x0000029bc9a5f1e0 Exception <a 'sun/nio/fs/WindowsException'{0x0000000086cb4988}> (0x0000000086cb4988) 
thrown [s\src\hotspot\share\prims\jni.cpp, line 516]
Event: 2.702 Thread 0x0000029bc9a5f1e0 Exception <a 'sun/nio/fs/WindowsException'{0x0000000086cb4d40}> (0x0000000086cb4d40) 
thrown [s\src\hotspot\share\prims\jni.cpp, line 516]
Event: 2.702 Thread 0x0000029bc9a5f1e0 Exception <a 'sun/nio/fs/WindowsException'{0x0000000086cb5750}> (0x0000000086cb5750) 
thrown [s\src\hotspot\share\prims\jni.cpp, line 516]
Event: 2.702 Thread 0x0000029bc9a5f1e0 Exception <a 'sun/nio/fs/WindowsException'{0x0000000086cb5b28}> (0x0000000086cb5b28) 
thrown [s\src\hotspot\share\prims\jni.cpp, line 516]
Event: 2.702 Thread 0x0000029bc9a5f1e0 Exception <a 'sun/nio/fs/WindowsException'{0x0000000086cb6550}> (0x0000000086cb6550) 
thrown [s\src\hotspot\share\prims\jni.cpp, line 516]
Event: 2.702 Thread 0x0000029bc9a5f1e0 Exception <a 'sun/nio/fs/WindowsException'{0x0000000086cb6940}> (0x0000000086cb6940) 
thrown [s\src\hotspot\share\prims\jni.cpp, line 516]
Event: 2.702 Thread 0x0000029bc9a5f1e0 Exception <a 'sun/nio/fs/WindowsException'{0x0000000086cb7360}> (0x0000000086cb7360) 
thrown [s\src\hotspot\share\prims\jni.cpp, line 516]
Event: 2.703 Thread 0x0000029bc9a5f1e0 Exception <a 'sun/nio/fs/WindowsException'{0x0000000086cb7748}> (0x0000000086cb7748) 
thrown [s\src\hotspot\share\prims\jni.cpp, line 516]
Event: 3.179 Thread 0x0000029bc9a34d80 Exception <a 'java/lang/NoSuchMethodError'{0x000000008e8cbcb0}: 'java.lang.Object java.lang.invoke.Invokers$Holder.invoke_MT(java.lang.Object, java.lang.Object, java.lang.Object)'> (0x000000008e8cbcb0) 
thrown [s\src\hotspot\share\interpreter\linkResolver.cpp, line 759]

VM Operations (20 events):
Event: 3.173 Executing VM operation: HandshakeAllThreads done
Event: 3.203 Executing VM operation: HandshakeAllThreads
Event: 3.203 Executing VM operation: HandshakeAllThreads done
Event: 3.262 Executing VM operation: G1CollectForAllocation
Event: 3.290 Executing VM operation: G1CollectForAllocation done
Event: 3.308 Executing VM operation: G1CollectForAllocation
Event: 3.308 Executing VM operation: G1CollectForAllocation done
Event: 3.308 Executing VM operation: G1CollectForAllocation
Event: 3.313 Executing VM operation: G1CollectForAllocation done
Event: 3.329 Executing VM operation: G1CollectForAllocation
Event: 3.329 Executing VM operation: G1CollectForAllocation done
Event: 3.329 Executing VM operation: G1CollectForAllocation
Event: 3.332 Executing VM operation: G1CollectForAllocation done
Event: 3.332 Executing VM operation: HandshakeAllThreads
Event: 3.333 Executing VM operation: HandshakeAllThreads done
Event: 3.339 Executing VM operation: HandshakeAllThreads
Event: 3.340 Executing VM operation: HandshakeAllThreads done
Event: 3.351 Executing VM operation: G1CollectForAllocation
Event: 3.351 Executing VM operation: G1CollectForAllocation done
Event: 3.351 Executing VM operation: G1CollectForAllocation

Events (20 events):
Event: 3.183 loading class jdk/internal/jrtfs/JrtPath
Event: 3.183 loading class jdk/internal/jrtfs/JrtPath done
Event: 3.185 loading class java/nio/file/FileVisitOption
Event: 3.185 loading class java/nio/file/FileVisitOption done
Event: 3.185 loading class java/nio/file/FileTreeWalker
Event: 3.185 loading class java/nio/file/FileTreeWalker done
Event: 3.204 loading class java/nio/file/FileTreeWalker$DirectoryNode
Event: 3.204 loading class java/nio/file/FileTreeWalker$DirectoryNode done
Event: 3.204 loading class java/nio/file/FileTreeWalker$Event
Event: 3.204 loading class java/nio/file/FileTreeWalker$Event done
Event: 3.204 loading class java/nio/file/FileTreeWalker$EventType
Event: 3.204 loading class java/nio/file/FileTreeWalker$EventType done
Event: 3.204 loading class java/nio/file/Files$3
Event: 3.204 loading class java/nio/file/Files$3 done
Event: 3.204 loading class java/nio/file/FileVisitResult
Event: 3.204 loading class java/nio/file/FileVisitResult done
Event: 3.224 loading class java/nio/channels/Channels$ReadableByteChannelImpl
Event: 3.224 loading class java/nio/channels/Channels$ReadableByteChannelImpl done
Event: 3.224 loading class java/nio/channels/NonWritableChannelException
Event: 3.224 loading class java/nio/channels/NonWritableChannelException done


Dynamic libraries:
0x00007ff68ec40000 - 0x00007ff68ec4e000 	c:\Users\user\.vscode\extensions\redhat.java-1.12.0-win32-x64\jre\17.0.4.1-win32-x86_64\bin\java.exe
0x00007ff962170000 - 0x00007ff962368000 	C:\WINDOWS\SYSTEM32\ntdll.dll
0x00007ff960ea0000 - 0x00007ff960f5f000 	C:\WINDOWS\System32\KERNEL32.DLL
0x00007ff95fb90000 - 0x00007ff95fe62000 	C:\WINDOWS\System32\KERNELBASE.dll
0x00007ff95fa90000 - 0x00007ff95fb90000 	C:\WINDOWS\System32\ucrtbase.dll
0x00007ff951b60000 - 0x00007ff951b78000 	c:\Users\user\.vscode\extensions\redhat.java-1.12.0-win32-x64\jre\17.0.4.1-win32-x86_64\bin\jli.dll
0x00007ff958dd0000 - 0x00007ff958de9000 	c:\Users\user\.vscode\extensions\redhat.java-1.12.0-win32-x64\jre\17.0.4.1-win32-x86_64\bin\VCRUNTIME140.dll
0x00007ff961340000 - 0x00007ff9614dd000 	C:\WINDOWS\System32\USER32.dll
0x00007ff94dd70000 - 0x00007ff94e00a000 	C:\WINDOWS\WinSxS\amd64_microsoft.windows.common-controls_6595b64144ccf1df_6.0.19041.1110_none_60b5254171f9507e\COMCTL32.dll
0x00007ff95ff20000 - 0x00007ff95ff42000 	C:\WINDOWS\System32\win32u.dll
0x00007ff960880000 - 0x00007ff96091e000 	C:\WINDOWS\System32\msvcrt.dll
0x00007ff961ea0000 - 0x00007ff961ecb000 	C:\WINDOWS\System32\GDI32.dll
0x00007ff95f980000 - 0x00007ff95fa8f000 	C:\WINDOWS\System32\gdi32full.dll
0x00007ff95f870000 - 0x00007ff95f90d000 	C:\WINDOWS\System32\msvcp_win.dll
0x00007ff962090000 - 0x00007ff9620c2000 	C:\WINDOWS\System32\IMM32.DLL
0x00007ff95a750000 - 0x00007ff95a75c000 	c:\Users\user\.vscode\extensions\redhat.java-1.12.0-win32-x64\jre\17.0.4.1-win32-x86_64\bin\vcruntime140_1.dll
0x00007ff924480000 - 0x00007ff924511000 	c:\Users\user\.vscode\extensions\redhat.java-1.12.0-win32-x64\jre\17.0.4.1-win32-x86_64\bin\msvcp140.dll
0x00007ff90dee0000 - 0x00007ff90eb26000 	c:\Users\user\.vscode\extensions\redhat.java-1.12.0-win32-x64\jre\17.0.4.1-win32-x86_64\bin\server\jvm.dll
0x00007ff961140000 - 0x00007ff9611ee000 	C:\WINDOWS\System32\ADVAPI32.dll
0x00007ff9602f0000 - 0x00007ff96038c000 	C:\WINDOWS\System32\sechost.dll
0x00007ff9601c0000 - 0x00007ff9602e5000 	C:\WINDOWS\System32\RPCRT4.dll
0x00007ff961010000 - 0x00007ff961018000 	C:\WINDOWS\System32\PSAPI.DLL
0x00007ff94c6c0000 - 0x00007ff94c6c9000 	C:\WINDOWS\SYSTEM32\WSOCK32.dll
0x00007ff94bbd0000 - 0x00007ff94bbf7000 	C:\WINDOWS\SYSTEM32\WINMM.dll
0x00007ff95b910000 - 0x00007ff95b91a000 	C:\WINDOWS\SYSTEM32\VERSION.dll
0x00007ff961fa0000 - 0x00007ff96200b000 	C:\WINDOWS\System32\WS2_32.dll
0x00007ff95e110000 - 0x00007ff95e122000 	C:\WINDOWS\SYSTEM32\kernel.appcore.dll
0x00007ff95a720000 - 0x00007ff95a72a000 	c:\Users\user\.vscode\extensions\redhat.java-1.12.0-win32-x64\jre\17.0.4.1-win32-x86_64\bin\jimage.dll
0x00007ff95d630000 - 0x00007ff95d814000 	C:\WINDOWS\SYSTEM32\DBGHELP.DLL
0x00007ff9513a0000 - 0x00007ff9513cc000 	C:\WINDOWS\SYSTEM32\dbgcore.DLL
0x00007ff95ffa0000 - 0x00007ff960022000 	C:\WINDOWS\System32\bcryptPrimitives.dll
0x00007ff948b00000 - 0x00007ff948b25000 	c:\Users\user\.vscode\extensions\redhat.java-1.12.0-win32-x64\jre\17.0.4.1-win32-x86_64\bin\java.dll
0x00007ff951120000 - 0x00007ff951138000 	c:\Users\user\.vscode\extensions\redhat.java-1.12.0-win32-x64\jre\17.0.4.1-win32-x86_64\bin\zip.dll
0x00007ff9614e0000 - 0x00007ff961c23000 	C:\WINDOWS\System32\SHELL32.dll
0x00007ff95d820000 - 0x00007ff95dfb2000 	C:\WINDOWS\SYSTEM32\windows.storage.dll
0x00007ff9609b0000 - 0x00007ff960d04000 	C:\WINDOWS\System32\combase.dll
0x00007ff95f1f0000 - 0x00007ff95f220000 	C:\WINDOWS\SYSTEM32\Wldp.dll
0x00007ff960f60000 - 0x00007ff96100d000 	C:\WINDOWS\System32\SHCORE.dll
0x00007ff960d10000 - 0x00007ff960d65000 	C:\WINDOWS\System32\shlwapi.dll
0x00007ff95f7b0000 - 0x00007ff95f7cf000 	C:\WINDOWS\SYSTEM32\profapi.dll
0x00007ff950900000 - 0x00007ff950919000 	C:\Users\user\.vscode\extensions\redhat.java-1.12.0-win32-x64\jre\17.0.4.1-win32-x86_64\bin\net.dll
0x00007ff9547d0000 - 0x00007ff9548dc000 	C:\WINDOWS\SYSTEM32\WINHTTP.dll
0x00007ff95ef50000 - 0x00007ff95efba000 	C:\WINDOWS\system32\mswsock.dll
0x00007ff94c050000 - 0x00007ff94c065000 	C:\Users\user\.vscode\extensions\redhat.java-1.12.0-win32-x64\jre\17.0.4.1-win32-x86_64\bin\nio.dll
0x00007ff95a450000 - 0x00007ff95a460000 	c:\Users\user\.vscode\extensions\redhat.java-1.12.0-win32-x64\jre\17.0.4.1-win32-x86_64\bin\verify.dll
0x00007ff95bd80000 - 0x00007ff95bd89000 	C:\Users\user\.vscode\extensions\redhat.java-1.12.0-win32-x64\jre\17.0.4.1-win32-x86_64\bin\management.dll
0x00007ff95bd70000 - 0x00007ff95bd7b000 	C:\Users\user\.vscode\extensions\redhat.java-1.12.0-win32-x64\jre\17.0.4.1-win32-x86_64\bin\management_ext.dll
0x00007ff94beb0000 - 0x00007ff94bec7000 	C:\WINDOWS\system32\napinsp.dll
0x00007ff94be90000 - 0x00007ff94beab000 	C:\WINDOWS\system32\pnrpnsp.dll
0x00007ff94be70000 - 0x00007ff94be85000 	C:\WINDOWS\system32\wshbth.dll
0x00007ff959650000 - 0x00007ff95966d000 	C:\WINDOWS\system32\NLAapi.dll
0x00007ff95ec40000 - 0x00007ff95ec7b000 	C:\WINDOWS\SYSTEM32\IPHLPAPI.DLL
0x00007ff95ec80000 - 0x00007ff95ed4a000 	C:\WINDOWS\SYSTEM32\DNSAPI.dll
0x00007ff961c30000 - 0x00007ff961c38000 	C:\WINDOWS\System32\NSI.dll
0x00007ff94bee0000 - 0x00007ff94bef2000 	C:\WINDOWS\System32\winrnr.dll
0x00007ff952d50000 - 0x00007ff952d5a000 	C:\Windows\System32\rasadhlp.dll
0x00007ff9531d0000 - 0x00007ff953250000 	C:\WINDOWS\System32\fwpuclnt.dll
0x00007ff960190000 - 0x00007ff9601b7000 	C:\WINDOWS\System32\bcrypt.dll
0x00007ff95f150000 - 0x00007ff95f168000 	C:\WINDOWS\SYSTEM32\CRYPTSP.dll
0x00007ff95e870000 - 0x00007ff95e8a4000 	C:\WINDOWS\system32\rsaenh.dll
0x00007ff95f770000 - 0x00007ff95f79e000 	C:\WINDOWS\SYSTEM32\USERENV.dll
0x00007ff95f140000 - 0x00007ff95f14c000 	C:\WINDOWS\SYSTEM32\CRYPTBASE.dll
0x00007ff957600000 - 0x00007ff957617000 	C:\WINDOWS\SYSTEM32\dhcpcsvc6.DLL
0x00007ff958820000 - 0x00007ff95883d000 	C:\WINDOWS\SYSTEM32\dhcpcsvc.DLL

dbghelp: loaded successfully - version: 4.0.5 - missing functions: none
symbol engine: initialized successfully - sym options: 0x614 - pdb path: .;c:\Users\user\.vscode\extensions\redhat.java-1.12.0-win32-x64\jre\17.0.4.1-win32-x86_64\bin;C:\WINDOWS\SYSTEM32;C:\WINDOWS\WinSxS\amd64_microsoft.windows.common-controls_6595b64144ccf1df_6.0.19041.1110_none_60b5254171f9507e;c:\Users\user\.vscode\extensions\redhat.java-1.12.0-win32-x64\jre\17.0.4.1-win32-x86_64\bin\server

VM Arguments:
jvm_args: -Dsts.lsp.client=vscode -Dsts.log.file=/dev/null -XX:TieredStopAtLevel=1 -Xlog:jni+resolve=off -Dspring.config.location=file:c:\Users\user\.vscode\extensions\pivotal.vscode-spring-boot-1.40.0\language-server\BOOT-INF\classes\application.properties 
java_command: org.springframework.ide.vscode.boot.app.BootLanguageServerBootApp
java_class_path (initial): c:\Users\user\.vscode\extensions\pivotal.vscode-spring-boot-1.40.0\language-server\BOOT-INF\classes;c:\Users\user\.vscode\extensions\pivotal.vscode-spring-boot-1.40.0\language-server\BOOT-INF\lib\annotations-23.0.0.jar;c:\Users\user\.vscode\extensions\pivotal.vscode-spring-boot-1.40.0\language-server\BOOT-INF\lib\ant-1.10.12.jar;c:\Users\user\.vscode\extensions\pivotal.vscode-spring-boot-1.40.0\language-server\BOOT-INF\lib\ant-launcher-1.10.12.jar;c:\Users\user\.vscode\extensions\pivotal.vscode-spring-boot-1.40.0\language-server\BOOT-INF\lib\antlr-runtime-3.5.2.jar;c:\Users\user\.vscode\extensions\pivotal.vscode-spring-boot-1.40.0\language-server\BOOT-INF\lib\antlr4-4.9.3.jar;c:\Users\user\.vscode\extensions\pivotal.vscode-spring-boot-1.40.0\language-server\BOOT-INF\lib\antlr4-runtime-4.9.3.jar;c:\Users\user\.vscode\extensions\pivotal.vscode-spring-boot-1.40.0\language-server\BOOT-INF\lib\asm-9.3.jar;c:\Users\user\.vscode\extensions\pivotal.vscode-spring-boot-1.40.0\language-server\BOOT-INF\lib\asm-analysis-9.3.jar;c:\Users\user\.vscode\extensions\pivotal.vscode-spring-boot-1.40.0\language-server\BOOT-INF\lib\asm-tree-9.3.jar;c:\Users\user\.vscode\extensions\pivotal.vscode-spring-boot-1.40.0\language-server\BOOT-INF\lib\asm-util-9.3.jar;c:\Users\user\.vscode\extensions\pivotal.vscode-spring-boot-1.40.0\language-server\BOOT-INF\lib\byte-buddy-1.12.13.jar;c:\Users\user\.vscode\extensions\pivotal.vscode-spring-boot-1.40.0\language-server\BOOT-INF\lib\caffeine-2.9.3.jar;c:\Users\user\.vscode\extensions\pivotal.vscode-spring-boot-1.40.0\language-server\BOOT-INF\lib\checker-qual-3.12.0.jar;c:\Users\user\.vscode\extensions\pivotal.vscode-spring-boot-1.40.0\language-server\BOOT-INF\lib\classgraph-4.8.149.jar;c:\Users\user\.vscode\extensions\pivotal.vscode-spring-boot-1.40.0\language-server\BOOT-INF\lib\commons-codec-1.15.jar;c:\Users\user\.vscode\extensions\pivotal.vscode-spring-boot-1.40.0\language-server\BOOT-INF\lib\commons-compress-1.21.jar;
Launcher Type: SUN_STANDARD

[Global flags]
     intx CICompilerCount                          = 4                                         {product} {ergonomic}
     uint ConcGCThreads                            = 2                                         {product} {ergonomic}
     uint G1ConcRefinementThreads                  = 8                                         {product} {ergonomic}
   size_t G1HeapRegionSize                         = 1048576                                   {product} {ergonomic}
    uintx GCDrainStackTargetSize                   = 64                                        {product} {ergonomic}
   size_t InitialHeapSize                          = 132120576                                 {product} {ergonomic}
   size_t MarkStackSize                            = 4194304                                   {product} {ergonomic}
   size_t MaxHeapSize                              = 2090860544                                {product} {ergonomic}
   size_t MaxNewSize                               = 1254096896                                {product} {ergonomic}
   size_t MinHeapDeltaBytes                        = 1048576                                   {product} {ergonomic}
   size_t MinHeapSize                              = 8388608                                   {product} {ergonomic}
    uintx NonProfiledCodeHeapSize                  = 0                                      {pd product} {ergonomic}
     bool ProfileInterpreter                       = false                                  {pd product} {command line}
    uintx ProfiledCodeHeapSize                     = 0                                      {pd product} {ergonomic}
   size_t SoftMaxHeapSize                          = 2090860544                             {manageable} {ergonomic}
     intx TieredStopAtLevel                        = 1                                         {product} {command line}
     bool UseCompressedClassPointers               = true                           {product lp64_product} {ergonomic}
     bool UseCompressedOops                        = true                           {product lp64_product} {ergonomic}
     bool UseG1GC                                  = true                                      {product} {ergonomic}
     bool UseLargePagesIndividualAllocation        = false                                  {pd product} {ergonomic}

Logging:
Log output configuration:
 #0: stdout all=warning,jni+resolve=off uptime,level,tags
 #1: stderr all=off uptime,level,tags

Environment Variables:
PATH=C:\Program Files\Common Files\Oracle\Java\javapath;c:\app\user\product\11.2.0\client_2\bin;C:\Program Files (x86)\Common Files\Oracle\Java\javapath;c:\app\user\product\11.2.0\client_1\bin;C:\ProgramData\Oracle\Java\javapath;C:\WINDOWS\system32;C:\WINDOWS;C:\WINDOWS\System32\Wbem;C:\WINDOWS\System32\WindowsPowerShell\v1.0\;C:\WINDOWS\System32\OpenSSH\;C:\Program Files\nodejs\;C:\Program Files\Git\cmd;C:\Users\user\AppData\Local\Programs\Python\Python310\Scripts\;C:\Users\user\AppData\Local\Programs\Python\Python310\;C:\Users\user\AppData\Local\Microsoft\WindowsApps;C:\Users\user\AppData\Roaming\npm;C:\Users\user\AppData\Local\Programs\Microsoft VS Code\bin
USERNAME=user
OS=Windows_NT
PROCESSOR_IDENTIFIER=Intel64 Family 6 Model 126 Stepping 5, GenuineIntel
TMP=C:\Users\user\AppData\Local\Temp
TEMP=C:\Users\user\AppData\Local\Temp



---------------  S Y S T E M  ---------------

OS:
 Windows 10 , 64 bit Build 19041 (10.0.19041.2251)
OS uptime: 11 days 16:42 hours

CPU: total 8 (initial active 8) (4 cores per cpu, 2 threads per core) family 6 model 126 stepping 5 microcode 0x78, cx8, cmov, fxsr, ht, mmx, 3dnowpref, sse, sse2, sse3, ssse3, sse4.1, sse4.2, popcnt, lzcnt, tsc, tscinvbit, avx, avx2, aes, erms, clmul, bmi1, bmi2, adx, avx512f, avx512dq, avx512cd, avx512bw, avx512vl, sha, fma, vzeroupper, avx512_vpopcntdq, avx512_vpclmulqdq, avx512_vaes, avx512_vnni, clflush, clflushopt, avx512_vbmi2, avx512_vbmi

Memory: 4k page, system-wide physical 7973M (425M free)
TotalPageFile size 32549M (AvailPageFile size 229M)
current process WorkingSet (physical memory assigned to process): 288M, peak: 288M
current process commit charge ("private bytes"): 330M, peak: 557M

vm_info: OpenJDK 64-Bit Server VM (17.0.4.1+1) for windows-amd64 JRE (17.0.4.1+1), built on Aug 17 2022 07:42:43 by "temurin" with MS VC++ 16.7 (VS2019)

END.
