#
# There is insufficient memory for the Java Runtime Environment to continue.
# Native memory allocation (mmap) failed to map 168820736 bytes for G1 virtual space
# Possible reasons:
#   The system is out of physical RAM or swap space
#   The process is running with CompressedOops enabled, and the Java Heap may be blocking the growth of the native heap
# Possible solutions:
#   Reduce memory load on the system
#   Increase physical memory or swap space
#   Check if swap backing store is full
#   Decrease Java heap size (-Xmx/-Xms)
#   Decrease number of Java threads
#   Decrease Java thread stack sizes (-Xss)
#   Set larger code cache with -XX:ReservedCodeCacheSize=
#   JVM is running with Unscaled Compressed Oops mode in which the Java heap is
#     placed in the first 4GB address space. The Java Heap base address is the
#     maximum limit for the native heap growth. Please use -XX:HeapBaseMinAddress
#     to set the Java Heap base and to place the Java Heap above 4GB virtual address.
# This output file may be truncated or incomplete.
#
#  Out of Memory Error (os_windows.cpp:3541), pid=21204, tid=11152
#
# JRE version: OpenJDK Runtime Environment Temurin-17.0.4.1+1 (17.0.4.1+1) (build 17.0.4.1+1)
# Java VM: OpenJDK 64-Bit Server VM Temurin-17.0.4.1+1 (17.0.4.1+1, mixed mode, emulated-client, tiered, compressed oops, compressed class ptrs, g1 gc, windows-amd64)
# No core dump will be written. Minidumps are not enabled by default on client versions of Windows
#

---------------  S U M M A R Y ------------

Command Line: -Dsts.lsp.client=vscode -Dsts.log.file=/dev/null -XX:TieredStopAtLevel=1 -Xlog:jni+resolve=off -Dspring.config.location=file:c:\Users\user\.vscode\extensions\pivotal.vscode-spring-boot-1.40.0\language-server\BOOT-INF\classes\application.properties org.springframework.ide.vscode.boot.app.BootLanguageServerBootApp

Host: Intel(R) Core(TM) i5-1035G1 CPU @ 1.00GHz, 8 cores, 7G,  Windows 10 , 64 bit Build 19041 (10.0.19041.2251)
Time: Mon Nov 21 17:46:06 2022 Hora est. Pacífico, Sudamérica elapsed time: 15.206066 seconds (0d 0h 0m 15s)

---------------  T H R E A D  ---------------

Current thread (0x00000264cd5b3d00):  VMThread "VM Thread" [stack: 0x000000b3ffc00000,0x000000b3ffd00000] [id=11152]

Stack: [0x000000b3ffc00000,0x000000b3ffd00000]
Native frames: (J=compiled Java code, j=interpreted, Vv=VM code, C=native code)
V  [jvm.dll+0x67731a]
V  [jvm.dll+0x832284]
V  [jvm.dll+0x833a2e]
V  [jvm.dll+0x834093]
V  [jvm.dll+0x245775]
V  [jvm.dll+0x674209]
V  [jvm.dll+0x668a92]
V  [jvm.dll+0x30471b]
V  [jvm.dll+0x30bc66]
V  [jvm.dll+0x35ba9e]
V  [jvm.dll+0x35bccf]
V  [jvm.dll+0x2db5b8]
V  [jvm.dll+0x2d986c]
V  [jvm.dll+0x2d8e3c]
V  [jvm.dll+0x31cd9b]
V  [jvm.dll+0x83853b]
V  [jvm.dll+0x839274]
V  [jvm.dll+0x83978c]
V  [jvm.dll+0x839b64]
V  [jvm.dll+0x839c30]
V  [jvm.dll+0x7e240a]
V  [jvm.dll+0x6761a5]
C  [ucrtbase.dll+0x21bb2]
C  [KERNEL32.DLL+0x174b4]
C  [ntdll.dll+0x526a1]

VM_Operation (0x000000b3820fdd70): G1CollectForAllocation, mode: safepoint, requested by thread 0x00000264cfe44210


---------------  P R O C E S S  ---------------

Threads class SMR info:
_java_thread_list=0x00000264d0133e80, length=40, elements={
0x00000264cd5cb750, 0x00000264cd5ce4a0, 0x00000264ce039130, 0x00000264ce03cb10,
0x00000264ce03d3d0, 0x00000264ce03dc90, 0x00000264ce040560, 0x00000264ce040e60,
0x00000264ce251d10, 0x00000264ce25c240, 0x00000264ce10b570, 0x00000264cea761c0,
0x00000264ceab0580, 0x00000264ce886c30, 0x00000264cffe6f00, 0x00000264d00195e0,
0x00000264c02e6a80, 0x00000264d006bac0, 0x00000264d008c400, 0x00000264d0094f50,
0x00000264d00e11a0, 0x00000264cfe45a20, 0x00000264cfe42a00, 0x00000264cfe42ed0,
0x00000264cfe45080, 0x00000264cfe43d40, 0x00000264cfe433a0, 0x00000264cfe44210,
0x00000264cfe446e0, 0x00000264cfe45550, 0x00000264cfe44bb0, 0x00000264cfe43870,
0x00000264d02ab930, 0x00000264d02a7aa0, 0x00000264d02a8de0, 0x00000264d02a5420,
0x00000264d02aa120, 0x00000264d02a58f0, 0x00000264d02ac7a0, 0x00000264d02abe00
}

Java Threads: ( => current thread )
  0x00000264cd5cb750 JavaThread "Reference Handler" daemon [_thread_blocked, id=25792, stack(0x000000b3ffd00000,0x000000b3ffe00000)]
  0x00000264cd5ce4a0 JavaThread "Finalizer" daemon [_thread_blocked, id=11132, stack(0x000000b3ffe00000,0x000000b3fff00000)]
  0x00000264ce039130 JavaThread "Signal Dispatcher" daemon [_thread_blocked, id=20640, stack(0x000000b3fff00000,0x000000b400000000)]
  0x00000264ce03cb10 JavaThread "Attach Listener" daemon [_thread_blocked, id=17380, stack(0x000000b380000000,0x000000b380100000)]
  0x00000264ce03d3d0 JavaThread "Service Thread" daemon [_thread_blocked, id=31884, stack(0x000000b380100000,0x000000b380200000)]
  0x00000264ce03dc90 JavaThread "Monitor Deflation Thread" daemon [_thread_blocked, id=22096, stack(0x000000b380200000,0x000000b380300000)]
  0x00000264ce040560 JavaThread "C1 CompilerThread0" daemon [_thread_blocked, id=12408, stack(0x000000b380300000,0x000000b380400000)]
  0x00000264ce040e60 JavaThread "Sweeper thread" daemon [_thread_blocked, id=24928, stack(0x000000b380400000,0x000000b380500000)]
  0x00000264ce251d10 JavaThread "Notification Thread" daemon [_thread_blocked, id=12036, stack(0x000000b380600000,0x000000b380700000)]
  0x00000264ce25c240 JavaThread "Common-Cleaner" daemon [_thread_blocked, id=31360, stack(0x000000b380800000,0x000000b380900000)]
  0x00000264ce10b570 JavaThread "C1 CompilerThread1" daemon [_thread_blocked, id=15680, stack(0x000000b380500000,0x000000b380600000)]
  0x00000264cea761c0 JavaThread "C1 CompilerThread2" daemon [_thread_blocked, id=30848, stack(0x000000b380900000,0x000000b380a00000)]
  0x00000264ceab0580 JavaThread "C1 CompilerThread3" daemon [_thread_blocked, id=6188, stack(0x000000b380a00000,0x000000b380b00000)]
  0x00000264ce886c30 JavaThread "boundedElastic-evictor-1" daemon [_thread_blocked, id=21644, stack(0x000000b381000000,0x000000b381100000)]
  0x00000264cffe6f00 JavaThread "pool-9-thread-1" [_thread_blocked, id=17064, stack(0x000000b381400000,0x000000b381500000)]
  0x00000264d00195e0 JavaThread "LanguageServerApp-lifecycle" [_thread_blocked, id=27372, stack(0x000000b381500000,0x000000b381600000)]
  0x00000264c02e6a80 JavaThread "DestroyJavaVM" [_thread_blocked, id=23216, stack(0x000000b3ff600000,0x000000b3ff700000)]
  0x00000264d006bac0 JavaThread "pool-10-thread-1" [_thread_in_native, id=31780, stack(0x000000b381600000,0x000000b381700000)]
  0x00000264d008c400 JavaThread "Simple-Language-Server main thread" daemon [_thread_blocked, id=21440, stack(0x000000b381700000,0x000000b381800000)]
  0x00000264d0094f50 JavaThread "ForkJoinPool.commonPool-worker-1" daemon [_thread_blocked, id=25528, stack(0x000000b381800000,0x000000b381900000)]
  0x00000264d00e11a0 JavaThread "pool-7-thread-1" [_thread_blocked, id=14972, stack(0x000000b381900000,0x000000b381a00000)]
  0x00000264cfe45a20 JavaThread "parallel-1" daemon [_thread_blocked, id=32828, stack(0x000000b381a00000,0x000000b381b00000)]
  0x00000264cfe42a00 JavaThread "pool-4-thread-1" [_thread_blocked, id=25676, stack(0x000000b381b00000,0x000000b381c00000)]
  0x00000264cfe42ed0 JavaThread "ClassGraph-worker-0" daemon [_thread_blocked, id=33012, stack(0x000000b381c00000,0x000000b381d00000)]
  0x00000264cfe45080 JavaThread "ClassGraph-worker-1" daemon [_thread_blocked, id=11748, stack(0x000000b381d00000,0x000000b381e00000)]
  0x00000264cfe43d40 JavaThread "ClassGraph-worker-2" daemon [_thread_blocked, id=12940, stack(0x000000b381e00000,0x000000b381f00000)]
  0x00000264cfe433a0 JavaThread "ClassGraph-worker-3" daemon [_thread_blocked, id=12908, stack(0x000000b381f00000,0x000000b382000000)]
  0x00000264cfe44210 JavaThread "ClassGraph-worker-4" daemon [_thread_blocked, id=6564, stack(0x000000b382000000,0x000000b382100000)]
  0x00000264cfe446e0 JavaThread "ClassGraph-worker-5" daemon [_thread_blocked, id=24280, stack(0x000000b382100000,0x000000b382200000)]
  0x00000264cfe45550 JavaThread "ClassGraph-worker-6" daemon [_thread_blocked, id=34588, stack(0x000000b382200000,0x000000b382300000)]
  0x00000264cfe44bb0 JavaThread "ClassGraph-worker-7" daemon [_thread_blocked, id=4640, stack(0x000000b382300000,0x000000b382400000)]
  0x00000264cfe43870 JavaThread "ClassGraph-worker-8" daemon [_thread_blocked, id=32636, stack(0x000000b382400000,0x000000b382500000)]
  0x00000264d02ab930 JavaThread "ClassGraph-worker-9" daemon [_thread_blocked, id=10816, stack(0x000000b382500000,0x000000b382600000)]
  0x00000264d02a7aa0 JavaThread "ClassGraph-worker-10" daemon [_thread_blocked, id=32160, stack(0x000000b382600000,0x000000b382700000)]
  0x00000264d02a8de0 JavaThread "ClassGraph-worker-11" daemon [_thread_blocked, id=33240, stack(0x000000b382700000,0x000000b382800000)]
  0x00000264d02a5420 JavaThread "ClassGraph-worker-12" daemon [_thread_blocked, id=6856, stack(0x000000b382800000,0x000000b382900000)]
  0x00000264d02aa120 JavaThread "ClassGraph-worker-13" daemon [_thread_blocked, id=15548, stack(0x000000b382900000,0x000000b382a00000)]
  0x00000264d02a58f0 JavaThread "Reconciler-1" daemon [_thread_blocked, id=19348, stack(0x000000b382a00000,0x000000b382b00000)]
  0x00000264d02ac7a0 JavaThread "parallel-2" daemon [_thread_blocked, id=5316, stack(0x000000b382b00000,0x000000b382c00000)]
  0x00000264d02abe00 JavaThread "pool-4-thread-2" [_thread_blocked, id=29796, stack(0x000000b382c00000,0x000000b382d00000)]

Other Threads:
=>0x00000264cd5b3d00 VMThread "VM Thread" [stack: 0x000000b3ffc00000,0x000000b3ffd00000] [id=11152]
  0x00000264ce2521e0 WatcherThread [stack: 0x000000b380700000,0x000000b380800000] [id=8292]
  0x00000264c0342b30 GCTaskThread "GC Thread#0" [stack: 0x000000b3ff700000,0x000000b3ff800000] [id=20776]
  0x00000264ceb87320 GCTaskThread "GC Thread#1" [stack: 0x000000b380b00000,0x000000b380c00000] [id=3356]
  0x00000264ceb875d0 GCTaskThread "GC Thread#2" [stack: 0x000000b380c00000,0x000000b380d00000] [id=23852]
  0x00000264ceb129d0 GCTaskThread "GC Thread#3" [stack: 0x000000b380d00000,0x000000b380e00000] [id=4844]
  0x00000264ceb12c80 GCTaskThread "GC Thread#4" [stack: 0x000000b380e00000,0x000000b380f00000] [id=21748]
  0x00000264ceb82d00 GCTaskThread "GC Thread#5" [stack: 0x000000b380f00000,0x000000b381000000] [id=26228]
  0x00000264cfa01cb0 GCTaskThread "GC Thread#6" [stack: 0x000000b381100000,0x000000b381200000] [id=22108]
  0x00000264cfa01f60 GCTaskThread "GC Thread#7" [stack: 0x000000b381200000,0x000000b381300000] [id=3080]
  0x00000264c0353160 ConcurrentGCThread "G1 Main Marker" [stack: 0x000000b3ff800000,0x000000b3ff900000] [id=18108]
  0x00000264c03540c0 ConcurrentGCThread "G1 Conc#0" [stack: 0x000000b3ff900000,0x000000b3ffa00000] [id=396]
  0x00000264cfb67580 ConcurrentGCThread "G1 Conc#1" [stack: 0x000000b381300000,0x000000b381400000] [id=25464]
  0x00000264cd41d130 ConcurrentGCThread "G1 Refine#0" [stack: 0x000000b3ffa00000,0x000000b3ffb00000] [id=5200]
  0x00000264d04ee910 ConcurrentGCThread "G1 Refine#1" [stack: 0x000000b382d00000,0x000000b382e00000] [id=26336]
  0x00000264d00c60c0 ConcurrentGCThread "G1 Refine#2" [stack: 0x000000b382e00000,0x000000b382f00000] [id=23580]
  0x00000264cd41d900 ConcurrentGCThread "G1 Service" [stack: 0x000000b3ffb00000,0x000000b3ffc00000] [id=12384]

Threads with active compile tasks:

VM state: at safepoint (normal execution)

VM Mutex/Monitor currently owned by a thread:  ([mutex/lock_event])
[0x00000264be0ab350] Threads_lock - owner thread: 0x00000264cd5b3d00
[0x00000264c02e51e0] Heap_lock - owner thread: 0x00000264cfe44210

Heap address: 0x0000000083600000, size: 1994 MB, Compressed Oops mode: 32-bit

CDS archive(s) not mapped
Compressed class space mapped at: 0x0000000100000000-0x0000000140000000, reserved size: 1073741824
Narrow klass base: 0x0000000000000000, Narrow klass shift: 3, Narrow klass range: 0x140000000

GC Precious Log:
 CPUs: 8 total, 8 available
 Memory: 7973M
 Large Page Support: Disabled
 NUMA Support: Disabled
 Compressed Oops: Enabled (32-bit)
 Heap Region Size: 1M
 Heap Min Capacity: 8M
 Heap Initial Capacity: 126M
 Heap Max Capacity: 1994M
 Pre-touch: Disabled
 Parallel Workers: 8
 Concurrent Workers: 2
 Concurrent Refinement Workers: 8
 Periodic GC: Disabled

Heap:
 garbage-first heap   total 164864K, used 76349K [0x0000000083600000, 0x0000000100000000)
  region size 1024K, 4 young (4096K), 4 survivors (4096K)
 Metaspace       used 38770K, committed 39104K, reserved 1089536K
  class space    used 4895K, committed 5056K, reserved 1048576K

Heap Regions: E=young(eden), S=young(survivor), O=old, HS=humongous(starts), HC=humongous(continues), CS=collection set, F=free, OA=open archive, CA=closed archive, TAMS=top-at-mark-start (previous, next)
|   0|0x0000000083600000, 0x0000000083700000, 0x0000000083700000|100%| O|  |TAMS 0x0000000083700000, 0x0000000083700000| Untracked 
|   1|0x0000000083700000, 0x0000000083800000, 0x0000000083800000|100%| O|  |TAMS 0x0000000083800000, 0x0000000083800000| Untracked 
|   2|0x0000000083800000, 0x0000000083900000, 0x0000000083900000|100%| O|  |TAMS 0x0000000083900000, 0x0000000083900000| Untracked 
|   3|0x0000000083900000, 0x0000000083a00000, 0x0000000083a00000|100%| O|  |TAMS 0x0000000083a00000, 0x0000000083a00000| Untracked 
|   4|0x0000000083a00000, 0x0000000083b00000, 0x0000000083b00000|100%| O|  |TAMS 0x0000000083b00000, 0x0000000083b00000| Untracked 
|   5|0x0000000083b00000, 0x0000000083c00000, 0x0000000083c00000|100%| O|  |TAMS 0x0000000083c00000, 0x0000000083c00000| Untracked 
|   6|0x0000000083c00000, 0x0000000083d00000, 0x0000000083d00000|100%| O|  |TAMS 0x0000000083d00000, 0x0000000083d00000| Untracked 
|   7|0x0000000083d00000, 0x0000000083e00000, 0x0000000083e00000|100%| O|  |TAMS 0x0000000083e00000, 0x0000000083e00000| Untracked 
|   8|0x0000000083e00000, 0x0000000083f00000, 0x0000000083f00000|100%| O|  |TAMS 0x0000000083f00000, 0x0000000083f00000| Untracked 
|   9|0x0000000083f00000, 0x0000000084000000, 0x0000000084000000|100%| O|  |TAMS 0x0000000084000000, 0x0000000084000000| Untracked 
|  10|0x0000000084000000, 0x0000000084100000, 0x0000000084100000|100%| O|  |TAMS 0x0000000084100000, 0x0000000084100000| Untracked 
|  11|0x0000000084100000, 0x0000000084200000, 0x0000000084200000|100%| O|  |TAMS 0x0000000084200000, 0x0000000084200000| Untracked 
|  12|0x0000000084200000, 0x0000000084300000, 0x0000000084300000|100%| O|  |TAMS 0x0000000084300000, 0x0000000084300000| Untracked 
|  13|0x0000000084300000, 0x0000000084400000, 0x0000000084400000|100%| O|  |TAMS 0x0000000084400000, 0x0000000084400000| Untracked 
|  14|0x0000000084400000, 0x0000000084500000, 0x0000000084500000|100%| O|  |TAMS 0x0000000084500000, 0x0000000084500000| Untracked 
|  15|0x0000000084500000, 0x0000000084600000, 0x0000000084600000|100%| O|  |TAMS 0x0000000084600000, 0x0000000084600000| Untracked 
|  16|0x0000000084600000, 0x0000000084700000, 0x0000000084700000|100%| O|  |TAMS 0x0000000084700000, 0x0000000084700000| Untracked 
|  17|0x0000000084700000, 0x0000000084800000, 0x0000000084800000|100%| O|  |TAMS 0x0000000084800000, 0x0000000084800000| Untracked 
|  18|0x0000000084800000, 0x0000000084900000, 0x0000000084900000|100%| O|  |TAMS 0x0000000084900000, 0x0000000084900000| Untracked 
|  19|0x0000000084900000, 0x0000000084a00000, 0x0000000084a00000|100%| O|  |TAMS 0x0000000084a00000, 0x0000000084a00000| Untracked 
|  20|0x0000000084a00000, 0x0000000084b00000, 0x0000000084b00000|100%| O|  |TAMS 0x0000000084b00000, 0x0000000084b00000| Untracked 
|  21|0x0000000084b00000, 0x0000000084c00000, 0x0000000084c00000|100%| O|  |TAMS 0x0000000084c00000, 0x0000000084c00000| Untracked 
|  22|0x0000000084c00000, 0x0000000084d00000, 0x0000000084d00000|100%| O|  |TAMS 0x0000000084d00000, 0x0000000084d00000| Untracked 
|  23|0x0000000084d00000, 0x0000000084e00000, 0x0000000084e00000|100%| O|  |TAMS 0x0000000084e00000, 0x0000000084e00000| Untracked 
|  24|0x0000000084e00000, 0x0000000084f00000, 0x0000000084f00000|100%| O|  |TAMS 0x0000000084f00000, 0x0000000084f00000| Untracked 
|  25|0x0000000084f00000, 0x0000000085000000, 0x0000000085000000|100%| O|  |TAMS 0x0000000085000000, 0x0000000085000000| Untracked 
|  26|0x0000000085000000, 0x0000000085100000, 0x0000000085100000|100%| O|  |TAMS 0x0000000085100000, 0x0000000085100000| Untracked 
|  27|0x0000000085100000, 0x0000000085200000, 0x0000000085200000|100%| O|  |TAMS 0x0000000085200000, 0x0000000085200000| Untracked 
|  28|0x0000000085200000, 0x0000000085300000, 0x0000000085300000|100%| O|  |TAMS 0x0000000085300000, 0x0000000085300000| Untracked 
|  29|0x0000000085300000, 0x0000000085400000, 0x0000000085400000|100%| O|  |TAMS 0x0000000085400000, 0x0000000085400000| Untracked 
|  30|0x0000000085400000, 0x0000000085500000, 0x0000000085500000|100%| O|  |TAMS 0x0000000085500000, 0x0000000085500000| Untracked 
|  31|0x0000000085500000, 0x0000000085600000, 0x0000000085600000|100%| O|  |TAMS 0x0000000085600000, 0x0000000085600000| Untracked 
|  32|0x0000000085600000, 0x0000000085700000, 0x0000000085700000|100%| O|  |TAMS 0x0000000085700000, 0x0000000085700000| Untracked 
|  33|0x0000000085700000, 0x0000000085800000, 0x0000000085800000|100%| O|  |TAMS 0x0000000085800000, 0x0000000085800000| Untracked 
|  34|0x0000000085800000, 0x0000000085900000, 0x0000000085900000|100%| O|  |TAMS 0x0000000085900000, 0x0000000085900000| Untracked 
|  35|0x0000000085900000, 0x0000000085a00000, 0x0000000085a00000|100%| O|  |TAMS 0x0000000085a00000, 0x0000000085a00000| Untracked 
|  36|0x0000000085a00000, 0x0000000085b00000, 0x0000000085b00000|100%| O|  |TAMS 0x0000000085b00000, 0x0000000085b00000| Untracked 
|  37|0x0000000085b00000, 0x0000000085c00000, 0x0000000085c00000|100%| O|  |TAMS 0x0000000085c00000, 0x0000000085c00000| Untracked 
|  38|0x0000000085c00000, 0x0000000085d00000, 0x0000000085d00000|100%| O|  |TAMS 0x0000000085c7dc00, 0x0000000085d00000| Untracked 
|  39|0x0000000085d00000, 0x0000000085e00000, 0x0000000085e00000|100%| O|  |TAMS 0x0000000085d00000, 0x0000000085e00000| Untracked 
|  40|0x0000000085e00000, 0x0000000085f00000, 0x0000000085f00000|100%| O|  |TAMS 0x0000000085e00000, 0x0000000085f00000| Untracked 
|  41|0x0000000085f00000, 0x0000000086000000, 0x0000000086000000|100%| O|  |TAMS 0x0000000085f00000, 0x0000000086000000| Untracked 
|  42|0x0000000086000000, 0x0000000086100000, 0x0000000086100000|100%| O|  |TAMS 0x0000000086000000, 0x0000000086100000| Untracked 
|  43|0x0000000086100000, 0x0000000086200000, 0x0000000086200000|100%| O|  |TAMS 0x0000000086100000, 0x0000000086200000| Untracked 
|  44|0x0000000086200000, 0x0000000086300000, 0x0000000086300000|100%| O|  |TAMS 0x0000000086200000, 0x0000000086300000| Untracked 
|  45|0x0000000086300000, 0x0000000086400000, 0x0000000086400000|100%| O|  |TAMS 0x0000000086300000, 0x0000000086400000| Untracked 
|  46|0x0000000086400000, 0x0000000086500000, 0x0000000086500000|100%| O|  |TAMS 0x0000000086400000, 0x0000000086453600| Untracked 
|  47|0x0000000086500000, 0x0000000086600000, 0x0000000086600000|100%| O|  |TAMS 0x0000000086500000, 0x0000000086500000| Untracked 
|  48|0x0000000086600000, 0x0000000086700000, 0x0000000086700000|100%| O|  |TAMS 0x0000000086600000, 0x0000000086600000| Untracked 
|  49|0x0000000086700000, 0x0000000086800000, 0x0000000086800000|100%| O|  |TAMS 0x0000000086700000, 0x0000000086700000| Untracked 
|  50|0x0000000086800000, 0x0000000086900000, 0x0000000086900000|100%| O|  |TAMS 0x0000000086800000, 0x0000000086800000| Untracked 
|  51|0x0000000086900000, 0x0000000086a00000, 0x0000000086a00000|100%|HS|  |TAMS 0x0000000086900000, 0x0000000086900000| Complete 
|  52|0x0000000086a00000, 0x0000000086b00000, 0x0000000086b00000|100%|HS|  |TAMS 0x0000000086a00000, 0x0000000086a00000| Complete 
|  53|0x0000000086b00000, 0x0000000086c00000, 0x0000000086c00000|100%| O|  |TAMS 0x0000000086b00000, 0x0000000086b00000| Untracked 
|  54|0x0000000086c00000, 0x0000000086d00000, 0x0000000086d00000|100%| O|  |TAMS 0x0000000086c00000, 0x0000000086c00000| Untracked 
|  55|0x0000000086d00000, 0x0000000086e00000, 0x0000000086e00000|100%| O|  |TAMS 0x0000000086d00000, 0x0000000086d00000| Untracked 
|  56|0x0000000086e00000, 0x0000000086f00000, 0x0000000086f00000|100%| O|  |TAMS 0x0000000086e00000, 0x0000000086e00000| Untracked 
|  57|0x0000000086f00000, 0x0000000087000000, 0x0000000087000000|100%| O|  |TAMS 0x0000000086f00000, 0x0000000086f00000| Untracked 
|  58|0x0000000087000000, 0x0000000087100000, 0x0000000087100000|100%| O|  |TAMS 0x0000000087000000, 0x0000000087000000| Untracked 
|  59|0x0000000087100000, 0x0000000087200000, 0x0000000087200000|100%| O|  |TAMS 0x0000000087100000, 0x0000000087100000| Untracked 
|  60|0x0000000087200000, 0x0000000087300000, 0x0000000087300000|100%| O|  |TAMS 0x0000000087200000, 0x0000000087200000| Untracked 
|  61|0x0000000087300000, 0x0000000087400000, 0x0000000087400000|100%| O|  |TAMS 0x0000000087300000, 0x0000000087300000| Untracked 
|  62|0x0000000087400000, 0x0000000087500000, 0x0000000087500000|100%| O|  |TAMS 0x0000000087400000, 0x0000000087400000| Untracked 
|  63|0x0000000087500000, 0x0000000087600000, 0x0000000087600000|100%| O|  |TAMS 0x0000000087500000, 0x0000000087500000| Untracked 
|  64|0x0000000087600000, 0x0000000087700000, 0x0000000087700000|100%| O|  |TAMS 0x0000000087600000, 0x0000000087600000| Untracked 
|  65|0x0000000087700000, 0x0000000087800000, 0x0000000087800000|100%| O|  |TAMS 0x0000000087700000, 0x0000000087700000| Untracked 
|  66|0x0000000087800000, 0x0000000087900000, 0x0000000087900000|100%| O|  |TAMS 0x0000000087800000, 0x0000000087800000| Untracked 
|  67|0x0000000087900000, 0x0000000087a00000, 0x0000000087a00000|100%| O|  |TAMS 0x0000000087900000, 0x0000000087900000| Untracked 
|  68|0x0000000087a00000, 0x0000000087b00000, 0x0000000087b00000|100%| O|  |TAMS 0x0000000087a00000, 0x0000000087a00000| Untracked 
|  69|0x0000000087b00000, 0x0000000087c00000, 0x0000000087c00000|100%| O|  |TAMS 0x0000000087b00000, 0x0000000087b00000| Untracked 
|  70|0x0000000087c00000, 0x0000000087cd4400, 0x0000000087d00000| 82%| O|  |TAMS 0x0000000087c00000, 0x0000000087c00000| Untracked 
|  71|0x0000000087d00000, 0x0000000087d00000, 0x0000000087e00000|  0%| F|  |TAMS 0x0000000087d00000, 0x0000000087d00000| Untracked 
|  72|0x0000000087e00000, 0x0000000087e00000, 0x0000000087f00000|  0%| F|  |TAMS 0x0000000087e00000, 0x0000000087e00000| Untracked 
|  73|0x0000000087f00000, 0x0000000087f00000, 0x0000000088000000|  0%| F|  |TAMS 0x0000000087f00000, 0x0000000087f00000| Untracked 
|  74|0x0000000088000000, 0x0000000088000000, 0x0000000088100000|  0%| F|  |TAMS 0x0000000088000000, 0x0000000088000000| Untracked 
|  75|0x0000000088100000, 0x0000000088100000, 0x0000000088200000|  0%| F|  |TAMS 0x0000000088100000, 0x0000000088100000| Untracked 
|  76|0x0000000088200000, 0x0000000088200000, 0x0000000088300000|  0%| F|  |TAMS 0x0000000088200000, 0x0000000088200000| Untracked 
|  77|0x0000000088300000, 0x0000000088300000, 0x0000000088400000|  0%| F|  |TAMS 0x0000000088300000, 0x0000000088300000| Untracked 
|  78|0x0000000088400000, 0x0000000088400000, 0x0000000088500000|  0%| F|  |TAMS 0x0000000088400000, 0x0000000088400000| Untracked 
|  79|0x0000000088500000, 0x0000000088500000, 0x0000000088600000|  0%| F|  |TAMS 0x0000000088500000, 0x0000000088500000| Untracked 
|  80|0x0000000088600000, 0x0000000088600000, 0x0000000088700000|  0%| F|  |TAMS 0x0000000088600000, 0x0000000088600000| Untracked 
|  81|0x0000000088700000, 0x0000000088700000, 0x0000000088800000|  0%| F|  |TAMS 0x0000000088700000, 0x0000000088700000| Untracked 
|  82|0x0000000088800000, 0x0000000088800000, 0x0000000088900000|  0%| F|  |TAMS 0x0000000088800000, 0x0000000088800000| Untracked 
|  83|0x0000000088900000, 0x0000000088900000, 0x0000000088a00000|  0%| F|  |TAMS 0x0000000088900000, 0x0000000088900000| Untracked 
|  84|0x0000000088a00000, 0x0000000088a00000, 0x0000000088b00000|  0%| F|  |TAMS 0x0000000088a00000, 0x0000000088a00000| Untracked 
|  85|0x0000000088b00000, 0x0000000088b00000, 0x0000000088c00000|  0%| F|  |TAMS 0x0000000088b00000, 0x0000000088b00000| Untracked 
|  86|0x0000000088c00000, 0x0000000088c00000, 0x0000000088d00000|  0%| F|  |TAMS 0x0000000088c00000, 0x0000000088c00000| Untracked 
|  87|0x0000000088d00000, 0x0000000088d00000, 0x0000000088e00000|  0%| F|  |TAMS 0x0000000088d00000, 0x0000000088d00000| Untracked 
|  88|0x0000000088e00000, 0x0000000088e00000, 0x0000000088f00000|  0%| F|  |TAMS 0x0000000088e00000, 0x0000000088e00000| Untracked 
|  89|0x0000000088f00000, 0x0000000088f00000, 0x0000000089000000|  0%| F|  |TAMS 0x0000000088f00000, 0x0000000088f00000| Untracked 
|  90|0x0000000089000000, 0x0000000089000000, 0x0000000089100000|  0%| F|  |TAMS 0x0000000089000000, 0x0000000089000000| Untracked 
|  91|0x0000000089100000, 0x0000000089100000, 0x0000000089200000|  0%| F|  |TAMS 0x0000000089100000, 0x0000000089100000| Untracked 
|  92|0x0000000089200000, 0x0000000089200000, 0x0000000089300000|  0%| F|  |TAMS 0x0000000089200000, 0x0000000089200000| Untracked 
|  93|0x0000000089300000, 0x0000000089300000, 0x0000000089400000|  0%| F|  |TAMS 0x0000000089300000, 0x0000000089300000| Untracked 
|  94|0x0000000089400000, 0x0000000089400000, 0x0000000089500000|  0%| F|  |TAMS 0x0000000089400000, 0x0000000089400000| Untracked 
|  95|0x0000000089500000, 0x0000000089500000, 0x0000000089600000|  0%| F|  |TAMS 0x0000000089500000, 0x0000000089500000| Untracked 
|  96|0x0000000089600000, 0x0000000089600000, 0x0000000089700000|  0%| F|  |TAMS 0x0000000089600000, 0x0000000089600000| Untracked 
|  97|0x0000000089700000, 0x0000000089700000, 0x0000000089800000|  0%| F|  |TAMS 0x0000000089700000, 0x0000000089700000| Untracked 
|  98|0x0000000089800000, 0x0000000089800000, 0x0000000089900000|  0%| F|  |TAMS 0x0000000089800000, 0x0000000089800000| Untracked 
|  99|0x0000000089900000, 0x0000000089900000, 0x0000000089a00000|  0%| F|  |TAMS 0x0000000089900000, 0x0000000089900000| Untracked 
| 100|0x0000000089a00000, 0x0000000089a00000, 0x0000000089b00000|  0%| F|  |TAMS 0x0000000089a00000, 0x0000000089a00000| Untracked 
| 101|0x0000000089b00000, 0x0000000089b00000, 0x0000000089c00000|  0%| F|  |TAMS 0x0000000089b00000, 0x0000000089b00000| Untracked 
| 102|0x0000000089c00000, 0x0000000089c00000, 0x0000000089d00000|  0%| F|  |TAMS 0x0000000089c00000, 0x0000000089c00000| Untracked 
| 103|0x0000000089d00000, 0x0000000089d00000, 0x0000000089e00000|  0%| F|  |TAMS 0x0000000089d00000, 0x0000000089d00000| Untracked 
| 104|0x0000000089e00000, 0x0000000089e00000, 0x0000000089f00000|  0%| F|  |TAMS 0x0000000089e00000, 0x0000000089e00000| Untracked 
| 105|0x0000000089f00000, 0x0000000089f00000, 0x000000008a000000|  0%| F|  |TAMS 0x0000000089f00000, 0x0000000089f00000| Untracked 
| 106|0x000000008a000000, 0x000000008a000000, 0x000000008a100000|  0%| F|  |TAMS 0x000000008a000000, 0x000000008a000000| Untracked 
| 107|0x000000008a100000, 0x000000008a100000, 0x000000008a200000|  0%| F|  |TAMS 0x000000008a100000, 0x000000008a100000| Untracked 
| 108|0x000000008a200000, 0x000000008a200000, 0x000000008a300000|  0%| F|  |TAMS 0x000000008a200000, 0x000000008a200000| Untracked 
| 109|0x000000008a300000, 0x000000008a3bb120, 0x000000008a400000| 73%| S|CS|TAMS 0x000000008a300000, 0x000000008a300000| Complete 
| 110|0x000000008a400000, 0x000000008a500000, 0x000000008a500000|100%| S|CS|TAMS 0x000000008a400000, 0x000000008a400000| Complete 
| 111|0x000000008a500000, 0x000000008a600000, 0x000000008a600000|100%| S|CS|TAMS 0x000000008a500000, 0x000000008a500000| Complete 
| 112|0x000000008a600000, 0x000000008a700000, 0x000000008a700000|100%| S|CS|TAMS 0x000000008a600000, 0x000000008a600000| Complete 
| 113|0x000000008a700000, 0x000000008a700000, 0x000000008a800000|  0%| F|  |TAMS 0x000000008a700000, 0x000000008a700000| Untracked 
| 114|0x000000008a800000, 0x000000008a800000, 0x000000008a900000|  0%| F|  |TAMS 0x000000008a800000, 0x000000008a800000| Untracked 
| 115|0x000000008a900000, 0x000000008a900000, 0x000000008aa00000|  0%| F|  |TAMS 0x000000008a900000, 0x000000008a900000| Untracked 
| 116|0x000000008aa00000, 0x000000008aa00000, 0x000000008ab00000|  0%| F|  |TAMS 0x000000008aa00000, 0x000000008aa00000| Untracked 
| 117|0x000000008ab00000, 0x000000008ab00000, 0x000000008ac00000|  0%| F|  |TAMS 0x000000008ab00000, 0x000000008ab00000| Untracked 
| 118|0x000000008ac00000, 0x000000008ac00000, 0x000000008ad00000|  0%| F|  |TAMS 0x000000008ac00000, 0x000000008ac00000| Untracked 
| 119|0x000000008ad00000, 0x000000008ad00000, 0x000000008ae00000|  0%| F|  |TAMS 0x000000008ad00000, 0x000000008ad00000| Untracked 
| 120|0x000000008ae00000, 0x000000008ae00000, 0x000000008af00000|  0%| F|  |TAMS 0x000000008ae00000, 0x000000008ae00000| Untracked 
| 121|0x000000008af00000, 0x000000008af00000, 0x000000008b000000|  0%| F|  |TAMS 0x000000008af00000, 0x000000008af00000| Untracked 
| 122|0x000000008b000000, 0x000000008b000000, 0x000000008b100000|  0%| F|  |TAMS 0x000000008b000000, 0x000000008b000000| Untracked 
| 123|0x000000008b100000, 0x000000008b100000, 0x000000008b200000|  0%| F|  |TAMS 0x000000008b100000, 0x000000008b100000| Untracked 
| 124|0x000000008b200000, 0x000000008b200000, 0x000000008b300000|  0%| F|  |TAMS 0x000000008b200000, 0x000000008b200000| Untracked 
| 125|0x000000008b300000, 0x000000008b300000, 0x000000008b400000|  0%| F|  |TAMS 0x000000008b300000, 0x000000008b300000| Untracked 
| 126|0x000000008b400000, 0x000000008b400000, 0x000000008b500000|  0%| F|  |TAMS 0x000000008b400000, 0x000000008b400000| Untracked 
| 127|0x000000008b500000, 0x000000008b500000, 0x000000008b600000|  0%| F|  |TAMS 0x000000008b500000, 0x000000008b500000| Untracked 
| 128|0x000000008b600000, 0x000000008b600000, 0x000000008b700000|  0%| F|  |TAMS 0x000000008b600000, 0x000000008b600000| Untracked 
| 129|0x000000008b700000, 0x000000008b700000, 0x000000008b800000|  0%| F|  |TAMS 0x000000008b700000, 0x000000008b700000| Untracked 
| 130|0x000000008b800000, 0x000000008b800000, 0x000000008b900000|  0%| F|  |TAMS 0x000000008b800000, 0x000000008b800000| Untracked 
| 131|0x000000008b900000, 0x000000008b900000, 0x000000008ba00000|  0%| F|  |TAMS 0x000000008b900000, 0x000000008b900000| Untracked 
| 132|0x000000008ba00000, 0x000000008ba00000, 0x000000008bb00000|  0%| F|  |TAMS 0x000000008ba00000, 0x000000008ba00000| Untracked 
| 133|0x000000008bb00000, 0x000000008bb00000, 0x000000008bc00000|  0%| F|  |TAMS 0x000000008bb00000, 0x000000008bb00000| Untracked 
| 134|0x000000008bc00000, 0x000000008bc00000, 0x000000008bd00000|  0%| F|  |TAMS 0x000000008bc00000, 0x000000008bc00000| Untracked 
| 135|0x000000008bd00000, 0x000000008bd00000, 0x000000008be00000|  0%| F|  |TAMS 0x000000008bd00000, 0x000000008bd00000| Untracked 
| 136|0x000000008be00000, 0x000000008be00000, 0x000000008bf00000|  0%| F|  |TAMS 0x000000008be00000, 0x000000008be00000| Untracked 
| 137|0x000000008bf00000, 0x000000008bf00000, 0x000000008c000000|  0%| F|  |TAMS 0x000000008bf00000, 0x000000008bf00000| Untracked 
| 138|0x000000008c000000, 0x000000008c000000, 0x000000008c100000|  0%| F|  |TAMS 0x000000008c000000, 0x000000008c000000| Untracked 
| 139|0x000000008c100000, 0x000000008c100000, 0x000000008c200000|  0%| F|  |TAMS 0x000000008c100000, 0x000000008c100000| Untracked 
| 140|0x000000008c200000, 0x000000008c200000, 0x000000008c300000|  0%| F|  |TAMS 0x000000008c200000, 0x000000008c200000| Untracked 
| 141|0x000000008c300000, 0x000000008c300000, 0x000000008c400000|  0%| F|  |TAMS 0x000000008c300000, 0x000000008c300000| Untracked 
| 142|0x000000008c400000, 0x000000008c400000, 0x000000008c500000|  0%| F|  |TAMS 0x000000008c400000, 0x000000008c400000| Untracked 
| 143|0x000000008c500000, 0x000000008c500000, 0x000000008c600000|  0%| F|  |TAMS 0x000000008c500000, 0x000000008c500000| Untracked 
| 144|0x000000008c600000, 0x000000008c600000, 0x000000008c700000|  0%| F|  |TAMS 0x000000008c600000, 0x000000008c600000| Untracked 
| 145|0x000000008c700000, 0x000000008c700000, 0x000000008c800000|  0%| F|  |TAMS 0x000000008c700000, 0x000000008c700000| Untracked 
| 146|0x000000008c800000, 0x000000008c800000, 0x000000008c900000|  0%| F|  |TAMS 0x000000008c800000, 0x000000008c800000| Untracked 
| 147|0x000000008c900000, 0x000000008c900000, 0x000000008ca00000|  0%| F|  |TAMS 0x000000008c900000, 0x000000008c900000| Untracked 
| 148|0x000000008ca00000, 0x000000008ca00000, 0x000000008cb00000|  0%| F|  |TAMS 0x000000008ca00000, 0x000000008ca00000| Untracked 
| 149|0x000000008cb00000, 0x000000008cb00000, 0x000000008cc00000|  0%| F|  |TAMS 0x000000008cb00000, 0x000000008cb00000| Untracked 
| 150|0x000000008cc00000, 0x000000008cc00000, 0x000000008cd00000|  0%| F|  |TAMS 0x000000008cc00000, 0x000000008cc00000| Untracked 
| 151|0x000000008cd00000, 0x000000008cd00000, 0x000000008ce00000|  0%| F|  |TAMS 0x000000008cd00000, 0x000000008cd00000| Untracked 
| 152|0x000000008ce00000, 0x000000008ce00000, 0x000000008cf00000|  0%| F|  |TAMS 0x000000008ce00000, 0x000000008ce00000| Untracked 
| 153|0x000000008cf00000, 0x000000008cf00000, 0x000000008d000000|  0%| F|  |TAMS 0x000000008cf00000, 0x000000008cf00000| Untracked 
| 154|0x000000008d000000, 0x000000008d000000, 0x000000008d100000|  0%| F|  |TAMS 0x000000008d000000, 0x000000008d000000| Untracked 
| 155|0x000000008d100000, 0x000000008d100000, 0x000000008d200000|  0%| F|  |TAMS 0x000000008d100000, 0x000000008d100000| Untracked 
| 156|0x000000008d200000, 0x000000008d200000, 0x000000008d300000|  0%| F|  |TAMS 0x000000008d200000, 0x000000008d200000| Untracked 
| 157|0x000000008d300000, 0x000000008d300000, 0x000000008d400000|  0%| F|  |TAMS 0x000000008d300000, 0x000000008d300000| Untracked 
| 158|0x000000008d400000, 0x000000008d400000, 0x000000008d500000|  0%| F|  |TAMS 0x000000008d400000, 0x000000008d400000| Untracked 
| 159|0x000000008d500000, 0x000000008d500000, 0x000000008d600000|  0%| F|  |TAMS 0x000000008d500000, 0x000000008d500000| Untracked 
| 160|0x000000008d600000, 0x000000008d600000, 0x000000008d700000|  0%| F|  |TAMS 0x000000008d600000, 0x000000008d600000| Untracked 

Card table byte_map: [0x00000264c6480000,0x00000264c6870000] _byte_map_base: 0x00000264c6065000

Marking Bits (Prev, Next): (CMBitMap*) 0x00000264c0342f30, (CMBitMap*) 0x00000264c0342ef0
 Prev Bits: [0x00000264c8b90000, 0x00000264caab8000)
 Next Bits: [0x00000264c6c60000, 0x00000264c8b88000)

Polling page: 0x00000264bfac0000

Metaspace:

Usage:
  Non-class:     33.08 MB used.
      Class:      4.78 MB used.
       Both:     37.86 MB used.

Virtual space:
  Non-class space:       40.00 MB reserved,      33.25 MB ( 83%) committed,  5 nodes.
      Class space:        1.00 GB reserved,       4.94 MB ( <1%) committed,  1 nodes.
             Both:        1.04 GB reserved,      38.19 MB (  4%) committed. 

Chunk freelists:
   Non-Class:  2.80 MB
       Class:  3.06 MB
        Both:  5.86 MB

MaxMetaspaceSize: unlimited
CompressedClassSpaceSize: 1.00 GB
Initial GC threshold: 21.00 MB
Current GC threshold: 59.62 MB
CDS: off
MetaspaceReclaimPolicy: balanced
 - commit_granule_bytes: 65536.
 - commit_granule_words: 8192.
 - virtual_space_node_default_size: 1048576.
 - enlarge_chunks_in_place: 1.
 - new_chunks_are_fully_committed: 0.
 - uncommit_free_chunks: 1.
 - use_allocation_guard: 0.
 - handle_deallocations: 1.


Internal statistics:

num_allocs_failed_limit: 5.
num_arena_births: 348.
num_arena_deaths: 0.
num_vsnodes_births: 6.
num_vsnodes_deaths: 0.
num_space_committed: 611.
num_space_uncommitted: 0.
num_chunks_returned_to_freelist: 5.
num_chunks_taken_from_freelist: 1492.
num_chunk_merges: 5.
num_chunk_splits: 1019.
num_chunks_enlarged: 789.
num_purges: 0.
num_inconsistent_stats: 0.

CodeCache: size=49152Kb used=9570Kb max_used=9570Kb free=39581Kb
 bounds [0x00000264c2f80000, 0x00000264c38e0000, 0x00000264c5f80000]
 total_blobs=4545 nmethods=4014 adapters=455
 compilation: enabled
              stopped_count=0, restarted_count=0
 full_count=0

Compilation events (20 events):
Event: 15.154 Thread 0x00000264cea761c0 4005       1       jdk.internal.jrtfs.JrtPath::getFileName (5 bytes)
Event: 15.154 Thread 0x00000264ce10b570 4006  s    1       org.eclipse.jdt.internal.compiler.util.JrtFileSystem::cachePackage (235 bytes)
Event: 15.154 Thread 0x00000264cea761c0 nmethod 4005 0x00000264c38d0890 code [0x00000264c38d0a20, 0x00000264c38d0b08]
Event: 15.154 Thread 0x00000264ce040560 nmethod 4007 0x00000264c38d0b90 code [0x00000264c38d0e40, 0x00000264c38d1858]
Event: 15.154 Thread 0x00000264ce040560 4008       1       jdk.internal.jrtfs.JrtFileAttributes::fileKey (9 bytes)
Event: 15.154 Thread 0x00000264cea761c0 4009       1       org.eclipse.jdt.internal.compiler.util.JRTUtil$AbstractFileVisitor::preVisitDirectory (4 bytes)
Event: 15.154 Thread 0x00000264cea761c0 nmethod 4009 0x00000264c38d2190 code [0x00000264c38d2320, 0x00000264c38d23f8]
Event: 15.154 Thread 0x00000264ce040560 nmethod 4008 0x00000264c38d2490 code [0x00000264c38d2620, 0x00000264c38d2708]
Event: 15.154 Thread 0x00000264cea761c0 4010  s    1       jdk.internal.jrtfs.JrtDirectoryStream::close (6 bytes)
Event: 15.154 Thread 0x00000264ce040560 4011       1       org.eclipse.jdt.internal.compiler.util.JRTUtil$AbstractFileVisitor::postVisitDirectory (4 bytes)
Event: 15.154 Thread 0x00000264ce040560 nmethod 4011 0x00000264c38d2790 code [0x00000264c38d2920, 0x00000264c38d29f8]
Event: 15.155 Thread 0x00000264cea761c0 nmethod 4010 0x00000264c38d2a90 code [0x00000264c38d2c20, 0x00000264c38d2d98]
Event: 15.155 Thread 0x00000264ce10b570 nmethod 4006 0x00000264c38d2e10 code [0x00000264c38d3160, 0x00000264c38d3ef8]
Event: 15.157 Thread 0x00000264ceab0580 nmethod 4001 0x00000264c38d4790 code [0x00000264c38d4b60, 0x00000264c38d6248]
Event: 15.168 Thread 0x00000264ceab0580 4012       1       jdk.internal.jimage.ImageReader$SharedImageReader::makeDirectories (54 bytes)
Event: 15.169 Thread 0x00000264ceab0580 nmethod 4012 0x00000264c38d7390 code [0x00000264c38d7620, 0x00000264c38d7e48]
Event: 15.194 Thread 0x00000264cea761c0 4013       1       org.eclipse.jdt.internal.compiler.classfmt.ClassFileStruct::u1At (16 bytes)
Event: 15.195 Thread 0x00000264ce10b570 4014       1       org.eclipse.jdt.internal.compiler.classfmt.ClassFileStruct::u2At (35 bytes)
Event: 15.195 Thread 0x00000264cea761c0 nmethod 4013 0x00000264c38d8290 code [0x00000264c38d8420, 0x00000264c38d8518]
Event: 15.195 Thread 0x00000264ce10b570 nmethod 4014 0x00000264c38d8610 code [0x00000264c38d87a0, 0x00000264c38d88d8]

GC Heap History (20 events):
Event: 14.277 GC heap after
{Heap after GC invocations=12 (full 0):
 garbage-first heap   total 77824K, used 27193K [0x0000000083600000, 0x0000000100000000)
  region size 1024K, 2 young (2048K), 2 survivors (2048K)
 Metaspace       used 35357K, committed 35648K, reserved 1081344K
  class space    used 4580K, committed 4736K, reserved 1048576K
}
Event: 14.389 GC heap before
{Heap before GC invocations=13 (full 0):
 garbage-first heap   total 77824K, used 54841K [0x0000000083600000, 0x0000000100000000)
  region size 1024K, 29 young (29696K), 2 survivors (2048K)
 Metaspace       used 35477K, committed 35840K, reserved 1081344K
  class space    used 4604K, committed 4736K, reserved 1048576K
}
Event: 14.394 GC heap after
{Heap after GC invocations=14 (full 0):
 garbage-first heap   total 77824K, used 32065K [0x0000000083600000, 0x0000000100000000)
  region size 1024K, 4 young (4096K), 4 survivors (4096K)
 Metaspace       used 35477K, committed 35840K, reserved 1081344K
  class space    used 4604K, committed 4736K, reserved 1048576K
}
Event: 14.463 GC heap before
{Heap before GC invocations=14 (full 0):
 garbage-first heap   total 77824K, used 56641K [0x0000000083600000, 0x0000000100000000)
  region size 1024K, 28 young (28672K), 4 survivors (4096K)
 Metaspace       used 35733K, committed 36096K, reserved 1081344K
  class space    used 4636K, committed 4800K, reserved 1048576K
}
Event: 14.472 GC heap after
{Heap after GC invocations=15 (full 0):
 garbage-first heap   total 77824K, used 36815K [0x0000000083600000, 0x0000000100000000)
  region size 1024K, 4 young (4096K), 4 survivors (4096K)
 Metaspace       used 35733K, committed 36096K, reserved 1081344K
  class space    used 4636K, committed 4800K, reserved 1048576K
}
Event: 14.524 GC heap before
{Heap before GC invocations=15 (full 0):
 garbage-first heap   total 77824K, used 57295K [0x0000000083600000, 0x0000000100000000)
  region size 1024K, 25 young (25600K), 4 survivors (4096K)
 Metaspace       used 35853K, committed 36224K, reserved 1081344K
  class space    used 4646K, committed 4800K, reserved 1048576K
}
Event: 14.531 GC heap after
{Heap after GC invocations=16 (full 0):
 garbage-first heap   total 77824K, used 43511K [0x0000000083600000, 0x0000000100000000)
  region size 1024K, 4 young (4096K), 4 survivors (4096K)
 Metaspace       used 35853K, committed 36224K, reserved 1081344K
  class space    used 4646K, committed 4800K, reserved 1048576K
}
Event: 14.578 GC heap before
{Heap before GC invocations=16 (full 0):
 garbage-first heap   total 77824K, used 57847K [0x0000000083600000, 0x0000000100000000)
  region size 1024K, 19 young (19456K), 4 survivors (4096K)
 Metaspace       used 36106K, committed 36480K, reserved 1081344K
  class space    used 4655K, committed 4800K, reserved 1048576K
}
Event: 14.583 GC heap after
{Heap after GC invocations=17 (full 0):
 garbage-first heap   total 77824K, used 47104K [0x0000000083600000, 0x0000000100000000)
  region size 1024K, 3 young (3072K), 3 survivors (3072K)
 Metaspace       used 36106K, committed 36480K, reserved 1081344K
  class space    used 4655K, committed 4800K, reserved 1048576K
}
Event: 14.831 GC heap before
{Heap before GC invocations=18 (full 0):
 garbage-first heap   total 87040K, used 59392K [0x0000000083600000, 0x0000000100000000)
  region size 1024K, 16 young (16384K), 3 survivors (3072K)
 Metaspace       used 37514K, committed 37888K, reserved 1089536K
  class space    used 4752K, committed 4928K, reserved 1048576K
}
Event: 14.835 GC heap after
{Heap after GC invocations=19 (full 0):
 garbage-first heap   total 87040K, used 49358K [0x0000000083600000, 0x0000000100000000)
  region size 1024K, 2 young (2048K), 2 survivors (2048K)
 Metaspace       used 37514K, committed 37888K, reserved 1089536K
  class space    used 4752K, committed 4928K, reserved 1048576K
}
Event: 14.910 GC heap before
{Heap before GC invocations=19 (full 0):
 garbage-first heap   total 87040K, used 61646K [0x0000000083600000, 0x0000000100000000)
  region size 1024K, 16 young (16384K), 2 survivors (2048K)
 Metaspace       used 37797K, committed 38080K, reserved 1089536K
  class space    used 4781K, committed 4928K, reserved 1048576K
}
Event: 14.916 GC heap after
{Heap after GC invocations=20 (full 0):
 garbage-first heap   total 164864K, used 55033K [0x0000000083600000, 0x0000000100000000)
  region size 1024K, 3 young (3072K), 3 survivors (3072K)
 Metaspace       used 37797K, committed 38080K, reserved 1089536K
  class space    used 4781K, committed 4928K, reserved 1048576K
}
Event: 15.115 GC heap before
{Heap before GC invocations=20 (full 0):
 garbage-first heap   total 164864K, used 109305K [0x0000000083600000, 0x0000000100000000)
  region size 1024K, 55 young (56320K), 3 survivors (3072K)
 Metaspace       used 38559K, committed 38912K, reserved 1089536K
  class space    used 4863K, committed 5056K, reserved 1048576K
}
Event: 15.140 GC heap after
{Heap after GC invocations=21 (full 0):
 garbage-first heap   total 164864K, used 70429K [0x0000000083600000, 0x0000000100000000)
  region size 1024K, 7 young (7168K), 7 survivors (7168K)
 Metaspace       used 38559K, committed 38912K, reserved 1089536K
  class space    used 4863K, committed 5056K, reserved 1048576K
}
Event: 15.160 GC heap before
{Heap before GC invocations=21 (full 0):
 garbage-first heap   total 164864K, used 106269K [0x0000000083600000, 0x0000000100000000)
  region size 1024K, 43 young (44032K), 7 survivors (7168K)
 Metaspace       used 38665K, committed 38976K, reserved 1089536K
  class space    used 4876K, committed 5056K, reserved 1048576K
}
Event: 15.164 GC heap after
{Heap after GC invocations=22 (full 0):
 garbage-first heap   total 164864K, used 73154K [0x0000000083600000, 0x0000000100000000)
  region size 1024K, 3 young (3072K), 3 survivors (3072K)
 Metaspace       used 38665K, committed 38976K, reserved 1089536K
  class space    used 4876K, committed 5056K, reserved 1048576K
}
Event: 15.180 GC heap before
{Heap before GC invocations=22 (full 0):
 garbage-first heap   total 164864K, used 111042K [0x0000000083600000, 0x0000000100000000)
  region size 1024K, 41 young (41984K), 3 survivors (3072K)
 Metaspace       used 38699K, committed 39040K, reserved 1089536K
  class space    used 4884K, committed 5056K, reserved 1048576K
}
Event: 15.181 GC heap after
{Heap after GC invocations=23 (full 0):
 garbage-first heap   total 164864K, used 74354K [0x0000000083600000, 0x0000000100000000)
  region size 1024K, 4 young (4096K), 4 survivors (4096K)
 Metaspace       used 38699K, committed 39040K, reserved 1089536K
  class space    used 4884K, committed 5056K, reserved 1048576K
}
Event: 15.200 GC heap before
{Heap before GC invocations=23 (full 0):
 garbage-first heap   total 164864K, used 118386K [0x0000000083600000, 0x0000000100000000)
  region size 1024K, 48 young (49152K), 4 survivors (4096K)
 Metaspace       used 38770K, committed 39104K, reserved 1089536K
  class space    used 4895K, committed 5056K, reserved 1048576K
}

Deoptimization events (12 events):
Event: 9.653 Thread 0x00000264c02e6a80 DEOPT PACKING pc=0x00000264c34e5f19 sp=0x000000b3ff6fd3e0
Event: 9.653 Thread 0x00000264c02e6a80 DEOPT UNPACKING pc=0x00000264c2fd6763 sp=0x000000b3ff6fc8c0 mode 3
Event: 13.141 Thread 0x00000264c02e6a80 DEOPT PACKING pc=0x00000264c3653f99 sp=0x000000b3ff6fc7c0
Event: 13.141 Thread 0x00000264c02e6a80 DEOPT UNPACKING pc=0x00000264c2fd6763 sp=0x000000b3ff6fbca0 mode 3
Event: 13.927 Thread 0x00000264d008c400 DEOPT PACKING pc=0x00000264c3709b35 sp=0x000000b3817fd200
Event: 13.927 Thread 0x00000264d008c400 DEOPT UNPACKING pc=0x00000264c2fd6763 sp=0x000000b3817fc718 mode 3
Event: 14.087 Thread 0x00000264d0094f50 DEOPT PACKING pc=0x00000264c372852b sp=0x000000b3818fe590
Event: 14.087 Thread 0x00000264d0094f50 DEOPT UNPACKING pc=0x00000264c2fd6763 sp=0x000000b3818fdad8 mode 3
Event: 14.251 Thread 0x00000264cfe43870 DEOPT PACKING pc=0x00000264c34e3801 sp=0x000000b3824feef0
Event: 14.251 Thread 0x00000264cfe43870 DEOPT UNPACKING pc=0x00000264c2fd6763 sp=0x000000b3824fe380 mode 3
Event: 14.278 Thread 0x00000264cfe43870 DEOPT PACKING pc=0x00000264c34e0217 sp=0x000000b3824fee10
Event: 14.278 Thread 0x00000264cfe43870 DEOPT UNPACKING pc=0x00000264c2fd6763 sp=0x000000b3824fe268 mode 3

Classes unloaded (0 events):
No events

Classes redefined (0 events):
No events

Internal exceptions (20 events):
Event: 14.148 Thread 0x00000264cfe45080 Exception <a 'sun/nio/fs/WindowsException'{0x0000000089f38680}> (0x0000000089f38680) 
thrown [s\src\hotspot\share\prims\jni.cpp, line 516]
Event: 14.148 Thread 0x00000264cfe45080 Exception <a 'sun/nio/fs/WindowsException'{0x0000000089e40f08}> (0x0000000089e40f08) 
thrown [s\src\hotspot\share\prims\jni.cpp, line 516]
Event: 14.148 Thread 0x00000264cfe45080 Exception <a 'sun/nio/fs/WindowsException'{0x0000000089e412e0}> (0x0000000089e412e0) 
thrown [s\src\hotspot\share\prims\jni.cpp, line 516]
Event: 14.148 Thread 0x00000264cfe45080 Exception <a 'sun/nio/fs/WindowsException'{0x0000000089e41cc8}> (0x0000000089e41cc8) 
thrown [s\src\hotspot\share\prims\jni.cpp, line 516]
Event: 14.148 Thread 0x00000264cfe45080 Exception <a 'sun/nio/fs/WindowsException'{0x0000000089e42068}> (0x0000000089e42068) 
thrown [s\src\hotspot\share\prims\jni.cpp, line 516]
Event: 14.149 Thread 0x00000264cfe45080 Exception <a 'sun/nio/fs/WindowsException'{0x0000000089e42a60}> (0x0000000089e42a60) 
thrown [s\src\hotspot\share\prims\jni.cpp, line 516]
Event: 14.149 Thread 0x00000264cfe45080 Exception <a 'sun/nio/fs/WindowsException'{0x0000000089e42e18}> (0x0000000089e42e18) 
thrown [s\src\hotspot\share\prims\jni.cpp, line 516]
Event: 14.149 Thread 0x00000264cfe45080 Exception <a 'sun/nio/fs/WindowsException'{0x0000000089e43800}> (0x0000000089e43800) 
thrown [s\src\hotspot\share\prims\jni.cpp, line 516]
Event: 14.149 Thread 0x00000264cfe45080 Exception <a 'sun/nio/fs/WindowsException'{0x0000000089e43ba8}> (0x0000000089e43ba8) 
thrown [s\src\hotspot\share\prims\jni.cpp, line 516]
Event: 14.149 Thread 0x00000264cfe45080 Exception <a 'sun/nio/fs/WindowsException'{0x0000000089e445a0}> (0x0000000089e445a0) 
thrown [s\src\hotspot\share\prims\jni.cpp, line 516]
Event: 14.149 Thread 0x00000264cfe45080 Exception <a 'sun/nio/fs/WindowsException'{0x0000000089e44958}> (0x0000000089e44958) 
thrown [s\src\hotspot\share\prims\jni.cpp, line 516]
Event: 14.150 Thread 0x00000264cfe45080 Exception <a 'sun/nio/fs/WindowsException'{0x0000000089e45368}> (0x0000000089e45368) 
thrown [s\src\hotspot\share\prims\jni.cpp, line 516]
Event: 14.150 Thread 0x00000264cfe45080 Exception <a 'sun/nio/fs/WindowsException'{0x0000000089e45740}> (0x0000000089e45740) 
thrown [s\src\hotspot\share\prims\jni.cpp, line 516]
Event: 14.150 Thread 0x00000264cfe45080 Exception <a 'sun/nio/fs/WindowsException'{0x0000000089e46168}> (0x0000000089e46168) 
thrown [s\src\hotspot\share\prims\jni.cpp, line 516]
Event: 14.150 Thread 0x00000264cfe45080 Exception <a 'sun/nio/fs/WindowsException'{0x0000000089e46558}> (0x0000000089e46558) 
thrown [s\src\hotspot\share\prims\jni.cpp, line 516]
Event: 14.150 Thread 0x00000264cfe45080 Exception <a 'sun/nio/fs/WindowsException'{0x0000000089e46f78}> (0x0000000089e46f78) 
thrown [s\src\hotspot\share\prims\jni.cpp, line 516]
Event: 14.150 Thread 0x00000264cfe45080 Exception <a 'sun/nio/fs/WindowsException'{0x0000000089e47360}> (0x0000000089e47360) 
thrown [s\src\hotspot\share\prims\jni.cpp, line 516]
Event: 14.233 Thread 0x00000264d02a58f0 Exception <a 'java/lang/NoSuchMethodError'{0x0000000085d6d2f8}: 'int java.lang.invoke.DirectMethodHandle$Holder.invokeStatic(java.lang.Object)'> (0x0000000085d6d2f8) 
thrown [s\src\hotspot\share\interpreter\linkResolver.cpp, line 759]
Event: 14.234 Thread 0x00000264d02a58f0 Exception <a 'java/lang/NoSuchMethodError'{0x0000000085dbc6a8}: 'int java.lang.invoke.DirectMethodHandle$Holder.invokeStaticInit(java.lang.Object)'> (0x0000000085dbc6a8) 
thrown [s\src\hotspot\share\interpreter\linkResolver.cpp, line 759]
Event: 15.018 Thread 0x00000264d008c400 Exception <a 'java/lang/NoSuchMethodError'{0x000000008c65a2b0}: 'java.lang.Object java.lang.invoke.Invokers$Holder.invoke_MT(java.lang.Object, java.lang.Object, java.lang.Object)'> (0x000000008c65a2b0) 
thrown [s\src\hotspot\share\interpreter\linkResolver.cpp, line 759]

VM Operations (20 events):
Event: 15.068 Executing VM operation: HandshakeAllThreads done
Event: 15.113 Executing VM operation: G1CollectForAllocation
Event: 15.114 Executing VM operation: G1CollectForAllocation done
Event: 15.115 Executing VM operation: G1CollectForAllocation
Event: 15.140 Executing VM operation: G1CollectForAllocation done
Event: 15.145 Executing VM operation: HandshakeAllThreads
Event: 15.148 Executing VM operation: HandshakeAllThreads done
Event: 15.150 Executing VM operation: HandshakeAllThreads
Event: 15.151 Executing VM operation: HandshakeAllThreads done
Event: 15.159 Executing VM operation: G1CollectForAllocation
Event: 15.160 Executing VM operation: G1CollectForAllocation done
Event: 15.160 Executing VM operation: G1CollectForAllocation
Event: 15.164 Executing VM operation: G1CollectForAllocation done
Event: 15.179 Executing VM operation: G1CollectForAllocation
Event: 15.179 Executing VM operation: G1CollectForAllocation done
Event: 15.180 Executing VM operation: G1CollectForAllocation
Event: 15.182 Executing VM operation: G1CollectForAllocation done
Event: 15.199 Executing VM operation: G1CollectForAllocation
Event: 15.199 Executing VM operation: G1CollectForAllocation done
Event: 15.199 Executing VM operation: G1CollectForAllocation

Events (20 events):
Event: 15.025 loading class jdk/internal/jrtfs/JrtPath
Event: 15.025 loading class jdk/internal/jrtfs/JrtPath done
Event: 15.027 loading class java/nio/file/FileVisitOption
Event: 15.027 loading class java/nio/file/FileVisitOption done
Event: 15.028 loading class java/nio/file/FileTreeWalker
Event: 15.028 loading class java/nio/file/FileTreeWalker done
Event: 15.068 loading class java/nio/file/FileTreeWalker$DirectoryNode
Event: 15.068 loading class java/nio/file/FileTreeWalker$DirectoryNode done
Event: 15.069 loading class java/nio/file/FileTreeWalker$Event
Event: 15.069 loading class java/nio/file/FileTreeWalker$Event done
Event: 15.069 loading class java/nio/file/FileTreeWalker$EventType
Event: 15.069 loading class java/nio/file/FileTreeWalker$EventType done
Event: 15.069 loading class java/nio/file/Files$3
Event: 15.069 loading class java/nio/file/Files$3 done
Event: 15.069 loading class java/nio/file/FileVisitResult
Event: 15.069 loading class java/nio/file/FileVisitResult done
Event: 15.174 loading class java/nio/channels/Channels$ReadableByteChannelImpl
Event: 15.174 loading class java/nio/channels/Channels$ReadableByteChannelImpl done
Event: 15.174 loading class java/nio/channels/NonWritableChannelException
Event: 15.174 loading class java/nio/channels/NonWritableChannelException done


Dynamic libraries:
0x00007ff68ec40000 - 0x00007ff68ec4e000 	c:\Users\user\.vscode\extensions\redhat.java-1.12.0-win32-x64\jre\17.0.4.1-win32-x86_64\bin\java.exe
0x00007ff962170000 - 0x00007ff962368000 	C:\WINDOWS\SYSTEM32\ntdll.dll
0x00007ff960ea0000 - 0x00007ff960f5f000 	C:\WINDOWS\System32\KERNEL32.DLL
0x00007ff95fb90000 - 0x00007ff95fe62000 	C:\WINDOWS\System32\KERNELBASE.dll
0x00007ff95fa90000 - 0x00007ff95fb90000 	C:\WINDOWS\System32\ucrtbase.dll
0x00007ff958dd0000 - 0x00007ff958de9000 	c:\Users\user\.vscode\extensions\redhat.java-1.12.0-win32-x64\jre\17.0.4.1-win32-x86_64\bin\VCRUNTIME140.dll
0x00007ff951b60000 - 0x00007ff951b78000 	c:\Users\user\.vscode\extensions\redhat.java-1.12.0-win32-x64\jre\17.0.4.1-win32-x86_64\bin\jli.dll
0x00007ff961340000 - 0x00007ff9614dd000 	C:\WINDOWS\System32\USER32.dll
0x00007ff95ff20000 - 0x00007ff95ff42000 	C:\WINDOWS\System32\win32u.dll
0x00007ff94dd70000 - 0x00007ff94e00a000 	C:\WINDOWS\WinSxS\amd64_microsoft.windows.common-controls_6595b64144ccf1df_6.0.19041.1110_none_60b5254171f9507e\COMCTL32.dll
0x00007ff961ea0000 - 0x00007ff961ecb000 	C:\WINDOWS\System32\GDI32.dll
0x00007ff960880000 - 0x00007ff96091e000 	C:\WINDOWS\System32\msvcrt.dll
0x00007ff95f980000 - 0x00007ff95fa8f000 	C:\WINDOWS\System32\gdi32full.dll
0x00007ff95f870000 - 0x00007ff95f90d000 	C:\WINDOWS\System32\msvcp_win.dll
0x00007ff962090000 - 0x00007ff9620c2000 	C:\WINDOWS\System32\IMM32.DLL
0x00007ff95a750000 - 0x00007ff95a75c000 	c:\Users\user\.vscode\extensions\redhat.java-1.12.0-win32-x64\jre\17.0.4.1-win32-x86_64\bin\vcruntime140_1.dll
0x00007ff924480000 - 0x00007ff924511000 	c:\Users\user\.vscode\extensions\redhat.java-1.12.0-win32-x64\jre\17.0.4.1-win32-x86_64\bin\msvcp140.dll
0x00007ff90dee0000 - 0x00007ff90eb26000 	c:\Users\user\.vscode\extensions\redhat.java-1.12.0-win32-x64\jre\17.0.4.1-win32-x86_64\bin\server\jvm.dll
0x00007ff961140000 - 0x00007ff9611ee000 	C:\WINDOWS\System32\ADVAPI32.dll
0x00007ff9602f0000 - 0x00007ff96038c000 	C:\WINDOWS\System32\sechost.dll
0x00007ff9601c0000 - 0x00007ff9602e5000 	C:\WINDOWS\System32\RPCRT4.dll
0x00007ff961010000 - 0x00007ff961018000 	C:\WINDOWS\System32\PSAPI.DLL
0x00007ff94bbd0000 - 0x00007ff94bbf7000 	C:\WINDOWS\SYSTEM32\WINMM.dll
0x00007ff94c6c0000 - 0x00007ff94c6c9000 	C:\WINDOWS\SYSTEM32\WSOCK32.dll
0x00007ff961fa0000 - 0x00007ff96200b000 	C:\WINDOWS\System32\WS2_32.dll
0x00007ff95b910000 - 0x00007ff95b91a000 	C:\WINDOWS\SYSTEM32\VERSION.dll
0x00007ff95e110000 - 0x00007ff95e122000 	C:\WINDOWS\SYSTEM32\kernel.appcore.dll
0x00007ff95a720000 - 0x00007ff95a72a000 	c:\Users\user\.vscode\extensions\redhat.java-1.12.0-win32-x64\jre\17.0.4.1-win32-x86_64\bin\jimage.dll
0x00007ff95d630000 - 0x00007ff95d814000 	C:\WINDOWS\SYSTEM32\DBGHELP.DLL
0x00007ff9513a0000 - 0x00007ff9513cc000 	C:\WINDOWS\SYSTEM32\dbgcore.DLL
0x00007ff95ffa0000 - 0x00007ff960022000 	C:\WINDOWS\System32\bcryptPrimitives.dll
0x00007ff948b00000 - 0x00007ff948b25000 	c:\Users\user\.vscode\extensions\redhat.java-1.12.0-win32-x64\jre\17.0.4.1-win32-x86_64\bin\java.dll
0x00007ff951120000 - 0x00007ff951138000 	c:\Users\user\.vscode\extensions\redhat.java-1.12.0-win32-x64\jre\17.0.4.1-win32-x86_64\bin\zip.dll
0x00007ff9614e0000 - 0x00007ff961c23000 	C:\WINDOWS\System32\SHELL32.dll
0x00007ff95d820000 - 0x00007ff95dfb2000 	C:\WINDOWS\SYSTEM32\windows.storage.dll
0x00007ff9609b0000 - 0x00007ff960d04000 	C:\WINDOWS\System32\combase.dll
0x00007ff95f1f0000 - 0x00007ff95f220000 	C:\WINDOWS\SYSTEM32\Wldp.dll
0x00007ff960f60000 - 0x00007ff96100d000 	C:\WINDOWS\System32\SHCORE.dll
0x00007ff960d10000 - 0x00007ff960d65000 	C:\WINDOWS\System32\shlwapi.dll
0x00007ff95f7b0000 - 0x00007ff95f7cf000 	C:\WINDOWS\SYSTEM32\profapi.dll
0x00007ff950900000 - 0x00007ff950919000 	C:\Users\user\.vscode\extensions\redhat.java-1.12.0-win32-x64\jre\17.0.4.1-win32-x86_64\bin\net.dll
0x00007ff9547d0000 - 0x00007ff9548dc000 	C:\WINDOWS\SYSTEM32\WINHTTP.dll
0x00007ff95ef50000 - 0x00007ff95efba000 	C:\WINDOWS\system32\mswsock.dll
0x00007ff94c050000 - 0x00007ff94c065000 	C:\Users\user\.vscode\extensions\redhat.java-1.12.0-win32-x64\jre\17.0.4.1-win32-x86_64\bin\nio.dll
0x00007ff95a450000 - 0x00007ff95a460000 	c:\Users\user\.vscode\extensions\redhat.java-1.12.0-win32-x64\jre\17.0.4.1-win32-x86_64\bin\verify.dll
0x00007ff95bd80000 - 0x00007ff95bd89000 	C:\Users\user\.vscode\extensions\redhat.java-1.12.0-win32-x64\jre\17.0.4.1-win32-x86_64\bin\management.dll
0x00007ff95bd70000 - 0x00007ff95bd7b000 	C:\Users\user\.vscode\extensions\redhat.java-1.12.0-win32-x64\jre\17.0.4.1-win32-x86_64\bin\management_ext.dll
0x00007ff94beb0000 - 0x00007ff94bec7000 	C:\WINDOWS\system32\napinsp.dll
0x00007ff94be90000 - 0x00007ff94beab000 	C:\WINDOWS\system32\pnrpnsp.dll
0x00007ff94be70000 - 0x00007ff94be85000 	C:\WINDOWS\system32\wshbth.dll
0x00007ff959650000 - 0x00007ff95966d000 	C:\WINDOWS\system32\NLAapi.dll
0x00007ff95ec40000 - 0x00007ff95ec7b000 	C:\WINDOWS\SYSTEM32\IPHLPAPI.DLL
0x00007ff95ec80000 - 0x00007ff95ed4a000 	C:\WINDOWS\SYSTEM32\DNSAPI.dll
0x00007ff961c30000 - 0x00007ff961c38000 	C:\WINDOWS\System32\NSI.dll
0x00007ff94bee0000 - 0x00007ff94bef2000 	C:\WINDOWS\System32\winrnr.dll
0x00007ff952d50000 - 0x00007ff952d5a000 	C:\Windows\System32\rasadhlp.dll
0x00007ff9531d0000 - 0x00007ff953250000 	C:\WINDOWS\System32\fwpuclnt.dll
0x00007ff960190000 - 0x00007ff9601b7000 	C:\WINDOWS\System32\bcrypt.dll
0x00007ff95f150000 - 0x00007ff95f168000 	C:\WINDOWS\SYSTEM32\CRYPTSP.dll
0x00007ff95e870000 - 0x00007ff95e8a4000 	C:\WINDOWS\system32\rsaenh.dll
0x00007ff95f770000 - 0x00007ff95f79e000 	C:\WINDOWS\SYSTEM32\USERENV.dll
0x00007ff95f140000 - 0x00007ff95f14c000 	C:\WINDOWS\SYSTEM32\CRYPTBASE.dll
0x00007ff957600000 - 0x00007ff957617000 	C:\WINDOWS\SYSTEM32\dhcpcsvc6.DLL
0x00007ff958820000 - 0x00007ff95883d000 	C:\WINDOWS\SYSTEM32\dhcpcsvc.DLL

dbghelp: loaded successfully - version: 4.0.5 - missing functions: none
symbol engine: initialized successfully - sym options: 0x614 - pdb path: .;c:\Users\user\.vscode\extensions\redhat.java-1.12.0-win32-x64\jre\17.0.4.1-win32-x86_64\bin;C:\WINDOWS\SYSTEM32;C:\WINDOWS\WinSxS\amd64_microsoft.windows.common-controls_6595b64144ccf1df_6.0.19041.1110_none_60b5254171f9507e;c:\Users\user\.vscode\extensions\redhat.java-1.12.0-win32-x64\jre\17.0.4.1-win32-x86_64\bin\server

VM Arguments:
jvm_args: -Dsts.lsp.client=vscode -Dsts.log.file=/dev/null -XX:TieredStopAtLevel=1 -Xlog:jni+resolve=off -Dspring.config.location=file:c:\Users\user\.vscode\extensions\pivotal.vscode-spring-boot-1.40.0\language-server\BOOT-INF\classes\application.properties 
java_command: org.springframework.ide.vscode.boot.app.BootLanguageServerBootApp
java_class_path (initial): c:\Users\user\.vscode\extensions\pivotal.vscode-spring-boot-1.40.0\language-server\BOOT-INF\classes;c:\Users\user\.vscode\extensions\pivotal.vscode-spring-boot-1.40.0\language-server\BOOT-INF\lib\annotations-23.0.0.jar;c:\Users\user\.vscode\extensions\pivotal.vscode-spring-boot-1.40.0\language-server\BOOT-INF\lib\ant-1.10.12.jar;c:\Users\user\.vscode\extensions\pivotal.vscode-spring-boot-1.40.0\language-server\BOOT-INF\lib\ant-launcher-1.10.12.jar;c:\Users\user\.vscode\extensions\pivotal.vscode-spring-boot-1.40.0\language-server\BOOT-INF\lib\antlr-runtime-3.5.2.jar;c:\Users\user\.vscode\extensions\pivotal.vscode-spring-boot-1.40.0\language-server\BOOT-INF\lib\antlr4-4.9.3.jar;c:\Users\user\.vscode\extensions\pivotal.vscode-spring-boot-1.40.0\language-server\BOOT-INF\lib\antlr4-runtime-4.9.3.jar;c:\Users\user\.vscode\extensions\pivotal.vscode-spring-boot-1.40.0\language-server\BOOT-INF\lib\asm-9.3.jar;c:\Users\user\.vscode\extensions\pivotal.vscode-spring-boot-1.40.0\language-server\BOOT-INF\lib\asm-analysis-9.3.jar;c:\Users\user\.vscode\extensions\pivotal.vscode-spring-boot-1.40.0\language-server\BOOT-INF\lib\asm-tree-9.3.jar;c:\Users\user\.vscode\extensions\pivotal.vscode-spring-boot-1.40.0\language-server\BOOT-INF\lib\asm-util-9.3.jar;c:\Users\user\.vscode\extensions\pivotal.vscode-spring-boot-1.40.0\language-server\BOOT-INF\lib\byte-buddy-1.12.13.jar;c:\Users\user\.vscode\extensions\pivotal.vscode-spring-boot-1.40.0\language-server\BOOT-INF\lib\caffeine-2.9.3.jar;c:\Users\user\.vscode\extensions\pivotal.vscode-spring-boot-1.40.0\language-server\BOOT-INF\lib\checker-qual-3.12.0.jar;c:\Users\user\.vscode\extensions\pivotal.vscode-spring-boot-1.40.0\language-server\BOOT-INF\lib\classgraph-4.8.149.jar;c:\Users\user\.vscode\extensions\pivotal.vscode-spring-boot-1.40.0\language-server\BOOT-INF\lib\commons-codec-1.15.jar;c:\Users\user\.vscode\extensions\pivotal.vscode-spring-boot-1.40.0\language-server\BOOT-INF\lib\commons-compress-1.21.jar;
Launcher Type: SUN_STANDARD

[Global flags]
     intx CICompilerCount                          = 4                                         {product} {ergonomic}
     uint ConcGCThreads                            = 2                                         {product} {ergonomic}
     uint G1ConcRefinementThreads                  = 8                                         {product} {ergonomic}
   size_t G1HeapRegionSize                         = 1048576                                   {product} {ergonomic}
    uintx GCDrainStackTargetSize                   = 64                                        {product} {ergonomic}
   size_t InitialHeapSize                          = 132120576                                 {product} {ergonomic}
   size_t MarkStackSize                            = 4194304                                   {product} {ergonomic}
   size_t MaxHeapSize                              = 2090860544                                {product} {ergonomic}
   size_t MaxNewSize                               = 1254096896                                {product} {ergonomic}
   size_t MinHeapDeltaBytes                        = 1048576                                   {product} {ergonomic}
   size_t MinHeapSize                              = 8388608                                   {product} {ergonomic}
    uintx NonProfiledCodeHeapSize                  = 0                                      {pd product} {ergonomic}
     bool ProfileInterpreter                       = false                                  {pd product} {command line}
    uintx ProfiledCodeHeapSize                     = 0                                      {pd product} {ergonomic}
   size_t SoftMaxHeapSize                          = 2090860544                             {manageable} {ergonomic}
     intx TieredStopAtLevel                        = 1                                         {product} {command line}
     bool UseCompressedClassPointers               = true                           {product lp64_product} {ergonomic}
     bool UseCompressedOops                        = true                           {product lp64_product} {ergonomic}
     bool UseG1GC                                  = true                                      {product} {ergonomic}
     bool UseLargePagesIndividualAllocation        = false                                  {pd product} {ergonomic}

Logging:
Log output configuration:
 #0: stdout all=warning,jni+resolve=off uptime,level,tags
 #1: stderr all=off uptime,level,tags

Environment Variables:
PATH=C:\Program Files\Common Files\Oracle\Java\javapath;c:\app\user\product\11.2.0\client_2\bin;C:\Program Files (x86)\Common Files\Oracle\Java\javapath;c:\app\user\product\11.2.0\client_1\bin;C:\ProgramData\Oracle\Java\javapath;C:\WINDOWS\system32;C:\WINDOWS;C:\WINDOWS\System32\Wbem;C:\WINDOWS\System32\WindowsPowerShell\v1.0\;C:\WINDOWS\System32\OpenSSH\;C:\Program Files\nodejs\;C:\Program Files\Git\cmd;C:\Users\user\AppData\Local\Programs\Python\Python310\Scripts\;C:\Users\user\AppData\Local\Programs\Python\Python310\;C:\Users\user\AppData\Local\Microsoft\WindowsApps;C:\Users\user\AppData\Roaming\npm;C:\Users\user\AppData\Local\Programs\Microsoft VS Code\bin
USERNAME=user
OS=Windows_NT
PROCESSOR_IDENTIFIER=Intel64 Family 6 Model 126 Stepping 5, GenuineIntel
TMP=C:\Users\user\AppData\Local\Temp
TEMP=C:\Users\user\AppData\Local\Temp



---------------  S Y S T E M  ---------------

OS:
 Windows 10 , 64 bit Build 19041 (10.0.19041.2251)
OS uptime: 11 days 16:42 hours

CPU: total 8 (initial active 8) (4 cores per cpu, 2 threads per core) family 6 model 126 stepping 5 microcode 0x78, cx8, cmov, fxsr, ht, mmx, 3dnowpref, sse, sse2, sse3, ssse3, sse4.1, sse4.2, popcnt, lzcnt, tsc, tscinvbit, avx, avx2, aes, erms, clmul, bmi1, bmi2, adx, avx512f, avx512dq, avx512cd, avx512bw, avx512vl, sha, fma, vzeroupper, avx512_vpopcntdq, avx512_vpclmulqdq, avx512_vaes, avx512_vnni, clflush, clflushopt, avx512_vbmi2, avx512_vbmi

Memory: 4k page, system-wide physical 7973M (339M free)
TotalPageFile size 32549M (AvailPageFile size 123M)
current process WorkingSet (physical memory assigned to process): 247M, peak: 247M
current process commit charge ("private bytes"): 307M, peak: 468M

vm_info: OpenJDK 64-Bit Server VM (17.0.4.1+1) for windows-amd64 JRE (17.0.4.1+1), built on Aug 17 2022 07:42:43 by "temurin" with MS VC++ 16.7 (VS2019)

END.
